2023-10-08 11:56:37,912 [INFO] Activator:176 - 


2023-10-08 11:56:37,916 [INFO] Activator:177 - !SESSION log4j initialized
2023-10-08 11:56:42,925 [INFO] LogOutputStream:77 - [STDOUT_REDIRECT] 
2023-10-08 11:56:44,084 [INFO] ApplicationProperties:184 - Using Application install path: C:\ST\STM32CubeIDE_1.13.2\STM32CubeIDE\plugins\com.st.stm32cube.common.mx_6.9.2.202309101412
2023-10-08 11:56:44,102 [INFO] DbMcusXml:78 - Set database path to: C:\ST\STM32CubeIDE_1.13.2\STM32CubeIDE\plugins\com.st.stm32cube.common.mx_6.9.2.202309101412\\db\/mcu/
2023-10-08 11:56:44,102 [INFO] ApiDb:274 - Set plugin database path to: C:\ST\STM32CubeIDE_1.13.2\STM32CubeIDE\plugins\com.st.stm32cube.common.mx_6.9.2.202309101412\\db\/plugins/boardmanager/
2023-10-08 11:56:44,103 [WARN] ApiDb:259 - Overriding images path with different value:  => C:\ST\STM32CubeIDE_1.13.2\STM32CubeIDE\plugins\com.st.stm32cube.common.mx_6.9.2.202309101412\\db\/plugins/mcufinder/images/
2023-10-08 11:56:44,111 [INFO] ApiDb:250 - Set database path to: C:\Users\Matus\.stmcufinder\plugins\mcufinder//mcu/
2023-10-08 11:56:44,112 [INFO] DbMcusAds:125 - Set database path to: C:\Users\Matus\.stmcufinder\plugins\mcufinder//mcu/
2023-10-08 11:56:44,114 [INFO] CrossReferenceDbSqlite:203 - Set database path to: C:\Users\Matus\.stmcufinder\plugins\mcufinder//mcu/cs/
2023-10-08 11:56:44,213 [INFO] RulesReader:64 - Compatibility file has been processed (293 Rules)
2023-10-08 11:56:44,289 [INFO] DbMcusXml:78 - Set database path to: C:\ST\STM32CubeIDE_1.13.2\STM32CubeIDE\plugins\com.st.stm32cube.common.mx_6.9.2.202309101412\\db\/mcu/
2023-10-08 11:56:44,289 [INFO] ApiDb:274 - Set plugin database path to: C:\ST\STM32CubeIDE_1.13.2\STM32CubeIDE\plugins\com.st.stm32cube.common.mx_6.9.2.202309101412\\db\/plugins/boardmanager/
2023-10-08 11:56:44,289 [INFO] ApiDb:261 - Set plugin images path to: C:\ST\STM32CubeIDE_1.13.2\STM32CubeIDE\plugins\com.st.stm32cube.common.mx_6.9.2.202309101412\\db\/plugins/mcufinder/images/
2023-10-08 11:56:44,289 [WARN] DbFile:41 - Overriding database path with different value: C:\Users\Matus\.stmcufinder\plugins\mcufinder/ => C:\Users\Matus\.stmcufinder\plugins\mcufinder
2023-10-08 11:56:44,290 [INFO] ApiDb:250 - Set database path to: C:\Users\Matus\.stmcufinder\plugins\mcufinder//mcu/
2023-10-08 11:56:44,290 [WARN] DbFile:41 - Overriding database path with different value: C:\Users\Matus\.stmcufinder\plugins\mcufinder/ => C:\Users\Matus\.stmcufinder\plugins\mcufinder
2023-10-08 11:56:44,290 [INFO] DbMcusAds:125 - Set database path to: C:\Users\Matus\.stmcufinder\plugins\mcufinder//mcu/
2023-10-08 11:56:44,290 [WARN] DbFile:41 - Overriding database path with different value: C:\Users\Matus\.stmcufinder\plugins\mcufinder/ => C:\Users\Matus\.stmcufinder\plugins\mcufinder
2023-10-08 11:56:44,290 [WARN] DbFile:41 - Overriding database path with different value: C:\Users\Matus\.stmcufinder\plugins\mcufinder/ => C:\Users\Matus\.stmcufinder\plugins\mcufinder
2023-10-08 11:56:44,290 [INFO] CrossReferenceDbSqlite:203 - Set database path to: C:\Users\Matus\.stmcufinder\plugins\mcufinder//mcu/cs/
2023-10-08 11:56:44,354 [INFO] MainPanel:262 - HeapMemory: 268435456
2023-10-08 11:56:44,432 [INFO] DbMcusXml:78 - Set database path to: C:\ST\STM32CubeIDE_1.13.2\STM32CubeIDE\plugins\com.st.stm32cube.common.mx_6.9.2.202309101412\\db\/mcu/
2023-10-08 11:56:44,432 [INFO] ApiDb:274 - Set plugin database path to: C:\ST\STM32CubeIDE_1.13.2\STM32CubeIDE\plugins\com.st.stm32cube.common.mx_6.9.2.202309101412\\db\/plugins/boardmanager/
2023-10-08 11:56:44,432 [INFO] ApiDb:261 - Set plugin images path to: C:\ST\STM32CubeIDE_1.13.2\STM32CubeIDE\plugins\com.st.stm32cube.common.mx_6.9.2.202309101412\\db\/plugins/mcufinder/images/
2023-10-08 11:56:44,432 [WARN] DbFile:41 - Overriding database path with different value: C:\Users\Matus\.stmcufinder\plugins\mcufinder/ => C:\Users\Matus\.stmcufinder\plugins\mcufinder
2023-10-08 11:56:44,432 [INFO] ApiDb:250 - Set database path to: C:\Users\Matus\.stmcufinder\plugins\mcufinder//mcu/
2023-10-08 11:56:44,432 [WARN] DbFile:41 - Overriding database path with different value: C:\Users\Matus\.stmcufinder\plugins\mcufinder/ => C:\Users\Matus\.stmcufinder\plugins\mcufinder
2023-10-08 11:56:44,432 [INFO] DbMcusAds:125 - Set database path to: C:\Users\Matus\.stmcufinder\plugins\mcufinder//mcu/
2023-10-08 11:56:44,432 [WARN] DbFile:41 - Overriding database path with different value: C:\Users\Matus\.stmcufinder\plugins\mcufinder/ => C:\Users\Matus\.stmcufinder\plugins\mcufinder
2023-10-08 11:56:44,432 [WARN] DbFile:41 - Overriding database path with different value: C:\Users\Matus\.stmcufinder\plugins\mcufinder/ => C:\Users\Matus\.stmcufinder\plugins\mcufinder
2023-10-08 11:56:44,433 [INFO] CrossReferenceDbSqlite:203 - Set database path to: C:\Users\Matus\.stmcufinder\plugins\mcufinder//mcu/cs/
2023-10-08 11:56:44,448 [INFO] ApplicationProperties:184 - Using Application install path: C:\ST\STM32CubeIDE_1.13.2\STM32CubeIDE\plugins\com.st.stm32cube.common.mx_6.9.2.202309101412
2023-10-08 11:56:44,448 [INFO] PluginManage:196 - Search for loadable plugins [exclusion list=, ]
2023-10-08 11:56:44,450 [INFO] PluginManage:310 - Check plugin analytics
2023-10-08 11:56:44,594 [INFO] AnalyticsPlugin:253 - Accepted Software Licenses: 
2023-10-08 11:56:44,594 [INFO] AnalyticsPlugin:255 - Accepted CMSIS Pack Licenses: 
2023-10-08 11:56:44,594 [INFO] AnalyticsPlugin:257 - Accepted Firmware Licenses: 
2023-10-08 11:56:44,597 [INFO] PluginManage:359 - Loaded plugin analytics (category:tool,tabindex:-1)
2023-10-08 11:56:44,598 [INFO] PluginManage:310 - Check plugin cadmodel
2023-10-08 11:56:44,609 [INFO] CADModel:105 - Init CAD model plugin
2023-10-08 11:56:44,609 [INFO] PluginManage:359 - Loaded plugin cadmodel (category:power,tabindex:5)
2023-10-08 11:56:44,609 [INFO] PluginManage:310 - Check plugin clock
2023-10-08 11:56:44,625 [INFO] PluginManage:359 - Loaded plugin clock (category:base,tabindex:2)
2023-10-08 11:56:44,626 [INFO] PluginManage:310 - Check plugin ddr
2023-10-08 11:56:44,628 [INFO] PluginManage:359 - Loaded plugin ddr (category:tool,tabindex:6)
2023-10-08 11:56:44,628 [INFO] PluginManage:310 - Check plugin filemanager
2023-10-08 11:56:44,754 [INFO] PluginManage:359 - Loaded plugin filemanager (category:base,tabindex:10)
2023-10-08 11:56:44,754 [INFO] PluginManage:310 - Check plugin ipmanager
2023-10-08 11:56:44,760 [INFO] PluginManage:359 - Loaded plugin ipmanager (category:base,tabindex:5)
2023-10-08 11:56:44,760 [INFO] PluginManage:310 - Check plugin lpbam
2023-10-08 11:56:44,776 [INFO] PluginManage:359 - Loaded plugin lpbam (category:base,tabindex:0)
2023-10-08 11:56:44,776 [INFO] PluginManage:310 - Check plugin memorymap
2023-10-08 11:56:44,795 [INFO] PluginManage:359 - Loaded plugin memorymap (category:base,tabindex:4)
2023-10-08 11:56:44,796 [INFO] PluginManage:310 - Check plugin pinoutandconfiguration
2023-10-08 11:56:44,810 [INFO] PluginManage:359 - Loaded plugin pinoutandconfiguration (category:base,tabindex:1)
2023-10-08 11:56:44,810 [INFO] PluginManage:310 - Check plugin pinoutconfig
2023-10-08 11:56:44,889 [WARN] SupportedApi:132 - Cannot load RTOS API schema: s4s-elt-must-match.1: The content of 'definitions' must match (annotation?, (simpleType | complexType)?, (unique | key | keyref)*)). A problem was found starting at: attribute.
2023-10-08 11:56:45,004 [INFO] PluginManage:359 - Loaded plugin pinoutconfig (category:base,tabindex:0)
2023-10-08 11:56:45,004 [INFO] PluginManage:310 - Check plugin power
2023-10-08 11:56:45,020 [INFO] PluginManage:359 - Loaded plugin power (category:power,tabindex:4)
2023-10-08 11:56:45,020 [INFO] PluginManage:310 - Check plugin projectmanager
2023-10-08 11:56:45,032 [INFO] PluginManage:359 - Loaded plugin projectmanager (category:projectmanager,tabindex:3)
2023-10-08 11:56:45,032 [INFO] PluginManage:310 - Check plugin thirdparty
2023-10-08 11:56:45,243 [INFO] PluginManage:359 - Loaded plugin thirdparty (category:base,tabindex:-1)
2023-10-08 11:56:45,243 [WARN] IntegrityCheckThread:84 - waiting for thirdparty lock release [integrity check]
2023-10-08 11:56:45,243 [INFO] PluginManage:310 - Check plugin tools
2023-10-08 11:56:45,243 [INFO] IntegrityCheckThread:86 - entering critical section [integrity check]
2023-10-08 11:56:45,244 [INFO] ThirdPartyUpdaterWithRetryManager:70 - Updater plugin not ready yet. [1/15]
2023-10-08 11:56:45,269 [INFO] PluginManage:359 - Loaded plugin tools (category:base,tabindex:7)
2023-10-08 11:56:45,269 [INFO] PluginManage:310 - Check plugin tutovideos
2023-10-08 11:56:45,428 [INFO] PluginManage:359 - Loaded plugin tutovideos (category:base,tabindex:-1)
2023-10-08 11:56:45,428 [INFO] PluginManage:310 - Check plugin updater
2023-10-08 11:56:45,437 [INFO] PluginManage:359 - Loaded plugin updater (category:base,tabindex:12)
2023-10-08 11:56:45,437 [INFO] PluginManage:310 - Check plugin userauth
2023-10-08 11:56:45,442 [INFO] UserAuth:113 - Init User Auth plugin
2023-10-08 11:56:45,442 [INFO] PluginManage:359 - Loaded plugin userauth (category:base,tabindex:14)
2023-10-08 11:56:45,442 [INFO] PluginManage:283 - PluginManage : Loaded plugins [17]
2023-10-08 11:56:45,618 [INFO] PinOutPanel:1499 - setPackage(No Configuration,No Configuration)
2023-10-08 11:56:45,701 [INFO] CADModel:165 - CPN selected for project level
2023-10-08 11:56:45,701 [INFO] CADModel:114 - Register for checkConnection events
2023-10-08 11:56:45,720 [INFO] IPUIPlugin:80 - create IPUIPlugin
2023-10-08 11:56:45,721 [INFO] PluginManager:220 - loadIPPluginJar : add adc
2023-10-08 11:56:45,747 [INFO] IPUIPlugin:80 - create IPUIPlugin
2023-10-08 11:56:45,747 [INFO] PluginManager:220 - loadIPPluginJar : add aes
2023-10-08 11:56:45,775 [INFO] IPUIPlugin:80 - create IPUIPlugin
2023-10-08 11:56:45,775 [INFO] PluginManager:220 - loadIPPluginJar : add can
2023-10-08 11:56:45,791 [INFO] IPUIPlugin:80 - create IPUIPlugin
2023-10-08 11:56:45,791 [INFO] PluginManager:220 - loadIPPluginJar : add comp
2023-10-08 11:56:45,813 [INFO] IPUIPlugin:80 - create IPUIPlugin
2023-10-08 11:56:45,815 [INFO] PluginManager:220 - loadIPPluginJar : add cryp
2023-10-08 11:56:45,835 [INFO] IPUIPlugin:80 - create IPUIPlugin
2023-10-08 11:56:45,835 [INFO] PluginManager:220 - loadIPPluginJar : add dfsdm
2023-10-08 11:56:45,844 [INFO] IPUIPlugin:80 - create IPUIPlugin
2023-10-08 11:56:45,845 [INFO] PluginManager:220 - loadIPPluginJar : add dma
2023-10-08 11:56:45,878 [INFO] IPUIPlugin:80 - create IPUIPlugin
2023-10-08 11:56:45,878 [INFO] PluginManager:220 - loadIPPluginJar : add dma3
2023-10-08 11:56:45,893 [INFO] IPUIPlugin:80 - create IPUIPlugin
2023-10-08 11:56:45,893 [INFO] PluginManager:220 - loadIPPluginJar : add fatfs
2023-10-08 11:56:45,926 [INFO] IPUIPlugin:80 - create IPUIPlugin
2023-10-08 11:56:45,926 [INFO] PluginManager:220 - loadIPPluginJar : add fmc
2023-10-08 11:56:45,937 [INFO] IPUIPlugin:80 - create IPUIPlugin
2023-10-08 11:56:45,937 [INFO] PluginManager:220 - loadIPPluginJar : add freertos
2023-10-08 11:56:45,951 [INFO] IPUIPlugin:80 - create IPUIPlugin
2023-10-08 11:56:45,951 [INFO] PluginManager:220 - loadIPPluginJar : add genericplugin
2023-10-08 11:56:46,015 [INFO] IPUIPlugin:80 - create IPUIPlugin
2023-10-08 11:56:46,015 [INFO] PluginManager:220 - loadIPPluginJar : add gfxmmu
2023-10-08 11:56:46,106 [INFO] IPUIPlugin:80 - create IPUIPlugin
2023-10-08 11:56:46,106 [INFO] PluginManager:220 - loadIPPluginJar : add gic
2023-10-08 11:56:46,115 [INFO] IPUIPlugin:80 - create IPUIPlugin
2023-10-08 11:56:46,115 [INFO] PluginManager:220 - loadIPPluginJar : add gpio
2023-10-08 11:56:46,178 [INFO] IPUIPlugin:80 - create IPUIPlugin
2023-10-08 11:56:46,179 [INFO] PluginManager:220 - loadIPPluginJar : add gtzc
2023-10-08 11:56:46,202 [INFO] IPUIPlugin:80 - create IPUIPlugin
2023-10-08 11:56:46,202 [INFO] PluginManager:220 - loadIPPluginJar : add hash
2023-10-08 11:56:46,238 [INFO] IPUIPlugin:80 - create IPUIPlugin
2023-10-08 11:56:46,239 [INFO] PluginManager:220 - loadIPPluginJar : add i2c
2023-10-08 11:56:46,266 [INFO] IPUIPlugin:80 - create IPUIPlugin
2023-10-08 11:56:46,266 [INFO] PluginManager:220 - loadIPPluginJar : add i2s
2023-10-08 11:56:46,293 [INFO] IPUIPlugin:80 - create IPUIPlugin
2023-10-08 11:56:46,293 [INFO] PluginManager:220 - loadIPPluginJar : add i3c
2023-10-08 11:56:46,365 [INFO] IPUIPlugin:80 - create IPUIPlugin
2023-10-08 11:56:46,365 [INFO] PluginManager:220 - loadIPPluginJar : add ipddr
2023-10-08 11:56:46,425 [INFO] IPUIPlugin:80 - create IPUIPlugin
2023-10-08 11:56:46,426 [INFO] PluginManager:220 - loadIPPluginJar : add linkedlist
2023-10-08 11:56:46,448 [INFO] IPUIPlugin:80 - create IPUIPlugin
2023-10-08 11:56:46,448 [INFO] PluginManager:220 - loadIPPluginJar : add lorawan
2023-10-08 11:56:46,471 [INFO] IPUIPlugin:80 - create IPUIPlugin
2023-10-08 11:56:46,472 [INFO] PluginManager:220 - loadIPPluginJar : add ltdc
2023-10-08 11:56:46,482 [INFO] IPUIPlugin:80 - create IPUIPlugin
2023-10-08 11:56:46,482 [INFO] PluginManager:220 - loadIPPluginJar : add mdma
2023-10-08 11:56:46,490 [INFO] IPUIPlugin:80 - create IPUIPlugin
2023-10-08 11:56:46,490 [INFO] PluginManager:220 - loadIPPluginJar : add nvic
2023-10-08 11:56:46,514 [INFO] IPUIPlugin:80 - create IPUIPlugin
2023-10-08 11:56:46,514 [INFO] PluginManager:220 - loadIPPluginJar : add opamp
2023-10-08 11:56:46,552 [INFO] IPUIPlugin:80 - create IPUIPlugin
2023-10-08 11:56:46,553 [INFO] PluginManager:220 - loadIPPluginJar : add openamp
2023-10-08 11:56:46,579 [INFO] IPUIPlugin:80 - create IPUIPlugin
2023-10-08 11:56:46,579 [INFO] PluginManager:220 - loadIPPluginJar : add pdm2pcm
2023-10-08 11:56:46,590 [INFO] IPUIPlugin:80 - create IPUIPlugin
2023-10-08 11:56:46,591 [INFO] PluginManager:220 - loadIPPluginJar : add plateformsettings
2023-10-08 11:56:46,606 [INFO] IPUIPlugin:80 - create IPUIPlugin
2023-10-08 11:56:46,606 [INFO] PluginManager:220 - loadIPPluginJar : add quadspi
2023-10-08 11:56:46,615 [INFO] IPUIPlugin:80 - create IPUIPlugin
2023-10-08 11:56:46,615 [INFO] PluginManager:220 - loadIPPluginJar : add resmgrutility
2023-10-08 11:56:46,647 [INFO] IPUIPlugin:80 - create IPUIPlugin
2023-10-08 11:56:46,648 [INFO] PluginManager:220 - loadIPPluginJar : add sai
2023-10-08 11:56:46,670 [INFO] IPUIPlugin:80 - create IPUIPlugin
2023-10-08 11:56:46,670 [INFO] PluginManager:220 - loadIPPluginJar : add spi
2023-10-08 11:56:46,711 [INFO] IPUIPlugin:80 - create IPUIPlugin
2023-10-08 11:56:46,711 [INFO] PluginManager:220 - loadIPPluginJar : add stm32_wpan
2023-10-08 11:56:46,726 [INFO] IPUIPlugin:80 - create IPUIPlugin
2023-10-08 11:56:46,726 [INFO] PluginManager:220 - loadIPPluginJar : add tim
2023-10-08 11:56:46,761 [INFO] IPUIPlugin:80 - create IPUIPlugin
2023-10-08 11:56:46,761 [INFO] PluginManager:220 - loadIPPluginJar : add touchsensing
2023-10-08 11:56:46,779 [INFO] IPUIPlugin:80 - create IPUIPlugin
2023-10-08 11:56:46,779 [INFO] PluginManager:220 - loadIPPluginJar : add tracer_emb
2023-10-08 11:56:46,796 [INFO] IPUIPlugin:80 - create IPUIPlugin
2023-10-08 11:56:46,796 [INFO] PluginManager:220 - loadIPPluginJar : add ts
2023-10-08 11:56:46,813 [INFO] IPUIPlugin:80 - create IPUIPlugin
2023-10-08 11:56:46,813 [INFO] PluginManager:220 - loadIPPluginJar : add tsc
2023-10-08 11:56:46,826 [INFO] IPUIPlugin:80 - create IPUIPlugin
2023-10-08 11:56:46,826 [INFO] PluginManager:220 - loadIPPluginJar : add ucpd
2023-10-08 11:56:46,856 [INFO] IPUIPlugin:80 - create IPUIPlugin
2023-10-08 11:56:46,856 [INFO] PluginManager:220 - loadIPPluginJar : add usart
2023-10-08 11:56:46,885 [INFO] IPUIPlugin:80 - create IPUIPlugin
2023-10-08 11:56:46,885 [INFO] PluginManager:220 - loadIPPluginJar : add usbx
2023-10-08 11:56:46,993 [INFO] CADModel:165 - CPN selected for project level
2023-10-08 11:56:46,994 [INFO] CADModel:114 - Register for checkConnection events
2023-10-08 11:56:46,994 [FATAL] Updater:308 - Updater called before beeing initialized
2023-10-08 11:56:46,994 [ERROR] CADModel:125 - Updater not yet initialized, retry later 
2023-10-08 11:56:47,095 [INFO] CADModel:165 - CPN selected for project level
2023-10-08 11:56:47,095 [INFO] CADModel:114 - Register for checkConnection events
2023-10-08 11:56:47,095 [FATAL] Updater:308 - Updater called before beeing initialized
2023-10-08 11:56:47,095 [ERROR] CADModel:125 - Updater not yet initialized, retry later 
2023-10-08 11:56:47,098 [FATAL] Updater:308 - Updater called before beeing initialized
2023-10-08 11:56:47,186 [FATAL] Updater:308 - Updater called before beeing initialized
2023-10-08 11:56:47,194 [INFO] DbMcusAds:53 - JSON generation date=Tue Mar 07 09:50:55 CET 2023 (1678179055335)
2023-10-08 11:56:47,195 [FATAL] Updater:308 - Updater called before beeing initialized
2023-10-08 11:56:47,255 [WARN] DetailPanel:346 - Failed to get advertising image, set to default
2023-10-08 11:56:47,328 [FATAL] Updater:308 - Updater called before beeing initialized
2023-10-08 11:56:47,329 [FATAL] Updater:308 - Updater called before beeing initialized
2023-10-08 11:56:47,330 [FATAL] Updater:308 - Updater called before beeing initialized
2023-10-08 11:56:47,330 [WARN] DetailPanel:346 - Failed to get advertising image, set to default
2023-10-08 11:56:47,330 [FATAL] Updater:308 - Updater called before beeing initialized
2023-10-08 11:56:47,375 [ERROR] Updater:1120 - MainUpdater not yet initialized. External WinMGr cannot be set.
2023-10-08 11:56:47,384 [INFO] Updater:1056 - Updater Version found : 6.9.2
2023-10-08 11:56:47,400 [INFO] ApplicationProperties:184 - Using Application install path: C:\ST\STM32CubeIDE_1.13.2\STM32CubeIDE\plugins\com.st.stm32cube.common.mx_6.9.2.202309101412
2023-10-08 11:56:47,519 [INFO] MainUpdater:2868 - connection check result : 10
2023-10-08 11:56:47,520 [INFO] MainUpdater:285 - Updater Check For Update Now.
2023-10-08 11:56:47,520 [INFO] MicroXplorer:498 - Change Database Version : DB.6.0.92
2023-10-08 11:56:47,533 [INFO] McuFinderGlobals:63 - Set McuFinder mode to 2 (CubeIDE integrated)
2023-10-08 11:56:47,708 [INFO] CheckServerUpdateThread:120 - End of CheckServer Thread
2023-10-08 11:56:48,358 [WARN] PackLoader:240 - Cannot read IP mode file for STMicroelectronics.X-CUBE-SMBUS.2.1.0
2023-10-08 11:56:48,397 [WARN] PackLoader:240 - Cannot read IP mode file for STMicroelectronics.X-CUBE-AZRTOS-F7.1.1.0
2023-10-08 11:56:48,410 [WARN] PackLoader:240 - Cannot read IP mode file for STMicroelectronics.FP-SNS-MOTENV1.4.3.2
2023-10-08 11:56:48,420 [WARN] PackLoader:240 - Cannot read IP mode file for STMicroelectronics.FP-SNS-FLIGHT1.5.0.2
2023-10-08 11:56:48,433 [WARN] PackLoader:240 - Cannot read IP mode file for STMicroelectronics.X-CUBE-DISPLAY.3.0.0
2023-10-08 11:56:48,450 [WARN] PackLoader:240 - Cannot read IP mode file for STMicroelectronics.X-CUBE-BLE1.7.0.0
2023-10-08 11:56:48,460 [WARN] PackLoader:240 - Cannot read IP mode file for emotas.I-CUBE-CANOPEN.1.3.0
2023-10-08 11:56:48,471 [WARN] PackLoader:240 - Cannot read IP mode file for STMicroelectronics.X-CUBE-TOUCHGFX.4.22.0
2023-10-08 11:56:48,480 [WARN] PackLoader:240 - Cannot read IP mode file for STMicroelectronics.X-CUBE-TOUCHGFX.4.22.1
2023-10-08 11:56:48,489 [WARN] PackLoader:240 - Cannot read IP mode file for STMicroelectronics.FP-SNS-SMARTAG2.1.2.0
2023-10-08 11:56:48,504 [INFO] LogOutputStream:77 - [STDOUT_REDIRECT] 1 : Invalid condition id : UX_CORESTACK_Condition cause : null
2023-10-08 11:56:48,504 [INFO] LogOutputStream:77 - [STDOUT_REDIRECT] 1 : Invalid condition id : UX_CORESTACK_Condition cause : null
2023-10-08 11:56:48,505 [INFO] LogOutputStream:77 - [STDOUT_REDIRECT] 1 : Invalid condition id : UX_CORESTACK_Condition cause : null
2023-10-08 11:56:48,507 [INFO] LogOutputStream:77 - [STDOUT_REDIRECT] 1 : Invalid condition id : UX_CORESTACK_Condition cause : null
2023-10-08 11:56:48,507 [INFO] LogOutputStream:77 - [STDOUT_REDIRECT] 1 : Invalid condition id : UX_CORESTACK_Condition cause : null
2023-10-08 11:56:48,510 [WARN] PackLoader:240 - Cannot read IP mode file for STMicroelectronics.X-CUBE-AZRTOS-WL.2.0.0
2023-10-08 11:56:48,525 [WARN] PackLoader:240 - Cannot read IP mode file for WES.I-CUBE-Cesium.1.3.0
2023-10-08 11:56:48,535 [WARN] PackLoader:240 - Cannot read IP mode file for STMicroelectronics.X-CUBE-BLE2.3.3.0
2023-10-08 11:56:48,545 [WARN] PackLoader:240 - Cannot read IP mode file for STMicroelectronics.X-CUBE-ALGOBUILD.1.3.0
2023-10-08 11:56:48,567 [WARN] PackLoader:240 - Cannot read IP mode file for STMicroelectronics.X-CUBE-AZRTOS-G0.1.1.0
2023-10-08 11:56:48,579 [WARN] PackLoader:240 - Cannot read IP mode file for STMicroelectronics.X-CUBE-NFC4.3.0.0
2023-10-08 11:56:48,588 [WARN] PackLoader:240 - Cannot read IP mode file for STMicroelectronics.FP-ATR-SIGFOX1.3.2.0
2023-10-08 11:56:48,614 [WARN] PackLoader:240 - Cannot read IP mode file for SEGGER.I-CUBE-embOS.1.3.1
2023-10-08 11:56:48,654 [WARN] PackLoader:240 - Cannot read IP mode file for STMicroelectronics.X-CUBE-GNSS1.6.0.0
2023-10-08 11:56:48,675 [WARN] PackLoader:240 - Cannot read IP mode file for STMicroelectronics.X-CUBE-AZRTOS-F4.1.1.0
2023-10-08 11:56:48,691 [WARN] PackLoader:240 - Cannot read IP mode file for wolfSSL.I-CUBE-wolfSSL.5.6.3
2023-10-08 11:56:48,714 [WARN] PackLoader:240 - Cannot read IP mode file for STMicroelectronics.X-CUBE-AZRTOS-L5.2.0.0
2023-10-08 11:56:48,750 [WARN] PackLoader:240 - Cannot read IP mode file for STMicroelectronics.X-CUBE-MEMS1.9.6.0
2023-10-08 11:56:48,855 [WARN] PackLoader:240 - Cannot read IP mode file for ITTIA_DB.I-CUBE-ITTIADB.8.8.0
2023-10-08 11:56:48,865 [WARN] PackLoader:240 - Cannot read IP mode file for STMicroelectronics.X-CUBE-BLEMGR.2.0.0
2023-10-08 11:56:48,886 [WARN] ConditionMgr:438 - getConditionDescription Invalid condition id : UX DEVICE CLASS RTOS Condition cause : null
2023-10-08 11:56:48,886 [WARN] ConditionMgr:438 - getConditionDescription Invalid condition id : UX DEVICE CLASS RTOS Condition cause : null
2023-10-08 11:56:48,888 [WARN] PackLoader:240 - Cannot read IP mode file for STMicroelectronics.X-CUBE-AZRTOS-H7.3.1.0
2023-10-08 11:56:48,889 [WARN] ConditionMgr:1039 - genDependencies : Invalid condition id : UX DEVICE CLASS RTOS Condition cause : null
2023-10-08 11:56:48,889 [WARN] ConditionMgr:1039 - genDependencies : Invalid condition id : UX DEVICE CLASS RTOS Condition cause : null
2023-10-08 11:56:48,889 [WARN] ConditionMgr:1039 - genDependencies : Invalid condition id : UX DEVICE CLASS RTOS Condition cause : null
2023-10-08 11:56:48,890 [WARN] ConditionMgr:1039 - genDependencies : Invalid condition id : UX DEVICE CLASS RTOS Condition cause : null
2023-10-08 11:56:48,890 [WARN] ConditionMgr:1039 - genDependencies : Invalid condition id : UX DEVICE CLASS RTOS Condition cause : null
2023-10-08 11:56:48,900 [WARN] PackLoader:240 - Cannot read IP mode file for STMicroelectronics.X-CUBE-NFC7.1.0.1
2023-10-08 11:56:48,911 [WARN] PackLoader:240 - Cannot read IP mode file for STMicroelectronics.X-CUBE-NFC6.3.0.0
2023-10-08 11:56:48,923 [WARN] PackLoader:240 - Cannot read IP mode file for STMicroelectronics.X-CUBE-EEPRMA1.4.1.0
2023-10-08 11:56:48,934 [WARN] PackLoader:240 - Cannot read IP mode file for STMicroelectronics.X-CUBE-AI.8.1.0
2023-10-08 11:56:48,956 [WARN] ConditionMgr:438 - getConditionDescription Invalid condition id : LAN8742 Phy interface Condition cause : null
2023-10-08 11:56:48,957 [WARN] PackLoader:240 - Cannot read IP mode file for STMicroelectronics.X-CUBE-AZRTOS-L4.2.0.0
2023-10-08 11:56:48,957 [WARN] ConditionMgr:1039 - genDependencies : Invalid condition id : LAN8742 Phy interface Condition cause : null
2023-10-08 11:56:48,958 [WARN] ConditionMgr:1039 - genDependencies : Invalid condition id : LAN8742 Phy interface Condition cause : null
2023-10-08 11:56:48,958 [WARN] ConditionMgr:1039 - genDependencies : Invalid condition id : LAN8742 Phy interface Condition cause : null
2023-10-08 11:56:48,967 [WARN] PackLoader:240 - Cannot read IP mode file for STMicroelectronics.X-CUBE-SFXS2LP1.4.0.0
2023-10-08 11:56:48,979 [WARN] PackLoader:240 - Cannot read IP mode file for STMicroelectronics.X-CUBE-ISPU.1.1.0
2023-10-08 11:56:48,997 [WARN] ConditionMgr:438 - getConditionDescription Invalid condition id : UX DEVICE CLASS RTOS Condition cause : null
2023-10-08 11:56:48,997 [WARN] ConditionMgr:438 - getConditionDescription Invalid condition id : UX DEVICE CLASS RTOS Condition cause : null
2023-10-08 11:56:48,998 [WARN] PackLoader:240 - Cannot read IP mode file for STMicroelectronics.X-CUBE-AZRTOS-WB.2.0.0
2023-10-08 11:56:48,999 [WARN] ConditionMgr:1039 - genDependencies : Invalid condition id : UX DEVICE CLASS RTOS Condition cause : null
2023-10-08 11:56:48,999 [WARN] ConditionMgr:1039 - genDependencies : Invalid condition id : UX DEVICE CLASS RTOS Condition cause : null
2023-10-08 11:56:48,999 [WARN] ConditionMgr:1039 - genDependencies : Invalid condition id : UX DEVICE CLASS RTOS Condition cause : null
2023-10-08 11:56:48,999 [WARN] ConditionMgr:1039 - genDependencies : Invalid condition id : UX DEVICE CLASS RTOS Condition cause : null
2023-10-08 11:56:48,999 [WARN] ConditionMgr:1039 - genDependencies : Invalid condition id : UX DEVICE CLASS RTOS Condition cause : null
2023-10-08 11:56:49,013 [WARN] PackLoader:240 - Cannot read IP mode file for STMicroelectronics.X-CUBE-SUBG2.5.0.0
2023-10-08 11:56:49,041 [WARN] PackLoader:240 - Cannot read IP mode file for STMicroelectronics.X-CUBE-TOF1.3.3.1
2023-10-08 11:56:49,084 [WARN] PackLoader:240 - Cannot read IP mode file for STMicroelectronics.X-CUBE-AZRTOS-G4.2.0.0
2023-10-08 11:56:49,097 [WARN] PackLoader:240 - Cannot read IP mode file for STMicroelectronics.X-CUBE-FREERTOS.1.1.0
2023-10-08 11:56:49,107 [WARN] PackLoader:240 - Cannot read IP mode file for portGmbH.I-Cube-SoM-uGOAL.1.1.0
2023-10-08 11:56:49,117 [WARN] PackLoader:240 - Cannot read IP mode file for STMicroelectronics.X-CUBE-ALS.1.0.1
2023-10-08 11:56:49,126 [WARN] PackLoader:240 - Cannot read IP mode file for STMicroelectronics.FP-ATR-ASTRA1.2.0.0
2023-10-08 11:56:49,127 [INFO] ThirdParty:978 - Integrity check success = true
2023-10-08 11:56:49,127 [INFO] IntegrityCheckThread:100 - exiting critical section [integrity check]
2023-10-08 11:56:49,127 [INFO] IntegrityCheckThread:103 - End integrity checks thread
2023-10-08 11:57:08,471 [ERROR] LogOutputStream:75 - [STDERR_REDIRECT] SLF4J: Failed to load class "org.slf4j.impl.StaticLoggerBinder".
2023-10-08 11:57:08,471 [ERROR] LogOutputStream:75 - [STDERR_REDIRECT] SLF4J: Defaulting to no-operation (NOP) logger implementation
2023-10-08 11:57:08,473 [ERROR] LogOutputStream:75 - [STDERR_REDIRECT] SLF4J: See http://www.slf4j.org/codes.html#StaticLoggerBinder for further details.
