2023-10-09 11:59:10,472 [INFO] Activator:176 - 


2023-10-09 11:59:10,477 [INFO] Activator:177 - !SESSION log4j initialized
2023-10-09 11:59:15,477 [INFO] LogOutputStream:77 - [STDOUT_REDIRECT] 
2023-10-09 11:59:16,927 [INFO] ApplicationProperties:184 - Using Application install path: C:\ST\STM32CubeIDE_1.13.2\STM32CubeIDE\plugins\com.st.stm32cube.common.mx_6.9.2.202309101412
2023-10-09 11:59:16,942 [INFO] DbMcusXml:78 - Set database path to: C:\ST\STM32CubeIDE_1.13.2\STM32CubeIDE\plugins\com.st.stm32cube.common.mx_6.9.2.202309101412\\db\/mcu/
2023-10-09 11:59:16,943 [INFO] ApiDb:274 - Set plugin database path to: C:\ST\STM32CubeIDE_1.13.2\STM32CubeIDE\plugins\com.st.stm32cube.common.mx_6.9.2.202309101412\\db\/plugins/boardmanager/
2023-10-09 11:59:16,943 [WARN] ApiDb:259 - Overriding images path with different value:  => C:\ST\STM32CubeIDE_1.13.2\STM32CubeIDE\plugins\com.st.stm32cube.common.mx_6.9.2.202309101412\\db\/plugins/mcufinder/images/
2023-10-09 11:59:16,953 [INFO] ApiDb:250 - Set database path to: C:\Users\Matus\.stmcufinder\plugins\mcufinder//mcu/
2023-10-09 11:59:16,954 [INFO] DbMcusAds:125 - Set database path to: C:\Users\Matus\.stmcufinder\plugins\mcufinder//mcu/
2023-10-09 11:59:16,955 [INFO] CrossReferenceDbSqlite:203 - Set database path to: C:\Users\Matus\.stmcufinder\plugins\mcufinder//mcu/cs/
2023-10-09 11:59:17,051 [INFO] RulesReader:64 - Compatibility file has been processed (293 Rules)
2023-10-09 11:59:17,158 [INFO] DbMcusXml:78 - Set database path to: C:\ST\STM32CubeIDE_1.13.2\STM32CubeIDE\plugins\com.st.stm32cube.common.mx_6.9.2.202309101412\\db\/mcu/
2023-10-09 11:59:17,159 [INFO] ApiDb:274 - Set plugin database path to: C:\ST\STM32CubeIDE_1.13.2\STM32CubeIDE\plugins\com.st.stm32cube.common.mx_6.9.2.202309101412\\db\/plugins/boardmanager/
2023-10-09 11:59:17,159 [INFO] ApiDb:261 - Set plugin images path to: C:\ST\STM32CubeIDE_1.13.2\STM32CubeIDE\plugins\com.st.stm32cube.common.mx_6.9.2.202309101412\\db\/plugins/mcufinder/images/
2023-10-09 11:59:17,159 [WARN] DbFile:41 - Overriding database path with different value: C:\Users\Matus\.stmcufinder\plugins\mcufinder/ => C:\Users\Matus\.stmcufinder\plugins\mcufinder
2023-10-09 11:59:17,159 [INFO] ApiDb:250 - Set database path to: C:\Users\Matus\.stmcufinder\plugins\mcufinder//mcu/
2023-10-09 11:59:17,159 [WARN] DbFile:41 - Overriding database path with different value: C:\Users\Matus\.stmcufinder\plugins\mcufinder/ => C:\Users\Matus\.stmcufinder\plugins\mcufinder
2023-10-09 11:59:17,159 [INFO] DbMcusAds:125 - Set database path to: C:\Users\Matus\.stmcufinder\plugins\mcufinder//mcu/
2023-10-09 11:59:17,159 [WARN] DbFile:41 - Overriding database path with different value: C:\Users\Matus\.stmcufinder\plugins\mcufinder/ => C:\Users\Matus\.stmcufinder\plugins\mcufinder
2023-10-09 11:59:17,159 [WARN] DbFile:41 - Overriding database path with different value: C:\Users\Matus\.stmcufinder\plugins\mcufinder/ => C:\Users\Matus\.stmcufinder\plugins\mcufinder
2023-10-09 11:59:17,159 [INFO] CrossReferenceDbSqlite:203 - Set database path to: C:\Users\Matus\.stmcufinder\plugins\mcufinder//mcu/cs/
2023-10-09 11:59:17,234 [INFO] MainPanel:262 - HeapMemory: 268435456
2023-10-09 11:59:17,322 [INFO] DbMcusXml:78 - Set database path to: C:\ST\STM32CubeIDE_1.13.2\STM32CubeIDE\plugins\com.st.stm32cube.common.mx_6.9.2.202309101412\\db\/mcu/
2023-10-09 11:59:17,323 [INFO] ApiDb:274 - Set plugin database path to: C:\ST\STM32CubeIDE_1.13.2\STM32CubeIDE\plugins\com.st.stm32cube.common.mx_6.9.2.202309101412\\db\/plugins/boardmanager/
2023-10-09 11:59:17,323 [INFO] ApiDb:261 - Set plugin images path to: C:\ST\STM32CubeIDE_1.13.2\STM32CubeIDE\plugins\com.st.stm32cube.common.mx_6.9.2.202309101412\\db\/plugins/mcufinder/images/
2023-10-09 11:59:17,323 [WARN] DbFile:41 - Overriding database path with different value: C:\Users\Matus\.stmcufinder\plugins\mcufinder/ => C:\Users\Matus\.stmcufinder\plugins\mcufinder
2023-10-09 11:59:17,323 [INFO] ApiDb:250 - Set database path to: C:\Users\Matus\.stmcufinder\plugins\mcufinder//mcu/
2023-10-09 11:59:17,323 [WARN] DbFile:41 - Overriding database path with different value: C:\Users\Matus\.stmcufinder\plugins\mcufinder/ => C:\Users\Matus\.stmcufinder\plugins\mcufinder
2023-10-09 11:59:17,323 [INFO] DbMcusAds:125 - Set database path to: C:\Users\Matus\.stmcufinder\plugins\mcufinder//mcu/
2023-10-09 11:59:17,323 [WARN] DbFile:41 - Overriding database path with different value: C:\Users\Matus\.stmcufinder\plugins\mcufinder/ => C:\Users\Matus\.stmcufinder\plugins\mcufinder
2023-10-09 11:59:17,323 [WARN] DbFile:41 - Overriding database path with different value: C:\Users\Matus\.stmcufinder\plugins\mcufinder/ => C:\Users\Matus\.stmcufinder\plugins\mcufinder
2023-10-09 11:59:17,324 [INFO] CrossReferenceDbSqlite:203 - Set database path to: C:\Users\Matus\.stmcufinder\plugins\mcufinder//mcu/cs/
2023-10-09 11:59:17,339 [INFO] ApplicationProperties:184 - Using Application install path: C:\ST\STM32CubeIDE_1.13.2\STM32CubeIDE\plugins\com.st.stm32cube.common.mx_6.9.2.202309101412
2023-10-09 11:59:17,340 [INFO] PluginManage:196 - Search for loadable plugins [exclusion list=, ]
2023-10-09 11:59:17,341 [INFO] PluginManage:310 - Check plugin analytics
2023-10-09 11:59:17,487 [INFO] AnalyticsPlugin:253 - Accepted Software Licenses: 
2023-10-09 11:59:17,487 [INFO] AnalyticsPlugin:255 - Accepted CMSIS Pack Licenses: 
2023-10-09 11:59:17,487 [INFO] AnalyticsPlugin:257 - Accepted Firmware Licenses: 
2023-10-09 11:59:17,489 [INFO] PluginManage:359 - Loaded plugin analytics (category:tool,tabindex:-1)
2023-10-09 11:59:17,491 [INFO] PluginManage:310 - Check plugin cadmodel
2023-10-09 11:59:17,503 [INFO] CADModel:105 - Init CAD model plugin
2023-10-09 11:59:17,503 [INFO] PluginManage:359 - Loaded plugin cadmodel (category:power,tabindex:5)
2023-10-09 11:59:17,503 [INFO] PluginManage:310 - Check plugin clock
2023-10-09 11:59:17,520 [INFO] PluginManage:359 - Loaded plugin clock (category:base,tabindex:2)
2023-10-09 11:59:17,520 [INFO] PluginManage:310 - Check plugin ddr
2023-10-09 11:59:17,522 [INFO] PluginManage:359 - Loaded plugin ddr (category:tool,tabindex:6)
2023-10-09 11:59:17,522 [INFO] PluginManage:310 - Check plugin filemanager
2023-10-09 11:59:17,640 [INFO] PluginManage:359 - Loaded plugin filemanager (category:base,tabindex:10)
2023-10-09 11:59:17,640 [INFO] PluginManage:310 - Check plugin ipmanager
2023-10-09 11:59:17,647 [INFO] PluginManage:359 - Loaded plugin ipmanager (category:base,tabindex:5)
2023-10-09 11:59:17,647 [INFO] PluginManage:310 - Check plugin lpbam
2023-10-09 11:59:17,662 [INFO] PluginManage:359 - Loaded plugin lpbam (category:base,tabindex:0)
2023-10-09 11:59:17,662 [INFO] PluginManage:310 - Check plugin memorymap
2023-10-09 11:59:17,681 [INFO] PluginManage:359 - Loaded plugin memorymap (category:base,tabindex:4)
2023-10-09 11:59:17,682 [INFO] PluginManage:310 - Check plugin pinoutandconfiguration
2023-10-09 11:59:17,695 [INFO] PluginManage:359 - Loaded plugin pinoutandconfiguration (category:base,tabindex:1)
2023-10-09 11:59:17,695 [INFO] PluginManage:310 - Check plugin pinoutconfig
2023-10-09 11:59:17,788 [WARN] SupportedApi:132 - Cannot load RTOS API schema: s4s-elt-must-match.1: The content of 'definitions' must match (annotation?, (simpleType | complexType)?, (unique | key | keyref)*)). A problem was found starting at: attribute.
2023-10-09 11:59:17,903 [INFO] PluginManage:359 - Loaded plugin pinoutconfig (category:base,tabindex:0)
2023-10-09 11:59:17,904 [INFO] PluginManage:310 - Check plugin power
2023-10-09 11:59:17,919 [INFO] PluginManage:359 - Loaded plugin power (category:power,tabindex:4)
2023-10-09 11:59:17,919 [INFO] PluginManage:310 - Check plugin projectmanager
2023-10-09 11:59:17,929 [INFO] PluginManage:359 - Loaded plugin projectmanager (category:projectmanager,tabindex:3)
2023-10-09 11:59:17,929 [INFO] PluginManage:310 - Check plugin thirdparty
2023-10-09 11:59:18,144 [INFO] PluginManage:359 - Loaded plugin thirdparty (category:base,tabindex:-1)
2023-10-09 11:59:18,144 [INFO] PluginManage:310 - Check plugin tools
2023-10-09 11:59:18,144 [WARN] IntegrityCheckThread:84 - waiting for thirdparty lock release [integrity check]
2023-10-09 11:59:18,144 [INFO] IntegrityCheckThread:86 - entering critical section [integrity check]
2023-10-09 11:59:18,146 [INFO] ThirdPartyUpdaterWithRetryManager:70 - Updater plugin not ready yet. [1/15]
2023-10-09 11:59:18,169 [INFO] PluginManage:359 - Loaded plugin tools (category:base,tabindex:7)
2023-10-09 11:59:18,169 [INFO] PluginManage:310 - Check plugin tutovideos
2023-10-09 11:59:18,339 [INFO] PluginManage:359 - Loaded plugin tutovideos (category:base,tabindex:-1)
2023-10-09 11:59:18,340 [INFO] PluginManage:310 - Check plugin updater
2023-10-09 11:59:18,350 [INFO] PluginManage:359 - Loaded plugin updater (category:base,tabindex:12)
2023-10-09 11:59:18,350 [INFO] PluginManage:310 - Check plugin userauth
2023-10-09 11:59:18,354 [INFO] UserAuth:113 - Init User Auth plugin
2023-10-09 11:59:18,354 [INFO] PluginManage:359 - Loaded plugin userauth (category:base,tabindex:14)
2023-10-09 11:59:18,355 [INFO] PluginManage:283 - PluginManage : Loaded plugins [17]
2023-10-09 11:59:18,554 [INFO] PinOutPanel:1499 - setPackage(No Configuration,No Configuration)
2023-10-09 11:59:18,642 [INFO] CADModel:165 - CPN selected for project level
2023-10-09 11:59:18,642 [INFO] CADModel:114 - Register for checkConnection events
2023-10-09 11:59:18,664 [INFO] IPUIPlugin:80 - create IPUIPlugin
2023-10-09 11:59:18,664 [INFO] PluginManager:220 - loadIPPluginJar : add adc
2023-10-09 11:59:18,689 [INFO] IPUIPlugin:80 - create IPUIPlugin
2023-10-09 11:59:18,689 [INFO] PluginManager:220 - loadIPPluginJar : add aes
2023-10-09 11:59:18,719 [INFO] IPUIPlugin:80 - create IPUIPlugin
2023-10-09 11:59:18,719 [INFO] PluginManager:220 - loadIPPluginJar : add can
2023-10-09 11:59:18,736 [INFO] IPUIPlugin:80 - create IPUIPlugin
2023-10-09 11:59:18,736 [INFO] PluginManager:220 - loadIPPluginJar : add comp
2023-10-09 11:59:18,760 [INFO] IPUIPlugin:80 - create IPUIPlugin
2023-10-09 11:59:18,760 [INFO] PluginManager:220 - loadIPPluginJar : add cryp
2023-10-09 11:59:18,783 [INFO] IPUIPlugin:80 - create IPUIPlugin
2023-10-09 11:59:18,783 [INFO] PluginManager:220 - loadIPPluginJar : add dfsdm
2023-10-09 11:59:18,794 [INFO] IPUIPlugin:80 - create IPUIPlugin
2023-10-09 11:59:18,794 [INFO] PluginManager:220 - loadIPPluginJar : add dma
2023-10-09 11:59:18,826 [INFO] IPUIPlugin:80 - create IPUIPlugin
2023-10-09 11:59:18,827 [INFO] PluginManager:220 - loadIPPluginJar : add dma3
2023-10-09 11:59:18,842 [INFO] IPUIPlugin:80 - create IPUIPlugin
2023-10-09 11:59:18,842 [INFO] PluginManager:220 - loadIPPluginJar : add fatfs
2023-10-09 11:59:18,878 [INFO] IPUIPlugin:80 - create IPUIPlugin
2023-10-09 11:59:18,878 [INFO] PluginManager:220 - loadIPPluginJar : add fmc
2023-10-09 11:59:18,889 [INFO] IPUIPlugin:80 - create IPUIPlugin
2023-10-09 11:59:18,889 [INFO] PluginManager:220 - loadIPPluginJar : add freertos
2023-10-09 11:59:18,905 [INFO] IPUIPlugin:80 - create IPUIPlugin
2023-10-09 11:59:18,905 [INFO] PluginManager:220 - loadIPPluginJar : add genericplugin
2023-10-09 11:59:18,973 [INFO] IPUIPlugin:80 - create IPUIPlugin
2023-10-09 11:59:18,973 [INFO] PluginManager:220 - loadIPPluginJar : add gfxmmu
2023-10-09 11:59:19,070 [INFO] IPUIPlugin:80 - create IPUIPlugin
2023-10-09 11:59:19,070 [INFO] PluginManager:220 - loadIPPluginJar : add gic
2023-10-09 11:59:19,081 [INFO] IPUIPlugin:80 - create IPUIPlugin
2023-10-09 11:59:19,081 [INFO] PluginManager:220 - loadIPPluginJar : add gpio
2023-10-09 11:59:19,148 [INFO] IPUIPlugin:80 - create IPUIPlugin
2023-10-09 11:59:19,148 [INFO] PluginManager:220 - loadIPPluginJar : add gtzc
2023-10-09 11:59:19,172 [INFO] IPUIPlugin:80 - create IPUIPlugin
2023-10-09 11:59:19,173 [INFO] PluginManager:220 - loadIPPluginJar : add hash
2023-10-09 11:59:19,211 [INFO] IPUIPlugin:80 - create IPUIPlugin
2023-10-09 11:59:19,211 [INFO] PluginManager:220 - loadIPPluginJar : add i2c
2023-10-09 11:59:19,241 [INFO] IPUIPlugin:80 - create IPUIPlugin
2023-10-09 11:59:19,241 [INFO] PluginManager:220 - loadIPPluginJar : add i2s
2023-10-09 11:59:19,273 [INFO] IPUIPlugin:80 - create IPUIPlugin
2023-10-09 11:59:19,273 [INFO] PluginManager:220 - loadIPPluginJar : add i3c
2023-10-09 11:59:19,352 [INFO] IPUIPlugin:80 - create IPUIPlugin
2023-10-09 11:59:19,353 [INFO] PluginManager:220 - loadIPPluginJar : add ipddr
2023-10-09 11:59:19,425 [INFO] IPUIPlugin:80 - create IPUIPlugin
2023-10-09 11:59:19,425 [INFO] PluginManager:220 - loadIPPluginJar : add linkedlist
2023-10-09 11:59:19,453 [INFO] IPUIPlugin:80 - create IPUIPlugin
2023-10-09 11:59:19,453 [INFO] PluginManager:220 - loadIPPluginJar : add lorawan
2023-10-09 11:59:19,480 [INFO] IPUIPlugin:80 - create IPUIPlugin
2023-10-09 11:59:19,480 [INFO] PluginManager:220 - loadIPPluginJar : add ltdc
2023-10-09 11:59:19,492 [INFO] IPUIPlugin:80 - create IPUIPlugin
2023-10-09 11:59:19,492 [INFO] PluginManager:220 - loadIPPluginJar : add mdma
2023-10-09 11:59:19,503 [INFO] IPUIPlugin:80 - create IPUIPlugin
2023-10-09 11:59:19,503 [INFO] PluginManager:220 - loadIPPluginJar : add nvic
2023-10-09 11:59:19,530 [INFO] IPUIPlugin:80 - create IPUIPlugin
2023-10-09 11:59:19,530 [INFO] PluginManager:220 - loadIPPluginJar : add opamp
2023-10-09 11:59:19,578 [INFO] IPUIPlugin:80 - create IPUIPlugin
2023-10-09 11:59:19,578 [INFO] PluginManager:220 - loadIPPluginJar : add openamp
2023-10-09 11:59:19,611 [INFO] IPUIPlugin:80 - create IPUIPlugin
2023-10-09 11:59:19,611 [INFO] PluginManager:220 - loadIPPluginJar : add pdm2pcm
2023-10-09 11:59:19,622 [INFO] IPUIPlugin:80 - create IPUIPlugin
2023-10-09 11:59:19,625 [INFO] PluginManager:220 - loadIPPluginJar : add plateformsettings
2023-10-09 11:59:19,640 [INFO] IPUIPlugin:80 - create IPUIPlugin
2023-10-09 11:59:19,640 [INFO] PluginManager:220 - loadIPPluginJar : add quadspi
2023-10-09 11:59:19,651 [INFO] IPUIPlugin:80 - create IPUIPlugin
2023-10-09 11:59:19,651 [INFO] PluginManager:220 - loadIPPluginJar : add resmgrutility
2023-10-09 11:59:19,687 [INFO] IPUIPlugin:80 - create IPUIPlugin
2023-10-09 11:59:19,687 [INFO] PluginManager:220 - loadIPPluginJar : add sai
2023-10-09 11:59:19,717 [INFO] IPUIPlugin:80 - create IPUIPlugin
2023-10-09 11:59:19,717 [INFO] PluginManager:220 - loadIPPluginJar : add spi
2023-10-09 11:59:19,765 [INFO] IPUIPlugin:80 - create IPUIPlugin
2023-10-09 11:59:19,765 [INFO] PluginManager:220 - loadIPPluginJar : add stm32_wpan
2023-10-09 11:59:19,781 [INFO] IPUIPlugin:80 - create IPUIPlugin
2023-10-09 11:59:19,781 [INFO] PluginManager:220 - loadIPPluginJar : add tim
2023-10-09 11:59:19,821 [INFO] IPUIPlugin:80 - create IPUIPlugin
2023-10-09 11:59:19,821 [INFO] PluginManager:220 - loadIPPluginJar : add touchsensing
2023-10-09 11:59:19,837 [INFO] IPUIPlugin:80 - create IPUIPlugin
2023-10-09 11:59:19,837 [INFO] PluginManager:220 - loadIPPluginJar : add tracer_emb
2023-10-09 11:59:19,856 [INFO] IPUIPlugin:80 - create IPUIPlugin
2023-10-09 11:59:19,856 [INFO] PluginManager:220 - loadIPPluginJar : add ts
2023-10-09 11:59:19,870 [INFO] IPUIPlugin:80 - create IPUIPlugin
2023-10-09 11:59:19,871 [INFO] PluginManager:220 - loadIPPluginJar : add tsc
2023-10-09 11:59:19,886 [INFO] IPUIPlugin:80 - create IPUIPlugin
2023-10-09 11:59:19,887 [INFO] PluginManager:220 - loadIPPluginJar : add ucpd
2023-10-09 11:59:19,919 [INFO] IPUIPlugin:80 - create IPUIPlugin
2023-10-09 11:59:19,919 [INFO] PluginManager:220 - loadIPPluginJar : add usart
2023-10-09 11:59:19,959 [INFO] IPUIPlugin:80 - create IPUIPlugin
2023-10-09 11:59:19,959 [INFO] PluginManager:220 - loadIPPluginJar : add usbx
2023-10-09 11:59:20,072 [INFO] CADModel:165 - CPN selected for project level
2023-10-09 11:59:20,072 [INFO] CADModel:114 - Register for checkConnection events
2023-10-09 11:59:20,072 [FATAL] Updater:308 - Updater called before beeing initialized
2023-10-09 11:59:20,072 [ERROR] CADModel:125 - Updater not yet initialized, retry later 
2023-10-09 11:59:20,182 [INFO] CADModel:165 - CPN selected for project level
2023-10-09 11:59:20,182 [INFO] CADModel:114 - Register for checkConnection events
2023-10-09 11:59:20,182 [FATAL] Updater:308 - Updater called before beeing initialized
2023-10-09 11:59:20,182 [ERROR] CADModel:125 - Updater not yet initialized, retry later 
2023-10-09 11:59:20,185 [FATAL] Updater:308 - Updater called before beeing initialized
2023-10-09 11:59:20,266 [FATAL] Updater:308 - Updater called before beeing initialized
2023-10-09 11:59:20,276 [INFO] DbMcusAds:53 - JSON generation date=Tue Mar 07 09:50:55 CET 2023 (1678179055335)
2023-10-09 11:59:20,276 [FATAL] Updater:308 - Updater called before beeing initialized
2023-10-09 11:59:20,336 [WARN] DetailPanel:346 - Failed to get advertising image, set to default
2023-10-09 11:59:20,426 [FATAL] Updater:308 - Updater called before beeing initialized
2023-10-09 11:59:20,427 [FATAL] Updater:308 - Updater called before beeing initialized
2023-10-09 11:59:20,428 [FATAL] Updater:308 - Updater called before beeing initialized
2023-10-09 11:59:20,428 [WARN] DetailPanel:346 - Failed to get advertising image, set to default
2023-10-09 11:59:20,428 [FATAL] Updater:308 - Updater called before beeing initialized
2023-10-09 11:59:20,479 [ERROR] Updater:1120 - MainUpdater not yet initialized. External WinMGr cannot be set.
2023-10-09 11:59:20,487 [INFO] Updater:1056 - Updater Version found : 6.9.2
2023-10-09 11:59:20,506 [INFO] ApplicationProperties:184 - Using Application install path: C:\ST\STM32CubeIDE_1.13.2\STM32CubeIDE\plugins\com.st.stm32cube.common.mx_6.9.2.202309101412
2023-10-09 11:59:20,674 [INFO] MainUpdater:2868 - connection check result : 10
2023-10-09 11:59:20,675 [INFO] MainUpdater:285 - Updater Check For Update Now.
2023-10-09 11:59:20,675 [INFO] MicroXplorer:498 - Change Database Version : DB.6.0.92
2023-10-09 11:59:20,691 [INFO] McuFinderGlobals:63 - Set McuFinder mode to 2 (CubeIDE integrated)
2023-10-09 11:59:20,858 [INFO] CheckServerUpdateThread:120 - End of CheckServer Thread
2023-10-09 11:59:21,280 [WARN] PackLoader:240 - Cannot read IP mode file for STMicroelectronics.X-CUBE-SMBUS.2.1.0
2023-10-09 11:59:21,320 [WARN] PackLoader:240 - Cannot read IP mode file for STMicroelectronics.X-CUBE-AZRTOS-F7.1.1.0
2023-10-09 11:59:21,335 [WARN] PackLoader:240 - Cannot read IP mode file for STMicroelectronics.FP-SNS-MOTENV1.4.3.2
2023-10-09 11:59:21,347 [WARN] PackLoader:240 - Cannot read IP mode file for STMicroelectronics.FP-SNS-FLIGHT1.5.0.2
2023-10-09 11:59:21,362 [WARN] PackLoader:240 - Cannot read IP mode file for STMicroelectronics.X-CUBE-DISPLAY.3.0.0
2023-10-09 11:59:21,383 [WARN] PackLoader:240 - Cannot read IP mode file for STMicroelectronics.X-CUBE-BLE1.7.0.0
2023-10-09 11:59:21,393 [WARN] PackLoader:240 - Cannot read IP mode file for emotas.I-CUBE-CANOPEN.1.3.0
2023-10-09 11:59:21,407 [WARN] PackLoader:240 - Cannot read IP mode file for STMicroelectronics.X-CUBE-TOUCHGFX.4.22.0
2023-10-09 11:59:21,415 [WARN] PackLoader:240 - Cannot read IP mode file for STMicroelectronics.X-CUBE-TOUCHGFX.4.22.1
2023-10-09 11:59:21,426 [WARN] PackLoader:240 - Cannot read IP mode file for STMicroelectronics.FP-SNS-SMARTAG2.1.2.0
2023-10-09 11:59:21,447 [INFO] LogOutputStream:77 - [STDOUT_REDIRECT] 1 : Invalid condition id : UX_CORESTACK_Condition cause : null
2023-10-09 11:59:21,447 [INFO] LogOutputStream:77 - [STDOUT_REDIRECT] 1 : Invalid condition id : UX_CORESTACK_Condition cause : null
2023-10-09 11:59:21,449 [INFO] LogOutputStream:77 - [STDOUT_REDIRECT] 1 : Invalid condition id : UX_CORESTACK_Condition cause : null
2023-10-09 11:59:21,451 [INFO] LogOutputStream:77 - [STDOUT_REDIRECT] 1 : Invalid condition id : UX_CORESTACK_Condition cause : null
2023-10-09 11:59:21,452 [INFO] LogOutputStream:77 - [STDOUT_REDIRECT] 1 : Invalid condition id : UX_CORESTACK_Condition cause : null
2023-10-09 11:59:21,457 [WARN] PackLoader:240 - Cannot read IP mode file for STMicroelectronics.X-CUBE-AZRTOS-WL.2.0.0
2023-10-09 11:59:21,471 [WARN] PackLoader:240 - Cannot read IP mode file for WES.I-CUBE-Cesium.1.3.0
2023-10-09 11:59:21,483 [WARN] PackLoader:240 - Cannot read IP mode file for STMicroelectronics.X-CUBE-BLE2.3.3.0
2023-10-09 11:59:21,496 [WARN] PackLoader:240 - Cannot read IP mode file for STMicroelectronics.X-CUBE-ALGOBUILD.1.3.0
2023-10-09 11:59:21,520 [WARN] PackLoader:240 - Cannot read IP mode file for STMicroelectronics.X-CUBE-AZRTOS-G0.1.1.0
2023-10-09 11:59:21,533 [WARN] PackLoader:240 - Cannot read IP mode file for STMicroelectronics.X-CUBE-NFC4.3.0.0
2023-10-09 11:59:21,545 [WARN] PackLoader:240 - Cannot read IP mode file for STMicroelectronics.FP-ATR-SIGFOX1.3.2.0
2023-10-09 11:59:21,574 [WARN] PackLoader:240 - Cannot read IP mode file for SEGGER.I-CUBE-embOS.1.3.1
2023-10-09 11:59:21,627 [WARN] PackLoader:240 - Cannot read IP mode file for STMicroelectronics.X-CUBE-GNSS1.6.0.0
2023-10-09 11:59:21,661 [WARN] PackLoader:240 - Cannot read IP mode file for STMicroelectronics.X-CUBE-AZRTOS-F4.1.1.0
2023-10-09 11:59:21,679 [WARN] PackLoader:240 - Cannot read IP mode file for wolfSSL.I-CUBE-wolfSSL.5.6.3
2023-10-09 11:59:21,718 [WARN] PackLoader:240 - Cannot read IP mode file for STMicroelectronics.X-CUBE-AZRTOS-L5.2.0.0
2023-10-09 11:59:21,768 [WARN] PackLoader:240 - Cannot read IP mode file for STMicroelectronics.X-CUBE-MEMS1.9.6.0
2023-10-09 11:59:21,893 [WARN] PackLoader:240 - Cannot read IP mode file for ITTIA_DB.I-CUBE-ITTIADB.8.8.0
2023-10-09 11:59:21,905 [WARN] PackLoader:240 - Cannot read IP mode file for STMicroelectronics.X-CUBE-BLEMGR.2.0.0
2023-10-09 11:59:21,929 [WARN] ConditionMgr:438 - getConditionDescription Invalid condition id : UX DEVICE CLASS RTOS Condition cause : null
2023-10-09 11:59:21,929 [WARN] ConditionMgr:438 - getConditionDescription Invalid condition id : UX DEVICE CLASS RTOS Condition cause : null
2023-10-09 11:59:21,932 [WARN] PackLoader:240 - Cannot read IP mode file for STMicroelectronics.X-CUBE-AZRTOS-H7.3.1.0
2023-10-09 11:59:21,933 [WARN] ConditionMgr:1039 - genDependencies : Invalid condition id : UX DEVICE CLASS RTOS Condition cause : null
2023-10-09 11:59:21,934 [WARN] ConditionMgr:1039 - genDependencies : Invalid condition id : UX DEVICE CLASS RTOS Condition cause : null
2023-10-09 11:59:21,935 [WARN] ConditionMgr:1039 - genDependencies : Invalid condition id : UX DEVICE CLASS RTOS Condition cause : null
2023-10-09 11:59:21,935 [WARN] ConditionMgr:1039 - genDependencies : Invalid condition id : UX DEVICE CLASS RTOS Condition cause : null
2023-10-09 11:59:21,936 [WARN] ConditionMgr:1039 - genDependencies : Invalid condition id : UX DEVICE CLASS RTOS Condition cause : null
2023-10-09 11:59:21,950 [WARN] PackLoader:240 - Cannot read IP mode file for STMicroelectronics.X-CUBE-NFC7.1.0.1
2023-10-09 11:59:21,965 [WARN] PackLoader:240 - Cannot read IP mode file for STMicroelectronics.X-CUBE-NFC6.3.0.0
2023-10-09 11:59:21,982 [WARN] PackLoader:240 - Cannot read IP mode file for STMicroelectronics.X-CUBE-EEPRMA1.4.1.0
2023-10-09 11:59:21,993 [WARN] PackLoader:240 - Cannot read IP mode file for STMicroelectronics.X-CUBE-AI.8.1.0
2023-10-09 11:59:22,020 [WARN] ConditionMgr:438 - getConditionDescription Invalid condition id : LAN8742 Phy interface Condition cause : null
2023-10-09 11:59:22,021 [WARN] PackLoader:240 - Cannot read IP mode file for STMicroelectronics.X-CUBE-AZRTOS-L4.2.0.0
2023-10-09 11:59:22,022 [WARN] ConditionMgr:1039 - genDependencies : Invalid condition id : LAN8742 Phy interface Condition cause : null
2023-10-09 11:59:22,023 [WARN] ConditionMgr:1039 - genDependencies : Invalid condition id : LAN8742 Phy interface Condition cause : null
2023-10-09 11:59:22,023 [WARN] ConditionMgr:1039 - genDependencies : Invalid condition id : LAN8742 Phy interface Condition cause : null
2023-10-09 11:59:22,038 [WARN] PackLoader:240 - Cannot read IP mode file for STMicroelectronics.X-CUBE-SFXS2LP1.4.0.0
2023-10-09 11:59:22,051 [WARN] PackLoader:240 - Cannot read IP mode file for STMicroelectronics.X-CUBE-ISPU.1.1.0
2023-10-09 11:59:22,078 [WARN] ConditionMgr:438 - getConditionDescription Invalid condition id : UX DEVICE CLASS RTOS Condition cause : null
2023-10-09 11:59:22,078 [WARN] ConditionMgr:438 - getConditionDescription Invalid condition id : UX DEVICE CLASS RTOS Condition cause : null
2023-10-09 11:59:22,080 [WARN] PackLoader:240 - Cannot read IP mode file for STMicroelectronics.X-CUBE-AZRTOS-WB.2.0.0
2023-10-09 11:59:22,081 [WARN] ConditionMgr:1039 - genDependencies : Invalid condition id : UX DEVICE CLASS RTOS Condition cause : null
2023-10-09 11:59:22,082 [WARN] ConditionMgr:1039 - genDependencies : Invalid condition id : UX DEVICE CLASS RTOS Condition cause : null
2023-10-09 11:59:22,083 [WARN] ConditionMgr:1039 - genDependencies : Invalid condition id : UX DEVICE CLASS RTOS Condition cause : null
2023-10-09 11:59:22,083 [WARN] ConditionMgr:1039 - genDependencies : Invalid condition id : UX DEVICE CLASS RTOS Condition cause : null
2023-10-09 11:59:22,083 [WARN] ConditionMgr:1039 - genDependencies : Invalid condition id : UX DEVICE CLASS RTOS Condition cause : null
2023-10-09 11:59:22,101 [WARN] PackLoader:240 - Cannot read IP mode file for STMicroelectronics.X-CUBE-SUBG2.5.0.0
2023-10-09 11:59:22,126 [WARN] PackLoader:240 - Cannot read IP mode file for STMicroelectronics.X-CUBE-TOF1.3.3.1
2023-10-09 11:59:22,162 [WARN] PackLoader:240 - Cannot read IP mode file for STMicroelectronics.X-CUBE-AZRTOS-G4.2.0.0
2023-10-09 11:59:22,176 [WARN] PackLoader:240 - Cannot read IP mode file for STMicroelectronics.X-CUBE-FREERTOS.1.1.0
2023-10-09 11:59:22,215 [WARN] PackLoader:240 - Cannot read IP mode file for portGmbH.I-Cube-SoM-uGOAL.1.1.0
2023-10-09 11:59:22,234 [WARN] PackLoader:240 - Cannot read IP mode file for STMicroelectronics.X-CUBE-ALS.1.0.1
2023-10-09 11:59:22,250 [WARN] PackLoader:240 - Cannot read IP mode file for STMicroelectronics.FP-ATR-ASTRA1.2.0.0
2023-10-09 11:59:22,250 [INFO] ThirdParty:978 - Integrity check success = true
2023-10-09 11:59:22,250 [INFO] IntegrityCheckThread:100 - exiting critical section [integrity check]
2023-10-09 11:59:22,251 [INFO] IntegrityCheckThread:103 - End integrity checks thread
2023-10-09 11:59:41,643 [ERROR] LogOutputStream:75 - [STDERR_REDIRECT] SLF4J: Failed to load class "org.slf4j.impl.StaticLoggerBinder".
2023-10-09 11:59:41,644 [ERROR] LogOutputStream:75 - [STDERR_REDIRECT] SLF4J: Defaulting to no-operation (NOP) logger implementation
2023-10-09 11:59:41,645 [ERROR] LogOutputStream:75 - [STDERR_REDIRECT] SLF4J: See http://www.slf4j.org/codes.html#StaticLoggerBinder for further details.
