2023-10-07 04:03:32,214 [ERROR] LogOutputStream:75 - [STDERR_REDIRECT] 
2023-10-07 17:18:40,558 [INFO] Activator:176 - 


2023-10-07 17:18:40,560 [INFO] Activator:177 - !SESSION log4j initialized
2023-10-07 17:18:43,936 [INFO] LogOutputStream:77 - [STDOUT_REDIRECT] 
2023-10-07 17:18:45,957 [INFO] ApplicationProperties:184 - Using Application install path: C:\ST\STM32CubeIDE_1.13.2\STM32CubeIDE\plugins\com.st.stm32cube.common.mx_6.9.2.202309101412
2023-10-07 17:18:45,974 [INFO] DbMcusXml:78 - Set database path to: C:\ST\STM32CubeIDE_1.13.2\STM32CubeIDE\plugins\com.st.stm32cube.common.mx_6.9.2.202309101412\\db\/mcu/
2023-10-07 17:18:45,975 [INFO] ApiDb:274 - Set plugin database path to: C:\ST\STM32CubeIDE_1.13.2\STM32CubeIDE\plugins\com.st.stm32cube.common.mx_6.9.2.202309101412\\db\/plugins/boardmanager/
2023-10-07 17:18:45,975 [WARN] ApiDb:259 - Overriding images path with different value:  => C:\ST\STM32CubeIDE_1.13.2\STM32CubeIDE\plugins\com.st.stm32cube.common.mx_6.9.2.202309101412\\db\/plugins/mcufinder/images/
2023-10-07 17:18:45,983 [INFO] ApiDb:250 - Set database path to: C:\Users\Matus\.stmcufinder\plugins\mcufinder//mcu/
2023-10-07 17:18:45,984 [INFO] DbMcusAds:125 - Set database path to: C:\Users\Matus\.stmcufinder\plugins\mcufinder//mcu/
2023-10-07 17:18:45,986 [INFO] CrossReferenceDbSqlite:203 - Set database path to: C:\Users\Matus\.stmcufinder\plugins\mcufinder//mcu/cs/
2023-10-07 17:18:46,080 [INFO] RulesReader:64 - Compatibility file has been processed (293 Rules)
2023-10-07 17:18:46,158 [INFO] DbMcusXml:78 - Set database path to: C:\ST\STM32CubeIDE_1.13.2\STM32CubeIDE\plugins\com.st.stm32cube.common.mx_6.9.2.202309101412\\db\/mcu/
2023-10-07 17:18:46,158 [INFO] ApiDb:274 - Set plugin database path to: C:\ST\STM32CubeIDE_1.13.2\STM32CubeIDE\plugins\com.st.stm32cube.common.mx_6.9.2.202309101412\\db\/plugins/boardmanager/
2023-10-07 17:18:46,158 [INFO] ApiDb:261 - Set plugin images path to: C:\ST\STM32CubeIDE_1.13.2\STM32CubeIDE\plugins\com.st.stm32cube.common.mx_6.9.2.202309101412\\db\/plugins/mcufinder/images/
2023-10-07 17:18:46,159 [WARN] DbFile:41 - Overriding database path with different value: C:\Users\Matus\.stmcufinder\plugins\mcufinder/ => C:\Users\Matus\.stmcufinder\plugins\mcufinder
2023-10-07 17:18:46,159 [INFO] ApiDb:250 - Set database path to: C:\Users\Matus\.stmcufinder\plugins\mcufinder//mcu/
2023-10-07 17:18:46,159 [WARN] DbFile:41 - Overriding database path with different value: C:\Users\Matus\.stmcufinder\plugins\mcufinder/ => C:\Users\Matus\.stmcufinder\plugins\mcufinder
2023-10-07 17:18:46,159 [INFO] DbMcusAds:125 - Set database path to: C:\Users\Matus\.stmcufinder\plugins\mcufinder//mcu/
2023-10-07 17:18:46,159 [WARN] DbFile:41 - Overriding database path with different value: C:\Users\Matus\.stmcufinder\plugins\mcufinder/ => C:\Users\Matus\.stmcufinder\plugins\mcufinder
2023-10-07 17:18:46,159 [WARN] DbFile:41 - Overriding database path with different value: C:\Users\Matus\.stmcufinder\plugins\mcufinder/ => C:\Users\Matus\.stmcufinder\plugins\mcufinder
2023-10-07 17:18:46,159 [INFO] CrossReferenceDbSqlite:203 - Set database path to: C:\Users\Matus\.stmcufinder\plugins\mcufinder//mcu/cs/
2023-10-07 17:18:46,226 [INFO] MainPanel:262 - HeapMemory: 268435456
2023-10-07 17:18:46,314 [INFO] DbMcusXml:78 - Set database path to: C:\ST\STM32CubeIDE_1.13.2\STM32CubeIDE\plugins\com.st.stm32cube.common.mx_6.9.2.202309101412\\db\/mcu/
2023-10-07 17:18:46,314 [INFO] ApiDb:274 - Set plugin database path to: C:\ST\STM32CubeIDE_1.13.2\STM32CubeIDE\plugins\com.st.stm32cube.common.mx_6.9.2.202309101412\\db\/plugins/boardmanager/
2023-10-07 17:18:46,314 [INFO] ApiDb:261 - Set plugin images path to: C:\ST\STM32CubeIDE_1.13.2\STM32CubeIDE\plugins\com.st.stm32cube.common.mx_6.9.2.202309101412\\db\/plugins/mcufinder/images/
2023-10-07 17:18:46,314 [WARN] DbFile:41 - Overriding database path with different value: C:\Users\Matus\.stmcufinder\plugins\mcufinder/ => C:\Users\Matus\.stmcufinder\plugins\mcufinder
2023-10-07 17:18:46,314 [INFO] ApiDb:250 - Set database path to: C:\Users\Matus\.stmcufinder\plugins\mcufinder//mcu/
2023-10-07 17:18:46,314 [WARN] DbFile:41 - Overriding database path with different value: C:\Users\Matus\.stmcufinder\plugins\mcufinder/ => C:\Users\Matus\.stmcufinder\plugins\mcufinder
2023-10-07 17:18:46,314 [INFO] DbMcusAds:125 - Set database path to: C:\Users\Matus\.stmcufinder\plugins\mcufinder//mcu/
2023-10-07 17:18:46,315 [WARN] DbFile:41 - Overriding database path with different value: C:\Users\Matus\.stmcufinder\plugins\mcufinder/ => C:\Users\Matus\.stmcufinder\plugins\mcufinder
2023-10-07 17:18:46,315 [WARN] DbFile:41 - Overriding database path with different value: C:\Users\Matus\.stmcufinder\plugins\mcufinder/ => C:\Users\Matus\.stmcufinder\plugins\mcufinder
2023-10-07 17:18:46,315 [INFO] CrossReferenceDbSqlite:203 - Set database path to: C:\Users\Matus\.stmcufinder\plugins\mcufinder//mcu/cs/
2023-10-07 17:18:46,330 [INFO] ApplicationProperties:184 - Using Application install path: C:\ST\STM32CubeIDE_1.13.2\STM32CubeIDE\plugins\com.st.stm32cube.common.mx_6.9.2.202309101412
2023-10-07 17:18:46,331 [INFO] PluginManage:196 - Search for loadable plugins [exclusion list=, ]
2023-10-07 17:18:46,333 [INFO] PluginManage:310 - Check plugin analytics
2023-10-07 17:18:46,484 [INFO] AnalyticsPlugin:253 - Accepted Software Licenses: 
2023-10-07 17:18:46,484 [INFO] AnalyticsPlugin:255 - Accepted CMSIS Pack Licenses: 
2023-10-07 17:18:46,484 [INFO] AnalyticsPlugin:257 - Accepted Firmware Licenses: 
2023-10-07 17:18:46,486 [INFO] PluginManage:359 - Loaded plugin analytics (category:tool,tabindex:-1)
2023-10-07 17:18:46,487 [INFO] PluginManage:310 - Check plugin cadmodel
2023-10-07 17:18:46,498 [INFO] CADModel:105 - Init CAD model plugin
2023-10-07 17:18:46,499 [INFO] PluginManage:359 - Loaded plugin cadmodel (category:power,tabindex:5)
2023-10-07 17:18:46,499 [INFO] PluginManage:310 - Check plugin clock
2023-10-07 17:18:46,517 [INFO] PluginManage:359 - Loaded plugin clock (category:base,tabindex:2)
2023-10-07 17:18:46,517 [INFO] PluginManage:310 - Check plugin ddr
2023-10-07 17:18:46,519 [INFO] PluginManage:359 - Loaded plugin ddr (category:tool,tabindex:6)
2023-10-07 17:18:46,519 [INFO] PluginManage:310 - Check plugin filemanager
2023-10-07 17:18:46,638 [INFO] PluginManage:359 - Loaded plugin filemanager (category:base,tabindex:10)
2023-10-07 17:18:46,638 [INFO] PluginManage:310 - Check plugin ipmanager
2023-10-07 17:18:46,645 [INFO] PluginManage:359 - Loaded plugin ipmanager (category:base,tabindex:5)
2023-10-07 17:18:46,645 [INFO] PluginManage:310 - Check plugin lpbam
2023-10-07 17:18:46,658 [INFO] PluginManage:359 - Loaded plugin lpbam (category:base,tabindex:0)
2023-10-07 17:18:46,659 [INFO] PluginManage:310 - Check plugin memorymap
2023-10-07 17:18:46,678 [INFO] PluginManage:359 - Loaded plugin memorymap (category:base,tabindex:4)
2023-10-07 17:18:46,678 [INFO] PluginManage:310 - Check plugin pinoutandconfiguration
2023-10-07 17:18:46,691 [INFO] PluginManage:359 - Loaded plugin pinoutandconfiguration (category:base,tabindex:1)
2023-10-07 17:18:46,691 [INFO] PluginManage:310 - Check plugin pinoutconfig
2023-10-07 17:18:46,783 [WARN] SupportedApi:132 - Cannot load RTOS API schema: s4s-elt-must-match.1: The content of 'definitions' must match (annotation?, (simpleType | complexType)?, (unique | key | keyref)*)). A problem was found starting at: attribute.
2023-10-07 17:18:46,911 [INFO] PluginManage:359 - Loaded plugin pinoutconfig (category:base,tabindex:0)
2023-10-07 17:18:46,912 [INFO] PluginManage:310 - Check plugin power
2023-10-07 17:18:46,928 [INFO] PluginManage:359 - Loaded plugin power (category:power,tabindex:4)
2023-10-07 17:18:46,929 [INFO] PluginManage:310 - Check plugin projectmanager
2023-10-07 17:18:46,940 [INFO] PluginManage:359 - Loaded plugin projectmanager (category:projectmanager,tabindex:3)
2023-10-07 17:18:46,940 [INFO] PluginManage:310 - Check plugin thirdparty
2023-10-07 17:18:47,161 [INFO] PluginManage:359 - Loaded plugin thirdparty (category:base,tabindex:-1)
2023-10-07 17:18:47,161 [WARN] IntegrityCheckThread:84 - waiting for thirdparty lock release [integrity check]
2023-10-07 17:18:47,161 [INFO] PluginManage:310 - Check plugin tools
2023-10-07 17:18:47,161 [INFO] IntegrityCheckThread:86 - entering critical section [integrity check]
2023-10-07 17:18:47,161 [INFO] ThirdPartyUpdaterWithRetryManager:70 - Updater plugin not ready yet. [1/15]
2023-10-07 17:18:47,187 [INFO] PluginManage:359 - Loaded plugin tools (category:base,tabindex:7)
2023-10-07 17:18:47,187 [INFO] PluginManage:310 - Check plugin tutovideos
2023-10-07 17:18:47,363 [INFO] PluginManage:359 - Loaded plugin tutovideos (category:base,tabindex:-1)
2023-10-07 17:18:47,363 [INFO] PluginManage:310 - Check plugin updater
2023-10-07 17:18:47,373 [INFO] PluginManage:359 - Loaded plugin updater (category:base,tabindex:12)
2023-10-07 17:18:47,374 [INFO] PluginManage:310 - Check plugin userauth
2023-10-07 17:18:47,379 [INFO] UserAuth:113 - Init User Auth plugin
2023-10-07 17:18:47,379 [INFO] PluginManage:359 - Loaded plugin userauth (category:base,tabindex:14)
2023-10-07 17:18:47,379 [INFO] PluginManage:283 - PluginManage : Loaded plugins [17]
2023-10-07 17:18:47,571 [INFO] PinOutPanel:1499 - setPackage(No Configuration,No Configuration)
2023-10-07 17:18:47,660 [INFO] CADModel:165 - CPN selected for project level
2023-10-07 17:18:47,660 [INFO] CADModel:114 - Register for checkConnection events
2023-10-07 17:18:47,681 [INFO] IPUIPlugin:80 - create IPUIPlugin
2023-10-07 17:18:47,681 [INFO] PluginManager:220 - loadIPPluginJar : add adc
2023-10-07 17:18:47,708 [INFO] IPUIPlugin:80 - create IPUIPlugin
2023-10-07 17:18:47,708 [INFO] PluginManager:220 - loadIPPluginJar : add aes
2023-10-07 17:18:47,738 [INFO] IPUIPlugin:80 - create IPUIPlugin
2023-10-07 17:18:47,738 [INFO] PluginManager:220 - loadIPPluginJar : add can
2023-10-07 17:18:47,756 [INFO] IPUIPlugin:80 - create IPUIPlugin
2023-10-07 17:18:47,756 [INFO] PluginManager:220 - loadIPPluginJar : add comp
2023-10-07 17:18:47,781 [INFO] IPUIPlugin:80 - create IPUIPlugin
2023-10-07 17:18:47,781 [INFO] PluginManager:220 - loadIPPluginJar : add cryp
2023-10-07 17:18:47,804 [INFO] IPUIPlugin:80 - create IPUIPlugin
2023-10-07 17:18:47,804 [INFO] PluginManager:220 - loadIPPluginJar : add dfsdm
2023-10-07 17:18:47,815 [INFO] IPUIPlugin:80 - create IPUIPlugin
2023-10-07 17:18:47,816 [INFO] PluginManager:220 - loadIPPluginJar : add dma
2023-10-07 17:18:47,849 [INFO] IPUIPlugin:80 - create IPUIPlugin
2023-10-07 17:18:47,849 [INFO] PluginManager:220 - loadIPPluginJar : add dma3
2023-10-07 17:18:47,864 [INFO] IPUIPlugin:80 - create IPUIPlugin
2023-10-07 17:18:47,864 [INFO] PluginManager:220 - loadIPPluginJar : add fatfs
2023-10-07 17:18:47,898 [INFO] IPUIPlugin:80 - create IPUIPlugin
2023-10-07 17:18:47,898 [INFO] PluginManager:220 - loadIPPluginJar : add fmc
2023-10-07 17:18:47,908 [INFO] IPUIPlugin:80 - create IPUIPlugin
2023-10-07 17:18:47,910 [INFO] PluginManager:220 - loadIPPluginJar : add freertos
2023-10-07 17:18:47,925 [INFO] IPUIPlugin:80 - create IPUIPlugin
2023-10-07 17:18:47,925 [INFO] PluginManager:220 - loadIPPluginJar : add genericplugin
2023-10-07 17:18:47,994 [INFO] IPUIPlugin:80 - create IPUIPlugin
2023-10-07 17:18:47,995 [INFO] PluginManager:220 - loadIPPluginJar : add gfxmmu
2023-10-07 17:18:48,093 [INFO] IPUIPlugin:80 - create IPUIPlugin
2023-10-07 17:18:48,093 [INFO] PluginManager:220 - loadIPPluginJar : add gic
2023-10-07 17:18:48,103 [INFO] IPUIPlugin:80 - create IPUIPlugin
2023-10-07 17:18:48,103 [INFO] PluginManager:220 - loadIPPluginJar : add gpio
2023-10-07 17:18:48,170 [INFO] IPUIPlugin:80 - create IPUIPlugin
2023-10-07 17:18:48,170 [INFO] PluginManager:220 - loadIPPluginJar : add gtzc
2023-10-07 17:18:48,193 [INFO] IPUIPlugin:80 - create IPUIPlugin
2023-10-07 17:18:48,194 [INFO] PluginManager:220 - loadIPPluginJar : add hash
2023-10-07 17:18:48,233 [INFO] IPUIPlugin:80 - create IPUIPlugin
2023-10-07 17:18:48,233 [INFO] PluginManager:220 - loadIPPluginJar : add i2c
2023-10-07 17:18:48,261 [INFO] IPUIPlugin:80 - create IPUIPlugin
2023-10-07 17:18:48,261 [INFO] PluginManager:220 - loadIPPluginJar : add i2s
2023-10-07 17:18:48,292 [INFO] IPUIPlugin:80 - create IPUIPlugin
2023-10-07 17:18:48,292 [INFO] PluginManager:220 - loadIPPluginJar : add i3c
2023-10-07 17:18:48,369 [INFO] IPUIPlugin:80 - create IPUIPlugin
2023-10-07 17:18:48,369 [INFO] PluginManager:220 - loadIPPluginJar : add ipddr
2023-10-07 17:18:48,435 [INFO] IPUIPlugin:80 - create IPUIPlugin
2023-10-07 17:18:48,435 [INFO] PluginManager:220 - loadIPPluginJar : add linkedlist
2023-10-07 17:18:48,462 [INFO] IPUIPlugin:80 - create IPUIPlugin
2023-10-07 17:18:48,462 [INFO] PluginManager:220 - loadIPPluginJar : add lorawan
2023-10-07 17:18:48,488 [INFO] IPUIPlugin:80 - create IPUIPlugin
2023-10-07 17:18:48,488 [INFO] PluginManager:220 - loadIPPluginJar : add ltdc
2023-10-07 17:18:48,500 [INFO] IPUIPlugin:80 - create IPUIPlugin
2023-10-07 17:18:48,500 [INFO] PluginManager:220 - loadIPPluginJar : add mdma
2023-10-07 17:18:48,510 [INFO] IPUIPlugin:80 - create IPUIPlugin
2023-10-07 17:18:48,510 [INFO] PluginManager:220 - loadIPPluginJar : add nvic
2023-10-07 17:18:48,537 [INFO] IPUIPlugin:80 - create IPUIPlugin
2023-10-07 17:18:48,538 [INFO] PluginManager:220 - loadIPPluginJar : add opamp
2023-10-07 17:18:48,583 [INFO] IPUIPlugin:80 - create IPUIPlugin
2023-10-07 17:18:48,583 [INFO] PluginManager:220 - loadIPPluginJar : add openamp
2023-10-07 17:18:48,615 [INFO] IPUIPlugin:80 - create IPUIPlugin
2023-10-07 17:18:48,615 [INFO] PluginManager:220 - loadIPPluginJar : add pdm2pcm
2023-10-07 17:18:48,627 [INFO] IPUIPlugin:80 - create IPUIPlugin
2023-10-07 17:18:48,628 [INFO] PluginManager:220 - loadIPPluginJar : add plateformsettings
2023-10-07 17:18:48,645 [INFO] IPUIPlugin:80 - create IPUIPlugin
2023-10-07 17:18:48,645 [INFO] PluginManager:220 - loadIPPluginJar : add quadspi
2023-10-07 17:18:48,654 [INFO] IPUIPlugin:80 - create IPUIPlugin
2023-10-07 17:18:48,654 [INFO] PluginManager:220 - loadIPPluginJar : add resmgrutility
2023-10-07 17:18:48,690 [INFO] IPUIPlugin:80 - create IPUIPlugin
2023-10-07 17:18:48,691 [INFO] PluginManager:220 - loadIPPluginJar : add sai
2023-10-07 17:18:48,718 [INFO] IPUIPlugin:80 - create IPUIPlugin
2023-10-07 17:18:48,718 [INFO] PluginManager:220 - loadIPPluginJar : add spi
2023-10-07 17:18:48,761 [INFO] IPUIPlugin:80 - create IPUIPlugin
2023-10-07 17:18:48,761 [INFO] PluginManager:220 - loadIPPluginJar : add stm32_wpan
2023-10-07 17:18:48,778 [INFO] IPUIPlugin:80 - create IPUIPlugin
2023-10-07 17:18:48,778 [INFO] PluginManager:220 - loadIPPluginJar : add tim
2023-10-07 17:18:48,820 [INFO] IPUIPlugin:80 - create IPUIPlugin
2023-10-07 17:18:48,820 [INFO] PluginManager:220 - loadIPPluginJar : add touchsensing
2023-10-07 17:18:48,837 [INFO] IPUIPlugin:80 - create IPUIPlugin
2023-10-07 17:18:48,838 [INFO] PluginManager:220 - loadIPPluginJar : add tracer_emb
2023-10-07 17:18:48,855 [INFO] IPUIPlugin:80 - create IPUIPlugin
2023-10-07 17:18:48,855 [INFO] PluginManager:220 - loadIPPluginJar : add ts
2023-10-07 17:18:48,871 [INFO] IPUIPlugin:80 - create IPUIPlugin
2023-10-07 17:18:48,872 [INFO] PluginManager:220 - loadIPPluginJar : add tsc
2023-10-07 17:18:48,890 [INFO] IPUIPlugin:80 - create IPUIPlugin
2023-10-07 17:18:48,890 [INFO] PluginManager:220 - loadIPPluginJar : add ucpd
2023-10-07 17:18:48,924 [INFO] IPUIPlugin:80 - create IPUIPlugin
2023-10-07 17:18:48,924 [INFO] PluginManager:220 - loadIPPluginJar : add usart
2023-10-07 17:18:48,958 [INFO] IPUIPlugin:80 - create IPUIPlugin
2023-10-07 17:18:48,958 [INFO] PluginManager:220 - loadIPPluginJar : add usbx
2023-10-07 17:18:49,071 [INFO] CADModel:165 - CPN selected for project level
2023-10-07 17:18:49,071 [INFO] CADModel:114 - Register for checkConnection events
2023-10-07 17:18:49,072 [FATAL] Updater:308 - Updater called before beeing initialized
2023-10-07 17:18:49,072 [ERROR] CADModel:125 - Updater not yet initialized, retry later 
2023-10-07 17:18:49,183 [INFO] CADModel:165 - CPN selected for project level
2023-10-07 17:18:49,183 [INFO] CADModel:114 - Register for checkConnection events
2023-10-07 17:18:49,183 [FATAL] Updater:308 - Updater called before beeing initialized
2023-10-07 17:18:49,183 [ERROR] CADModel:125 - Updater not yet initialized, retry later 
2023-10-07 17:18:49,186 [FATAL] Updater:308 - Updater called before beeing initialized
2023-10-07 17:18:49,273 [FATAL] Updater:308 - Updater called before beeing initialized
2023-10-07 17:18:49,281 [INFO] DbMcusAds:53 - JSON generation date=Tue Mar 07 09:50:55 CET 2023 (1678179055335)
2023-10-07 17:18:49,282 [FATAL] Updater:308 - Updater called before beeing initialized
2023-10-07 17:18:49,342 [WARN] DetailPanel:346 - Failed to get advertising image, set to default
2023-10-07 17:18:49,416 [FATAL] Updater:308 - Updater called before beeing initialized
2023-10-07 17:18:49,418 [FATAL] Updater:308 - Updater called before beeing initialized
2023-10-07 17:18:49,418 [FATAL] Updater:308 - Updater called before beeing initialized
2023-10-07 17:18:49,418 [WARN] DetailPanel:346 - Failed to get advertising image, set to default
2023-10-07 17:18:49,419 [FATAL] Updater:308 - Updater called before beeing initialized
2023-10-07 17:18:49,462 [ERROR] Updater:1120 - MainUpdater not yet initialized. External WinMGr cannot be set.
2023-10-07 17:18:49,469 [INFO] Updater:1056 - Updater Version found : 6.9.2
2023-10-07 17:18:49,486 [INFO] ApplicationProperties:184 - Using Application install path: C:\ST\STM32CubeIDE_1.13.2\STM32CubeIDE\plugins\com.st.stm32cube.common.mx_6.9.2.202309101412
2023-10-07 17:18:49,665 [INFO] MainUpdater:2868 - connection check result : 10
2023-10-07 17:18:49,666 [INFO] MainUpdater:285 - Updater Check For Update Now.
2023-10-07 17:18:49,666 [INFO] MicroXplorer:498 - Change Database Version : DB.6.0.92
2023-10-07 17:18:49,683 [INFO] McuFinderGlobals:63 - Set McuFinder mode to 2 (CubeIDE integrated)
2023-10-07 17:18:49,855 [INFO] CheckServerUpdateThread:120 - End of CheckServer Thread
2023-10-07 17:18:50,318 [WARN] PackLoader:240 - Cannot read IP mode file for STMicroelectronics.X-CUBE-SMBUS.2.1.0
2023-10-07 17:18:50,358 [WARN] PackLoader:240 - Cannot read IP mode file for STMicroelectronics.X-CUBE-AZRTOS-F7.1.1.0
2023-10-07 17:18:50,381 [WARN] PackLoader:240 - Cannot read IP mode file for STMicroelectronics.FP-SNS-MOTENV1.4.3.2
2023-10-07 17:18:50,400 [WARN] PackLoader:240 - Cannot read IP mode file for STMicroelectronics.FP-SNS-FLIGHT1.5.0.2
2023-10-07 17:18:50,420 [WARN] PackLoader:240 - Cannot read IP mode file for STMicroelectronics.X-CUBE-DISPLAY.3.0.0
2023-10-07 17:18:50,446 [WARN] PackLoader:240 - Cannot read IP mode file for STMicroelectronics.X-CUBE-BLE1.7.0.0
2023-10-07 17:18:50,462 [WARN] PackLoader:240 - Cannot read IP mode file for emotas.I-CUBE-CANOPEN.1.3.0
2023-10-07 17:18:50,476 [WARN] PackLoader:240 - Cannot read IP mode file for STMicroelectronics.X-CUBE-TOUCHGFX.4.22.0
2023-10-07 17:18:50,488 [WARN] PackLoader:240 - Cannot read IP mode file for STMicroelectronics.X-CUBE-TOUCHGFX.4.22.1
2023-10-07 17:18:50,501 [WARN] PackLoader:240 - Cannot read IP mode file for STMicroelectronics.FP-SNS-SMARTAG2.1.2.0
2023-10-07 17:18:50,526 [INFO] LogOutputStream:77 - [STDOUT_REDIRECT] 1 : Invalid condition id : UX_CORESTACK_Condition cause : null
2023-10-07 17:18:50,527 [INFO] LogOutputStream:77 - [STDOUT_REDIRECT] 1 : Invalid condition id : UX_CORESTACK_Condition cause : null
2023-10-07 17:18:50,529 [INFO] LogOutputStream:77 - [STDOUT_REDIRECT] 1 : Invalid condition id : UX_CORESTACK_Condition cause : null
2023-10-07 17:18:50,531 [INFO] LogOutputStream:77 - [STDOUT_REDIRECT] 1 : Invalid condition id : UX_CORESTACK_Condition cause : null
2023-10-07 17:18:50,532 [INFO] LogOutputStream:77 - [STDOUT_REDIRECT] 1 : Invalid condition id : UX_CORESTACK_Condition cause : null
2023-10-07 17:18:50,540 [WARN] PackLoader:240 - Cannot read IP mode file for STMicroelectronics.X-CUBE-AZRTOS-WL.2.0.0
2023-10-07 17:18:50,562 [WARN] PackLoader:240 - Cannot read IP mode file for WES.I-CUBE-Cesium.1.3.0
2023-10-07 17:18:50,576 [WARN] PackLoader:240 - Cannot read IP mode file for STMicroelectronics.X-CUBE-BLE2.3.3.0
2023-10-07 17:18:50,592 [WARN] PackLoader:240 - Cannot read IP mode file for STMicroelectronics.X-CUBE-ALGOBUILD.1.3.0
2023-10-07 17:18:50,620 [WARN] PackLoader:240 - Cannot read IP mode file for STMicroelectronics.X-CUBE-AZRTOS-G0.1.1.0
2023-10-07 17:18:50,637 [WARN] PackLoader:240 - Cannot read IP mode file for STMicroelectronics.X-CUBE-NFC4.3.0.0
2023-10-07 17:18:50,651 [WARN] PackLoader:240 - Cannot read IP mode file for STMicroelectronics.FP-ATR-SIGFOX1.3.2.0
2023-10-07 17:18:50,688 [WARN] PackLoader:240 - Cannot read IP mode file for SEGGER.I-CUBE-embOS.1.3.1
2023-10-07 17:18:50,741 [WARN] PackLoader:240 - Cannot read IP mode file for STMicroelectronics.X-CUBE-GNSS1.6.0.0
2023-10-07 17:18:50,784 [WARN] PackLoader:240 - Cannot read IP mode file for STMicroelectronics.X-CUBE-AZRTOS-F4.1.1.0
2023-10-07 17:18:50,807 [WARN] PackLoader:240 - Cannot read IP mode file for wolfSSL.I-CUBE-wolfSSL.5.6.3
2023-10-07 17:18:50,843 [WARN] PackLoader:240 - Cannot read IP mode file for STMicroelectronics.X-CUBE-AZRTOS-L5.2.0.0
2023-10-07 17:18:50,902 [WARN] PackLoader:240 - Cannot read IP mode file for STMicroelectronics.X-CUBE-MEMS1.9.6.0
2023-10-07 17:18:51,027 [WARN] PackLoader:240 - Cannot read IP mode file for ITTIA_DB.I-CUBE-ITTIADB.8.8.0
2023-10-07 17:18:51,038 [WARN] PackLoader:240 - Cannot read IP mode file for STMicroelectronics.X-CUBE-BLEMGR.2.0.0
2023-10-07 17:18:51,064 [WARN] ConditionMgr:438 - getConditionDescription Invalid condition id : UX DEVICE CLASS RTOS Condition cause : null
2023-10-07 17:18:51,065 [WARN] ConditionMgr:438 - getConditionDescription Invalid condition id : UX DEVICE CLASS RTOS Condition cause : null
2023-10-07 17:18:51,068 [WARN] PackLoader:240 - Cannot read IP mode file for STMicroelectronics.X-CUBE-AZRTOS-H7.3.1.0
2023-10-07 17:18:51,069 [WARN] ConditionMgr:1039 - genDependencies : Invalid condition id : UX DEVICE CLASS RTOS Condition cause : null
2023-10-07 17:18:51,069 [WARN] ConditionMgr:1039 - genDependencies : Invalid condition id : UX DEVICE CLASS RTOS Condition cause : null
2023-10-07 17:18:51,069 [WARN] ConditionMgr:1039 - genDependencies : Invalid condition id : UX DEVICE CLASS RTOS Condition cause : null
2023-10-07 17:18:51,070 [WARN] ConditionMgr:1039 - genDependencies : Invalid condition id : UX DEVICE CLASS RTOS Condition cause : null
2023-10-07 17:18:51,070 [WARN] ConditionMgr:1039 - genDependencies : Invalid condition id : UX DEVICE CLASS RTOS Condition cause : null
2023-10-07 17:18:51,083 [WARN] PackLoader:240 - Cannot read IP mode file for STMicroelectronics.X-CUBE-NFC7.1.0.1
2023-10-07 17:18:51,097 [WARN] PackLoader:240 - Cannot read IP mode file for STMicroelectronics.X-CUBE-NFC6.3.0.0
2023-10-07 17:18:51,113 [WARN] PackLoader:240 - Cannot read IP mode file for STMicroelectronics.X-CUBE-EEPRMA1.4.1.0
2023-10-07 17:18:51,128 [WARN] PackLoader:240 - Cannot read IP mode file for STMicroelectronics.X-CUBE-AI.8.1.0
2023-10-07 17:18:51,157 [WARN] ConditionMgr:438 - getConditionDescription Invalid condition id : LAN8742 Phy interface Condition cause : null
2023-10-07 17:18:51,158 [WARN] PackLoader:240 - Cannot read IP mode file for STMicroelectronics.X-CUBE-AZRTOS-L4.2.0.0
2023-10-07 17:18:51,159 [WARN] ConditionMgr:1039 - genDependencies : Invalid condition id : LAN8742 Phy interface Condition cause : null
2023-10-07 17:18:51,160 [WARN] ConditionMgr:1039 - genDependencies : Invalid condition id : LAN8742 Phy interface Condition cause : null
2023-10-07 17:18:51,161 [WARN] ConditionMgr:1039 - genDependencies : Invalid condition id : LAN8742 Phy interface Condition cause : null
2023-10-07 17:18:51,175 [WARN] PackLoader:240 - Cannot read IP mode file for STMicroelectronics.X-CUBE-SFXS2LP1.4.0.0
2023-10-07 17:18:51,189 [WARN] PackLoader:240 - Cannot read IP mode file for STMicroelectronics.X-CUBE-ISPU.1.1.0
2023-10-07 17:18:51,212 [WARN] ConditionMgr:438 - getConditionDescription Invalid condition id : UX DEVICE CLASS RTOS Condition cause : null
2023-10-07 17:18:51,212 [WARN] ConditionMgr:438 - getConditionDescription Invalid condition id : UX DEVICE CLASS RTOS Condition cause : null
2023-10-07 17:18:51,213 [WARN] PackLoader:240 - Cannot read IP mode file for STMicroelectronics.X-CUBE-AZRTOS-WB.2.0.0
2023-10-07 17:18:51,214 [WARN] ConditionMgr:1039 - genDependencies : Invalid condition id : UX DEVICE CLASS RTOS Condition cause : null
2023-10-07 17:18:51,214 [WARN] ConditionMgr:1039 - genDependencies : Invalid condition id : UX DEVICE CLASS RTOS Condition cause : null
2023-10-07 17:18:51,214 [WARN] ConditionMgr:1039 - genDependencies : Invalid condition id : UX DEVICE CLASS RTOS Condition cause : null
2023-10-07 17:18:51,215 [WARN] ConditionMgr:1039 - genDependencies : Invalid condition id : UX DEVICE CLASS RTOS Condition cause : null
2023-10-07 17:18:51,215 [WARN] ConditionMgr:1039 - genDependencies : Invalid condition id : UX DEVICE CLASS RTOS Condition cause : null
2023-10-07 17:18:51,231 [WARN] PackLoader:240 - Cannot read IP mode file for STMicroelectronics.X-CUBE-SUBG2.5.0.0
2023-10-07 17:18:51,250 [WARN] PackLoader:240 - Cannot read IP mode file for STMicroelectronics.X-CUBE-TOF1.3.3.1
2023-10-07 17:18:51,281 [WARN] PackLoader:240 - Cannot read IP mode file for STMicroelectronics.X-CUBE-AZRTOS-G4.2.0.0
2023-10-07 17:18:51,297 [WARN] PackLoader:240 - Cannot read IP mode file for STMicroelectronics.X-CUBE-FREERTOS.1.1.0
2023-10-07 17:18:51,314 [WARN] PackLoader:240 - Cannot read IP mode file for portGmbH.I-Cube-SoM-uGOAL.1.1.0
2023-10-07 17:18:51,326 [WARN] PackLoader:240 - Cannot read IP mode file for STMicroelectronics.X-CUBE-ALS.1.0.1
2023-10-07 17:18:51,337 [WARN] PackLoader:240 - Cannot read IP mode file for STMicroelectronics.FP-ATR-ASTRA1.2.0.0
2023-10-07 17:18:51,338 [INFO] ThirdParty:978 - Integrity check success = true
2023-10-07 17:18:51,338 [INFO] IntegrityCheckThread:100 - exiting critical section [integrity check]
2023-10-07 17:18:51,338 [INFO] IntegrityCheckThread:103 - End integrity checks thread
2023-10-07 17:19:10,840 [ERROR] LogOutputStream:75 - [STDERR_REDIRECT] SLF4J: Failed to load class "org.slf4j.impl.StaticLoggerBinder".
2023-10-07 17:19:10,840 [ERROR] LogOutputStream:75 - [STDERR_REDIRECT] SLF4J: Defaulting to no-operation (NOP) logger implementation
2023-10-07 17:19:10,841 [ERROR] LogOutputStream:75 - [STDERR_REDIRECT] SLF4J: See http://www.slf4j.org/codes.html#StaticLoggerBinder for further details.
