2023-11-06 17:06:17,857 [INFO] Activator:176 - 


2023-11-06 17:06:17,862 [INFO] Activator:177 - !SESSION log4j initialized
2023-11-06 17:06:23,201 [INFO] LogOutputStream:77 - [STDOUT_REDIRECT] 
2023-11-06 17:06:24,651 [INFO] ApplicationProperties:184 - Using Application install path: C:\ST\STM32CubeIDE_1.13.2\STM32CubeIDE\plugins\com.st.stm32cube.common.mx_6.9.2.202309101412
2023-11-06 17:06:24,668 [INFO] DbMcusXml:78 - Set database path to: C:\ST\STM32CubeIDE_1.13.2\STM32CubeIDE\plugins\com.st.stm32cube.common.mx_6.9.2.202309101412\\db\/mcu/
2023-11-06 17:06:24,668 [INFO] ApiDb:274 - Set plugin database path to: C:\ST\STM32CubeIDE_1.13.2\STM32CubeIDE\plugins\com.st.stm32cube.common.mx_6.9.2.202309101412\\db\/plugins/boardmanager/
2023-11-06 17:06:24,668 [WARN] ApiDb:259 - Overriding images path with different value:  => C:\ST\STM32CubeIDE_1.13.2\STM32CubeIDE\plugins\com.st.stm32cube.common.mx_6.9.2.202309101412\\db\/plugins/mcufinder/images/
2023-11-06 17:06:24,677 [INFO] ApiDb:250 - Set database path to: C:\Users\Matus\.stmcufinder\plugins\mcufinder//mcu/
2023-11-06 17:06:24,678 [INFO] DbMcusAds:125 - Set database path to: C:\Users\Matus\.stmcufinder\plugins\mcufinder//mcu/
2023-11-06 17:06:24,679 [INFO] CrossReferenceDbSqlite:203 - Set database path to: C:\Users\Matus\.stmcufinder\plugins\mcufinder//mcu/cs/
2023-11-06 17:06:24,775 [INFO] RulesReader:64 - Compatibility file has been processed (293 Rules)
2023-11-06 17:06:24,859 [INFO] DbMcusXml:78 - Set database path to: C:\ST\STM32CubeIDE_1.13.2\STM32CubeIDE\plugins\com.st.stm32cube.common.mx_6.9.2.202309101412\\db\/mcu/
2023-11-06 17:06:24,859 [INFO] ApiDb:274 - Set plugin database path to: C:\ST\STM32CubeIDE_1.13.2\STM32CubeIDE\plugins\com.st.stm32cube.common.mx_6.9.2.202309101412\\db\/plugins/boardmanager/
2023-11-06 17:06:24,859 [INFO] ApiDb:261 - Set plugin images path to: C:\ST\STM32CubeIDE_1.13.2\STM32CubeIDE\plugins\com.st.stm32cube.common.mx_6.9.2.202309101412\\db\/plugins/mcufinder/images/
2023-11-06 17:06:24,860 [WARN] DbFile:41 - Overriding database path with different value: C:\Users\Matus\.stmcufinder\plugins\mcufinder/ => C:\Users\Matus\.stmcufinder\plugins\mcufinder
2023-11-06 17:06:24,860 [INFO] ApiDb:250 - Set database path to: C:\Users\Matus\.stmcufinder\plugins\mcufinder//mcu/
2023-11-06 17:06:24,860 [WARN] DbFile:41 - Overriding database path with different value: C:\Users\Matus\.stmcufinder\plugins\mcufinder/ => C:\Users\Matus\.stmcufinder\plugins\mcufinder
2023-11-06 17:06:24,860 [INFO] DbMcusAds:125 - Set database path to: C:\Users\Matus\.stmcufinder\plugins\mcufinder//mcu/
2023-11-06 17:06:24,860 [WARN] DbFile:41 - Overriding database path with different value: C:\Users\Matus\.stmcufinder\plugins\mcufinder/ => C:\Users\Matus\.stmcufinder\plugins\mcufinder
2023-11-06 17:06:24,860 [WARN] DbFile:41 - Overriding database path with different value: C:\Users\Matus\.stmcufinder\plugins\mcufinder/ => C:\Users\Matus\.stmcufinder\plugins\mcufinder
2023-11-06 17:06:24,860 [INFO] CrossReferenceDbSqlite:203 - Set database path to: C:\Users\Matus\.stmcufinder\plugins\mcufinder//mcu/cs/
2023-11-06 17:06:24,927 [INFO] MainPanel:262 - HeapMemory: 268435456
2023-11-06 17:06:25,007 [INFO] DbMcusXml:78 - Set database path to: C:\ST\STM32CubeIDE_1.13.2\STM32CubeIDE\plugins\com.st.stm32cube.common.mx_6.9.2.202309101412\\db\/mcu/
2023-11-06 17:06:25,007 [INFO] ApiDb:274 - Set plugin database path to: C:\ST\STM32CubeIDE_1.13.2\STM32CubeIDE\plugins\com.st.stm32cube.common.mx_6.9.2.202309101412\\db\/plugins/boardmanager/
2023-11-06 17:06:25,007 [INFO] ApiDb:261 - Set plugin images path to: C:\ST\STM32CubeIDE_1.13.2\STM32CubeIDE\plugins\com.st.stm32cube.common.mx_6.9.2.202309101412\\db\/plugins/mcufinder/images/
2023-11-06 17:06:25,008 [WARN] DbFile:41 - Overriding database path with different value: C:\Users\Matus\.stmcufinder\plugins\mcufinder/ => C:\Users\Matus\.stmcufinder\plugins\mcufinder
2023-11-06 17:06:25,008 [INFO] ApiDb:250 - Set database path to: C:\Users\Matus\.stmcufinder\plugins\mcufinder//mcu/
2023-11-06 17:06:25,008 [WARN] DbFile:41 - Overriding database path with different value: C:\Users\Matus\.stmcufinder\plugins\mcufinder/ => C:\Users\Matus\.stmcufinder\plugins\mcufinder
2023-11-06 17:06:25,008 [INFO] DbMcusAds:125 - Set database path to: C:\Users\Matus\.stmcufinder\plugins\mcufinder//mcu/
2023-11-06 17:06:25,008 [WARN] DbFile:41 - Overriding database path with different value: C:\Users\Matus\.stmcufinder\plugins\mcufinder/ => C:\Users\Matus\.stmcufinder\plugins\mcufinder
2023-11-06 17:06:25,008 [WARN] DbFile:41 - Overriding database path with different value: C:\Users\Matus\.stmcufinder\plugins\mcufinder/ => C:\Users\Matus\.stmcufinder\plugins\mcufinder
2023-11-06 17:06:25,008 [INFO] CrossReferenceDbSqlite:203 - Set database path to: C:\Users\Matus\.stmcufinder\plugins\mcufinder//mcu/cs/
2023-11-06 17:06:25,026 [INFO] ApplicationProperties:184 - Using Application install path: C:\ST\STM32CubeIDE_1.13.2\STM32CubeIDE\plugins\com.st.stm32cube.common.mx_6.9.2.202309101412
2023-11-06 17:06:25,027 [INFO] PluginManage:196 - Search for loadable plugins [exclusion list=, ]
2023-11-06 17:06:25,029 [INFO] PluginManage:310 - Check plugin analytics
2023-11-06 17:06:25,175 [INFO] AnalyticsPlugin:253 - Accepted Software Licenses: 
2023-11-06 17:06:25,176 [INFO] AnalyticsPlugin:255 - Accepted CMSIS Pack Licenses: 
2023-11-06 17:06:25,176 [INFO] AnalyticsPlugin:257 - Accepted Firmware Licenses: 
2023-11-06 17:06:25,179 [INFO] PluginManage:359 - Loaded plugin analytics (category:tool,tabindex:-1)
2023-11-06 17:06:25,180 [INFO] PluginManage:310 - Check plugin cadmodel
2023-11-06 17:06:25,194 [INFO] CADModel:105 - Init CAD model plugin
2023-11-06 17:06:25,194 [INFO] PluginManage:359 - Loaded plugin cadmodel (category:power,tabindex:5)
2023-11-06 17:06:25,194 [INFO] PluginManage:310 - Check plugin clock
2023-11-06 17:06:25,211 [INFO] PluginManage:359 - Loaded plugin clock (category:base,tabindex:2)
2023-11-06 17:06:25,211 [INFO] PluginManage:310 - Check plugin ddr
2023-11-06 17:06:25,213 [INFO] PluginManage:359 - Loaded plugin ddr (category:tool,tabindex:6)
2023-11-06 17:06:25,213 [INFO] PluginManage:310 - Check plugin filemanager
2023-11-06 17:06:25,326 [INFO] PluginManage:359 - Loaded plugin filemanager (category:base,tabindex:10)
2023-11-06 17:06:25,327 [INFO] PluginManage:310 - Check plugin ipmanager
2023-11-06 17:06:25,333 [INFO] PluginManage:359 - Loaded plugin ipmanager (category:base,tabindex:5)
2023-11-06 17:06:25,333 [INFO] PluginManage:310 - Check plugin lpbam
2023-11-06 17:06:25,347 [INFO] PluginManage:359 - Loaded plugin lpbam (category:base,tabindex:0)
2023-11-06 17:06:25,347 [INFO] PluginManage:310 - Check plugin memorymap
2023-11-06 17:06:25,365 [INFO] PluginManage:359 - Loaded plugin memorymap (category:base,tabindex:4)
2023-11-06 17:06:25,366 [INFO] PluginManage:310 - Check plugin pinoutandconfiguration
2023-11-06 17:06:25,379 [INFO] PluginManage:359 - Loaded plugin pinoutandconfiguration (category:base,tabindex:1)
2023-11-06 17:06:25,379 [INFO] PluginManage:310 - Check plugin pinoutconfig
2023-11-06 17:06:25,457 [WARN] SupportedApi:132 - Cannot load RTOS API schema: s4s-elt-must-match.1: The content of 'definitions' must match (annotation?, (simpleType | complexType)?, (unique | key | keyref)*)). A problem was found starting at: attribute.
2023-11-06 17:06:25,568 [INFO] PluginManage:359 - Loaded plugin pinoutconfig (category:base,tabindex:0)
2023-11-06 17:06:25,569 [INFO] PluginManage:310 - Check plugin power
2023-11-06 17:06:25,583 [INFO] PluginManage:359 - Loaded plugin power (category:power,tabindex:4)
2023-11-06 17:06:25,583 [INFO] PluginManage:310 - Check plugin projectmanager
2023-11-06 17:06:25,595 [INFO] PluginManage:359 - Loaded plugin projectmanager (category:projectmanager,tabindex:3)
2023-11-06 17:06:25,595 [INFO] PluginManage:310 - Check plugin thirdparty
2023-11-06 17:06:25,795 [INFO] PluginManage:359 - Loaded plugin thirdparty (category:base,tabindex:-1)
2023-11-06 17:06:25,795 [WARN] IntegrityCheckThread:84 - waiting for thirdparty lock release [integrity check]
2023-11-06 17:06:25,795 [INFO] PluginManage:310 - Check plugin tools
2023-11-06 17:06:25,795 [INFO] IntegrityCheckThread:86 - entering critical section [integrity check]
2023-11-06 17:06:25,796 [INFO] ThirdPartyUpdaterWithRetryManager:70 - Updater plugin not ready yet. [1/15]
2023-11-06 17:06:25,822 [INFO] PluginManage:359 - Loaded plugin tools (category:base,tabindex:7)
2023-11-06 17:06:25,822 [INFO] PluginManage:310 - Check plugin tutovideos
2023-11-06 17:06:25,989 [INFO] PluginManage:359 - Loaded plugin tutovideos (category:base,tabindex:-1)
2023-11-06 17:06:25,989 [INFO] PluginManage:310 - Check plugin updater
2023-11-06 17:06:25,996 [INFO] PluginManage:359 - Loaded plugin updater (category:base,tabindex:12)
2023-11-06 17:06:25,996 [INFO] PluginManage:310 - Check plugin userauth
2023-11-06 17:06:26,002 [INFO] UserAuth:113 - Init User Auth plugin
2023-11-06 17:06:26,002 [INFO] PluginManage:359 - Loaded plugin userauth (category:base,tabindex:14)
2023-11-06 17:06:26,002 [INFO] PluginManage:283 - PluginManage : Loaded plugins [17]
2023-11-06 17:06:26,173 [INFO] PinOutPanel:1499 - setPackage(No Configuration,No Configuration)
2023-11-06 17:06:26,259 [INFO] CADModel:165 - CPN selected for project level
2023-11-06 17:06:26,260 [INFO] CADModel:114 - Register for checkConnection events
2023-11-06 17:06:26,282 [INFO] IPUIPlugin:80 - create IPUIPlugin
2023-11-06 17:06:26,282 [INFO] PluginManager:220 - loadIPPluginJar : add adc
2023-11-06 17:06:26,308 [INFO] IPUIPlugin:80 - create IPUIPlugin
2023-11-06 17:06:26,308 [INFO] PluginManager:220 - loadIPPluginJar : add aes
2023-11-06 17:06:26,339 [INFO] IPUIPlugin:80 - create IPUIPlugin
2023-11-06 17:06:26,339 [INFO] PluginManager:220 - loadIPPluginJar : add can
2023-11-06 17:06:26,356 [INFO] IPUIPlugin:80 - create IPUIPlugin
2023-11-06 17:06:26,356 [INFO] PluginManager:220 - loadIPPluginJar : add comp
2023-11-06 17:06:26,380 [INFO] IPUIPlugin:80 - create IPUIPlugin
2023-11-06 17:06:26,380 [INFO] PluginManager:220 - loadIPPluginJar : add cryp
2023-11-06 17:06:26,401 [INFO] IPUIPlugin:80 - create IPUIPlugin
2023-11-06 17:06:26,401 [INFO] PluginManager:220 - loadIPPluginJar : add dfsdm
2023-11-06 17:06:26,413 [INFO] IPUIPlugin:80 - create IPUIPlugin
2023-11-06 17:06:26,413 [INFO] PluginManager:220 - loadIPPluginJar : add dma
2023-11-06 17:06:26,443 [INFO] IPUIPlugin:80 - create IPUIPlugin
2023-11-06 17:06:26,443 [INFO] PluginManager:220 - loadIPPluginJar : add dma3
2023-11-06 17:06:26,458 [INFO] IPUIPlugin:80 - create IPUIPlugin
2023-11-06 17:06:26,458 [INFO] PluginManager:220 - loadIPPluginJar : add fatfs
2023-11-06 17:06:26,492 [INFO] IPUIPlugin:80 - create IPUIPlugin
2023-11-06 17:06:26,492 [INFO] PluginManager:220 - loadIPPluginJar : add fmc
2023-11-06 17:06:26,503 [INFO] IPUIPlugin:80 - create IPUIPlugin
2023-11-06 17:06:26,503 [INFO] PluginManager:220 - loadIPPluginJar : add freertos
2023-11-06 17:06:26,518 [INFO] IPUIPlugin:80 - create IPUIPlugin
2023-11-06 17:06:26,518 [INFO] PluginManager:220 - loadIPPluginJar : add genericplugin
2023-11-06 17:06:26,583 [INFO] IPUIPlugin:80 - create IPUIPlugin
2023-11-06 17:06:26,583 [INFO] PluginManager:220 - loadIPPluginJar : add gfxmmu
2023-11-06 17:06:26,676 [INFO] IPUIPlugin:80 - create IPUIPlugin
2023-11-06 17:06:26,676 [INFO] PluginManager:220 - loadIPPluginJar : add gic
2023-11-06 17:06:26,685 [INFO] IPUIPlugin:80 - create IPUIPlugin
2023-11-06 17:06:26,685 [INFO] PluginManager:220 - loadIPPluginJar : add gpio
2023-11-06 17:06:26,752 [INFO] IPUIPlugin:80 - create IPUIPlugin
2023-11-06 17:06:26,752 [INFO] PluginManager:220 - loadIPPluginJar : add gtzc
2023-11-06 17:06:26,776 [INFO] IPUIPlugin:80 - create IPUIPlugin
2023-11-06 17:06:26,776 [INFO] PluginManager:220 - loadIPPluginJar : add hash
2023-11-06 17:06:26,816 [INFO] IPUIPlugin:80 - create IPUIPlugin
2023-11-06 17:06:26,816 [INFO] PluginManager:220 - loadIPPluginJar : add i2c
2023-11-06 17:06:26,845 [INFO] IPUIPlugin:80 - create IPUIPlugin
2023-11-06 17:06:26,845 [INFO] PluginManager:220 - loadIPPluginJar : add i2s
2023-11-06 17:06:26,875 [INFO] IPUIPlugin:80 - create IPUIPlugin
2023-11-06 17:06:26,875 [INFO] PluginManager:220 - loadIPPluginJar : add i3c
2023-11-06 17:06:26,950 [INFO] IPUIPlugin:80 - create IPUIPlugin
2023-11-06 17:06:26,951 [INFO] PluginManager:220 - loadIPPluginJar : add ipddr
2023-11-06 17:06:27,017 [INFO] IPUIPlugin:80 - create IPUIPlugin
2023-11-06 17:06:27,017 [INFO] PluginManager:220 - loadIPPluginJar : add linkedlist
2023-11-06 17:06:27,042 [INFO] IPUIPlugin:80 - create IPUIPlugin
2023-11-06 17:06:27,042 [INFO] PluginManager:220 - loadIPPluginJar : add lorawan
2023-11-06 17:06:27,068 [INFO] IPUIPlugin:80 - create IPUIPlugin
2023-11-06 17:06:27,068 [INFO] PluginManager:220 - loadIPPluginJar : add ltdc
2023-11-06 17:06:27,078 [INFO] IPUIPlugin:80 - create IPUIPlugin
2023-11-06 17:06:27,078 [INFO] PluginManager:220 - loadIPPluginJar : add mdma
2023-11-06 17:06:27,087 [INFO] IPUIPlugin:80 - create IPUIPlugin
2023-11-06 17:06:27,087 [INFO] PluginManager:220 - loadIPPluginJar : add nvic
2023-11-06 17:06:27,113 [INFO] IPUIPlugin:80 - create IPUIPlugin
2023-11-06 17:06:27,113 [INFO] PluginManager:220 - loadIPPluginJar : add opamp
2023-11-06 17:06:27,155 [INFO] IPUIPlugin:80 - create IPUIPlugin
2023-11-06 17:06:27,156 [INFO] PluginManager:220 - loadIPPluginJar : add openamp
2023-11-06 17:06:27,187 [INFO] IPUIPlugin:80 - create IPUIPlugin
2023-11-06 17:06:27,187 [INFO] PluginManager:220 - loadIPPluginJar : add pdm2pcm
2023-11-06 17:06:27,198 [INFO] IPUIPlugin:80 - create IPUIPlugin
2023-11-06 17:06:27,199 [INFO] PluginManager:220 - loadIPPluginJar : add plateformsettings
2023-11-06 17:06:27,215 [INFO] IPUIPlugin:80 - create IPUIPlugin
2023-11-06 17:06:27,215 [INFO] PluginManager:220 - loadIPPluginJar : add quadspi
2023-11-06 17:06:27,225 [INFO] IPUIPlugin:80 - create IPUIPlugin
2023-11-06 17:06:27,225 [INFO] PluginManager:220 - loadIPPluginJar : add resmgrutility
2023-11-06 17:06:27,259 [INFO] IPUIPlugin:80 - create IPUIPlugin
2023-11-06 17:06:27,259 [INFO] PluginManager:220 - loadIPPluginJar : add sai
2023-11-06 17:06:27,286 [INFO] IPUIPlugin:80 - create IPUIPlugin
2023-11-06 17:06:27,286 [INFO] PluginManager:220 - loadIPPluginJar : add spi
2023-11-06 17:06:27,328 [INFO] IPUIPlugin:80 - create IPUIPlugin
2023-11-06 17:06:27,328 [INFO] PluginManager:220 - loadIPPluginJar : add stm32_wpan
2023-11-06 17:06:27,345 [INFO] IPUIPlugin:80 - create IPUIPlugin
2023-11-06 17:06:27,346 [INFO] PluginManager:220 - loadIPPluginJar : add tim
2023-11-06 17:06:27,388 [INFO] IPUIPlugin:80 - create IPUIPlugin
2023-11-06 17:06:27,388 [INFO] PluginManager:220 - loadIPPluginJar : add touchsensing
2023-11-06 17:06:27,404 [INFO] IPUIPlugin:80 - create IPUIPlugin
2023-11-06 17:06:27,404 [INFO] PluginManager:220 - loadIPPluginJar : add tracer_emb
2023-11-06 17:06:27,420 [INFO] IPUIPlugin:80 - create IPUIPlugin
2023-11-06 17:06:27,420 [INFO] PluginManager:220 - loadIPPluginJar : add ts
2023-11-06 17:06:27,435 [INFO] IPUIPlugin:80 - create IPUIPlugin
2023-11-06 17:06:27,436 [INFO] PluginManager:220 - loadIPPluginJar : add tsc
2023-11-06 17:06:27,451 [INFO] IPUIPlugin:80 - create IPUIPlugin
2023-11-06 17:06:27,451 [INFO] PluginManager:220 - loadIPPluginJar : add ucpd
2023-11-06 17:06:27,484 [INFO] IPUIPlugin:80 - create IPUIPlugin
2023-11-06 17:06:27,484 [INFO] PluginManager:220 - loadIPPluginJar : add usart
2023-11-06 17:06:27,515 [INFO] IPUIPlugin:80 - create IPUIPlugin
2023-11-06 17:06:27,515 [INFO] PluginManager:220 - loadIPPluginJar : add usbx
2023-11-06 17:06:27,623 [INFO] CADModel:165 - CPN selected for project level
2023-11-06 17:06:27,623 [INFO] CADModel:114 - Register for checkConnection events
2023-11-06 17:06:27,623 [FATAL] Updater:308 - Updater called before beeing initialized
2023-11-06 17:06:27,624 [ERROR] CADModel:125 - Updater not yet initialized, retry later 
2023-11-06 17:06:27,732 [INFO] CADModel:165 - CPN selected for project level
2023-11-06 17:06:27,732 [INFO] CADModel:114 - Register for checkConnection events
2023-11-06 17:06:27,732 [FATAL] Updater:308 - Updater called before beeing initialized
2023-11-06 17:06:27,732 [ERROR] CADModel:125 - Updater not yet initialized, retry later 
2023-11-06 17:06:27,735 [FATAL] Updater:308 - Updater called before beeing initialized
2023-11-06 17:06:27,816 [FATAL] Updater:308 - Updater called before beeing initialized
2023-11-06 17:06:27,823 [INFO] DbMcusAds:53 - JSON generation date=Tue Mar 07 09:50:55 CET 2023 (1678179055335)
2023-11-06 17:06:27,825 [FATAL] Updater:308 - Updater called before beeing initialized
2023-11-06 17:06:27,883 [WARN] DetailPanel:346 - Failed to get advertising image, set to default
2023-11-06 17:06:27,967 [FATAL] Updater:308 - Updater called before beeing initialized
2023-11-06 17:06:27,969 [FATAL] Updater:308 - Updater called before beeing initialized
2023-11-06 17:06:27,969 [FATAL] Updater:308 - Updater called before beeing initialized
2023-11-06 17:06:27,969 [WARN] DetailPanel:346 - Failed to get advertising image, set to default
2023-11-06 17:06:27,970 [FATAL] Updater:308 - Updater called before beeing initialized
2023-11-06 17:06:28,015 [ERROR] Updater:1120 - MainUpdater not yet initialized. External WinMGr cannot be set.
2023-11-06 17:06:28,023 [INFO] Updater:1056 - Updater Version found : 6.9.2
2023-11-06 17:06:28,041 [INFO] ApplicationProperties:184 - Using Application install path: C:\ST\STM32CubeIDE_1.13.2\STM32CubeIDE\plugins\com.st.stm32cube.common.mx_6.9.2.202309101412
2023-11-06 17:06:28,210 [INFO] MainUpdater:2868 - connection check result : 10
2023-11-06 17:06:28,210 [INFO] MainUpdater:285 - Updater Check For Update Now.
2023-11-06 17:06:28,211 [INFO] MicroXplorer:498 - Change Database Version : DB.6.0.92
2023-11-06 17:06:28,224 [INFO] McuFinderGlobals:63 - Set McuFinder mode to 2 (CubeIDE integrated)
2023-11-06 17:06:28,396 [INFO] CheckServerUpdateThread:120 - End of CheckServer Thread
2023-11-06 17:06:28,930 [WARN] PackLoader:240 - Cannot read IP mode file for STMicroelectronics.X-CUBE-SMBUS.2.1.0
2023-11-06 17:06:28,967 [WARN] PackLoader:240 - Cannot read IP mode file for STMicroelectronics.X-CUBE-AZRTOS-F7.1.1.0
2023-11-06 17:06:28,983 [WARN] PackLoader:240 - Cannot read IP mode file for STMicroelectronics.FP-SNS-MOTENV1.4.3.2
2023-11-06 17:06:28,994 [WARN] PackLoader:240 - Cannot read IP mode file for STMicroelectronics.FP-SNS-FLIGHT1.5.0.2
2023-11-06 17:06:29,011 [WARN] PackLoader:240 - Cannot read IP mode file for STMicroelectronics.X-CUBE-DISPLAY.3.0.0
2023-11-06 17:06:29,031 [WARN] PackLoader:240 - Cannot read IP mode file for STMicroelectronics.X-CUBE-BLE1.7.0.0
2023-11-06 17:06:29,041 [WARN] PackLoader:240 - Cannot read IP mode file for emotas.I-CUBE-CANOPEN.1.3.0
2023-11-06 17:06:29,052 [WARN] PackLoader:240 - Cannot read IP mode file for STMicroelectronics.X-CUBE-TOUCHGFX.4.22.0
2023-11-06 17:06:29,061 [WARN] PackLoader:240 - Cannot read IP mode file for STMicroelectronics.X-CUBE-TOUCHGFX.4.22.1
2023-11-06 17:06:29,070 [WARN] PackLoader:240 - Cannot read IP mode file for STMicroelectronics.FP-SNS-SMARTAG2.1.2.0
2023-11-06 17:06:29,086 [INFO] LogOutputStream:77 - [STDOUT_REDIRECT] 1 : Invalid condition id : UX_CORESTACK_Condition cause : null
2023-11-06 17:06:29,087 [INFO] LogOutputStream:77 - [STDOUT_REDIRECT] 1 : Invalid condition id : UX_CORESTACK_Condition cause : null
2023-11-06 17:06:29,088 [INFO] LogOutputStream:77 - [STDOUT_REDIRECT] 1 : Invalid condition id : UX_CORESTACK_Condition cause : null
2023-11-06 17:06:29,089 [INFO] LogOutputStream:77 - [STDOUT_REDIRECT] 1 : Invalid condition id : UX_CORESTACK_Condition cause : null
2023-11-06 17:06:29,091 [INFO] LogOutputStream:77 - [STDOUT_REDIRECT] 1 : Invalid condition id : UX_CORESTACK_Condition cause : null
2023-11-06 17:06:29,094 [WARN] PackLoader:240 - Cannot read IP mode file for STMicroelectronics.X-CUBE-AZRTOS-WL.2.0.0
2023-11-06 17:06:29,110 [WARN] PackLoader:240 - Cannot read IP mode file for WES.I-CUBE-Cesium.1.3.0
2023-11-06 17:06:29,121 [WARN] PackLoader:240 - Cannot read IP mode file for STMicroelectronics.X-CUBE-BLE2.3.3.0
2023-11-06 17:06:29,132 [WARN] PackLoader:240 - Cannot read IP mode file for STMicroelectronics.X-CUBE-ALGOBUILD.1.3.0
2023-11-06 17:06:29,158 [WARN] PackLoader:240 - Cannot read IP mode file for STMicroelectronics.X-CUBE-AZRTOS-G0.1.1.0
2023-11-06 17:06:29,175 [WARN] PackLoader:240 - Cannot read IP mode file for STMicroelectronics.X-CUBE-NFC4.3.0.0
2023-11-06 17:06:29,193 [WARN] PackLoader:240 - Cannot read IP mode file for STMicroelectronics.X-CUBE-BLEMGR.3.0.0
2023-11-06 17:06:29,208 [WARN] PackLoader:240 - Cannot read IP mode file for STMicroelectronics.FP-ATR-SIGFOX1.3.2.0
2023-11-06 17:06:29,239 [WARN] PackLoader:240 - Cannot read IP mode file for SEGGER.I-CUBE-embOS.1.3.1
2023-11-06 17:06:29,295 [WARN] PackLoader:240 - Cannot read IP mode file for STMicroelectronics.X-CUBE-GNSS1.6.0.0
2023-11-06 17:06:29,332 [WARN] PackLoader:240 - Cannot read IP mode file for STMicroelectronics.X-CUBE-AZRTOS-F4.1.1.0
2023-11-06 17:06:29,348 [WARN] PackLoader:240 - Cannot read IP mode file for wolfSSL.I-CUBE-wolfSSL.5.6.3
2023-11-06 17:06:29,375 [WARN] PackLoader:240 - Cannot read IP mode file for STMicroelectronics.X-CUBE-AZRTOS-L5.2.0.0
2023-11-06 17:06:29,421 [WARN] PackLoader:240 - Cannot read IP mode file for STMicroelectronics.X-CUBE-MEMS1.9.6.0
2023-11-06 17:06:29,535 [WARN] PackLoader:240 - Cannot read IP mode file for STMicroelectronics.X-CUBE-EEPRMA1.4.2.0
2023-11-06 17:06:29,546 [WARN] PackLoader:240 - Cannot read IP mode file for ITTIA_DB.I-CUBE-ITTIADB.8.8.0
2023-11-06 17:06:29,557 [WARN] PackLoader:240 - Cannot read IP mode file for STMicroelectronics.X-CUBE-BLEMGR.2.0.0
2023-11-06 17:06:29,583 [WARN] ConditionMgr:438 - getConditionDescription Invalid condition id : UX DEVICE CLASS RTOS Condition cause : null
2023-11-06 17:06:29,584 [WARN] ConditionMgr:438 - getConditionDescription Invalid condition id : UX DEVICE CLASS RTOS Condition cause : null
2023-11-06 17:06:29,587 [WARN] PackLoader:240 - Cannot read IP mode file for STMicroelectronics.X-CUBE-AZRTOS-H7.3.1.0
2023-11-06 17:06:29,588 [WARN] ConditionMgr:1039 - genDependencies : Invalid condition id : UX DEVICE CLASS RTOS Condition cause : null
2023-11-06 17:06:29,588 [WARN] ConditionMgr:1039 - genDependencies : Invalid condition id : UX DEVICE CLASS RTOS Condition cause : null
2023-11-06 17:06:29,589 [WARN] ConditionMgr:1039 - genDependencies : Invalid condition id : UX DEVICE CLASS RTOS Condition cause : null
2023-11-06 17:06:29,589 [WARN] ConditionMgr:1039 - genDependencies : Invalid condition id : UX DEVICE CLASS RTOS Condition cause : null
2023-11-06 17:06:29,589 [WARN] ConditionMgr:1039 - genDependencies : Invalid condition id : UX DEVICE CLASS RTOS Condition cause : null
2023-11-06 17:06:29,603 [WARN] PackLoader:240 - Cannot read IP mode file for STMicroelectronics.X-CUBE-NFC7.1.0.1
2023-11-06 17:06:29,617 [WARN] PackLoader:240 - Cannot read IP mode file for STMicroelectronics.X-CUBE-NFC6.3.0.0
2023-11-06 17:06:29,628 [WARN] PackLoader:240 - Cannot read IP mode file for STMicroelectronics.X-CUBE-EEPRMA1.4.1.0
2023-11-06 17:06:29,638 [WARN] PackLoader:240 - Cannot read IP mode file for STMicroelectronics.X-CUBE-AI.8.1.0
2023-11-06 17:06:29,666 [WARN] ConditionMgr:438 - getConditionDescription Invalid condition id : LAN8742 Phy interface Condition cause : null
2023-11-06 17:06:29,667 [WARN] PackLoader:240 - Cannot read IP mode file for STMicroelectronics.X-CUBE-AZRTOS-L4.2.0.0
2023-11-06 17:06:29,669 [WARN] ConditionMgr:1039 - genDependencies : Invalid condition id : LAN8742 Phy interface Condition cause : null
2023-11-06 17:06:29,669 [WARN] ConditionMgr:1039 - genDependencies : Invalid condition id : LAN8742 Phy interface Condition cause : null
2023-11-06 17:06:29,669 [WARN] ConditionMgr:1039 - genDependencies : Invalid condition id : LAN8742 Phy interface Condition cause : null
2023-11-06 17:06:29,683 [WARN] PackLoader:240 - Cannot read IP mode file for STMicroelectronics.X-CUBE-SFXS2LP1.4.0.0
2023-11-06 17:06:29,696 [WARN] PackLoader:240 - Cannot read IP mode file for STMicroelectronics.X-CUBE-ISPU.1.1.0
2023-11-06 17:06:29,717 [WARN] ConditionMgr:438 - getConditionDescription Invalid condition id : UX DEVICE CLASS RTOS Condition cause : null
2023-11-06 17:06:29,718 [WARN] ConditionMgr:438 - getConditionDescription Invalid condition id : UX DEVICE CLASS RTOS Condition cause : null
2023-11-06 17:06:29,719 [WARN] PackLoader:240 - Cannot read IP mode file for STMicroelectronics.X-CUBE-AZRTOS-WB.2.0.0
2023-11-06 17:06:29,719 [WARN] ConditionMgr:1039 - genDependencies : Invalid condition id : UX DEVICE CLASS RTOS Condition cause : null
2023-11-06 17:06:29,720 [WARN] ConditionMgr:1039 - genDependencies : Invalid condition id : UX DEVICE CLASS RTOS Condition cause : null
2023-11-06 17:06:29,720 [WARN] ConditionMgr:1039 - genDependencies : Invalid condition id : UX DEVICE CLASS RTOS Condition cause : null
2023-11-06 17:06:29,720 [WARN] ConditionMgr:1039 - genDependencies : Invalid condition id : UX DEVICE CLASS RTOS Condition cause : null
2023-11-06 17:06:29,720 [WARN] ConditionMgr:1039 - genDependencies : Invalid condition id : UX DEVICE CLASS RTOS Condition cause : null
2023-11-06 17:06:29,737 [WARN] PackLoader:240 - Cannot read IP mode file for STMicroelectronics.X-CUBE-SUBG2.5.0.0
2023-11-06 17:06:29,761 [WARN] PackLoader:240 - Cannot read IP mode file for STMicroelectronics.X-CUBE-TOF1.3.3.1
2023-11-06 17:06:29,795 [WARN] PackLoader:240 - Cannot read IP mode file for STMicroelectronics.X-CUBE-AZRTOS-G4.2.0.0
2023-11-06 17:06:29,826 [WARN] PackLoader:240 - Cannot read IP mode file for Infineon.AIROC-Wi-Fi-Bluetooth-STM32.1.5.1
2023-11-06 17:06:29,870 [WARN] PackLoader:240 - Cannot read IP mode file for STMicroelectronics.X-CUBE-MEMS1.10.0.0
2023-11-06 17:06:29,981 [WARN] PackLoader:240 - Cannot read IP mode file for STMicroelectronics.X-CUBE-FREERTOS.1.1.0
2023-11-06 17:06:29,995 [WARN] PackLoader:240 - Cannot read IP mode file for portGmbH.I-Cube-SoM-uGOAL.1.1.0
2023-11-06 17:06:30,007 [WARN] PackLoader:240 - Cannot read IP mode file for STMicroelectronics.X-CUBE-ALS.1.0.1
2023-11-06 17:06:30,018 [WARN] PackLoader:240 - Cannot read IP mode file for STMicroelectronics.FP-ATR-ASTRA1.2.0.0
2023-11-06 17:06:30,019 [INFO] ThirdParty:978 - Integrity check success = true
2023-11-06 17:06:30,019 [INFO] IntegrityCheckThread:100 - exiting critical section [integrity check]
2023-11-06 17:06:30,019 [INFO] IntegrityCheckThread:103 - End integrity checks thread
2023-11-06 17:06:48,938 [ERROR] LogOutputStream:75 - [STDERR_REDIRECT] SLF4J: Failed to load class "org.slf4j.impl.StaticLoggerBinder".
2023-11-06 17:06:48,939 [ERROR] LogOutputStream:75 - [STDERR_REDIRECT] SLF4J: Defaulting to no-operation (NOP) logger implementation
2023-11-06 17:06:48,940 [ERROR] LogOutputStream:75 - [STDERR_REDIRECT] SLF4J: See http://www.slf4j.org/codes.html#StaticLoggerBinder for further details.
