2023-10-22 15:17:30,589 [INFO] Activator:176 - 


2023-10-22 15:17:30,593 [INFO] Activator:177 - !SESSION log4j initialized
2023-10-22 15:17:35,642 [INFO] LogOutputStream:77 - [STDOUT_REDIRECT] 
2023-10-22 15:17:36,931 [INFO] ApplicationProperties:184 - Using Application install path: C:\ST\STM32CubeIDE_1.13.2\STM32CubeIDE\plugins\com.st.stm32cube.common.mx_6.9.2.202309101412
2023-10-22 15:17:36,947 [INFO] DbMcusXml:78 - Set database path to: C:\ST\STM32CubeIDE_1.13.2\STM32CubeIDE\plugins\com.st.stm32cube.common.mx_6.9.2.202309101412\\db\/mcu/
2023-10-22 15:17:36,947 [INFO] ApiDb:274 - Set plugin database path to: C:\ST\STM32CubeIDE_1.13.2\STM32CubeIDE\plugins\com.st.stm32cube.common.mx_6.9.2.202309101412\\db\/plugins/boardmanager/
2023-10-22 15:17:36,947 [WARN] ApiDb:259 - Overriding images path with different value:  => C:\ST\STM32CubeIDE_1.13.2\STM32CubeIDE\plugins\com.st.stm32cube.common.mx_6.9.2.202309101412\\db\/plugins/mcufinder/images/
2023-10-22 15:17:36,958 [INFO] ApiDb:250 - Set database path to: C:\Users\Matus\.stmcufinder\plugins\mcufinder//mcu/
2023-10-22 15:17:36,959 [INFO] DbMcusAds:125 - Set database path to: C:\Users\Matus\.stmcufinder\plugins\mcufinder//mcu/
2023-10-22 15:17:36,960 [INFO] CrossReferenceDbSqlite:203 - Set database path to: C:\Users\Matus\.stmcufinder\plugins\mcufinder//mcu/cs/
2023-10-22 15:17:37,054 [INFO] RulesReader:64 - Compatibility file has been processed (293 Rules)
2023-10-22 15:17:37,124 [INFO] DbMcusXml:78 - Set database path to: C:\ST\STM32CubeIDE_1.13.2\STM32CubeIDE\plugins\com.st.stm32cube.common.mx_6.9.2.202309101412\\db\/mcu/
2023-10-22 15:17:37,124 [INFO] ApiDb:274 - Set plugin database path to: C:\ST\STM32CubeIDE_1.13.2\STM32CubeIDE\plugins\com.st.stm32cube.common.mx_6.9.2.202309101412\\db\/plugins/boardmanager/
2023-10-22 15:17:37,124 [INFO] ApiDb:261 - Set plugin images path to: C:\ST\STM32CubeIDE_1.13.2\STM32CubeIDE\plugins\com.st.stm32cube.common.mx_6.9.2.202309101412\\db\/plugins/mcufinder/images/
2023-10-22 15:17:37,124 [WARN] DbFile:41 - Overriding database path with different value: C:\Users\Matus\.stmcufinder\plugins\mcufinder/ => C:\Users\Matus\.stmcufinder\plugins\mcufinder
2023-10-22 15:17:37,124 [INFO] ApiDb:250 - Set database path to: C:\Users\Matus\.stmcufinder\plugins\mcufinder//mcu/
2023-10-22 15:17:37,125 [WARN] DbFile:41 - Overriding database path with different value: C:\Users\Matus\.stmcufinder\plugins\mcufinder/ => C:\Users\Matus\.stmcufinder\plugins\mcufinder
2023-10-22 15:17:37,125 [INFO] DbMcusAds:125 - Set database path to: C:\Users\Matus\.stmcufinder\plugins\mcufinder//mcu/
2023-10-22 15:17:37,125 [WARN] DbFile:41 - Overriding database path with different value: C:\Users\Matus\.stmcufinder\plugins\mcufinder/ => C:\Users\Matus\.stmcufinder\plugins\mcufinder
2023-10-22 15:17:37,125 [WARN] DbFile:41 - Overriding database path with different value: C:\Users\Matus\.stmcufinder\plugins\mcufinder/ => C:\Users\Matus\.stmcufinder\plugins\mcufinder
2023-10-22 15:17:37,125 [INFO] CrossReferenceDbSqlite:203 - Set database path to: C:\Users\Matus\.stmcufinder\plugins\mcufinder//mcu/cs/
2023-10-22 15:17:37,192 [INFO] MainPanel:262 - HeapMemory: 268435456
2023-10-22 15:17:37,277 [INFO] DbMcusXml:78 - Set database path to: C:\ST\STM32CubeIDE_1.13.2\STM32CubeIDE\plugins\com.st.stm32cube.common.mx_6.9.2.202309101412\\db\/mcu/
2023-10-22 15:17:37,277 [INFO] ApiDb:274 - Set plugin database path to: C:\ST\STM32CubeIDE_1.13.2\STM32CubeIDE\plugins\com.st.stm32cube.common.mx_6.9.2.202309101412\\db\/plugins/boardmanager/
2023-10-22 15:17:37,277 [INFO] ApiDb:261 - Set plugin images path to: C:\ST\STM32CubeIDE_1.13.2\STM32CubeIDE\plugins\com.st.stm32cube.common.mx_6.9.2.202309101412\\db\/plugins/mcufinder/images/
2023-10-22 15:17:37,278 [WARN] DbFile:41 - Overriding database path with different value: C:\Users\Matus\.stmcufinder\plugins\mcufinder/ => C:\Users\Matus\.stmcufinder\plugins\mcufinder
2023-10-22 15:17:37,278 [INFO] ApiDb:250 - Set database path to: C:\Users\Matus\.stmcufinder\plugins\mcufinder//mcu/
2023-10-22 15:17:37,278 [WARN] DbFile:41 - Overriding database path with different value: C:\Users\Matus\.stmcufinder\plugins\mcufinder/ => C:\Users\Matus\.stmcufinder\plugins\mcufinder
2023-10-22 15:17:37,278 [INFO] DbMcusAds:125 - Set database path to: C:\Users\Matus\.stmcufinder\plugins\mcufinder//mcu/
2023-10-22 15:17:37,278 [WARN] DbFile:41 - Overriding database path with different value: C:\Users\Matus\.stmcufinder\plugins\mcufinder/ => C:\Users\Matus\.stmcufinder\plugins\mcufinder
2023-10-22 15:17:37,278 [WARN] DbFile:41 - Overriding database path with different value: C:\Users\Matus\.stmcufinder\plugins\mcufinder/ => C:\Users\Matus\.stmcufinder\plugins\mcufinder
2023-10-22 15:17:37,278 [INFO] CrossReferenceDbSqlite:203 - Set database path to: C:\Users\Matus\.stmcufinder\plugins\mcufinder//mcu/cs/
2023-10-22 15:17:37,295 [INFO] ApplicationProperties:184 - Using Application install path: C:\ST\STM32CubeIDE_1.13.2\STM32CubeIDE\plugins\com.st.stm32cube.common.mx_6.9.2.202309101412
2023-10-22 15:17:37,297 [INFO] PluginManage:196 - Search for loadable plugins [exclusion list=, ]
2023-10-22 15:17:37,298 [INFO] PluginManage:310 - Check plugin analytics
2023-10-22 15:17:37,435 [INFO] AnalyticsPlugin:253 - Accepted Software Licenses: 
2023-10-22 15:17:37,436 [INFO] AnalyticsPlugin:255 - Accepted CMSIS Pack Licenses: 
2023-10-22 15:17:37,436 [INFO] AnalyticsPlugin:257 - Accepted Firmware Licenses: 
2023-10-22 15:17:37,438 [INFO] PluginManage:359 - Loaded plugin analytics (category:tool,tabindex:-1)
2023-10-22 15:17:37,439 [INFO] PluginManage:310 - Check plugin cadmodel
2023-10-22 15:17:37,450 [INFO] CADModel:105 - Init CAD model plugin
2023-10-22 15:17:37,450 [INFO] PluginManage:359 - Loaded plugin cadmodel (category:power,tabindex:5)
2023-10-22 15:17:37,450 [INFO] PluginManage:310 - Check plugin clock
2023-10-22 15:17:37,466 [INFO] PluginManage:359 - Loaded plugin clock (category:base,tabindex:2)
2023-10-22 15:17:37,466 [INFO] PluginManage:310 - Check plugin ddr
2023-10-22 15:17:37,468 [INFO] PluginManage:359 - Loaded plugin ddr (category:tool,tabindex:6)
2023-10-22 15:17:37,468 [INFO] PluginManage:310 - Check plugin filemanager
2023-10-22 15:17:37,577 [INFO] PluginManage:359 - Loaded plugin filemanager (category:base,tabindex:10)
2023-10-22 15:17:37,577 [INFO] PluginManage:310 - Check plugin ipmanager
2023-10-22 15:17:37,583 [INFO] PluginManage:359 - Loaded plugin ipmanager (category:base,tabindex:5)
2023-10-22 15:17:37,583 [INFO] PluginManage:310 - Check plugin lpbam
2023-10-22 15:17:37,597 [INFO] PluginManage:359 - Loaded plugin lpbam (category:base,tabindex:0)
2023-10-22 15:17:37,597 [INFO] PluginManage:310 - Check plugin memorymap
2023-10-22 15:17:37,616 [INFO] PluginManage:359 - Loaded plugin memorymap (category:base,tabindex:4)
2023-10-22 15:17:37,617 [INFO] PluginManage:310 - Check plugin pinoutandconfiguration
2023-10-22 15:17:37,631 [INFO] PluginManage:359 - Loaded plugin pinoutandconfiguration (category:base,tabindex:1)
2023-10-22 15:17:37,631 [INFO] PluginManage:310 - Check plugin pinoutconfig
2023-10-22 15:17:37,708 [WARN] SupportedApi:132 - Cannot load RTOS API schema: s4s-elt-must-match.1: The content of 'definitions' must match (annotation?, (simpleType | complexType)?, (unique | key | keyref)*)). A problem was found starting at: attribute.
2023-10-22 15:17:37,814 [INFO] PluginManage:359 - Loaded plugin pinoutconfig (category:base,tabindex:0)
2023-10-22 15:17:37,815 [INFO] PluginManage:310 - Check plugin power
2023-10-22 15:17:37,829 [INFO] PluginManage:359 - Loaded plugin power (category:power,tabindex:4)
2023-10-22 15:17:37,829 [INFO] PluginManage:310 - Check plugin projectmanager
2023-10-22 15:17:37,840 [INFO] PluginManage:359 - Loaded plugin projectmanager (category:projectmanager,tabindex:3)
2023-10-22 15:17:37,840 [INFO] PluginManage:310 - Check plugin thirdparty
2023-10-22 15:17:38,041 [INFO] PluginManage:359 - Loaded plugin thirdparty (category:base,tabindex:-1)
2023-10-22 15:17:38,041 [WARN] IntegrityCheckThread:84 - waiting for thirdparty lock release [integrity check]
2023-10-22 15:17:38,041 [INFO] PluginManage:310 - Check plugin tools
2023-10-22 15:17:38,041 [INFO] IntegrityCheckThread:86 - entering critical section [integrity check]
2023-10-22 15:17:38,041 [INFO] ThirdPartyUpdaterWithRetryManager:70 - Updater plugin not ready yet. [1/15]
2023-10-22 15:17:38,070 [INFO] PluginManage:359 - Loaded plugin tools (category:base,tabindex:7)
2023-10-22 15:17:38,070 [INFO] PluginManage:310 - Check plugin tutovideos
2023-10-22 15:17:38,240 [INFO] PluginManage:359 - Loaded plugin tutovideos (category:base,tabindex:-1)
2023-10-22 15:17:38,240 [INFO] PluginManage:310 - Check plugin updater
2023-10-22 15:17:38,250 [INFO] PluginManage:359 - Loaded plugin updater (category:base,tabindex:12)
2023-10-22 15:17:38,250 [INFO] PluginManage:310 - Check plugin userauth
2023-10-22 15:17:38,255 [INFO] UserAuth:113 - Init User Auth plugin
2023-10-22 15:17:38,255 [INFO] PluginManage:359 - Loaded plugin userauth (category:base,tabindex:14)
2023-10-22 15:17:38,255 [INFO] PluginManage:283 - PluginManage : Loaded plugins [17]
2023-10-22 15:17:38,429 [INFO] PinOutPanel:1499 - setPackage(No Configuration,No Configuration)
2023-10-22 15:17:38,510 [INFO] CADModel:165 - CPN selected for project level
2023-10-22 15:17:38,510 [INFO] CADModel:114 - Register for checkConnection events
2023-10-22 15:17:38,531 [INFO] IPUIPlugin:80 - create IPUIPlugin
2023-10-22 15:17:38,531 [INFO] PluginManager:220 - loadIPPluginJar : add adc
2023-10-22 15:17:38,557 [INFO] IPUIPlugin:80 - create IPUIPlugin
2023-10-22 15:17:38,557 [INFO] PluginManager:220 - loadIPPluginJar : add aes
2023-10-22 15:17:38,588 [INFO] IPUIPlugin:80 - create IPUIPlugin
2023-10-22 15:17:38,588 [INFO] PluginManager:220 - loadIPPluginJar : add can
2023-10-22 15:17:38,604 [INFO] IPUIPlugin:80 - create IPUIPlugin
2023-10-22 15:17:38,604 [INFO] PluginManager:220 - loadIPPluginJar : add comp
2023-10-22 15:17:38,628 [INFO] IPUIPlugin:80 - create IPUIPlugin
2023-10-22 15:17:38,628 [INFO] PluginManager:220 - loadIPPluginJar : add cryp
2023-10-22 15:17:38,650 [INFO] IPUIPlugin:80 - create IPUIPlugin
2023-10-22 15:17:38,650 [INFO] PluginManager:220 - loadIPPluginJar : add dfsdm
2023-10-22 15:17:38,663 [INFO] IPUIPlugin:80 - create IPUIPlugin
2023-10-22 15:17:38,663 [INFO] PluginManager:220 - loadIPPluginJar : add dma
2023-10-22 15:17:38,693 [INFO] IPUIPlugin:80 - create IPUIPlugin
2023-10-22 15:17:38,693 [INFO] PluginManager:220 - loadIPPluginJar : add dma3
2023-10-22 15:17:38,707 [INFO] IPUIPlugin:80 - create IPUIPlugin
2023-10-22 15:17:38,707 [INFO] PluginManager:220 - loadIPPluginJar : add fatfs
2023-10-22 15:17:38,738 [INFO] IPUIPlugin:80 - create IPUIPlugin
2023-10-22 15:17:38,738 [INFO] PluginManager:220 - loadIPPluginJar : add fmc
2023-10-22 15:17:38,749 [INFO] IPUIPlugin:80 - create IPUIPlugin
2023-10-22 15:17:38,749 [INFO] PluginManager:220 - loadIPPluginJar : add freertos
2023-10-22 15:17:38,764 [INFO] IPUIPlugin:80 - create IPUIPlugin
2023-10-22 15:17:38,764 [INFO] PluginManager:220 - loadIPPluginJar : add genericplugin
2023-10-22 15:17:38,826 [INFO] IPUIPlugin:80 - create IPUIPlugin
2023-10-22 15:17:38,826 [INFO] PluginManager:220 - loadIPPluginJar : add gfxmmu
2023-10-22 15:17:38,917 [INFO] IPUIPlugin:80 - create IPUIPlugin
2023-10-22 15:17:38,917 [INFO] PluginManager:220 - loadIPPluginJar : add gic
2023-10-22 15:17:38,927 [INFO] IPUIPlugin:80 - create IPUIPlugin
2023-10-22 15:17:38,927 [INFO] PluginManager:220 - loadIPPluginJar : add gpio
2023-10-22 15:17:38,989 [INFO] IPUIPlugin:80 - create IPUIPlugin
2023-10-22 15:17:38,989 [INFO] PluginManager:220 - loadIPPluginJar : add gtzc
2023-10-22 15:17:39,012 [INFO] IPUIPlugin:80 - create IPUIPlugin
2023-10-22 15:17:39,012 [INFO] PluginManager:220 - loadIPPluginJar : add hash
2023-10-22 15:17:39,047 [INFO] IPUIPlugin:80 - create IPUIPlugin
2023-10-22 15:17:39,047 [INFO] PluginManager:220 - loadIPPluginJar : add i2c
2023-10-22 15:17:39,075 [INFO] IPUIPlugin:80 - create IPUIPlugin
2023-10-22 15:17:39,075 [INFO] PluginManager:220 - loadIPPluginJar : add i2s
2023-10-22 15:17:39,104 [INFO] IPUIPlugin:80 - create IPUIPlugin
2023-10-22 15:17:39,104 [INFO] PluginManager:220 - loadIPPluginJar : add i3c
2023-10-22 15:17:39,177 [INFO] IPUIPlugin:80 - create IPUIPlugin
2023-10-22 15:17:39,177 [INFO] PluginManager:220 - loadIPPluginJar : add ipddr
2023-10-22 15:17:39,239 [INFO] IPUIPlugin:80 - create IPUIPlugin
2023-10-22 15:17:39,239 [INFO] PluginManager:220 - loadIPPluginJar : add linkedlist
2023-10-22 15:17:39,263 [INFO] IPUIPlugin:80 - create IPUIPlugin
2023-10-22 15:17:39,263 [INFO] PluginManager:220 - loadIPPluginJar : add lorawan
2023-10-22 15:17:39,287 [INFO] IPUIPlugin:80 - create IPUIPlugin
2023-10-22 15:17:39,287 [INFO] PluginManager:220 - loadIPPluginJar : add ltdc
2023-10-22 15:17:39,298 [INFO] IPUIPlugin:80 - create IPUIPlugin
2023-10-22 15:17:39,298 [INFO] PluginManager:220 - loadIPPluginJar : add mdma
2023-10-22 15:17:39,307 [INFO] IPUIPlugin:80 - create IPUIPlugin
2023-10-22 15:17:39,307 [INFO] PluginManager:220 - loadIPPluginJar : add nvic
2023-10-22 15:17:39,332 [INFO] IPUIPlugin:80 - create IPUIPlugin
2023-10-22 15:17:39,332 [INFO] PluginManager:220 - loadIPPluginJar : add opamp
2023-10-22 15:17:39,372 [INFO] IPUIPlugin:80 - create IPUIPlugin
2023-10-22 15:17:39,373 [INFO] PluginManager:220 - loadIPPluginJar : add openamp
2023-10-22 15:17:39,401 [INFO] IPUIPlugin:80 - create IPUIPlugin
2023-10-22 15:17:39,401 [INFO] PluginManager:220 - loadIPPluginJar : add pdm2pcm
2023-10-22 15:17:39,412 [INFO] IPUIPlugin:80 - create IPUIPlugin
2023-10-22 15:17:39,413 [INFO] PluginManager:220 - loadIPPluginJar : add plateformsettings
2023-10-22 15:17:39,428 [INFO] IPUIPlugin:80 - create IPUIPlugin
2023-10-22 15:17:39,428 [INFO] PluginManager:220 - loadIPPluginJar : add quadspi
2023-10-22 15:17:39,437 [INFO] IPUIPlugin:80 - create IPUIPlugin
2023-10-22 15:17:39,437 [INFO] PluginManager:220 - loadIPPluginJar : add resmgrutility
2023-10-22 15:17:39,470 [INFO] IPUIPlugin:80 - create IPUIPlugin
2023-10-22 15:17:39,471 [INFO] PluginManager:220 - loadIPPluginJar : add sai
2023-10-22 15:17:39,505 [INFO] IPUIPlugin:80 - create IPUIPlugin
2023-10-22 15:17:39,505 [INFO] PluginManager:220 - loadIPPluginJar : add spi
2023-10-22 15:17:39,548 [INFO] IPUIPlugin:80 - create IPUIPlugin
2023-10-22 15:17:39,548 [INFO] PluginManager:220 - loadIPPluginJar : add stm32_wpan
2023-10-22 15:17:39,566 [INFO] IPUIPlugin:80 - create IPUIPlugin
2023-10-22 15:17:39,566 [INFO] PluginManager:220 - loadIPPluginJar : add tim
2023-10-22 15:17:39,605 [INFO] IPUIPlugin:80 - create IPUIPlugin
2023-10-22 15:17:39,606 [INFO] PluginManager:220 - loadIPPluginJar : add touchsensing
2023-10-22 15:17:39,621 [INFO] IPUIPlugin:80 - create IPUIPlugin
2023-10-22 15:17:39,621 [INFO] PluginManager:220 - loadIPPluginJar : add tracer_emb
2023-10-22 15:17:39,638 [INFO] IPUIPlugin:80 - create IPUIPlugin
2023-10-22 15:17:39,638 [INFO] PluginManager:220 - loadIPPluginJar : add ts
2023-10-22 15:17:39,653 [INFO] IPUIPlugin:80 - create IPUIPlugin
2023-10-22 15:17:39,653 [INFO] PluginManager:220 - loadIPPluginJar : add tsc
2023-10-22 15:17:39,668 [INFO] IPUIPlugin:80 - create IPUIPlugin
2023-10-22 15:17:39,668 [INFO] PluginManager:220 - loadIPPluginJar : add ucpd
2023-10-22 15:17:39,699 [INFO] IPUIPlugin:80 - create IPUIPlugin
2023-10-22 15:17:39,699 [INFO] PluginManager:220 - loadIPPluginJar : add usart
2023-10-22 15:17:39,727 [INFO] IPUIPlugin:80 - create IPUIPlugin
2023-10-22 15:17:39,728 [INFO] PluginManager:220 - loadIPPluginJar : add usbx
2023-10-22 15:17:39,838 [INFO] CADModel:165 - CPN selected for project level
2023-10-22 15:17:39,838 [INFO] CADModel:114 - Register for checkConnection events
2023-10-22 15:17:39,838 [FATAL] Updater:308 - Updater called before beeing initialized
2023-10-22 15:17:39,839 [ERROR] CADModel:125 - Updater not yet initialized, retry later 
2023-10-22 15:17:39,946 [INFO] CADModel:165 - CPN selected for project level
2023-10-22 15:17:39,946 [INFO] CADModel:114 - Register for checkConnection events
2023-10-22 15:17:39,946 [FATAL] Updater:308 - Updater called before beeing initialized
2023-10-22 15:17:39,946 [ERROR] CADModel:125 - Updater not yet initialized, retry later 
2023-10-22 15:17:39,949 [FATAL] Updater:308 - Updater called before beeing initialized
2023-10-22 15:17:40,032 [FATAL] Updater:308 - Updater called before beeing initialized
2023-10-22 15:17:40,041 [INFO] DbMcusAds:53 - JSON generation date=Tue Mar 07 09:50:55 CET 2023 (1678179055335)
2023-10-22 15:17:40,041 [FATAL] Updater:308 - Updater called before beeing initialized
2023-10-22 15:17:40,102 [WARN] DetailPanel:346 - Failed to get advertising image, set to default
2023-10-22 15:17:40,182 [FATAL] Updater:308 - Updater called before beeing initialized
2023-10-22 15:17:40,183 [FATAL] Updater:308 - Updater called before beeing initialized
2023-10-22 15:17:40,184 [FATAL] Updater:308 - Updater called before beeing initialized
2023-10-22 15:17:40,184 [WARN] DetailPanel:346 - Failed to get advertising image, set to default
2023-10-22 15:17:40,184 [FATAL] Updater:308 - Updater called before beeing initialized
2023-10-22 15:17:40,232 [ERROR] Updater:1120 - MainUpdater not yet initialized. External WinMGr cannot be set.
2023-10-22 15:17:40,239 [INFO] Updater:1056 - Updater Version found : 6.9.2
2023-10-22 15:17:40,260 [INFO] ApplicationProperties:184 - Using Application install path: C:\ST\STM32CubeIDE_1.13.2\STM32CubeIDE\plugins\com.st.stm32cube.common.mx_6.9.2.202309101412
2023-10-22 15:17:40,365 [INFO] MainUpdater:2868 - connection check result : 10
2023-10-22 15:17:40,366 [INFO] MainUpdater:285 - Updater Check For Update Now.
2023-10-22 15:17:40,366 [INFO] MicroXplorer:498 - Change Database Version : DB.6.0.92
2023-10-22 15:17:40,386 [INFO] McuFinderGlobals:63 - Set McuFinder mode to 2 (CubeIDE integrated)
2023-10-22 15:17:40,553 [INFO] CheckServerUpdateThread:120 - End of CheckServer Thread
2023-10-22 15:17:41,171 [WARN] PackLoader:240 - Cannot read IP mode file for STMicroelectronics.X-CUBE-SMBUS.2.1.0
2023-10-22 15:17:41,212 [WARN] PackLoader:240 - Cannot read IP mode file for STMicroelectronics.X-CUBE-AZRTOS-F7.1.1.0
2023-10-22 15:17:41,227 [WARN] PackLoader:240 - Cannot read IP mode file for STMicroelectronics.FP-SNS-MOTENV1.4.3.2
2023-10-22 15:17:41,239 [WARN] PackLoader:240 - Cannot read IP mode file for STMicroelectronics.FP-SNS-FLIGHT1.5.0.2
2023-10-22 15:17:41,255 [WARN] PackLoader:240 - Cannot read IP mode file for STMicroelectronics.X-CUBE-DISPLAY.3.0.0
2023-10-22 15:17:41,273 [WARN] PackLoader:240 - Cannot read IP mode file for STMicroelectronics.X-CUBE-BLE1.7.0.0
2023-10-22 15:17:41,285 [WARN] PackLoader:240 - Cannot read IP mode file for emotas.I-CUBE-CANOPEN.1.3.0
2023-10-22 15:17:41,299 [WARN] PackLoader:240 - Cannot read IP mode file for STMicroelectronics.X-CUBE-TOUCHGFX.4.22.0
2023-10-22 15:17:41,308 [WARN] PackLoader:240 - Cannot read IP mode file for STMicroelectronics.X-CUBE-TOUCHGFX.4.22.1
2023-10-22 15:17:41,318 [WARN] PackLoader:240 - Cannot read IP mode file for STMicroelectronics.FP-SNS-SMARTAG2.1.2.0
2023-10-22 15:17:41,334 [INFO] LogOutputStream:77 - [STDOUT_REDIRECT] 1 : Invalid condition id : UX_CORESTACK_Condition cause : null
2023-10-22 15:17:41,335 [INFO] LogOutputStream:77 - [STDOUT_REDIRECT] 1 : Invalid condition id : UX_CORESTACK_Condition cause : null
2023-10-22 15:17:41,337 [INFO] LogOutputStream:77 - [STDOUT_REDIRECT] 1 : Invalid condition id : UX_CORESTACK_Condition cause : null
2023-10-22 15:17:41,339 [INFO] LogOutputStream:77 - [STDOUT_REDIRECT] 1 : Invalid condition id : UX_CORESTACK_Condition cause : null
2023-10-22 15:17:41,340 [INFO] LogOutputStream:77 - [STDOUT_REDIRECT] 1 : Invalid condition id : UX_CORESTACK_Condition cause : null
2023-10-22 15:17:41,343 [WARN] PackLoader:240 - Cannot read IP mode file for STMicroelectronics.X-CUBE-AZRTOS-WL.2.0.0
2023-10-22 15:17:41,356 [WARN] PackLoader:240 - Cannot read IP mode file for WES.I-CUBE-Cesium.1.3.0
2023-10-22 15:17:41,366 [WARN] PackLoader:240 - Cannot read IP mode file for STMicroelectronics.X-CUBE-BLE2.3.3.0
2023-10-22 15:17:41,376 [WARN] PackLoader:240 - Cannot read IP mode file for STMicroelectronics.X-CUBE-ALGOBUILD.1.3.0
2023-10-22 15:17:41,396 [WARN] PackLoader:240 - Cannot read IP mode file for STMicroelectronics.X-CUBE-AZRTOS-G0.1.1.0
2023-10-22 15:17:41,410 [WARN] PackLoader:240 - Cannot read IP mode file for STMicroelectronics.X-CUBE-NFC4.3.0.0
2023-10-22 15:17:41,419 [WARN] PackLoader:240 - Cannot read IP mode file for STMicroelectronics.FP-ATR-SIGFOX1.3.2.0
2023-10-22 15:17:41,453 [WARN] PackLoader:240 - Cannot read IP mode file for SEGGER.I-CUBE-embOS.1.3.1
2023-10-22 15:17:41,523 [WARN] PackLoader:240 - Cannot read IP mode file for STMicroelectronics.X-CUBE-GNSS1.6.0.0
2023-10-22 15:17:41,578 [WARN] PackLoader:240 - Cannot read IP mode file for STMicroelectronics.X-CUBE-AZRTOS-F4.1.1.0
2023-10-22 15:17:41,593 [WARN] PackLoader:240 - Cannot read IP mode file for wolfSSL.I-CUBE-wolfSSL.5.6.3
2023-10-22 15:17:41,619 [WARN] PackLoader:240 - Cannot read IP mode file for STMicroelectronics.X-CUBE-AZRTOS-L5.2.0.0
2023-10-22 15:17:41,662 [WARN] PackLoader:240 - Cannot read IP mode file for STMicroelectronics.X-CUBE-MEMS1.9.6.0
2023-10-22 15:17:41,792 [WARN] PackLoader:240 - Cannot read IP mode file for ITTIA_DB.I-CUBE-ITTIADB.8.8.0
2023-10-22 15:17:41,806 [WARN] PackLoader:240 - Cannot read IP mode file for STMicroelectronics.X-CUBE-BLEMGR.2.0.0
2023-10-22 15:17:41,832 [WARN] ConditionMgr:438 - getConditionDescription Invalid condition id : UX DEVICE CLASS RTOS Condition cause : null
2023-10-22 15:17:41,832 [WARN] ConditionMgr:438 - getConditionDescription Invalid condition id : UX DEVICE CLASS RTOS Condition cause : null
2023-10-22 15:17:41,835 [WARN] PackLoader:240 - Cannot read IP mode file for STMicroelectronics.X-CUBE-AZRTOS-H7.3.1.0
2023-10-22 15:17:41,835 [WARN] ConditionMgr:1039 - genDependencies : Invalid condition id : UX DEVICE CLASS RTOS Condition cause : null
2023-10-22 15:17:41,836 [WARN] ConditionMgr:1039 - genDependencies : Invalid condition id : UX DEVICE CLASS RTOS Condition cause : null
2023-10-22 15:17:41,836 [WARN] ConditionMgr:1039 - genDependencies : Invalid condition id : UX DEVICE CLASS RTOS Condition cause : null
2023-10-22 15:17:41,837 [WARN] ConditionMgr:1039 - genDependencies : Invalid condition id : UX DEVICE CLASS RTOS Condition cause : null
2023-10-22 15:17:41,837 [WARN] ConditionMgr:1039 - genDependencies : Invalid condition id : UX DEVICE CLASS RTOS Condition cause : null
2023-10-22 15:17:41,849 [WARN] PackLoader:240 - Cannot read IP mode file for STMicroelectronics.X-CUBE-NFC7.1.0.1
2023-10-22 15:17:41,864 [WARN] PackLoader:240 - Cannot read IP mode file for STMicroelectronics.X-CUBE-NFC6.3.0.0
2023-10-22 15:17:41,876 [WARN] PackLoader:240 - Cannot read IP mode file for STMicroelectronics.X-CUBE-EEPRMA1.4.1.0
2023-10-22 15:17:41,887 [WARN] PackLoader:240 - Cannot read IP mode file for STMicroelectronics.X-CUBE-AI.8.1.0
2023-10-22 15:17:41,915 [WARN] ConditionMgr:438 - getConditionDescription Invalid condition id : LAN8742 Phy interface Condition cause : null
2023-10-22 15:17:41,915 [WARN] PackLoader:240 - Cannot read IP mode file for STMicroelectronics.X-CUBE-AZRTOS-L4.2.0.0
2023-10-22 15:17:41,916 [WARN] ConditionMgr:1039 - genDependencies : Invalid condition id : LAN8742 Phy interface Condition cause : null
2023-10-22 15:17:41,916 [WARN] ConditionMgr:1039 - genDependencies : Invalid condition id : LAN8742 Phy interface Condition cause : null
2023-10-22 15:17:41,917 [WARN] ConditionMgr:1039 - genDependencies : Invalid condition id : LAN8742 Phy interface Condition cause : null
2023-10-22 15:17:41,929 [WARN] PackLoader:240 - Cannot read IP mode file for STMicroelectronics.X-CUBE-SFXS2LP1.4.0.0
2023-10-22 15:17:41,939 [WARN] PackLoader:240 - Cannot read IP mode file for STMicroelectronics.X-CUBE-ISPU.1.1.0
2023-10-22 15:17:41,959 [WARN] ConditionMgr:438 - getConditionDescription Invalid condition id : UX DEVICE CLASS RTOS Condition cause : null
2023-10-22 15:17:41,959 [WARN] ConditionMgr:438 - getConditionDescription Invalid condition id : UX DEVICE CLASS RTOS Condition cause : null
2023-10-22 15:17:41,961 [WARN] PackLoader:240 - Cannot read IP mode file for STMicroelectronics.X-CUBE-AZRTOS-WB.2.0.0
2023-10-22 15:17:41,962 [WARN] ConditionMgr:1039 - genDependencies : Invalid condition id : UX DEVICE CLASS RTOS Condition cause : null
2023-10-22 15:17:41,962 [WARN] ConditionMgr:1039 - genDependencies : Invalid condition id : UX DEVICE CLASS RTOS Condition cause : null
2023-10-22 15:17:41,962 [WARN] ConditionMgr:1039 - genDependencies : Invalid condition id : UX DEVICE CLASS RTOS Condition cause : null
2023-10-22 15:17:41,962 [WARN] ConditionMgr:1039 - genDependencies : Invalid condition id : UX DEVICE CLASS RTOS Condition cause : null
2023-10-22 15:17:41,962 [WARN] ConditionMgr:1039 - genDependencies : Invalid condition id : UX DEVICE CLASS RTOS Condition cause : null
2023-10-22 15:17:41,979 [WARN] PackLoader:240 - Cannot read IP mode file for STMicroelectronics.X-CUBE-SUBG2.5.0.0
2023-10-22 15:17:41,996 [WARN] PackLoader:240 - Cannot read IP mode file for STMicroelectronics.X-CUBE-TOF1.3.3.1
2023-10-22 15:17:42,029 [WARN] PackLoader:240 - Cannot read IP mode file for STMicroelectronics.X-CUBE-AZRTOS-G4.2.0.0
2023-10-22 15:17:42,053 [WARN] PackLoader:240 - Cannot read IP mode file for Infineon.AIROC-Wi-Fi-Bluetooth-STM32.1.5.1
2023-10-22 15:17:42,094 [WARN] PackLoader:240 - Cannot read IP mode file for STMicroelectronics.X-CUBE-MEMS1.10.0.0
2023-10-22 15:17:42,204 [WARN] PackLoader:240 - Cannot read IP mode file for STMicroelectronics.X-CUBE-FREERTOS.1.1.0
2023-10-22 15:17:42,218 [WARN] PackLoader:240 - Cannot read IP mode file for portGmbH.I-Cube-SoM-uGOAL.1.1.0
2023-10-22 15:17:42,232 [WARN] PackLoader:240 - Cannot read IP mode file for STMicroelectronics.X-CUBE-ALS.1.0.1
2023-10-22 15:17:42,245 [WARN] PackLoader:240 - Cannot read IP mode file for STMicroelectronics.FP-ATR-ASTRA1.2.0.0
2023-10-22 15:17:42,247 [INFO] ThirdParty:978 - Integrity check success = true
2023-10-22 15:17:42,247 [INFO] IntegrityCheckThread:100 - exiting critical section [integrity check]
2023-10-22 15:17:42,247 [INFO] IntegrityCheckThread:103 - End integrity checks thread
2023-10-22 15:18:01,293 [ERROR] LogOutputStream:75 - [STDERR_REDIRECT] SLF4J: Failed to load class "org.slf4j.impl.StaticLoggerBinder".
2023-10-22 15:18:01,293 [ERROR] LogOutputStream:75 - [STDERR_REDIRECT] SLF4J: Defaulting to no-operation (NOP) logger implementation
2023-10-22 15:18:01,294 [ERROR] LogOutputStream:75 - [STDERR_REDIRECT] SLF4J: See http://www.slf4j.org/codes.html#StaticLoggerBinder for further details.
2023-10-22 15:44:53,611 [INFO] McuFinderGlobals:63 - Set McuFinder mode to 2 (CubeIDE integrated)
2023-10-22 15:44:53,626 [INFO] MainUpdater:2868 - connection check result : 10
2023-10-22 15:44:53,631 [INFO] MainUpdater:2868 - connection check result : 10
2023-10-22 15:44:53,782 [INFO] MicroXplorer:468 - Change Database Path : 
2023-10-22 15:44:53,782 [INFO] MicroXplorer:498 - Change Database Version : DB.6.0.92
2023-10-22 15:44:53,784 [WARN] ThirdParty:871 - waiting for thirdparty lock release [close project]
2023-10-22 15:44:53,784 [INFO] ThirdParty:873 - entering critical section [close project]
2023-10-22 15:44:53,785 [INFO] ThirdParty:883 - exiting critical section [close project]
2023-10-22 15:44:53,787 [INFO] PinOutPanel:1499 - setPackage(No Configuration,No Configuration)
2023-10-22 15:44:53,791 [INFO] UtilMem:75 - Begin LoadConfig() Used Memory: 362688968 Bytes (618659840)
2023-10-22 15:44:55,772 [INFO] MicroXplorer:468 - Change Database Path : 
2023-10-22 15:44:55,773 [INFO] MicroXplorer:498 - Change Database Version : DB.6.0.92
2023-10-22 15:44:55,773 [INFO] OpenFileManager:308 - Change cursor
2023-10-22 15:44:55,796 [INFO] Mcu:1946 - Initializing MCU STM32F303K(6-8)Tx STM32F303K8Tx 
2023-10-22 15:44:55,891 [INFO] ApiDb:581 - Connected to CubeFinder SQLite database (C:\Users\Matus\.stmcufinder\plugins\mcufinder\mcu\cube-finder-db.db)
2023-10-22 15:44:55,943 [INFO] ApiDb:668 - CubeFinder database Data Model version=2.1
2023-10-22 15:44:55,943 [INFO] ApiDb:669 - CubeFinder database Configuration version=3.0.37
2023-10-22 15:44:55,944 [INFO] ApiDb:670 - CubeFinder database generation date=2023-08-09 (1691586011)
2023-10-22 15:44:55,944 [INFO] ApiDb:671 - CubeFinder database FW Pack versions=[FP-ATR-ASTRA1_V2.0.0, FP-SNS-FLIGHT1_V5.0.1, FP-SNS-FLIGHT1_V5.0.2, FP-SNS-MOTENV1_V4.3.1, FP-SNS-MOTENV1_V4.3.2, STM32Cube_FW_C0_V1.1.0, STM32Cube_FW_F4_V1.27.1, STM32Cube_FW_F7_V1.17.0, STM32Cube_FW_G0_V1.6.1, STM32Cube_FW_G4_V1.5.1, STM32Cube_FW_H5_V0.5.1, STM32Cube_FW_H5_V1.1.0, STM32Cube_FW_H7_V1.11.0, STM32Cube_FW_L0_V1.12.2, STM32Cube_FW_L5_V1.5.0, STM32Cube_FW_U5_V1.3.0, STM32Cube_FW_U5_V1.3.0RC4, STM32Cube_FW_WBA_V1.0.0RC1, STM32Cube_FW_WBA_V1.1.0, STM32Cube_FW_WBA_V1.1.0RC1, STM32Cube_FW_WB_V1.15.0RC1, STM32Cube_FW_WB_V1.16.0, STM32Cube_FW_WB_V1.16.0RC2, STM32Cube_FW_WB_V1.17.0, STM32Cube_FW_WL_V1.3.0, X-CUBE-ALGOBUILD_V1.3.0, X-CUBE-ALS_V1.0.1, X-CUBE-AZRTOS-F4_V1.1.0, X-CUBE-AZRTOS-F7_V1.1.0, X-CUBE-AZRTOS-G0_V1.1.0, X-CUBE-AZRTOS-G4_V2.0.0, X-CUBE-AZRTOS-H7_V3.1.0, X-CUBE-AZRTOS-L4_V1.0.0, X-CUBE-AZRTOS-L4_V2.0.0, X-CUBE-AZRTOS-L5_V1.1.0, X-CUBE-AZRTOS-WB_V1.1.0, X-CUBE-AZRTOS-WL_V2.0.0, X-CUBE-BLE1_V7.0.0, X-CUBE-BLE2_V3.3.0, X-CUBE-BLEMGR_V2.0.0, X-CUBE-EEPRMA1_V4.1.0, X-CUBE-FREERTOS_V1.1.0, X-CUBE-GNSS1_V6.0.0, X-CUBE-MEMS1_V9.1.0, X-CUBE-MEMS1_V9.4.0, X-CUBE-MEMS1_V9.6.0, X-CUBE-NFC4_V3.0.0, X-CUBE-NFC7_V1.0.0, X-CUBE-SFXS2LP1_V4.0.0, X-CUBE-SUBG2_V5.0.0, X-CUBE-TOF1_V3.3.1]
2023-10-22 15:44:57,911 [INFO] ApiDb:240 - Found 323 in-development CPN: [B-G473E-ZEST1S, B-WB1M-WPAN1, B-WL5M-SUBG1, NUCLEO-C031C6, NUCLEO-H503RB, NUCLEO-H563ZI, NUCLEO-U545RE-Q, NUCLEO-U5A5ZJ-Q, NUCLEO-WBA52CG, STEVAL-PROTEUS1, STEVAL-SMARTAG2, STEVAL-STWINBX1, STM320518-EVAL, STM32C0116-DK, STM32C011D6Y3TR, STM32C011D6Y6TR, STM32C011F4P3, STM32C011F4P6, STM32C011F4U3, STM32C011F4U6TR, STM32C011F6P3, STM32C011F6P6, STM32C011F6U3, STM32C011F6U6TR, STM32C011J4M3, STM32C011J4M6, STM32C011J6M3, STM32C011J6M6, STM32C0316-DK, STM32C031C4T3, STM32C031C4T6, STM32C031C4U3, STM32C031C4U6, STM32C031C6T3, STM32C031C6T6, STM32C031C6U3, STM32C031C6U6, STM32C031F4P3, STM32C031F4P6, STM32C031F6P3, STM32C031F6P6, STM32C031G4U3, STM32C031G4U6, STM32C031G6U3, STM32C031G6U6, STM32C031K4T3, STM32C031K4T6, STM32C031K4U3, STM32C031K4U6, STM32C031K6T3, STM32C031K6T6, STM32C031K6U3, STM32C031K6U6, STM32G071K8TXN, STM32G071K8UXN, STM32G081GBU6N, STM32G081KBT6N, STM32G081KBUXN, STM32G0B1CCT6N, STM32G0B1KCT6, STM32G0B1NEY6TR, STM32G0B1RCT6N, STM32G0C1CCT6, STM32G0C1CCT6N, STM32G0C1CCU6N, STM32G0C1CET6N, STM32G0C1CEU6N, STM32G0C1KCT6, STM32G0C1NEY6TR, STM32G0C1RCI6N, STM32G0C1RCT6N, STM32G0C1REI6N, STM32G0C1RET6N, STM32G0C1VCI6, STM32G0C1VEI6, STM32G471CCT6, STM32G471CCU6, STM32G471CET3, STM32G471CET6, STM32G471CEU3, STM32G471CEU6, STM32G471MCT6, STM32G471MET3, STM32G471MET6, STM32G471MEY6TR, STM32G471QCT6, STM32G471QET3, STM32G471RCT6, STM32G471RET3, STM32G471RET6, STM32G471VCH6, STM32G471VCI6, STM32G471VCT6, STM32G471VEH3, STM32G471VEH6, STM32G471VEI3, STM32G471VEI6, STM32G471VET3, STM32G471VET6, STM32G474CCT6, STM32H503CBT6, STM32H503CBU6, STM32H503EBY6TR, STM32H503KBU6, STM32H503RBT6, STM32H562AGI6, STM32H562AII6, STM32H562IGK6, STM32H562IGT6, STM32H562IIK6, STM32H562IIT6, STM32H562RGT6, STM32H562RGV6, STM32H562RIT6, STM32H562RIV6, STM32H562VGT6, STM32H562VIT6, STM32H562ZGT6, STM32H562ZIT6, STM32H563AGI6, STM32H563AII3Q, STM32H563AII6, STM32H563IGK6, STM32H563IGT6, STM32H563IIK3Q, STM32H563IIK6, STM32H563IIT3Q, STM32H563IIT6, STM32H563MIY3QTR, STM32H563RGT6, STM32H563RGV6, STM32H563RIT6, STM32H563RIV6, STM32H563VGT6, STM32H563VIT3Q, STM32H563VIT6, STM32H563ZGT6, STM32H563ZIT3Q, STM32H563ZIT6, STM32H573AII3Q, STM32H573AII6, STM32H573I-DK, STM32H573IIK3Q, STM32H573IIK6, STM32H573IIT3Q, STM32H573IIT6, STM32H573MIY3QTR, STM32H573RIT6, STM32H573RIV6, STM32H573VIT3Q, STM32H573VIT6, STM32H573ZIT3Q, STM32H573ZIT6, STM32L4R5QGI6STR, STM32MP131AAE3, STM32MP131AAF3, STM32MP131AAG3, STM32MP131CAE3, STM32MP131CAF3, STM32MP131CAG3, STM32MP131DAE7, STM32MP131DAF7, STM32MP131DAG7, STM32MP131FAE7, STM32MP131FAF7, STM32MP131FAG7, STM32MP133AAE3, STM32MP133AAF3, STM32MP133AAG3, STM32MP133CAE3, STM32MP133CAF3, STM32MP133CAG3, STM32MP133DAE7, STM32MP133DAF7, STM32MP133DAG7, STM32MP133FAE7, STM32MP133FAF7, STM32MP133FAG7, STM32MP135AAE3, STM32MP135AAF3, STM32MP135AAG3, STM32MP135CAE3, STM32MP135CAF3, STM32MP135CAG3, STM32MP135DAE7, STM32MP135DAF7, STM32MP135DAG7, STM32MP135F-DK, STM32MP135FAE7, STM32MP135FAF7, STM32MP135FAF7T, STM32MP135FAF7U, STM32MP135FAG7, STM32U535CBT6, STM32U535CBT6Q, STM32U535CBU6, STM32U535CBU6Q, STM32U535CCT6, STM32U535CCT6Q, STM32U535CCU6, STM32U535CCU6Q, STM32U535CET6, STM32U535CET6Q, STM32U535CEU6, STM32U535CEU6Q, STM32U535JEY6QTR, STM32U535NCY6QTR, STM32U535NEY6QTR, STM32U535RBI6, STM32U535RBI6Q, STM32U535RBT6, STM32U535RBT6Q, STM32U535RCI6, STM32U535RCI6Q, STM32U535RCT6, STM32U535RCT6Q, STM32U535REI6, STM32U535REI6Q, STM32U535RET6, STM32U535RET6Q, STM32U535VCI6, STM32U535VCI6Q, STM32U535VCT6, STM32U535VCT6Q, STM32U535VEI6, STM32U535VEI6Q, STM32U535VET6, STM32U535VET6Q, STM32U545CET6, STM32U545CET6Q, STM32U545CEU6, STM32U545CEU6Q, STM32U545JEY6QTR, STM32U545NEY6QTR, STM32U545REI6, STM32U545REI6Q, STM32U545RET6, STM32U545RET6Q, STM32U545VEI6, STM32U545VEI6Q, STM32U545VET6, STM32U545VET6Q, STM32U595AIH6, STM32U595AIH6Q, STM32U595AJH6, STM32U595AJH6Q, STM32U595QII6, STM32U595QII6Q, STM32U595QJI6, STM32U595QJI6Q, STM32U595RIT6, STM32U595RIT6Q, STM32U595RJT6, STM32U595RJT6Q, STM32U595VIT6, STM32U595VIT6Q, STM32U595VJT6, STM32U595VJT6Q, STM32U595ZIT6, STM32U595ZIT6Q, STM32U595ZIY6QTR, STM32U595ZJT6, STM32U595ZJT6Q, STM32U595ZJY6QTR, STM32U599BJY6QTR, STM32U599NIH6Q, STM32U599NJH6Q, STM32U599VIT6Q, STM32U599VJT6, STM32U599VJT6Q, STM32U599ZIT6Q, STM32U599ZIY6QTR, STM32U599ZJT6Q, STM32U599ZJY6QTR, STM32U5A5AJH6, STM32U5A5AJH6Q, STM32U5A5QJI6, STM32U5A5QJI6Q, STM32U5A5RJT6, STM32U5A5RJT6Q, STM32U5A5VJT6, STM32U5A5VJT6Q, STM32U5A5ZJT6, STM32U5A5ZJT6Q, STM32U5A5ZJY6QTR, STM32U5A9BJY6QTR, STM32U5A9J-DK, STM32U5A9NJH6Q, STM32U5A9VJT6Q, STM32U5A9ZJT6Q, STM32U5A9ZJY6QTR, STM32U5F7VIT6, STM32U5F7VIT6Q, STM32U5F7VJT6, STM32U5F7VJT6Q, STM32U5F9BJY6QTR, STM32U5F9NJH6Q, STM32U5F9VIT6Q, STM32U5F9VJT6Q, STM32U5F9ZIJ6QTR, STM32U5F9ZIT6Q, STM32U5F9ZJJ6QTR, STM32U5F9ZJT6Q, STM32U5G7VJT6, STM32U5G7VJT6Q, STM32U5G9BJY6QTR, STM32U5G9J-DK1, STM32U5G9J-DK2, STM32U5G9NJH6Q, STM32U5G9VJT6Q, STM32U5G9ZJJ6QTR, STM32U5G9ZJT6Q, STM32WB1MMCH6, STM32WBA52CEU6, STM32WBA52CEU6T, STM32WBA52CGU6, STM32WBA52CGU6T, STM32WBA52KEU6, STM32WBA52KEU6T, STM32WBA52KGU6, STM32WBA52KGU6T, STM32WL5MOCH6, STM32WL5MOCH6TR]
2023-10-22 15:44:57,915 [INFO] DbMcus:217 - Found 3848 MCUs, 3848 are supported
2023-10-22 15:44:57,919 [INFO] ApiDb:423 - Load user favorites file C:\Users\Matus/.stm32cubeide/favorites.mcus.txt: 1 item(s)
2023-10-22 15:44:57,919 [INFO] ApiDb:427 - User favorites MCUs=[STM32F303K8T6]
2023-10-22 15:44:57,919 [INFO] DbMcus:223 - Set 1 / 1 favorites MCUs
2023-10-22 15:44:58,098 [INFO] Mcu:1959 - No CPN specified => set CPN to STM32F303K8T6
2023-10-22 15:44:59,110 [INFO] Context:659 - Trying to add GPIOservice into a context  which must be forbidden
2023-10-22 15:44:59,395 [INFO] Rule:228 - rule 117617 - U5Cobra4M][GTZC] default value MPCBB3 and MPCBB5 - Not Secured memory - MPCBB1 is applicable
2023-10-22 15:44:59,395 [INFO] Rule:228 - rule 117617 - U5Cobra4M][GTZC] default value MPCBB3 and MPCBB5 - Not Secured memory - MPCBB1 is applicable
2023-10-22 15:44:59,396 [INFO] Rule:228 - rule 117617 - U5Cobra4M][GTZC] default value MPCBB3 and MPCBB5 - Not Secured memory - MPCBB2 is applicable
2023-10-22 15:44:59,396 [INFO] Rule:228 - rule 117617 - U5Cobra4M][GTZC] default value MPCBB3 and MPCBB5 - Not Secured memory - MPCBB2 is applicable
2023-10-22 15:44:59,396 [INFO] Rule:228 - rule 117617 - U5Cobra4M][GTZC] default value MPCBB3 and MPCBB5 - Not Secured memory - MPCBB3 is applicable
2023-10-22 15:44:59,396 [INFO] Rule:228 - rule 117617 - U5Cobra4M][GTZC] default value MPCBB3 and MPCBB5 - Not Secured memory - MPCBB3 is applicable
2023-10-22 15:44:59,396 [INFO] Rule:228 - rule 117617 - U5Cobra4M][GTZC] default value MPCBB3 and MPCBB5 - Not Secured memory - MPCBB4 is applicable
2023-10-22 15:44:59,396 [INFO] Rule:228 - rule 117617 - U5Cobra4M][GTZC] default value MPCBB3 and MPCBB5 - Not Secured memory - MPCBB4 is applicable
2023-10-22 15:44:59,396 [INFO] Rule:228 - rule 117617 - U5Cobra4M][GTZC] default value MPCBB3 and MPCBB5 - Secured memory - MPCBB1 is applicable
2023-10-22 15:44:59,396 [INFO] Rule:228 - rule 117617 - U5Cobra4M][GTZC] default value MPCBB3 and MPCBB5 - Secured memory - MPCBB2 is applicable
2023-10-22 15:44:59,396 [INFO] Rule:228 - rule 117617 - U5Cobra4M][GTZC] default value MPCBB3 and MPCBB5 - Secured memory - MPCBB3 is applicable
2023-10-22 15:44:59,396 [INFO] Rule:228 - rule 117617 - U5Cobra4M][GTZC] default value MPCBB3 and MPCBB5 - Secured memory - MPCBB4 is applicable
2023-10-22 15:44:59,396 [INFO] Rule:228 - rule 117617 - U5Cobra4M][GTZC] default value MPCBB3 and MPCBB5 - Privileged memory - MPCBB1 is applicable
2023-10-22 15:44:59,396 [INFO] Rule:228 - rule 117617 - U5Cobra4M][GTZC] default value MPCBB3 and MPCBB5 - Privileged memory - MPCBB2 is applicable
2023-10-22 15:44:59,396 [INFO] Rule:228 - rule 117617 - U5Cobra4M][GTZC] default value MPCBB3 and MPCBB5 - Privileged memory - MPCBB3 is applicable
2023-10-22 15:44:59,396 [INFO] Rule:228 - rule 117617 - U5Cobra4M][GTZC] default value MPCBB3 and MPCBB5 - Privileged memory - MPCBB4 is applicable
2023-10-22 15:44:59,396 [INFO] Rule:228 - rule 117617 - U5Cobra4M][GTZC] default value MPCBB3 and MPCBB5 - Not Privileged memory - MPCBB1 is applicable
2023-10-22 15:44:59,396 [INFO] Rule:228 - rule 117617 - U5Cobra4M][GTZC] default value MPCBB3 and MPCBB5 - Not Privileged memory - MPCBB2 is applicable
2023-10-22 15:44:59,396 [INFO] Rule:228 - rule 117617 - U5Cobra4M][GTZC] default value MPCBB3 and MPCBB5 - Not Privileged memory - MPCBB3 is applicable
2023-10-22 15:44:59,396 [INFO] Rule:228 - rule 117617 - U5Cobra4M][GTZC] default value MPCBB3 and MPCBB5 - Not Privileged memory - MPCBB4 is applicable
2023-10-22 15:44:59,397 [INFO] Rule:228 - rule 117617 - U5Cobra4M][GTZC] default value MPCBB3 and MPCBB5 - Privileged memory - MPCBB1 is applicable
2023-10-22 15:44:59,397 [INFO] Rule:228 - rule 117617 - U5Cobra4M][GTZC] default value MPCBB3 and MPCBB5 - Privileged memory - MPCBB2 is applicable
2023-10-22 15:44:59,397 [INFO] Rule:228 - rule 117617 - U5Cobra4M][GTZC] default value MPCBB3 and MPCBB5 - Privileged memory - MPCBB3 is applicable
2023-10-22 15:44:59,397 [INFO] Rule:228 - rule 117617 - U5Cobra4M][GTZC] default value MPCBB3 and MPCBB5 - Privileged memory - MPCBB4 is applicable
2023-10-22 15:44:59,397 [INFO] Rule:228 - rule 117617 - U5Cobra4M][GTZC] default value MPCBB3 and MPCBB5 - Privileged memory - MPCBB1 is applicable
2023-10-22 15:44:59,397 [INFO] Rule:228 - rule 117617 - U5Cobra4M][GTZC] default value MPCBB3 and MPCBB5 - Privileged memory - MPCBB2 is applicable
2023-10-22 15:44:59,397 [INFO] Rule:228 - rule 117617 - U5Cobra4M][GTZC] default value MPCBB3 and MPCBB5 - Privileged memory - MPCBB3 is applicable
2023-10-22 15:44:59,397 [INFO] Rule:228 - rule 117617 - U5Cobra4M][GTZC] default value MPCBB3 and MPCBB5 - Privileged memory - MPCBB4 is applicable
2023-10-22 15:44:59,397 [INFO] Rule:228 - rule 117617 - U5Cobra4M][GTZC] default value MPCBB3 and MPCBB5 - Not Privileged memory - MPCBB1 is applicable
2023-10-22 15:44:59,397 [INFO] Rule:228 - rule 117617 - U5Cobra4M][GTZC] default value MPCBB3 and MPCBB5 - Not Privileged memory - MPCBB2 is applicable
2023-10-22 15:44:59,397 [INFO] Rule:228 - rule 117617 - U5Cobra4M][GTZC] default value MPCBB3 and MPCBB5 - Not Privileged memory - MPCBB3 is applicable
2023-10-22 15:44:59,397 [INFO] Rule:228 - rule 117617 - U5Cobra4M][GTZC] default value MPCBB3 and MPCBB5 - Not Privileged memory - MPCBB4 is applicable
2023-10-22 15:44:59,397 [INFO] Rule:228 - rule 117617 - U5Cobra4M][GTZC] default value MPCBB3 and MPCBB5 - Privileged memory - MPCBB1 is applicable
2023-10-22 15:44:59,397 [INFO] Rule:228 - rule 117617 - U5Cobra4M][GTZC] default value MPCBB3 and MPCBB5 - Privileged memory - MPCBB2 is applicable
2023-10-22 15:44:59,397 [INFO] Rule:228 - rule 117617 - U5Cobra4M][GTZC] default value MPCBB3 and MPCBB5 - Privileged memory - MPCBB3 is applicable
2023-10-22 15:44:59,397 [INFO] Rule:228 - rule 117617 - U5Cobra4M][GTZC] default value MPCBB3 and MPCBB5 - Privileged memory - MPCBB4 is applicable
2023-10-22 15:44:59,397 [INFO] Rule:228 - rule Rename SubGHz_Phy SUBGHZ_APPLICATION SUBGHZ_PINGPONG to SUBGHZ_ADV_APPLICATION is applicable
2023-10-22 15:44:59,397 [INFO] Rule:228 - rule Rename Enabled to IBEACON is applicable
2023-10-22 15:44:59,397 [INFO] Rule:228 - rule GTZC_S instance for project manager is applicable
2023-10-22 15:44:59,398 [INFO] Rule:228 - rule GTZC_S instance for context M33S is applicable
2023-10-22 15:44:59,398 [INFO] Rule:228 - rule GTZC_S instance value for IP GTZC is applicable
2023-10-22 15:44:59,398 [INFO] Rule:228 - rule GTZC_S instance for mcu.IP is applicable
2023-10-22 15:44:59,398 [INFO] Rule:228 - rule GTZC_S instance for VP is applicable
2023-10-22 15:44:59,398 [INFO] Rule:228 - rule GTZC_S instance for signal is applicable
2023-10-22 15:44:59,398 [INFO] Rule:228 - rule GTZC_S instance for mcu.Pin is applicable
2023-10-22 15:44:59,398 [INFO] Rule:228 - rule GTZC_S instance for VP is applicable
2023-10-22 15:44:59,398 [INFO] Rule:228 - rule GTZC_S instance for signal is applicable
2023-10-22 15:44:59,398 [INFO] Rule:228 - rule GTZC_S instance for mcu is applicable
2023-10-22 15:44:59,398 [INFO] Rule:228 - rule GTZC_S instance for mcu.Pin is applicable
2023-10-22 15:44:59,398 [INFO] Rule:228 - rule GTZC_S instance value for IP GTZC is applicable
2023-10-22 15:44:59,398 [INFO] Rule:228 - rule GTZC_S instance for project manager is applicable
2023-10-22 15:44:59,398 [INFO] Rule:228 - rule GTZC_S instance for context M33S is applicable
2023-10-22 15:44:59,398 [INFO] Rule:228 - rule GTZC_S instance for VP is applicable
2023-10-22 15:44:59,398 [INFO] Rule:228 - rule GTZC_S instance for signal is applicable
2023-10-22 15:44:59,398 [INFO] Rule:228 - rule ADC Scan  fix with FW F7 is applicable
2023-10-22 15:44:59,398 [INFO] Rule:228 - rule ADC Scan  fix with FW F7 is applicable
2023-10-22 15:44:59,398 [INFO] Rule:228 - rule WakeUp0 Mode is applicable
2023-10-22 15:44:59,399 [INFO] Rule:228 - rule WakeUp0 SIGNAL is applicable
2023-10-22 15:44:59,399 [INFO] Rule:228 - rule WakeUp1 Mode is applicable
2023-10-22 15:44:59,399 [INFO] Rule:228 - rule WakeUp1 SIGNAL is applicable
2023-10-22 15:44:59,399 [INFO] Rule:228 - rule WakeUp2 Mode is applicable
2023-10-22 15:44:59,399 [INFO] Rule:228 - rule WakeUp2 SIGNAL is applicable
2023-10-22 15:44:59,399 [INFO] Rule:228 - rule WakeUp4 Mode is applicable
2023-10-22 15:44:59,399 [INFO] Rule:228 - rule WakeUp4 SIGNAL is applicable
2023-10-22 15:44:59,399 [INFO] Rule:228 - rule WakeUp5 Mode is applicable
2023-10-22 15:44:59,399 [INFO] Rule:228 - rule WakeUp5 SIGNAL is applicable
2023-10-22 15:44:59,399 [INFO] Rule:228 - rule Change Default Value for LSE Drive Capability for WB family is applicable
2023-10-22 15:44:59,399 [INFO] Rule:228 - rule Change Default Value for ADC Clock Prescaler G0 family is applicable
2023-10-22 15:44:59,399 [INFO] Rule:228 - rule align RCC SDMMC3CLockSelection default value on MP1 is applicable
2023-10-22 15:44:59,399 [INFO] Rule:228 - rule align RCC SDMMC12CLockSelection default value on MP1 is applicable
2023-10-22 15:44:59,399 [INFO] Rule:228 - rule align RCC QSPICLockSelection default value on MP1 is applicable
2023-10-22 15:44:59,399 [INFO] Rule:228 - rule align RCC QSPICLockSelection default value on MP1 is applicable
2023-10-22 15:44:59,400 [INFO] Rule:228 - rule align RCC SPI6CLockSelection default value on MP1 is applicable
2023-10-22 15:44:59,400 [INFO] Rule:228 - rule align RCC LPTIM23CLockSelection default value on MP1 is applicable
2023-10-22 15:44:59,400 [INFO] Rule:228 - rule align RCC LPTIM1CLockSelection default value on MP1 is applicable
2023-10-22 15:44:59,400 [INFO] Rule:228 - rule align RCC USART1CLockSelection default value on MP1 is applicable
2023-10-22 15:44:59,400 [INFO] Rule:228 - rule align RCC USART24CLockSelection default value on MP1 is applicable
2023-10-22 15:44:59,400 [INFO] Rule:228 - rule align RCC USART6CLockSelection default value on MP1 is applicable
2023-10-22 15:44:59,400 [INFO] Rule:228 - rule align RCC UART78CLockSelection default value on MP1 is applicable
2023-10-22 15:44:59,400 [INFO] Rule:228 - rule align RCC USART35CLockSelection default value on MP1 is applicable
2023-10-22 15:44:59,400 [INFO] Rule:228 - rule align RCC SPI45CLockSelection default value on MP1 is applicable
2023-10-22 15:44:59,400 [INFO] Rule:228 - rule align RCC I2C46CLockSelection BCLK value on MP1 is applicable
2023-10-22 15:44:59,400 [INFO] Rule:228 - rule align RCC SPI45CLockSelection default value on MP1 is applicable
2023-10-22 15:44:59,400 [INFO] Rule:228 - rule align RCC I2C12CLockSelection default value on MP1 is applicable
2023-10-22 15:44:59,400 [INFO] Rule:228 - rule align RCC I2C35CLockSelection default value on MP1 is applicable
2023-10-22 15:44:59,400 [INFO] Rule:228 - rule align RCC LPTIM45CLockSelection default value on MP1 is applicable
2023-10-22 15:44:59,400 [INFO] Rule:228 - rule Rename DCMI PIXCK signal is applicable
2023-10-22 15:44:59,400 [INFO] Rule:228 - rule Change Default Value for I2C46CLockSelection MP1 family is applicable
2023-10-22 15:44:59,400 [INFO] Rule:228 - rule Change Default Value for UART for G4, G0 and WB families is applicable
2023-10-22 15:44:59,400 [INFO] Rule:228 - rule Change Default Value for USART for G4, G0 and WB families is applicable
2023-10-22 15:44:59,400 [INFO] Rule:228 - rule Change Default Value for USART for G4 family is applicable
2023-10-22 15:44:59,400 [INFO] Rule:228 - rule Change USART1CLockSelection refparam name for MP1 is applicable
2023-10-22 15:44:59,400 [INFO] Rule:228 - rule Change USART2CLockSelection refparam name for MP1 is applicable
2023-10-22 15:44:59,400 [INFO] Rule:228 - rule Change USART3CLockSelection refparam name for MP1 is applicable
2023-10-22 15:44:59,401 [INFO] Rule:228 - rule Change UART4CLockSelection refparam name for MP1 is applicable
2023-10-22 15:44:59,401 [INFO] Rule:228 - rule Change UART5CLockSelection refparam name for MP1 is applicable
2023-10-22 15:44:59,401 [INFO] Rule:228 - rule Change LPUART1CLockSelection refparam name for MP1 is applicable
2023-10-22 15:44:59,401 [INFO] Rule:228 - rule Change LPTIM1CLockSelection refparam name for MP1 is applicable
2023-10-22 15:44:59,401 [INFO] Rule:228 - rule Change LPTIM2CLockSelection refparam name for MP1 is applicable
2023-10-22 15:44:59,401 [INFO] Rule:228 - rule Change RCC_MCO1Source refparam name for MP1 is applicable
2023-10-22 15:44:59,401 [INFO] Rule:228 - rule Change LSCOSource1 refparam name for MP1 is applicable
2023-10-22 15:44:59,401 [INFO] Rule:228 - rule Change SMPSCLockSelection refparam name for MP1 is applicable
2023-10-22 15:44:59,401 [INFO] Rule:228 - rule Change LPTIM3CLockSelection refparam name for MP1 is applicable
2023-10-22 15:44:59,401 [INFO] Rule:228 - rule Change MPCBB* Default Template Mode to Parameters is applicable
2023-10-22 15:44:59,401 [INFO] Rule:228 - rule Change MPCWM* or MPCBB* Secure Mode to Parameters is applicable
2023-10-22 15:44:59,401 [INFO] Rule:228 - rule Change MPCWM* or MPCBB* No Secure Mode to Parameters is applicable
2023-10-22 15:44:59,401 [INFO] Rule:228 - rule Change TZSC IP Secure Mode to Parameters is applicable
2023-10-22 15:44:59,401 [INFO] Rule:228 - rule Change TZSC IP No Secure Mode to Parameters is applicable
2023-10-22 15:44:59,401 [INFO] Rule:228 - rule Change TZSC IP Privilege Mode to Parameters is applicable
2023-10-22 15:44:59,401 [INFO] Rule:228 - rule Change TZSC IP No Privilege Mode to Parameters is applicable
2023-10-22 15:44:59,401 [INFO] Rule:228 - rule Change TZIC IT Secure Mode to Parameters is applicable
2023-10-22 15:44:59,401 [INFO] Rule:228 - rule Change TZIC IT No Secure Mode to Parameters is applicable
2023-10-22 15:44:59,402 [INFO] Rule:228 - rule Add MPCBB1_NonSecureArea_Start_Address value with referenced to MPCBB1_NonSecureArea_Start value is applicable
2023-10-22 15:44:59,402 [INFO] Rule:228 - rule Add MPCBB2_NonSecureArea_Start_Address value with referenced to MPCBB2_NonSecureArea_Start value is applicable
2023-10-22 15:44:59,402 [INFO] Rule:228 - rule Add MPCWM1_NonSecureArea*_Start_Address value with referenced to MPCWM1_NonSecureArea*_Start value is applicable
2023-10-22 15:44:59,402 [INFO] Rule:228 - rule Add MPCWM2_NonSecureArea*_Start_Address value with referenced to MPCWM2_NonSecureArea*_Start value is applicable
2023-10-22 15:44:59,402 [INFO] Rule:228 - rule Add MPCWM3_NonSecureArea_Start_Address value with referenced to MPCWM3_NonSecureArea_Start value is applicable
2023-10-22 15:44:59,402 [INFO] Rule:228 - rule Change Default Value for PLL1UserDefinedConfig is applicable
2023-10-22 15:44:59,402 [INFO] Rule:228 - rule OPAMP is applicable
2023-10-22 15:44:59,402 [INFO] Rule:228 - rule LPUART IPParameter rename Prescaler parameter to ClockPrescaler for STM32H7 is applicable
2023-10-22 15:44:59,402 [INFO] Rule:228 - rule LPUART IPParameter rename Prescaler parameter to ClockPrescaler for STM32H7 is applicable
2023-10-22 15:44:59,402 [INFO] Rule:228 - rule LPUART IPParameter rename Prescaler parameter to ClockPrescaler for STM32WB is applicable
2023-10-22 15:44:59,402 [INFO] Rule:228 - rule LPUART IPParameter rename Prescaler parameter to ClockPrescaler for STM32WB is applicable
2023-10-22 15:44:59,402 [INFO] Rule:228 - rule LPUART IPParameter rename Prescaler parameter to ClockPrescaler for STM32G4 is applicable
2023-10-22 15:44:59,402 [INFO] Rule:228 - rule LPUART IPParameter rename Prescaler parameter to ClockPrescaler for STM32G4 is applicable
2023-10-22 15:44:59,402 [INFO] Rule:228 - rule LPUART IPParameter rename Prescaler parameter to ClockPrescaler for STM32L5 is applicable
2023-10-22 15:44:59,402 [INFO] Rule:228 - rule LPUART IPParameter rename Prescaler parameter to ClockPrescaler for STM32L5 is applicable
2023-10-22 15:44:59,402 [INFO] Rule:228 - rule LPUART IPParameter rename Prescaler parameter to ClockPrescaler for STM32G4 is applicable
2023-10-22 15:44:59,402 [INFO] Rule:228 - rule LPUART IPParameter rename Prescaler parameter to ClockPrescaler for STM32G4 is applicable
2023-10-22 15:44:59,402 [INFO] Rule:228 - rule USB device lib V2.5.3 for L0 rename USBD_SUPPORT_USER_STRING parameter to USBD_SUPPORT_USER_STRING_DESC4 is applicable
2023-10-22 15:44:59,402 [INFO] Rule:228 - rule I2SCLockSelection clock entry align is applicable
2023-10-22 15:44:59,402 [INFO] Rule:228 - rule Assign TIMx context if used as SYS timebase is applicable
2023-10-22 15:44:59,402 [INFO] Rule:228 - rule Change GPIO_Pu Default Value for I2C is applicable
2023-10-22 15:44:59,402 [INFO] Rule:228 - rule Change GPIO_Pu Default Value for SMBus is applicable
2023-10-22 15:44:59,402 [INFO] Rule:228 - rule change FDCAN default value is applicable
2023-10-22 15:44:59,402 [INFO] Rule:228 - rule Change mode sai is applicable
2023-10-22 15:44:59,403 [INFO] Rule:228 - rule **Change sai mode is applicable
2023-10-22 15:44:59,406 [INFO] DbConfProperties:307 - Apply Compatibility (3/137 Rules)
2023-10-22 15:44:59,645 [INFO] RtosManager:555 - Registered RTOS mode: class=CMSIS, group=RTOS, mode=CMSIS_V1, owner=FREERTOS
2023-10-22 15:44:59,645 [INFO] RtosManager:555 - Registered RTOS mode: class=CMSIS, group=RTOS2, mode=CMSIS_V2, owner=FREERTOS
2023-10-22 15:44:59,645 [INFO] RtosManager:555 - Registered RTOS mode: class=RTOS, group=Core, mode=CMSIS_V1, owner=FREERTOS
2023-10-22 15:44:59,645 [INFO] RtosManager:555 - Registered RTOS mode: class=RTOS, group=Core, mode=CMSIS_V2, owner=FREERTOS
2023-10-22 15:44:59,645 [WARN] ModelIntegratedComponent:184 - Missing modes for component STMicroelectronics:FreeRTOS:0.0.1:STMicroelectronics:RTOS:FreeRTOS:Core:::10.2.0:
2023-10-22 15:44:59,657 [WARN] ModelIntegratedComponent:63 - No mode defined for component null
2023-10-22 15:44:59,657 [WARN] ModelIntegratedComponent:63 - No mode defined for component null
2023-10-22 15:44:59,657 [WARN] ModelIntegratedComponent:63 - No mode defined for component null
2023-10-22 15:44:59,657 [WARN] ModelIntegratedComponent:63 - No mode defined for component null
2023-10-22 15:44:59,657 [WARN] ModelIntegratedComponent:63 - No mode defined for component null
2023-10-22 15:44:59,657 [WARN] ModelIntegratedComponent:63 - No mode defined for component null
2023-10-22 15:44:59,657 [WARN] ModelIntegratedComponent:63 - No mode defined for component null
2023-10-22 15:44:59,657 [WARN] ModelIntegratedComponent:63 - No mode defined for component null
2023-10-22 15:44:59,657 [WARN] ModelIntegratedComponent:63 - No mode defined for component null
2023-10-22 15:44:59,657 [WARN] ModelIntegratedComponent:63 - No mode defined for component null
2023-10-22 15:44:59,657 [WARN] ModelIntegratedComponent:63 - No mode defined for component null
2023-10-22 15:44:59,657 [WARN] ModelIntegratedComponent:63 - No mode defined for component null
2023-10-22 15:44:59,657 [WARN] ModelIntegratedComponent:63 - No mode defined for component null
2023-10-22 15:44:59,658 [WARN] ModelIntegratedComponent:63 - No mode defined for component null
2023-10-22 15:44:59,658 [WARN] ModelIntegratedComponent:63 - No mode defined for component null
2023-10-22 15:44:59,658 [WARN] ModelIntegratedComponent:63 - No mode defined for component null
2023-10-22 15:44:59,658 [WARN] ModelIntegratedComponent:63 - No mode defined for component null
2023-10-22 15:44:59,658 [WARN] ModelIntegratedComponent:63 - No mode defined for component null
2023-10-22 15:44:59,658 [WARN] ModelIntegratedComponent:63 - No mode defined for component null
2023-10-22 15:44:59,658 [WARN] ModelIntegratedComponent:63 - No mode defined for component null
2023-10-22 15:44:59,658 [WARN] ModelIntegratedComponent:63 - No mode defined for component null
2023-10-22 15:44:59,658 [WARN] ModelIntegratedComponent:63 - No mode defined for component null
2023-10-22 15:44:59,658 [WARN] ModelIntegratedComponent:63 - No mode defined for component null
2023-10-22 15:44:59,658 [WARN] ModelIntegratedComponent:63 - No mode defined for component null
2023-10-22 15:44:59,658 [WARN] ModelIntegratedComponent:63 - No mode defined for component null
2023-10-22 15:44:59,658 [WARN] ModelIntegratedComponent:63 - No mode defined for component null
2023-10-22 15:44:59,658 [WARN] ModelIntegratedComponent:63 - No mode defined for component null
2023-10-22 15:44:59,658 [WARN] ModelIntegratedComponent:63 - No mode defined for component null
2023-10-22 15:44:59,658 [WARN] ModelIntegratedComponent:63 - No mode defined for component null
2023-10-22 15:44:59,658 [WARN] ModelIntegratedComponent:63 - No mode defined for component null
2023-10-22 15:44:59,659 [WARN] ModelIntegratedComponent:63 - No mode defined for component null
2023-10-22 15:44:59,659 [WARN] ModelIntegratedComponent:63 - No mode defined for component null
2023-10-22 15:44:59,659 [WARN] ModelIntegratedComponent:63 - No mode defined for component null
2023-10-22 15:44:59,740 [INFO] ThirdPartyModel:298 - Start build external matchings
2023-10-22 15:45:00,173 [INFO] ThirdPartyModel:316 - End build external matchings
2023-10-22 15:45:00,189 [INFO] ImportTextPane:194 - (OptionalMessage_ERROR) IP (DMA) : Parameter (Instance) has Id (USART2_RX) currently not set
2023-10-22 15:45:00,189 [INFO] ImportTextPane:194 - (OptionalMessage_ERROR) IP (DMA) : Parameter (Direction) has Id (USART2_RX) currently not set
2023-10-22 15:45:00,189 [INFO] ImportTextPane:194 - (OptionalMessage_ERROR) IP (DMA) : Parameter (PeriphInc) has Id (USART2_RX) currently not set
2023-10-22 15:45:00,190 [INFO] ImportTextPane:194 - (OptionalMessage_ERROR) IP (DMA) : Parameter (MemInc) has Id (USART2_RX) currently not set
2023-10-22 15:45:00,190 [INFO] ImportTextPane:194 - (OptionalMessage_ERROR) IP (DMA) : Parameter (PeriphDataAlignment) has Id (USART2_RX) currently not set
2023-10-22 15:45:00,190 [INFO] ImportTextPane:194 - (OptionalMessage_ERROR) IP (DMA) : Parameter (MemDataAlignment) has Id (USART2_RX) currently not set
2023-10-22 15:45:00,190 [INFO] ImportTextPane:194 - (OptionalMessage_ERROR) IP (DMA) : Parameter (Mode) has Id (USART2_RX) currently not set
2023-10-22 15:45:00,190 [INFO] ImportTextPane:194 - (OptionalMessage_ERROR) IP (DMA) : Parameter (Priority) has Id (USART2_RX) currently not set
2023-10-22 15:45:00,190 [INFO] ImportTextPane:194 - (OptionalMessage_ERROR) IP (DMA) : Parameter (Instance) has Id (USART2_TX) currently not set
2023-10-22 15:45:00,190 [INFO] ImportTextPane:194 - (OptionalMessage_ERROR) IP (DMA) : Parameter (Direction) has Id (USART2_TX) currently not set
2023-10-22 15:45:00,190 [INFO] ImportTextPane:194 - (OptionalMessage_ERROR) IP (DMA) : Parameter (PeriphInc) has Id (USART2_TX) currently not set
2023-10-22 15:45:00,190 [INFO] ImportTextPane:194 - (OptionalMessage_ERROR) IP (DMA) : Parameter (MemInc) has Id (USART2_TX) currently not set
2023-10-22 15:45:00,190 [INFO] ImportTextPane:194 - (OptionalMessage_ERROR) IP (DMA) : Parameter (PeriphDataAlignment) has Id (USART2_TX) currently not set
2023-10-22 15:45:00,190 [INFO] ImportTextPane:194 - (OptionalMessage_ERROR) IP (DMA) : Parameter (MemDataAlignment) has Id (USART2_TX) currently not set
2023-10-22 15:45:00,190 [INFO] ImportTextPane:194 - (OptionalMessage_ERROR) IP (DMA) : Parameter (Mode) has Id (USART2_TX) currently not set
2023-10-22 15:45:00,190 [INFO] ImportTextPane:194 - (OptionalMessage_ERROR) IP (DMA) : Parameter (Priority) has Id (USART2_TX) currently not set
2023-10-22 15:45:00,391 [INFO] UtilMem:75 - End LoadConfig() Used Memory: 185559200 Bytes (618659840)
2023-10-22 15:45:00,499 [WARN] ThirdParty:833 - waiting for thirdparty lock release [change project]
2023-10-22 15:45:00,499 [INFO] ThirdParty:835 - entering critical section [change project]
2023-10-22 15:45:00,500 [INFO] ThirdParty:1030 - CMSIS Pack Vendor :STMicroelectronics X-CUBE-ISPU 1.1.0
2023-10-22 15:45:00,500 [INFO] ThirdParty:1030 - CMSIS Pack Vendor :STMicroelectronics USBPD 4.1
2023-10-22 15:45:00,500 [INFO] ThirdParty:1030 - CMSIS Pack Vendor :STMicroelectronics X-CUBE-GNSS1 6.0.0
2023-10-22 15:45:00,500 [INFO] ThirdParty:1030 - CMSIS Pack Vendor :STMicroelectronics USB_HOST 2.0.0
2023-10-22 15:45:00,500 [INFO] ThirdParty:1030 - CMSIS Pack Vendor :STMicroelectronics X-CUBE-AZRTOS-F4 1.1.0
2023-10-22 15:45:00,500 [INFO] ThirdParty:1030 - CMSIS Pack Vendor :STMicroelectronics LIBJPEG 8.0.0
2023-10-22 15:45:00,500 [INFO] ThirdParty:1030 - CMSIS Pack Vendor :wolfSSL I-CUBE-wolfSSL 5.6.3
2023-10-22 15:45:00,500 [INFO] ThirdParty:1030 - CMSIS Pack Vendor :STMicroelectronics X-CUBE-SMBUS 2.1.0
2023-10-22 15:45:00,500 [INFO] ThirdParty:1030 - CMSIS Pack Vendor :STMicroelectronics USB_DEVICE 3.0.0
2023-10-22 15:45:00,500 [INFO] ThirdParty:1030 - CMSIS Pack Vendor :STMicroelectronics X-CUBE-AZRTOS-WB 2.0.0
2023-10-22 15:45:00,500 [INFO] ThirdParty:1030 - CMSIS Pack Vendor :STMicroelectronics X-CUBE-AZRTOS-F7 1.1.0
2023-10-22 15:45:00,500 [INFO] ThirdParty:1030 - CMSIS Pack Vendor :STMicroelectronics X-CUBE-AZRTOS-L5 2.0.0
2023-10-22 15:45:00,500 [INFO] ThirdParty:1030 - CMSIS Pack Vendor :STMicroelectronics USB_DEVICE 2.0.0
2023-10-22 15:45:00,500 [INFO] ThirdParty:1030 - CMSIS Pack Vendor :STMicroelectronics X-CUBE-MEMS1 9.6.0
2023-10-22 15:45:00,500 [INFO] ThirdParty:1030 - CMSIS Pack Vendor :ITTIA_DB I-CUBE-ITTIADB 8.8.0
2023-10-22 15:45:00,500 [INFO] ThirdParty:1030 - CMSIS Pack Vendor :STMicroelectronics FP-SNS-MOTENV1 4.3.2
2023-10-22 15:45:00,500 [INFO] ThirdParty:1030 - CMSIS Pack Vendor :STMicroelectronics X-CUBE-ALGOBUILD 1.3.0
2023-10-22 15:45:00,500 [INFO] ThirdParty:1030 - CMSIS Pack Vendor :STMicroelectronics FreeRTOS 0.0.1
2023-10-22 15:45:00,500 [INFO] ThirdParty:1030 - CMSIS Pack Vendor :STMicroelectronics X-CUBE-AZRTOS-G0 1.1.0
2023-10-22 15:45:00,500 [INFO] ThirdParty:1030 - CMSIS Pack Vendor :STMicroelectronics X-CUBE-BLEMGR 2.0.0
2023-10-22 15:45:00,500 [INFO] ThirdParty:1030 - CMSIS Pack Vendor :STMicroelectronics X-CUBE-NFC4 3.0.0
2023-10-22 15:45:00,500 [INFO] ThirdParty:1030 - CMSIS Pack Vendor :STMicroelectronics X-CUBE-SUBG2 5.0.0
2023-10-22 15:45:00,500 [INFO] ThirdParty:1030 - CMSIS Pack Vendor :STMicroelectronics STM32_WPAN 1.0.0
2023-10-22 15:45:00,500 [INFO] ThirdParty:1030 - CMSIS Pack Vendor :STMicroelectronics lwIP 2.0.3
2023-10-22 15:45:00,500 [INFO] ThirdParty:1030 - CMSIS Pack Vendor :STMicroelectronics FP-SNS-FLIGHT1 5.0.2
2023-10-22 15:45:00,500 [INFO] ThirdParty:1030 - CMSIS Pack Vendor :STMicroelectronics USB_HOST 1.0.0
2023-10-22 15:45:00,500 [INFO] ThirdParty:1030 - CMSIS Pack Vendor :STMicroelectronics X-CUBE-TOF1 3.3.1
2023-10-22 15:45:00,500 [INFO] ThirdParty:1030 - CMSIS Pack Vendor :STMicroelectronics X-CUBE-AZRTOS-G4 2.0.0
2023-10-22 15:45:00,500 [INFO] ThirdParty:1030 - CMSIS Pack Vendor :STMicroelectronics PDM2PCM 3.1.0
2023-10-22 15:45:00,500 [INFO] ThirdParty:1030 - CMSIS Pack Vendor :STMicroelectronics X-CUBE-AZRTOS-H7 3.1.0
2023-10-22 15:45:00,500 [INFO] ThirdParty:1030 - CMSIS Pack Vendor :Infineon AIROC-Wi-Fi-Bluetooth-STM32 1.5.1
2023-10-22 15:45:00,500 [INFO] ThirdParty:1030 - CMSIS Pack Vendor :STMicroelectronics PDM2PCM 3.3.0
2023-10-22 15:45:00,501 [INFO] ThirdParty:1030 - CMSIS Pack Vendor :STMicroelectronics X-CUBE-DISPLAY 3.0.0
2023-10-22 15:45:00,501 [INFO] ThirdParty:1030 - CMSIS Pack Vendor :STMicroelectronics X-CUBE-BLE1 7.0.0
2023-10-22 15:45:00,501 [INFO] ThirdParty:1030 - CMSIS Pack Vendor :STMicroelectronics FP-ATR-SIGFOX1 3.2.0
2023-10-22 15:45:00,501 [INFO] ThirdParty:1030 - CMSIS Pack Vendor :STMicroelectronics HAL Drivers 0.0.0
2023-10-22 15:45:00,501 [INFO] ThirdParty:1030 - CMSIS Pack Vendor :STMicroelectronics MBEDTLS 2.16.2
2023-10-22 15:45:00,501 [INFO] ThirdParty:1030 - CMSIS Pack Vendor :emotas I-CUBE-CANOPEN 1.3.0
2023-10-22 15:45:00,501 [INFO] ThirdParty:1030 - CMSIS Pack Vendor :STMicroelectronics X-CUBE-MEMS1 10.0.0
2023-10-22 15:45:00,501 [INFO] ThirdParty:1030 - CMSIS Pack Vendor :STMicroelectronics X-CUBE-FREERTOS 1.1.0
2023-10-22 15:45:00,501 [INFO] ThirdParty:1030 - CMSIS Pack Vendor :STMicroelectronics X-CUBE-TOUCHGFX 4.22.0
2023-10-22 15:45:00,501 [INFO] ThirdParty:1030 - CMSIS Pack Vendor :STMicroelectronics X-CUBE-NFC7 1.0.1
2023-10-22 15:45:00,501 [INFO] ThirdParty:1030 - CMSIS Pack Vendor :STMicroelectronics MBEDTLS 2.14.1
2023-10-22 15:45:00,501 [INFO] ThirdParty:1030 - CMSIS Pack Vendor :STMicroelectronics X-CUBE-TOUCHGFX 4.22.1
2023-10-22 15:45:00,501 [INFO] ThirdParty:1030 - CMSIS Pack Vendor :STMicroelectronics X-CUBE-NFC6 3.0.0
2023-10-22 15:45:00,501 [INFO] ThirdParty:1030 - CMSIS Pack Vendor :STMicroelectronics X-CUBE-EEPRMA1 4.1.0
2023-10-22 15:45:00,501 [INFO] ThirdParty:1030 - CMSIS Pack Vendor :portGmbH I-Cube-SoM-uGOAL 1.1.0
2023-10-22 15:45:00,501 [INFO] ThirdParty:1030 - CMSIS Pack Vendor :STMicroelectronics X-CUBE-ALS 1.0.1
2023-10-22 15:45:00,501 [INFO] ThirdParty:1030 - CMSIS Pack Vendor :STMicroelectronics ThreadX 1.0.0
2023-10-22 15:45:00,502 [INFO] ThirdParty:1030 - CMSIS Pack Vendor :STMicroelectronics FP-SNS-SMARTAG2 1.2.0
2023-10-22 15:45:00,502 [INFO] ThirdParty:1030 - CMSIS Pack Vendor :STMicroelectronics X-CUBE-AZRTOS-WL 2.0.0
2023-10-22 15:45:00,502 [INFO] ThirdParty:1030 - CMSIS Pack Vendor :SEGGER I-CUBE-embOS 1.3.1
2023-10-22 15:45:00,502 [INFO] ThirdParty:1030 - CMSIS Pack Vendor :STMicroelectronics USB_DEVICE 1.0.0
2023-10-22 15:45:00,502 [INFO] ThirdParty:1030 - CMSIS Pack Vendor :STMicroelectronics X-CUBE-AI 8.1.0
2023-10-22 15:45:00,502 [INFO] ThirdParty:1030 - CMSIS Pack Vendor :STMicroelectronics X-CUBE-AZRTOS-L4 2.0.0
2023-10-22 15:45:00,502 [INFO] ThirdParty:1030 - CMSIS Pack Vendor :STMicroelectronics ThreadX 0.0.2
2023-10-22 15:45:00,502 [INFO] ThirdParty:1030 - CMSIS Pack Vendor :WES I-CUBE-Cesium 1.3.0
2023-10-22 15:45:00,502 [INFO] ThirdParty:1030 - CMSIS Pack Vendor :STMicroelectronics FP-ATR-ASTRA1 2.0.0
2023-10-22 15:45:00,502 [INFO] ThirdParty:1030 - CMSIS Pack Vendor :STMicroelectronics lwIP 2.1.2
2023-10-22 15:45:00,502 [INFO] ThirdParty:1030 - CMSIS Pack Vendor :STMicroelectronics X-CUBE-SFXS2LP1 4.0.0
2023-10-22 15:45:00,502 [INFO] ThirdParty:1030 - CMSIS Pack Vendor :STMicroelectronics X-CUBE-BLE2 3.3.0
2023-10-22 15:45:00,502 [INFO] ThirdParty:1030 - CMSIS Pack Vendor :STMicroelectronics PDM2PCM 3.2.0
2023-10-22 15:45:00,502 [INFO] ThirdParty:841 - exiting critical section [change project]
2023-10-22 15:45:00,749 [INFO] PinOutPanel:1499 - setPackage(No Configuration,No Configuration)
2023-10-22 15:45:00,750 [INFO] PinOutPanel:1499 - setPackage(STM32F303K8Tx,LQFP32)
2023-10-22 15:45:01,636 [INFO] UtilMem:75 - Before build in PCC Used Memory: 269160080 Bytes (618659840)
2023-10-22 15:45:02,555 [INFO] UtilMem:75 - After build in PCC Used Memory: 335758256 Bytes (618659840)
2023-10-22 15:45:02,586 [INFO] IPUIPlugin:80 - create IPUIPlugin
2023-10-22 15:45:02,587 [INFO] IPUIPlugin:80 - create IPUIPlugin
2023-10-22 15:45:02,587 [INFO] IPUIPlugin:80 - create IPUIPlugin
2023-10-22 15:45:02,587 [INFO] IPUIPlugin:80 - create IPUIPlugin
2023-10-22 15:45:02,587 [INFO] IPUIPlugin:80 - create IPUIPlugin
2023-10-22 15:45:02,587 [INFO] IPUIPlugin:80 - create IPUIPlugin
2023-10-22 15:45:02,587 [INFO] IPUIPlugin:80 - create IPUIPlugin
2023-10-22 15:45:02,587 [INFO] IPUIPlugin:80 - create IPUIPlugin
2023-10-22 15:45:02,587 [INFO] IPUIPlugin:80 - create IPUIPlugin
2023-10-22 15:45:02,587 [INFO] IPUIPlugin:80 - create IPUIPlugin
2023-10-22 15:45:02,588 [INFO] IPUIPlugin:80 - create IPUIPlugin
2023-10-22 15:45:02,588 [INFO] IPUIPlugin:80 - create IPUIPlugin
2023-10-22 15:45:02,588 [INFO] IPUIPlugin:80 - create IPUIPlugin
2023-10-22 15:45:02,588 [INFO] IPUIPlugin:80 - create IPUIPlugin
2023-10-22 15:45:02,588 [INFO] IPUIPlugin:80 - create IPUIPlugin
2023-10-22 15:45:02,588 [INFO] IPUIPlugin:80 - create IPUIPlugin
2023-10-22 15:45:02,588 [INFO] IPUIPlugin:80 - create IPUIPlugin
2023-10-22 15:45:02,588 [INFO] IPUIPlugin:80 - create IPUIPlugin
2023-10-22 15:45:02,589 [INFO] IPUIPlugin:80 - create IPUIPlugin
2023-10-22 15:45:02,589 [INFO] IPUIPlugin:80 - create IPUIPlugin
2023-10-22 15:45:02,589 [INFO] IPUIPlugin:80 - create IPUIPlugin
2023-10-22 15:45:02,589 [INFO] IPUIPlugin:80 - create IPUIPlugin
2023-10-22 15:45:02,589 [INFO] IPUIPlugin:80 - create IPUIPlugin
2023-10-22 15:45:02,590 [INFO] IPUIPlugin:80 - create IPUIPlugin
2023-10-22 15:45:02,590 [INFO] IPUIPlugin:80 - create IPUIPlugin
2023-10-22 15:45:02,590 [INFO] IPUIPlugin:80 - create IPUIPlugin
2023-10-22 15:45:02,590 [INFO] IPUIPlugin:80 - create IPUIPlugin
2023-10-22 15:45:02,590 [INFO] IPUIPlugin:80 - create IPUIPlugin
2023-10-22 15:45:02,591 [INFO] IPUIPlugin:80 - create IPUIPlugin
2023-10-22 15:45:02,591 [INFO] IPUIPlugin:80 - create IPUIPlugin
2023-10-22 15:45:02,591 [INFO] IPUIPlugin:80 - create IPUIPlugin
2023-10-22 15:45:02,591 [INFO] IPUIPlugin:80 - create IPUIPlugin
2023-10-22 15:45:02,592 [INFO] IPUIPlugin:80 - create IPUIPlugin
2023-10-22 15:45:02,592 [INFO] IPUIPlugin:80 - create IPUIPlugin
2023-10-22 15:45:02,867 [INFO] CADModel:165 - CPN selected for project levelSTM32F303K8T6
2023-10-22 15:45:02,868 [INFO] CADModel:114 - Register for checkConnection events
2023-10-22 15:45:02,931 [INFO] OpenFileManager:328 - Restore cursor
2023-10-22 15:45:12,117 [INFO] DmaTabbedPanel:205 - Cannot restore the selected Tab for DMA
2023-10-22 15:46:03,900 [INFO] UtilMem:75 - End SaveConfig() Used Memory: 247273408 Bytes (702545920)
2023-10-22 15:46:03,951 [INFO] UtilMem:75 - End SaveConfig() Used Memory: 262475712 Bytes (702545920)
2023-10-22 15:46:04,104 [INFO] UtilMem:75 - End SaveConfig() Used Memory: 282398656 Bytes (702545920)
2023-10-22 15:46:04,455 [INFO] BlockDiagram:2759 - set Specific Code input for plugin: NVIC
2023-10-22 15:46:04,455 [INFO] BlockDiagram:2759 - set Specific Code input for plugin: USART
2023-10-22 15:46:04,455 [INFO] BlockDiagram:2759 - set Specific Code input for plugin: DMA
2023-10-22 15:46:04,455 [INFO] BlockDiagram:2759 - set Specific Code input for plugin: SYS
2023-10-22 15:46:04,456 [INFO] BlockDiagram:2759 - set Specific Code input for plugin: GPIO
2023-10-22 15:46:04,456 [INFO] BlockDiagram:2759 - set Specific Code input for plugin: RCC
2023-10-22 15:46:04,457 [INFO] CodeGenerator:799 - code generatio: config db path: C:\ST\STM32CubeIDE_1.13.2\STM32CubeIDE\plugins\com.st.stm32cube.common.mx_6.9.2.202309101412\\db\
2023-10-22 15:46:04,671 [INFO] CodeEngine:255 - oldGeneratedFile, C:\Users\Matus\Desktop\FEI\semester_7\semester7\VRS\vrs_cvicenie_4\MXTmpFiles\license.tmp_save
2023-10-22 15:46:04,978 [INFO] CodeEngine:279 - Generated code: C:\Users\Matus\Desktop\FEI\semester_7\semester7\VRS\vrs_cvicenie_4\MXTmpFiles\license.tmp
2023-10-22 15:46:05,138 [INFO] CodeEngine:255 - oldGeneratedFile, C:\Users\Matus\Desktop\FEI\semester_7\semester7\VRS\vrs_cvicenie_4\Src\gpio.c_save
2023-10-22 15:46:05,292 [INFO] CodeEngine:279 - Generated code: C:\Users\Matus\Desktop\FEI\semester_7\semester7\VRS\vrs_cvicenie_4\Src\gpio.c
2023-10-22 15:46:05,308 [INFO] CodeEngine:255 - oldGeneratedFile, C:\Users\Matus\Desktop\FEI\semester_7\semester7\VRS\vrs_cvicenie_4\Inc\gpio.h_save
2023-10-22 15:46:05,394 [INFO] CodeEngine:279 - Generated code: C:\Users\Matus\Desktop\FEI\semester_7\semester7\VRS\vrs_cvicenie_4\Inc\gpio.h
2023-10-22 15:46:05,468 [WARN] IPConfigManager:4154 - WARNING: Missing Config File for SYS ip!!
2023-10-22 15:46:05,674 [INFO] CodeEngine:255 - oldGeneratedFile, C:\Users\Matus\Desktop\FEI\semester_7\semester7\VRS\vrs_cvicenie_4\Src\dma.c_save
2023-10-22 15:46:05,754 [INFO] CodeEngine:279 - Generated code: C:\Users\Matus\Desktop\FEI\semester_7\semester7\VRS\vrs_cvicenie_4\Src\dma.c
2023-10-22 15:46:05,765 [INFO] CodeEngine:255 - oldGeneratedFile, C:\Users\Matus\Desktop\FEI\semester_7\semester7\VRS\vrs_cvicenie_4\Inc\dma.h_save
2023-10-22 15:46:05,897 [INFO] CodeEngine:279 - Generated code: C:\Users\Matus\Desktop\FEI\semester_7\semester7\VRS\vrs_cvicenie_4\Inc\dma.h
2023-10-22 15:46:05,921 [INFO] CodeEngine:255 - oldGeneratedFile, C:\Users\Matus\Desktop\FEI\semester_7\semester7\VRS\vrs_cvicenie_4\Src\usart.c_save
2023-10-22 15:46:06,062 [INFO] CodeEngine:279 - Generated code: C:\Users\Matus\Desktop\FEI\semester_7\semester7\VRS\vrs_cvicenie_4\Src\usart.c
2023-10-22 15:46:06,081 [INFO] CodeEngine:255 - oldGeneratedFile, C:\Users\Matus\Desktop\FEI\semester_7\semester7\VRS\vrs_cvicenie_4\Inc\usart.h_save
2023-10-22 15:46:06,145 [INFO] CodeEngine:279 - Generated code: C:\Users\Matus\Desktop\FEI\semester_7\semester7\VRS\vrs_cvicenie_4\Inc\usart.h
2023-10-22 15:46:06,167 [INFO] CodeEngine:255 - oldGeneratedFile, C:\Users\Matus\Desktop\FEI\semester_7\semester7\VRS\vrs_cvicenie_4\Src\stm32f3xx_it.c_save
2023-10-22 15:46:06,262 [INFO] CodeEngine:279 - Generated code: C:\Users\Matus\Desktop\FEI\semester_7\semester7\VRS\vrs_cvicenie_4\Src\stm32f3xx_it.c
2023-10-22 15:46:06,276 [INFO] CodeEngine:255 - oldGeneratedFile, C:\Users\Matus\Desktop\FEI\semester_7\semester7\VRS\vrs_cvicenie_4\Inc\stm32f3xx_it.h_save
2023-10-22 15:46:06,336 [INFO] CodeEngine:279 - Generated code: C:\Users\Matus\Desktop\FEI\semester_7\semester7\VRS\vrs_cvicenie_4\Inc\stm32f3xx_it.h
2023-10-22 15:46:06,352 [INFO] CodeEngine:255 - oldGeneratedFile, C:\Users\Matus\Desktop\FEI\semester_7\semester7\VRS\vrs_cvicenie_4\MXTmpFiles\system.tmp_save
2023-10-22 15:46:06,416 [INFO] CodeEngine:279 - Generated code: C:\Users\Matus\Desktop\FEI\semester_7\semester7\VRS\vrs_cvicenie_4\MXTmpFiles\system.tmp
2023-10-22 15:46:06,425 [INFO] CodeEngine:255 - oldGeneratedFile, C:\Users\Matus\Desktop\FEI\semester_7\semester7\VRS\vrs_cvicenie_4\Inc\stm32_assert.h_save
2023-10-22 15:46:06,479 [INFO] CodeEngine:279 - Generated code: C:\Users\Matus\Desktop\FEI\semester_7\semester7\VRS\vrs_cvicenie_4\Inc\stm32_assert.h
2023-10-22 15:46:06,484 [WARN] IPConfigManager:2937 - Warning: the RefConfig RCC_LSEDRIVE_CONFIG is not available in your config.xml file
2023-10-22 15:46:06,486 [WARN] IPConfigManager:2937 - Warning: the RefConfig RCC_ClockConfig is not available in your config.xml file
2023-10-22 15:46:06,486 [WARN] IPConfigManager:2937 - Warning: the RefConfig PWR_EnableSDADCAnalog1 is not available in your config.xml file
2023-10-22 15:46:06,486 [WARN] IPConfigManager:2937 - Warning: the RefConfig PWR_EnableSDADCAnalog2 is not available in your config.xml file
2023-10-22 15:46:06,486 [WARN] IPConfigManager:2937 - Warning: the RefConfig PWR_EnableSDADCAnalog3 is not available in your config.xml file
2023-10-22 15:46:06,486 [WARN] IPConfigManager:2937 - Warning: the RefConfig RCC_MCOConfig is not available in your config.xml file
2023-10-22 15:46:06,486 [WARN] IPConfigManager:2937 - Warning: the RefConfig RCC_interrupt_Time_SYSTICK_Config is not available in your config.xml file
2023-10-22 15:46:06,487 [WARN] IPConfigManager:2937 - Warning: the RefConfig RCC_SYSTICK_CONFIG is not available in your config.xml file
2023-10-22 15:46:06,507 [INFO] CodeEngine:255 - oldGeneratedFile, C:\Users\Matus\Desktop\FEI\semester_7\semester7\VRS\vrs_cvicenie_4\Inc\main.h_save
2023-10-22 15:46:06,588 [INFO] CodeEngine:279 - Generated code: C:\Users\Matus\Desktop\FEI\semester_7\semester7\VRS\vrs_cvicenie_4\Inc\main.h
2023-10-22 15:46:06,610 [INFO] CodeEngine:255 - oldGeneratedFile, C:\Users\Matus\Desktop\FEI\semester_7\semester7\VRS\vrs_cvicenie_4\Src\main.c_save
2023-10-22 15:46:06,722 [INFO] CodeEngine:279 - Generated code: C:\Users\Matus\Desktop\FEI\semester_7\semester7\VRS\vrs_cvicenie_4\Src\main.c
2023-10-22 15:46:07,125 [INFO] ProjectBuilder:3064 - Time for Copy HAL[1] : 86mS.
2023-10-22 15:46:07,129 [INFO] ProjectBuilder:4404 - Project Generator version: 4.1.0
2023-10-22 15:46:07,269 [INFO] ConfigFileManager:1457 - The Die is : DIE438
2023-10-22 15:46:07,284 [INFO] ApiDbMcu:507 - Load IP Config File for FATFS
2023-10-22 15:46:07,293 [INFO] ApiDbMcu:507 - Load IP Config File for FREERTOS
2023-10-22 15:46:07,309 [INFO] ApiDbMcu:507 - Load IP Config File for TOUCHSENSING
2023-10-22 15:46:08,298 [INFO] LogOutputStream:77 - [STDOUT_REDIRECT] 
2023-10-22 15:46:09,843 [INFO] ProjectBuilder:4626 - Time for Generating toolchain IDE Files: 2712mS.
2023-10-22 15:46:09,844 [INFO] ProjectBuilder:2935 - Time for Copy CMSIS : 1mS.
2023-10-22 15:46:09,846 [INFO] ProjectBuilder:2935 - Time for Copy CMSIS : 0mS.
