2024-01-04 10:19:35,068 [INFO] LogOutputStream:77 - [STDOUT_REDIRECT] 
2024-01-04 10:19:37,235 [INFO] ProjectBuilder:4626 - Time for Generating toolchain IDE Files: 3125mS.
2024-01-04 10:19:37,236 [INFO] ProjectBuilder:2935 - Time for Copy CMSIS : 0mS.
2024-01-04 10:19:37,237 [INFO] ProjectBuilder:2935 - Time for Copy CMSIS : 0mS.
2024-01-04 10:19:38,309 [INFO] McuFinderGlobals:76 - Set McuFinderConnectedMode to true
2024-01-04 10:19:38,314 [INFO] ApiDb:448 - Save user favorites file C:\Users\Matus/.stm32cubeide/favorites.mcus.txt: 2 item(s)
2024-01-04 10:19:38,314 [INFO] ApiDb:452 - User favorites MCUs=[STM32F302R8T6, STM32F303K8T6]
2024-01-04 10:44:47,979 [INFO] I2sManager:658 - 8000000.0
2024-01-04 10:44:47,980 [INFO] I2sManager:195 - I2S Clock Value : 8000000.0
2024-01-04 10:44:47,981 [INFO] I2sManager:553 - AudioClock : 8064Divider : 15Odd : 1
2024-01-04 10:44:48,044 [INFO] I2sManager:658 - 8000000.0
2024-01-04 10:44:48,044 [INFO] I2sManager:195 - I2S Clock Value : 8000000.0
2024-01-04 10:44:48,044 [INFO] I2sManager:553 - AudioClock : 8064Divider : 15Odd : 1
2024-01-04 10:45:39,151 [INFO] I2sManager:658 - 8000000.0
2024-01-04 10:45:39,151 [INFO] I2sManager:195 - I2S Clock Value : 8000000.0
2024-01-04 10:45:39,151 [INFO] I2sManager:553 - AudioClock : 8064Divider : 15Odd : 1
2024-01-04 10:45:39,179 [INFO] I2sManager:658 - 8000000.0
2024-01-04 10:45:39,179 [INFO] I2sManager:195 - I2S Clock Value : 8000000.0
2024-01-04 10:45:39,179 [INFO] I2sManager:553 - AudioClock : 8064Divider : 15Odd : 1
2024-01-04 10:46:40,753 [INFO] I2sManager:658 - 8000000.0
2024-01-04 10:46:40,753 [INFO] I2sManager:195 - I2S Clock Value : 8000000.0
2024-01-04 10:46:40,753 [INFO] I2sManager:553 - AudioClock : 8064Divider : 15Odd : 1
2024-01-04 10:47:16,949 [INFO] I2sManager:658 - 8000000.0
2024-01-04 10:47:16,949 [INFO] I2sManager:195 - I2S Clock Value : 8000000.0
2024-01-04 10:47:16,949 [INFO] I2sManager:553 - AudioClock : 8064Divider : 15Odd : 1
2024-01-04 10:47:16,992 [INFO] I2sManager:658 - 8000000.0
2024-01-04 10:47:16,993 [INFO] I2sManager:195 - I2S Clock Value : 8000000.0
2024-01-04 10:47:16,993 [INFO] I2sManager:553 - AudioClock : 8064Divider : 15Odd : 1
2024-01-04 10:47:40,651 [INFO] I2sManager:658 - 8000000.0
2024-01-04 10:47:40,651 [INFO] I2sManager:195 - I2S Clock Value : 8000000.0
2024-01-04 10:47:40,651 [INFO] I2sManager:553 - AudioClock : 8064Divider : 15Odd : 1
2024-01-04 10:47:53,033 [INFO] NvicIntPanel:101 - NVIC parent = com.st.microxplorer.plugins.ip.nvic.MultiNvicIntPanel[,0,0,0x0,invalid,layout=javax.swing.BoxLayout,alignmentX=0.0,alignmentY=0.0,border=,flags=9,maximumSize=,minimumSize=,preferredSize=]
2024-01-04 10:47:59,170 [INFO] NvicIntPanel:101 - NVIC parent = com.st.microxplorer.plugins.ip.nvic.MultiNvicIntPanel[,0,0,0x0,invalid,layout=javax.swing.BoxLayout,alignmentX=0.0,alignmentY=0.0,border=,flags=9,maximumSize=,minimumSize=,preferredSize=]
2024-01-04 10:49:02,482 [INFO] I2sManager:658 - 8000000.0
2024-01-04 10:49:02,482 [INFO] I2sManager:195 - I2S Clock Value : 8000000.0
2024-01-04 10:49:02,482 [INFO] I2sManager:553 - AudioClock : 8064Divider : 15Odd : 1
2024-01-04 10:49:04,428 [INFO] NvicIntPanel:101 - NVIC parent = com.st.microxplorer.plugins.ip.nvic.MultiNvicIntPanel[,0,0,561x338,layout=javax.swing.BoxLayout,alignmentX=0.0,alignmentY=0.0,border=,flags=9,maximumSize=,minimumSize=,preferredSize=]
2024-01-04 10:50:56,065 [INFO] I2sManager:658 - 8000000.0
2024-01-04 10:50:56,066 [INFO] I2sManager:195 - I2S Clock Value : 8000000.0
2024-01-04 10:50:56,066 [INFO] I2sManager:553 - AudioClock : 8064Divider : 15Odd : 1
2024-01-04 10:50:56,080 [INFO] NvicIntPanel:101 - NVIC parent = com.st.microxplorer.plugins.ip.nvic.MultiNvicIntPanel[,0,0,0x0,invalid,layout=javax.swing.BoxLayout,alignmentX=0.0,alignmentY=0.0,border=,flags=9,maximumSize=,minimumSize=,preferredSize=]
2024-01-04 10:51:01,476 [INFO] NvicIntPanel:101 - NVIC parent = com.st.microxplorer.plugins.ip.nvic.MultiNvicIntPanel[,0,0,0x0,invalid,layout=javax.swing.BoxLayout,alignmentX=0.0,alignmentY=0.0,border=,flags=9,maximumSize=,minimumSize=,preferredSize=]
2024-01-04 10:51:03,951 [INFO] NvicIntPanel:101 - NVIC parent = com.st.microxplorer.plugins.ip.nvic.MultiNvicIntPanel[,0,0,0x0,invalid,layout=javax.swing.BoxLayout,alignmentX=0.0,alignmentY=0.0,border=,flags=9,maximumSize=,minimumSize=,preferredSize=]
2024-01-04 10:51:05,686 [INFO] NvicIntPanel:101 - NVIC parent = com.st.microxplorer.plugins.ip.nvic.MultiNvicIntPanel[,0,0,0x0,invalid,layout=javax.swing.BoxLayout,alignmentX=0.0,alignmentY=0.0,border=,flags=9,maximumSize=,minimumSize=,preferredSize=]
2024-01-04 10:55:06,791 [INFO] I2sManager:658 - 8000000.0
2024-01-04 10:55:06,791 [INFO] I2sManager:195 - I2S Clock Value : 8000000.0
2024-01-04 10:55:06,791 [INFO] I2sManager:553 - AudioClock : 8064Divider : 15Odd : 1
2024-01-04 10:55:06,813 [INFO] I2sManager:658 - 8000000.0
2024-01-04 10:55:06,813 [INFO] I2sManager:195 - I2S Clock Value : 8000000.0
2024-01-04 10:55:06,813 [INFO] I2sManager:553 - AudioClock : 8064Divider : 15Odd : 1
2024-01-04 10:55:20,523 [INFO] I2sManager:658 - 8000000.0
2024-01-04 10:55:20,523 [INFO] I2sManager:195 - I2S Clock Value : 8000000.0
2024-01-04 10:55:20,523 [INFO] I2sManager:553 - AudioClock : 8064Divider : 15Odd : 1
2024-01-04 10:55:20,574 [INFO] I2sManager:658 - 8000000.0
2024-01-04 10:55:20,574 [INFO] I2sManager:195 - I2S Clock Value : 8000000.0
2024-01-04 10:55:20,574 [INFO] I2sManager:553 - AudioClock : 8064Divider : 15Odd : 1
2024-01-04 10:55:20,604 [INFO] I2sManager:658 - 8000000.0
2024-01-04 10:55:20,604 [INFO] I2sManager:195 - I2S Clock Value : 8000000.0
2024-01-04 10:55:20,604 [INFO] I2sManager:553 - AudioClock : 8064Divider : 15Odd : 1
2024-01-04 10:55:29,164 [INFO] I2sManager:658 - 8000000.0
2024-01-04 10:55:29,164 [INFO] I2sManager:195 - I2S Clock Value : 8000000.0
2024-01-04 10:55:29,164 [INFO] I2sManager:553 - AudioClock : 8064Divider : 15Odd : 1
2024-01-04 10:55:30,682 [INFO] I2sManager:658 - 8000000.0
2024-01-04 10:55:30,682 [INFO] I2sManager:195 - I2S Clock Value : 8000000.0
2024-01-04 10:55:30,682 [INFO] I2sManager:553 - AudioClock : 8064Divider : 15Odd : 1
2024-01-04 10:55:30,731 [INFO] I2sManager:658 - 8000000.0
2024-01-04 10:55:30,731 [INFO] I2sManager:195 - I2S Clock Value : 8000000.0
2024-01-04 10:55:30,731 [INFO] I2sManager:553 - AudioClock : 8064Divider : 15Odd : 1
2024-01-04 10:55:30,763 [INFO] I2sManager:658 - 8000000.0
2024-01-04 10:55:30,763 [INFO] I2sManager:195 - I2S Clock Value : 8000000.0
2024-01-04 10:55:30,763 [INFO] I2sManager:553 - AudioClock : 8064Divider : 15Odd : 1
2024-01-04 10:55:33,829 [INFO] I2sManager:658 - 8000000.0
2024-01-04 10:55:33,829 [INFO] I2sManager:195 - I2S Clock Value : 8000000.0
2024-01-04 10:55:33,829 [INFO] I2sManager:553 - AudioClock : 8064Divider : 15Odd : 1
2024-01-04 10:55:51,188 [INFO] NvicIntPanel:101 - NVIC parent = com.st.microxplorer.plugins.ip.nvic.MultiNvicIntPanel[,0,0,0x0,invalid,layout=javax.swing.BoxLayout,alignmentX=0.0,alignmentY=0.0,border=,flags=9,maximumSize=,minimumSize=,preferredSize=]
2024-01-04 10:55:52,822 [INFO] NvicIntPanel:101 - NVIC parent = com.st.microxplorer.plugins.ip.nvic.MultiNvicIntPanel[,0,0,0x0,invalid,layout=javax.swing.BoxLayout,alignmentX=0.0,alignmentY=0.0,border=,flags=9,maximumSize=,minimumSize=,preferredSize=]
2024-01-04 10:55:58,665 [INFO] NvicIntPanel:101 - NVIC parent = com.st.microxplorer.plugins.ip.nvic.MultiNvicIntPanel[,0,0,0x0,invalid,layout=javax.swing.BoxLayout,alignmentX=0.0,alignmentY=0.0,border=,flags=9,maximumSize=,minimumSize=,preferredSize=]
2024-01-04 10:56:13,593 [INFO] UtilMem:75 - End SaveConfig() Used Memory: 776156952 Bytes (1073741824)
2024-01-04 10:56:13,642 [INFO] UtilMem:75 - End SaveConfig() Used Memory: 793982744 Bytes (1073741824)
2024-01-04 10:56:13,784 [INFO] UtilMem:75 - End SaveConfig() Used Memory: 819148568 Bytes (1073741824)
2024-01-04 10:56:13,957 [INFO] BlockDiagram:2759 - set Specific Code input for plugin: NVIC
2024-01-04 10:56:13,957 [INFO] BlockDiagram:2759 - set Specific Code input for plugin: DMA
2024-01-04 10:56:13,957 [INFO] BlockDiagram:2759 - set Specific Code input for plugin: I2S
2024-01-04 10:56:13,958 [INFO] BlockDiagram:2759 - set Specific Code input for plugin: SYS
2024-01-04 10:56:13,958 [INFO] BlockDiagram:2759 - set Specific Code input for plugin: GPIO
2024-01-04 10:56:13,958 [INFO] BlockDiagram:2759 - set Specific Code input for plugin: RCC
2024-01-04 10:56:13,959 [INFO] CodeGenerator:799 - code generatio: config db path: C:\ST\STM32CubeIDE_1.13.2\STM32CubeIDE\plugins\com.st.stm32cube.common.mx_6.9.2.202309101412\\db\
2024-01-04 10:56:14,062 [INFO] CodeEngine:255 - oldGeneratedFile, C:\Users\Matus\Desktop\FEI\semester_7\VRS\cv1\mic_reading\MXTmpFiles\license.tmp_save
2024-01-04 10:56:14,192 [INFO] CodeEngine:279 - Generated code: C:\Users\Matus\Desktop\FEI\semester_7\VRS\cv1\mic_reading\MXTmpFiles\license.tmp
2024-01-04 10:56:14,248 [INFO] CodeEngine:255 - oldGeneratedFile, C:\Users\Matus\Desktop\FEI\semester_7\VRS\cv1\mic_reading\MXTmpFiles\gpio.tmp_save
2024-01-04 10:56:14,333 [INFO] CodeEngine:279 - Generated code: C:\Users\Matus\Desktop\FEI\semester_7\VRS\cv1\mic_reading\MXTmpFiles\gpio.tmp
2024-01-04 10:56:14,417 [INFO] CodeEngine:255 - oldGeneratedFile, C:\Users\Matus\Desktop\FEI\semester_7\VRS\cv1\mic_reading\MXTmpFiles\dma.tmp_save
2024-01-04 10:56:14,479 [INFO] CodeEngine:279 - Generated code: C:\Users\Matus\Desktop\FEI\semester_7\VRS\cv1\mic_reading\MXTmpFiles\dma.tmp
2024-01-04 10:56:14,485 [INFO] CodeEngine:255 - oldGeneratedFile, C:\Users\Matus\Desktop\FEI\semester_7\VRS\cv1\mic_reading\MXTmpFiles\dma_GV.tmp_save
2024-01-04 10:56:14,528 [INFO] CodeEngine:279 - Generated code: C:\Users\Matus\Desktop\FEI\semester_7\VRS\cv1\mic_reading\MXTmpFiles\dma_GV.tmp
2024-01-04 10:56:14,542 [INFO] CodeEngine:255 - oldGeneratedFile, C:\Users\Matus\Desktop\FEI\semester_7\VRS\cv1\mic_reading\Core\Src\stm32f3xx_it.c_save
2024-01-04 10:56:14,709 [INFO] CodeEngine:279 - Generated code: C:\Users\Matus\Desktop\FEI\semester_7\VRS\cv1\mic_reading\Core\Src\stm32f3xx_it.c
2024-01-04 10:56:14,714 [INFO] CodeEngine:255 - oldGeneratedFile, C:\Users\Matus\Desktop\FEI\semester_7\VRS\cv1\mic_reading\Core\Inc\stm32f3xx_it.h_save
2024-01-04 10:56:14,782 [INFO] CodeEngine:279 - Generated code: C:\Users\Matus\Desktop\FEI\semester_7\VRS\cv1\mic_reading\Core\Inc\stm32f3xx_it.h
2024-01-04 10:56:14,798 [INFO] CodeEngine:255 - oldGeneratedFile, C:\Users\Matus\Desktop\FEI\semester_7\VRS\cv1\mic_reading\Core\Src\stm32f3xx_hal_msp.c_save
2024-01-04 10:56:14,933 [INFO] CodeEngine:279 - Generated code: C:\Users\Matus\Desktop\FEI\semester_7\VRS\cv1\mic_reading\Core\Src\stm32f3xx_hal_msp.c
2024-01-04 10:56:14,937 [INFO] CodeEngine:255 - oldGeneratedFile, C:\Users\Matus\Desktop\FEI\semester_7\VRS\cv1\mic_reading\MXTmpFiles\system.tmp_save
2024-01-04 10:56:14,988 [INFO] CodeEngine:279 - Generated code: C:\Users\Matus\Desktop\FEI\semester_7\VRS\cv1\mic_reading\MXTmpFiles\system.tmp
2024-01-04 10:56:15,004 [INFO] CodeEngine:311 - oldGeneratedFile, C:\Users\Matus\Desktop\FEI\semester_7\VRS\cv1\mic_reading\Core\Inc\stm32f3xx_hal_conf.h_save
2024-01-04 10:56:15,079 [INFO] CodeEngine:335 - Generated code: C:\Users\Matus\Desktop\FEI\semester_7\VRS\cv1\mic_reading\Core\Inc\stm32f3xx_hal_conf.h
2024-01-04 10:56:15,114 [INFO] CodeEngine:255 - oldGeneratedFile, C:\Users\Matus\Desktop\FEI\semester_7\VRS\cv1\mic_reading\Core\Inc\main.h_save
2024-01-04 10:56:15,179 [INFO] CodeEngine:279 - Generated code: C:\Users\Matus\Desktop\FEI\semester_7\VRS\cv1\mic_reading\Core\Inc\main.h
2024-01-04 10:56:15,188 [INFO] CodeEngine:255 - oldGeneratedFile, C:\Users\Matus\Desktop\FEI\semester_7\VRS\cv1\mic_reading\Core\Src\main.c_save
2024-01-04 10:56:15,275 [INFO] CodeEngine:279 - Generated code: C:\Users\Matus\Desktop\FEI\semester_7\VRS\cv1\mic_reading\Core\Src\main.c
2024-01-04 10:56:15,589 [INFO] ProjectBuilder:3064 - Time for Copy HAL[1] : 98mS.
2024-01-04 10:56:15,592 [INFO] ProjectBuilder:4404 - Project Generator version: 4.1.0
2024-01-04 10:56:15,784 [INFO] ConfigFileManager:1457 - The Die is : DIE439
2024-01-04 10:56:17,042 [INFO] ProjectBuilder:4626 - Time for Generating toolchain IDE Files: 1450mS.
2024-01-04 10:56:17,043 [INFO] ProjectBuilder:2935 - Time for Copy CMSIS : 1mS.
2024-01-04 10:56:17,045 [INFO] ProjectBuilder:2935 - Time for Copy CMSIS : 0mS.
2024-01-04 12:50:35,152 [INFO] Gpio:273 - dependency for GPIO [I2S2, RCC]
2024-01-04 13:11:27,383 [INFO] UtilMem:75 - End SaveConfig() Used Memory: 916915296 Bytes (1073741824)
2024-01-04 13:11:27,599 [INFO] BlockDiagram:2759 - set Specific Code input for plugin: NVIC
2024-01-04 13:11:27,599 [INFO] BlockDiagram:2759 - set Specific Code input for plugin: DMA
2024-01-04 13:11:27,599 [INFO] BlockDiagram:2759 - set Specific Code input for plugin: I2S
2024-01-04 13:11:27,599 [INFO] BlockDiagram:2759 - set Specific Code input for plugin: SYS
2024-01-04 13:11:27,600 [INFO] BlockDiagram:2759 - set Specific Code input for plugin: GPIO
2024-01-04 13:11:27,600 [INFO] BlockDiagram:2759 - set Specific Code input for plugin: RCC
2024-01-04 13:11:27,600 [INFO] CodeGenerator:799 - code generatio: config db path: C:\ST\STM32CubeIDE_1.13.2\STM32CubeIDE\plugins\com.st.stm32cube.common.mx_6.9.2.202309101412\\db\
2024-01-04 13:11:27,605 [INFO] Argument:319 - Argument : hdmavalue: null
2024-01-04 13:11:27,605 [INFO] Argument:321 - 	 sub Args: 
2024-01-04 13:11:27,605 [INFO] Argument:319 - Argument : Instancevalue: DMA1_Channel4
2024-01-04 13:11:27,605 [INFO] Argument:329 - Argument : Instancevalue: DMA1_Channel4
2024-01-04 13:11:27,605 [INFO] Argument:319 - Argument : Initvalue: null
2024-01-04 13:11:27,605 [INFO] Argument:321 - 	 sub Args: 
2024-01-04 13:11:27,605 [INFO] Argument:319 - Argument : Directionvalue: DMA_PERIPH_TO_MEMORY
2024-01-04 13:11:27,605 [INFO] Argument:329 - Argument : Directionvalue: DMA_PERIPH_TO_MEMORY
2024-01-04 13:11:27,605 [INFO] Argument:319 - Argument : PeriphIncvalue: DMA_PINC_DISABLE
2024-01-04 13:11:27,605 [INFO] Argument:329 - Argument : PeriphIncvalue: DMA_PINC_DISABLE
2024-01-04 13:11:27,605 [INFO] Argument:319 - Argument : MemIncvalue: DMA_MINC_ENABLE
2024-01-04 13:11:27,605 [INFO] Argument:329 - Argument : MemIncvalue: DMA_MINC_ENABLE
2024-01-04 13:11:27,605 [INFO] Argument:319 - Argument : PeriphDataAlignmentvalue: DMA_PDATAALIGN_WORD
2024-01-04 13:11:27,605 [INFO] Argument:329 - Argument : PeriphDataAlignmentvalue: DMA_PDATAALIGN_WORD
2024-01-04 13:11:27,605 [INFO] Argument:319 - Argument : MemDataAlignmentvalue: DMA_MDATAALIGN_WORD
2024-01-04 13:11:27,605 [INFO] Argument:329 - Argument : MemDataAlignmentvalue: DMA_MDATAALIGN_WORD
2024-01-04 13:11:27,605 [INFO] Argument:319 - Argument : Modevalue: DMA_CIRCULAR
2024-01-04 13:11:27,605 [INFO] Argument:329 - Argument : Modevalue: DMA_CIRCULAR
2024-01-04 13:11:27,605 [INFO] Argument:319 - Argument : Priorityvalue: DMA_PRIORITY_LOW
2024-01-04 13:11:27,605 [INFO] Argument:329 - Argument : Priorityvalue: DMA_PRIORITY_LOW
2024-01-04 13:11:27,605 [INFO] Argument:319 - Argument : Lockvalue: null
2024-01-04 13:11:27,606 [INFO] Argument:329 - Argument : Lockvalue: null
2024-01-04 13:11:27,606 [INFO] Argument:319 - Argument : Statevalue: null
2024-01-04 13:11:27,606 [INFO] Argument:329 - Argument : Statevalue: null
2024-01-04 13:11:27,606 [INFO] Argument:319 - Argument : Parentvalue: null
2024-01-04 13:11:27,606 [INFO] Argument:329 - Argument : Parentvalue: null
2024-01-04 13:11:27,606 [INFO] Argument:319 - Argument : XferCpltCallbackvalue: null
2024-01-04 13:11:27,606 [INFO] Argument:329 - Argument : XferCpltCallbackvalue: null
2024-01-04 13:11:27,606 [INFO] Argument:319 - Argument : XferHalfCpltCallbackvalue: null
2024-01-04 13:11:27,606 [INFO] Argument:329 - Argument : XferHalfCpltCallbackvalue: null
2024-01-04 13:11:27,606 [INFO] Argument:319 - Argument : XferErrorCallbackvalue: null
2024-01-04 13:11:27,606 [INFO] Argument:329 - Argument : XferErrorCallbackvalue: null
2024-01-04 13:11:27,606 [INFO] Argument:319 - Argument : ErrorCodevalue: null
2024-01-04 13:11:27,606 [INFO] Argument:329 - Argument : ErrorCodevalue: null
2024-01-04 13:11:27,606 [INFO] Argument:319 - Argument : DMA_Remapvalue: null
2024-01-04 13:11:27,606 [INFO] Argument:329 - Argument : DMA_Remapvalue: null
2024-01-04 13:11:27,757 [INFO] CodeEngine:255 - oldGeneratedFile, C:\Users\Matus\Desktop\FEI\semester_7\VRS\cv1\mic_reading\MXTmpFiles\license.tmp_save
2024-01-04 13:11:27,846 [INFO] CodeEngine:279 - Generated code: C:\Users\Matus\Desktop\FEI\semester_7\VRS\cv1\mic_reading\MXTmpFiles\license.tmp
2024-01-04 13:11:27,877 [INFO] CodeEngine:255 - oldGeneratedFile, C:\Users\Matus\Desktop\FEI\semester_7\VRS\cv1\mic_reading\MXTmpFiles\gpio.tmp_save
2024-01-04 13:11:27,946 [INFO] CodeEngine:279 - Generated code: C:\Users\Matus\Desktop\FEI\semester_7\VRS\cv1\mic_reading\MXTmpFiles\gpio.tmp
2024-01-04 13:11:28,022 [INFO] CodeEngine:255 - oldGeneratedFile, C:\Users\Matus\Desktop\FEI\semester_7\VRS\cv1\mic_reading\MXTmpFiles\dma.tmp_save
2024-01-04 13:11:28,083 [INFO] CodeEngine:279 - Generated code: C:\Users\Matus\Desktop\FEI\semester_7\VRS\cv1\mic_reading\MXTmpFiles\dma.tmp
2024-01-04 13:11:28,090 [INFO] CodeEngine:255 - oldGeneratedFile, C:\Users\Matus\Desktop\FEI\semester_7\VRS\cv1\mic_reading\MXTmpFiles\dma_GV.tmp_save
2024-01-04 13:11:28,134 [INFO] CodeEngine:279 - Generated code: C:\Users\Matus\Desktop\FEI\semester_7\VRS\cv1\mic_reading\MXTmpFiles\dma_GV.tmp
2024-01-04 13:11:28,152 [INFO] CodeEngine:255 - oldGeneratedFile, C:\Users\Matus\Desktop\FEI\semester_7\VRS\cv1\mic_reading\Core\Src\stm32f3xx_it.c_save
2024-01-04 13:11:28,301 [INFO] CodeEngine:279 - Generated code: C:\Users\Matus\Desktop\FEI\semester_7\VRS\cv1\mic_reading\Core\Src\stm32f3xx_it.c
2024-01-04 13:11:28,314 [INFO] CodeEngine:255 - oldGeneratedFile, C:\Users\Matus\Desktop\FEI\semester_7\VRS\cv1\mic_reading\Core\Inc\stm32f3xx_it.h_save
2024-01-04 13:11:28,368 [INFO] CodeEngine:279 - Generated code: C:\Users\Matus\Desktop\FEI\semester_7\VRS\cv1\mic_reading\Core\Inc\stm32f3xx_it.h
2024-01-04 13:11:28,384 [INFO] CodeEngine:255 - oldGeneratedFile, C:\Users\Matus\Desktop\FEI\semester_7\VRS\cv1\mic_reading\Core\Src\stm32f3xx_hal_msp.c_save
2024-01-04 13:11:28,472 [INFO] CodeEngine:279 - Generated code: C:\Users\Matus\Desktop\FEI\semester_7\VRS\cv1\mic_reading\Core\Src\stm32f3xx_hal_msp.c
2024-01-04 13:11:28,480 [INFO] CodeEngine:255 - oldGeneratedFile, C:\Users\Matus\Desktop\FEI\semester_7\VRS\cv1\mic_reading\MXTmpFiles\system.tmp_save
2024-01-04 13:11:28,530 [INFO] CodeEngine:279 - Generated code: C:\Users\Matus\Desktop\FEI\semester_7\VRS\cv1\mic_reading\MXTmpFiles\system.tmp
2024-01-04 13:11:28,547 [INFO] CodeEngine:311 - oldGeneratedFile, C:\Users\Matus\Desktop\FEI\semester_7\VRS\cv1\mic_reading\Core\Inc\stm32f3xx_hal_conf.h_save
2024-01-04 13:11:28,614 [INFO] CodeEngine:335 - Generated code: C:\Users\Matus\Desktop\FEI\semester_7\VRS\cv1\mic_reading\Core\Inc\stm32f3xx_hal_conf.h
2024-01-04 13:11:28,645 [INFO] CodeEngine:255 - oldGeneratedFile, C:\Users\Matus\Desktop\FEI\semester_7\VRS\cv1\mic_reading\Core\Inc\main.h_save
2024-01-04 13:11:28,713 [INFO] CodeEngine:279 - Generated code: C:\Users\Matus\Desktop\FEI\semester_7\VRS\cv1\mic_reading\Core\Inc\main.h
2024-01-04 13:11:28,727 [INFO] CodeEngine:255 - oldGeneratedFile, C:\Users\Matus\Desktop\FEI\semester_7\VRS\cv1\mic_reading\Core\Src\main.c_save
2024-01-04 13:11:28,815 [INFO] CodeEngine:279 - Generated code: C:\Users\Matus\Desktop\FEI\semester_7\VRS\cv1\mic_reading\Core\Src\main.c
2024-01-04 13:11:29,206 [INFO] ProjectBuilder:3064 - Time for Copy HAL[1] : 129mS.
2024-01-04 13:11:29,210 [INFO] ProjectBuilder:4404 - Project Generator version: 4.1.0
2024-01-04 13:11:29,374 [INFO] ConfigFileManager:1457 - The Die is : DIE439
2024-01-04 13:11:30,252 [INFO] ProjectBuilder:4626 - Time for Generating toolchain IDE Files: 1042mS.
2024-01-04 13:11:30,253 [INFO] ProjectBuilder:2935 - Time for Copy CMSIS : 0mS.
2024-01-04 13:11:30,255 [INFO] ProjectBuilder:2935 - Time for Copy CMSIS : 0mS.
2024-01-04 13:32:10,717 [INFO] Gpio:273 - dependency for GPIO [I2S2, RCC]
2024-01-04 13:32:11,516 [INFO] Gpio:273 - dependency for GPIO [I2S2, RCC]
2024-01-04 15:18:05,684 [INFO] UtilMem:75 - End SaveConfig() Used Memory: 621351232 Bytes (1073741824)
2024-01-04 15:18:05,827 [INFO] UtilMem:75 - End SaveConfig() Used Memory: 639177024 Bytes (1073741824)
2024-01-04 15:18:06,080 [INFO] UtilMem:75 - End SaveConfig() Used Memory: 697370944 Bytes (1073741824)
2024-01-04 15:18:06,320 [INFO] BlockDiagram:2759 - set Specific Code input for plugin: NVIC
2024-01-04 15:18:06,321 [INFO] BlockDiagram:2759 - set Specific Code input for plugin: DMA
2024-01-04 15:18:06,321 [INFO] BlockDiagram:2759 - set Specific Code input for plugin: I2S
2024-01-04 15:18:06,321 [INFO] BlockDiagram:2759 - set Specific Code input for plugin: SYS
2024-01-04 15:18:06,321 [INFO] BlockDiagram:2759 - set Specific Code input for plugin: GPIO
2024-01-04 15:18:06,321 [INFO] BlockDiagram:2759 - set Specific Code input for plugin: RCC
2024-01-04 15:18:06,322 [INFO] CodeGenerator:799 - code generatio: config db path: C:\ST\STM32CubeIDE_1.13.2\STM32CubeIDE\plugins\com.st.stm32cube.common.mx_6.9.2.202309101412\\db\
2024-01-04 15:18:06,324 [INFO] Argument:319 - Argument : hdmavalue: null
2024-01-04 15:18:06,325 [INFO] Argument:321 - 	 sub Args: 
2024-01-04 15:18:06,325 [INFO] Argument:319 - Argument : Instancevalue: DMA1_Channel4
2024-01-04 15:18:06,325 [INFO] Argument:329 - Argument : Instancevalue: DMA1_Channel4
2024-01-04 15:18:06,325 [INFO] Argument:319 - Argument : Initvalue: null
2024-01-04 15:18:06,325 [INFO] Argument:321 - 	 sub Args: 
2024-01-04 15:18:06,325 [INFO] Argument:319 - Argument : Directionvalue: DMA_PERIPH_TO_MEMORY
2024-01-04 15:18:06,325 [INFO] Argument:329 - Argument : Directionvalue: DMA_PERIPH_TO_MEMORY
2024-01-04 15:18:06,325 [INFO] Argument:319 - Argument : PeriphIncvalue: DMA_PINC_DISABLE
2024-01-04 15:18:06,325 [INFO] Argument:329 - Argument : PeriphIncvalue: DMA_PINC_DISABLE
2024-01-04 15:18:06,325 [INFO] Argument:319 - Argument : MemIncvalue: DMA_MINC_ENABLE
2024-01-04 15:18:06,325 [INFO] Argument:329 - Argument : MemIncvalue: DMA_MINC_ENABLE
2024-01-04 15:18:06,325 [INFO] Argument:319 - Argument : PeriphDataAlignmentvalue: DMA_PDATAALIGN_WORD
2024-01-04 15:18:06,325 [INFO] Argument:329 - Argument : PeriphDataAlignmentvalue: DMA_PDATAALIGN_WORD
2024-01-04 15:18:06,325 [INFO] Argument:319 - Argument : MemDataAlignmentvalue: DMA_MDATAALIGN_WORD
2024-01-04 15:18:06,325 [INFO] Argument:329 - Argument : MemDataAlignmentvalue: DMA_MDATAALIGN_WORD
2024-01-04 15:18:06,325 [INFO] Argument:319 - Argument : Modevalue: DMA_CIRCULAR
2024-01-04 15:18:06,325 [INFO] Argument:329 - Argument : Modevalue: DMA_CIRCULAR
2024-01-04 15:18:06,325 [INFO] Argument:319 - Argument : Priorityvalue: DMA_PRIORITY_LOW
2024-01-04 15:18:06,325 [INFO] Argument:329 - Argument : Priorityvalue: DMA_PRIORITY_LOW
2024-01-04 15:18:06,325 [INFO] Argument:319 - Argument : Lockvalue: null
2024-01-04 15:18:06,325 [INFO] Argument:329 - Argument : Lockvalue: null
2024-01-04 15:18:06,325 [INFO] Argument:319 - Argument : Statevalue: null
2024-01-04 15:18:06,325 [INFO] Argument:329 - Argument : Statevalue: null
2024-01-04 15:18:06,325 [INFO] Argument:319 - Argument : Parentvalue: null
2024-01-04 15:18:06,325 [INFO] Argument:329 - Argument : Parentvalue: null
2024-01-04 15:18:06,325 [INFO] Argument:319 - Argument : XferCpltCallbackvalue: null
2024-01-04 15:18:06,325 [INFO] Argument:329 - Argument : XferCpltCallbackvalue: null
2024-01-04 15:18:06,325 [INFO] Argument:319 - Argument : XferHalfCpltCallbackvalue: null
2024-01-04 15:18:06,325 [INFO] Argument:329 - Argument : XferHalfCpltCallbackvalue: null
2024-01-04 15:18:06,325 [INFO] Argument:319 - Argument : XferErrorCallbackvalue: null
2024-01-04 15:18:06,325 [INFO] Argument:329 - Argument : XferErrorCallbackvalue: null
2024-01-04 15:18:06,325 [INFO] Argument:319 - Argument : ErrorCodevalue: null
2024-01-04 15:18:06,325 [INFO] Argument:329 - Argument : ErrorCodevalue: null
2024-01-04 15:18:06,325 [INFO] Argument:319 - Argument : DMA_Remapvalue: null
2024-01-04 15:18:06,325 [INFO] Argument:329 - Argument : DMA_Remapvalue: null
2024-01-04 15:18:06,433 [INFO] CodeEngine:255 - oldGeneratedFile, C:\Users\Matus\Desktop\FEI\semester_7\VRS\cv1\mic_reading\MXTmpFiles\license.tmp_save
2024-01-04 15:18:06,545 [INFO] CodeEngine:279 - Generated code: C:\Users\Matus\Desktop\FEI\semester_7\VRS\cv1\mic_reading\MXTmpFiles\license.tmp
2024-01-04 15:18:06,566 [INFO] CodeEngine:255 - oldGeneratedFile, C:\Users\Matus\Desktop\FEI\semester_7\VRS\cv1\mic_reading\MXTmpFiles\gpio.tmp_save
2024-01-04 15:18:06,736 [INFO] CodeEngine:279 - Generated code: C:\Users\Matus\Desktop\FEI\semester_7\VRS\cv1\mic_reading\MXTmpFiles\gpio.tmp
2024-01-04 15:18:06,853 [INFO] CodeEngine:255 - oldGeneratedFile, C:\Users\Matus\Desktop\FEI\semester_7\VRS\cv1\mic_reading\MXTmpFiles\dma.tmp_save
2024-01-04 15:18:06,932 [INFO] CodeEngine:279 - Generated code: C:\Users\Matus\Desktop\FEI\semester_7\VRS\cv1\mic_reading\MXTmpFiles\dma.tmp
2024-01-04 15:18:06,935 [INFO] CodeEngine:255 - oldGeneratedFile, C:\Users\Matus\Desktop\FEI\semester_7\VRS\cv1\mic_reading\MXTmpFiles\dma_GV.tmp_save
2024-01-04 15:18:06,986 [INFO] CodeEngine:279 - Generated code: C:\Users\Matus\Desktop\FEI\semester_7\VRS\cv1\mic_reading\MXTmpFiles\dma_GV.tmp
2024-01-04 15:18:07,000 [INFO] CodeEngine:255 - oldGeneratedFile, C:\Users\Matus\Desktop\FEI\semester_7\VRS\cv1\mic_reading\Core\Src\stm32f3xx_it.c_save
2024-01-04 15:18:07,266 [INFO] CodeEngine:279 - Generated code: C:\Users\Matus\Desktop\FEI\semester_7\VRS\cv1\mic_reading\Core\Src\stm32f3xx_it.c
2024-01-04 15:18:07,272 [INFO] CodeEngine:255 - oldGeneratedFile, C:\Users\Matus\Desktop\FEI\semester_7\VRS\cv1\mic_reading\Core\Inc\stm32f3xx_it.h_save
2024-01-04 15:18:07,316 [INFO] CodeEngine:279 - Generated code: C:\Users\Matus\Desktop\FEI\semester_7\VRS\cv1\mic_reading\Core\Inc\stm32f3xx_it.h
2024-01-04 15:18:07,328 [INFO] CodeEngine:255 - oldGeneratedFile, C:\Users\Matus\Desktop\FEI\semester_7\VRS\cv1\mic_reading\Core\Src\stm32f3xx_hal_msp.c_save
2024-01-04 15:18:07,402 [INFO] CodeEngine:279 - Generated code: C:\Users\Matus\Desktop\FEI\semester_7\VRS\cv1\mic_reading\Core\Src\stm32f3xx_hal_msp.c
2024-01-04 15:18:07,405 [INFO] CodeEngine:255 - oldGeneratedFile, C:\Users\Matus\Desktop\FEI\semester_7\VRS\cv1\mic_reading\MXTmpFiles\system.tmp_save
2024-01-04 15:18:07,450 [INFO] CodeEngine:279 - Generated code: C:\Users\Matus\Desktop\FEI\semester_7\VRS\cv1\mic_reading\MXTmpFiles\system.tmp
2024-01-04 15:18:07,461 [INFO] CodeEngine:311 - oldGeneratedFile, C:\Users\Matus\Desktop\FEI\semester_7\VRS\cv1\mic_reading\Core\Inc\stm32f3xx_hal_conf.h_save
2024-01-04 15:18:07,529 [INFO] CodeEngine:335 - Generated code: C:\Users\Matus\Desktop\FEI\semester_7\VRS\cv1\mic_reading\Core\Inc\stm32f3xx_hal_conf.h
2024-01-04 15:18:07,558 [INFO] CodeEngine:255 - oldGeneratedFile, C:\Users\Matus\Desktop\FEI\semester_7\VRS\cv1\mic_reading\Core\Inc\main.h_save
2024-01-04 15:18:07,629 [INFO] CodeEngine:279 - Generated code: C:\Users\Matus\Desktop\FEI\semester_7\VRS\cv1\mic_reading\Core\Inc\main.h
2024-01-04 15:18:07,639 [INFO] CodeEngine:255 - oldGeneratedFile, C:\Users\Matus\Desktop\FEI\semester_7\VRS\cv1\mic_reading\Core\Src\main.c_save
2024-01-04 15:18:07,717 [INFO] CodeEngine:279 - Generated code: C:\Users\Matus\Desktop\FEI\semester_7\VRS\cv1\mic_reading\Core\Src\main.c
2024-01-04 15:18:08,115 [INFO] ProjectBuilder:3064 - Time for Copy HAL[1] : 135mS.
2024-01-04 15:18:08,118 [INFO] ProjectBuilder:4404 - Project Generator version: 4.1.0
2024-01-04 15:18:08,241 [INFO] ConfigFileManager:1457 - The Die is : DIE439
2024-01-04 15:18:09,165 [INFO] ProjectBuilder:4626 - Time for Generating toolchain IDE Files: 1047mS.
2024-01-04 15:18:09,166 [INFO] ProjectBuilder:2935 - Time for Copy CMSIS : 1mS.
2024-01-04 15:18:09,167 [INFO] ProjectBuilder:2935 - Time for Copy CMSIS : 0mS.
2024-01-04 15:21:07,296 [INFO] UtilMem:75 - End SaveConfig() Used Memory: 791343680 Bytes (1073741824)
2024-01-04 15:21:07,349 [INFO] UtilMem:75 - End SaveConfig() Used Memory: 808119376 Bytes (1073741824)
2024-01-04 15:21:07,486 [INFO] UtilMem:75 - End SaveConfig() Used Memory: 833809024 Bytes (1073741824)
2024-01-04 15:21:07,648 [INFO] BlockDiagram:2759 - set Specific Code input for plugin: NVIC
2024-01-04 15:21:07,649 [INFO] BlockDiagram:2759 - set Specific Code input for plugin: DMA
2024-01-04 15:21:07,649 [INFO] BlockDiagram:2759 - set Specific Code input for plugin: I2S
2024-01-04 15:21:07,649 [INFO] BlockDiagram:2759 - set Specific Code input for plugin: SYS
2024-01-04 15:21:07,649 [INFO] BlockDiagram:2759 - set Specific Code input for plugin: GPIO
2024-01-04 15:21:07,649 [INFO] BlockDiagram:2759 - set Specific Code input for plugin: RCC
2024-01-04 15:21:07,650 [INFO] CodeGenerator:799 - code generatio: config db path: C:\ST\STM32CubeIDE_1.13.2\STM32CubeIDE\plugins\com.st.stm32cube.common.mx_6.9.2.202309101412\\db\
2024-01-04 15:21:07,652 [INFO] Argument:319 - Argument : hdmavalue: null
2024-01-04 15:21:07,652 [INFO] Argument:321 - 	 sub Args: 
2024-01-04 15:21:07,652 [INFO] Argument:319 - Argument : Instancevalue: DMA1_Channel4
2024-01-04 15:21:07,652 [INFO] Argument:329 - Argument : Instancevalue: DMA1_Channel4
2024-01-04 15:21:07,652 [INFO] Argument:319 - Argument : Initvalue: null
2024-01-04 15:21:07,652 [INFO] Argument:321 - 	 sub Args: 
2024-01-04 15:21:07,652 [INFO] Argument:319 - Argument : Directionvalue: DMA_PERIPH_TO_MEMORY
2024-01-04 15:21:07,652 [INFO] Argument:329 - Argument : Directionvalue: DMA_PERIPH_TO_MEMORY
2024-01-04 15:21:07,652 [INFO] Argument:319 - Argument : PeriphIncvalue: DMA_PINC_DISABLE
2024-01-04 15:21:07,652 [INFO] Argument:329 - Argument : PeriphIncvalue: DMA_PINC_DISABLE
2024-01-04 15:21:07,652 [INFO] Argument:319 - Argument : MemIncvalue: DMA_MINC_ENABLE
2024-01-04 15:21:07,652 [INFO] Argument:329 - Argument : MemIncvalue: DMA_MINC_ENABLE
2024-01-04 15:21:07,652 [INFO] Argument:319 - Argument : PeriphDataAlignmentvalue: DMA_PDATAALIGN_WORD
2024-01-04 15:21:07,652 [INFO] Argument:329 - Argument : PeriphDataAlignmentvalue: DMA_PDATAALIGN_WORD
2024-01-04 15:21:07,652 [INFO] Argument:319 - Argument : MemDataAlignmentvalue: DMA_MDATAALIGN_WORD
2024-01-04 15:21:07,652 [INFO] Argument:329 - Argument : MemDataAlignmentvalue: DMA_MDATAALIGN_WORD
2024-01-04 15:21:07,652 [INFO] Argument:319 - Argument : Modevalue: DMA_CIRCULAR
2024-01-04 15:21:07,652 [INFO] Argument:329 - Argument : Modevalue: DMA_CIRCULAR
2024-01-04 15:21:07,652 [INFO] Argument:319 - Argument : Priorityvalue: DMA_PRIORITY_LOW
2024-01-04 15:21:07,652 [INFO] Argument:329 - Argument : Priorityvalue: DMA_PRIORITY_LOW
2024-01-04 15:21:07,652 [INFO] Argument:319 - Argument : Lockvalue: null
2024-01-04 15:21:07,652 [INFO] Argument:329 - Argument : Lockvalue: null
2024-01-04 15:21:07,652 [INFO] Argument:319 - Argument : Statevalue: null
2024-01-04 15:21:07,652 [INFO] Argument:329 - Argument : Statevalue: null
2024-01-04 15:21:07,652 [INFO] Argument:319 - Argument : Parentvalue: null
2024-01-04 15:21:07,652 [INFO] Argument:329 - Argument : Parentvalue: null
2024-01-04 15:21:07,652 [INFO] Argument:319 - Argument : XferCpltCallbackvalue: null
2024-01-04 15:21:07,652 [INFO] Argument:329 - Argument : XferCpltCallbackvalue: null
2024-01-04 15:21:07,652 [INFO] Argument:319 - Argument : XferHalfCpltCallbackvalue: null
2024-01-04 15:21:07,652 [INFO] Argument:329 - Argument : XferHalfCpltCallbackvalue: null
2024-01-04 15:21:07,652 [INFO] Argument:319 - Argument : XferErrorCallbackvalue: null
2024-01-04 15:21:07,652 [INFO] Argument:329 - Argument : XferErrorCallbackvalue: null
2024-01-04 15:21:07,653 [INFO] Argument:319 - Argument : ErrorCodevalue: null
2024-01-04 15:21:07,653 [INFO] Argument:329 - Argument : ErrorCodevalue: null
2024-01-04 15:21:07,653 [INFO] Argument:319 - Argument : DMA_Remapvalue: null
2024-01-04 15:21:07,653 [INFO] Argument:329 - Argument : DMA_Remapvalue: null
2024-01-04 15:21:07,763 [INFO] CodeEngine:255 - oldGeneratedFile, C:\Users\Matus\Desktop\FEI\semester_7\VRS\cv1\mic_reading\MXTmpFiles\license.tmp_save
2024-01-04 15:21:07,858 [INFO] CodeEngine:279 - Generated code: C:\Users\Matus\Desktop\FEI\semester_7\VRS\cv1\mic_reading\MXTmpFiles\license.tmp
2024-01-04 15:21:07,882 [INFO] CodeEngine:255 - oldGeneratedFile, C:\Users\Matus\Desktop\FEI\semester_7\VRS\cv1\mic_reading\Core\Src\gpio.c_save
2024-01-04 15:21:07,951 [INFO] CodeEngine:279 - Generated code: C:\Users\Matus\Desktop\FEI\semester_7\VRS\cv1\mic_reading\Core\Src\gpio.c
2024-01-04 15:21:07,958 [INFO] CodeEngine:255 - oldGeneratedFile, C:\Users\Matus\Desktop\FEI\semester_7\VRS\cv1\mic_reading\Core\Inc\gpio.h_save
2024-01-04 15:21:08,015 [INFO] CodeEngine:279 - Generated code: C:\Users\Matus\Desktop\FEI\semester_7\VRS\cv1\mic_reading\Core\Inc\gpio.h
2024-01-04 15:21:08,066 [INFO] CodeEngine:255 - oldGeneratedFile, C:\Users\Matus\Desktop\FEI\semester_7\VRS\cv1\mic_reading\Core\Src\dma.c_save
2024-01-04 15:21:08,138 [INFO] CodeEngine:279 - Generated code: C:\Users\Matus\Desktop\FEI\semester_7\VRS\cv1\mic_reading\Core\Src\dma.c
2024-01-04 15:21:08,146 [INFO] CodeEngine:255 - oldGeneratedFile, C:\Users\Matus\Desktop\FEI\semester_7\VRS\cv1\mic_reading\Core\Inc\dma.h_save
2024-01-04 15:21:08,204 [INFO] CodeEngine:279 - Generated code: C:\Users\Matus\Desktop\FEI\semester_7\VRS\cv1\mic_reading\Core\Inc\dma.h
2024-01-04 15:21:08,216 [INFO] CodeEngine:255 - oldGeneratedFile, C:\Users\Matus\Desktop\FEI\semester_7\VRS\cv1\mic_reading\Core\Src\i2s.c_save
2024-01-04 15:21:08,296 [INFO] CodeEngine:279 - Generated code: C:\Users\Matus\Desktop\FEI\semester_7\VRS\cv1\mic_reading\Core\Src\i2s.c
2024-01-04 15:21:08,305 [INFO] CodeEngine:255 - oldGeneratedFile, C:\Users\Matus\Desktop\FEI\semester_7\VRS\cv1\mic_reading\Core\Inc\i2s.h_save
2024-01-04 15:21:08,364 [INFO] CodeEngine:279 - Generated code: C:\Users\Matus\Desktop\FEI\semester_7\VRS\cv1\mic_reading\Core\Inc\i2s.h
2024-01-04 15:21:08,377 [INFO] CodeEngine:255 - oldGeneratedFile, C:\Users\Matus\Desktop\FEI\semester_7\VRS\cv1\mic_reading\Core\Src\stm32f3xx_it.c_save
2024-01-04 15:21:08,437 [INFO] CodeEngine:279 - Generated code: C:\Users\Matus\Desktop\FEI\semester_7\VRS\cv1\mic_reading\Core\Src\stm32f3xx_it.c
2024-01-04 15:21:08,442 [INFO] CodeEngine:255 - oldGeneratedFile, C:\Users\Matus\Desktop\FEI\semester_7\VRS\cv1\mic_reading\Core\Inc\stm32f3xx_it.h_save
2024-01-04 15:21:08,508 [INFO] CodeEngine:279 - Generated code: C:\Users\Matus\Desktop\FEI\semester_7\VRS\cv1\mic_reading\Core\Inc\stm32f3xx_it.h
2024-01-04 15:21:08,520 [INFO] CodeEngine:255 - oldGeneratedFile, C:\Users\Matus\Desktop\FEI\semester_7\VRS\cv1\mic_reading\Core\Src\stm32f3xx_hal_msp.c_save
2024-01-04 15:21:08,591 [INFO] CodeEngine:279 - Generated code: C:\Users\Matus\Desktop\FEI\semester_7\VRS\cv1\mic_reading\Core\Src\stm32f3xx_hal_msp.c
2024-01-04 15:21:08,595 [INFO] CodeEngine:255 - oldGeneratedFile, C:\Users\Matus\Desktop\FEI\semester_7\VRS\cv1\mic_reading\MXTmpFiles\system.tmp_save
2024-01-04 15:21:08,649 [INFO] CodeEngine:279 - Generated code: C:\Users\Matus\Desktop\FEI\semester_7\VRS\cv1\mic_reading\MXTmpFiles\system.tmp
2024-01-04 15:21:08,662 [INFO] CodeEngine:311 - oldGeneratedFile, C:\Users\Matus\Desktop\FEI\semester_7\VRS\cv1\mic_reading\Core\Inc\stm32f3xx_hal_conf.h_save
2024-01-04 15:21:08,737 [INFO] CodeEngine:335 - Generated code: C:\Users\Matus\Desktop\FEI\semester_7\VRS\cv1\mic_reading\Core\Inc\stm32f3xx_hal_conf.h
2024-01-04 15:21:08,763 [INFO] CodeEngine:255 - oldGeneratedFile, C:\Users\Matus\Desktop\FEI\semester_7\VRS\cv1\mic_reading\Core\Inc\main.h_save
2024-01-04 15:21:08,828 [INFO] CodeEngine:279 - Generated code: C:\Users\Matus\Desktop\FEI\semester_7\VRS\cv1\mic_reading\Core\Inc\main.h
2024-01-04 15:21:08,838 [INFO] CodeEngine:255 - oldGeneratedFile, C:\Users\Matus\Desktop\FEI\semester_7\VRS\cv1\mic_reading\Core\Src\main.c_save
2024-01-04 15:21:08,912 [INFO] CodeEngine:279 - Generated code: C:\Users\Matus\Desktop\FEI\semester_7\VRS\cv1\mic_reading\Core\Src\main.c
2024-01-04 15:21:09,346 [INFO] ProjectBuilder:3064 - Time for Copy HAL[1] : 142mS.
2024-01-04 15:21:09,350 [INFO] ProjectBuilder:4404 - Project Generator version: 4.1.0
2024-01-04 15:21:09,513 [INFO] ConfigFileManager:1457 - The Die is : DIE439
2024-01-04 15:21:10,369 [INFO] ProjectBuilder:4626 - Time for Generating toolchain IDE Files: 1020mS.
2024-01-04 15:21:10,369 [INFO] ProjectBuilder:2935 - Time for Copy CMSIS : 0mS.
2024-01-04 15:21:10,371 [INFO] ProjectBuilder:2935 - Time for Copy CMSIS : 0mS.
2024-01-04 15:21:24,974 [INFO] UtilMem:75 - End SaveConfig() Used Memory: 690167384 Bytes (1073741824)
2024-01-04 15:21:25,154 [INFO] BlockDiagram:2759 - set Specific Code input for plugin: NVIC
2024-01-04 15:21:25,154 [INFO] BlockDiagram:2759 - set Specific Code input for plugin: DMA
2024-01-04 15:21:25,154 [INFO] BlockDiagram:2759 - set Specific Code input for plugin: I2S
2024-01-04 15:21:25,154 [INFO] BlockDiagram:2759 - set Specific Code input for plugin: SYS
2024-01-04 15:21:25,154 [INFO] BlockDiagram:2759 - set Specific Code input for plugin: GPIO
2024-01-04 15:21:25,154 [INFO] BlockDiagram:2759 - set Specific Code input for plugin: RCC
2024-01-04 15:21:25,155 [INFO] CodeGenerator:799 - code generatio: config db path: C:\ST\STM32CubeIDE_1.13.2\STM32CubeIDE\plugins\com.st.stm32cube.common.mx_6.9.2.202309101412\\db\
2024-01-04 15:21:25,157 [INFO] Argument:319 - Argument : hdmavalue: null
2024-01-04 15:21:25,157 [INFO] Argument:321 - 	 sub Args: 
2024-01-04 15:21:25,157 [INFO] Argument:319 - Argument : Instancevalue: DMA1_Channel4
2024-01-04 15:21:25,157 [INFO] Argument:329 - Argument : Instancevalue: DMA1_Channel4
2024-01-04 15:21:25,157 [INFO] Argument:319 - Argument : Initvalue: null
2024-01-04 15:21:25,157 [INFO] Argument:321 - 	 sub Args: 
2024-01-04 15:21:25,157 [INFO] Argument:319 - Argument : Directionvalue: DMA_PERIPH_TO_MEMORY
2024-01-04 15:21:25,157 [INFO] Argument:329 - Argument : Directionvalue: DMA_PERIPH_TO_MEMORY
2024-01-04 15:21:25,157 [INFO] Argument:319 - Argument : PeriphIncvalue: DMA_PINC_DISABLE
2024-01-04 15:21:25,157 [INFO] Argument:329 - Argument : PeriphIncvalue: DMA_PINC_DISABLE
2024-01-04 15:21:25,157 [INFO] Argument:319 - Argument : MemIncvalue: DMA_MINC_ENABLE
2024-01-04 15:21:25,157 [INFO] Argument:329 - Argument : MemIncvalue: DMA_MINC_ENABLE
2024-01-04 15:21:25,157 [INFO] Argument:319 - Argument : PeriphDataAlignmentvalue: DMA_PDATAALIGN_WORD
2024-01-04 15:21:25,157 [INFO] Argument:329 - Argument : PeriphDataAlignmentvalue: DMA_PDATAALIGN_WORD
2024-01-04 15:21:25,157 [INFO] Argument:319 - Argument : MemDataAlignmentvalue: DMA_MDATAALIGN_WORD
2024-01-04 15:21:25,157 [INFO] Argument:329 - Argument : MemDataAlignmentvalue: DMA_MDATAALIGN_WORD
2024-01-04 15:21:25,157 [INFO] Argument:319 - Argument : Modevalue: DMA_CIRCULAR
2024-01-04 15:21:25,157 [INFO] Argument:329 - Argument : Modevalue: DMA_CIRCULAR
2024-01-04 15:21:25,157 [INFO] Argument:319 - Argument : Priorityvalue: DMA_PRIORITY_LOW
2024-01-04 15:21:25,157 [INFO] Argument:329 - Argument : Priorityvalue: DMA_PRIORITY_LOW
2024-01-04 15:21:25,157 [INFO] Argument:319 - Argument : Lockvalue: null
2024-01-04 15:21:25,157 [INFO] Argument:329 - Argument : Lockvalue: null
2024-01-04 15:21:25,157 [INFO] Argument:319 - Argument : Statevalue: null
2024-01-04 15:21:25,157 [INFO] Argument:329 - Argument : Statevalue: null
2024-01-04 15:21:25,157 [INFO] Argument:319 - Argument : Parentvalue: null
2024-01-04 15:21:25,157 [INFO] Argument:329 - Argument : Parentvalue: null
2024-01-04 15:21:25,157 [INFO] Argument:319 - Argument : XferCpltCallbackvalue: null
2024-01-04 15:21:25,157 [INFO] Argument:329 - Argument : XferCpltCallbackvalue: null
2024-01-04 15:21:25,158 [INFO] Argument:319 - Argument : XferHalfCpltCallbackvalue: null
2024-01-04 15:21:25,158 [INFO] Argument:329 - Argument : XferHalfCpltCallbackvalue: null
2024-01-04 15:21:25,158 [INFO] Argument:319 - Argument : XferErrorCallbackvalue: null
2024-01-04 15:21:25,158 [INFO] Argument:329 - Argument : XferErrorCallbackvalue: null
2024-01-04 15:21:25,158 [INFO] Argument:319 - Argument : ErrorCodevalue: null
2024-01-04 15:21:25,158 [INFO] Argument:329 - Argument : ErrorCodevalue: null
2024-01-04 15:21:25,158 [INFO] Argument:319 - Argument : DMA_Remapvalue: null
2024-01-04 15:21:25,158 [INFO] Argument:329 - Argument : DMA_Remapvalue: null
2024-01-04 15:21:25,259 [INFO] CodeEngine:255 - oldGeneratedFile, C:\Users\Matus\Desktop\FEI\semester_7\VRS\cv1\mic_reading\MXTmpFiles\license.tmp_save
2024-01-04 15:21:25,318 [INFO] CodeEngine:279 - Generated code: C:\Users\Matus\Desktop\FEI\semester_7\VRS\cv1\mic_reading\MXTmpFiles\license.tmp
2024-01-04 15:21:25,363 [INFO] CodeEngine:255 - oldGeneratedFile, C:\Users\Matus\Desktop\FEI\semester_7\VRS\cv1\mic_reading\Core\Src\gpio.c_save
2024-01-04 15:21:25,431 [INFO] CodeEngine:279 - Generated code: C:\Users\Matus\Desktop\FEI\semester_7\VRS\cv1\mic_reading\Core\Src\gpio.c
2024-01-04 15:21:25,436 [INFO] CodeEngine:255 - oldGeneratedFile, C:\Users\Matus\Desktop\FEI\semester_7\VRS\cv1\mic_reading\Core\Inc\gpio.h_save
2024-01-04 15:21:25,481 [INFO] CodeEngine:279 - Generated code: C:\Users\Matus\Desktop\FEI\semester_7\VRS\cv1\mic_reading\Core\Inc\gpio.h
2024-01-04 15:21:25,547 [INFO] CodeEngine:255 - oldGeneratedFile, C:\Users\Matus\Desktop\FEI\semester_7\VRS\cv1\mic_reading\Core\Src\dma.c_save
2024-01-04 15:21:25,602 [INFO] CodeEngine:279 - Generated code: C:\Users\Matus\Desktop\FEI\semester_7\VRS\cv1\mic_reading\Core\Src\dma.c
2024-01-04 15:21:25,606 [INFO] CodeEngine:255 - oldGeneratedFile, C:\Users\Matus\Desktop\FEI\semester_7\VRS\cv1\mic_reading\Core\Inc\dma.h_save
2024-01-04 15:21:25,648 [INFO] CodeEngine:279 - Generated code: C:\Users\Matus\Desktop\FEI\semester_7\VRS\cv1\mic_reading\Core\Inc\dma.h
2024-01-04 15:21:25,661 [INFO] CodeEngine:255 - oldGeneratedFile, C:\Users\Matus\Desktop\FEI\semester_7\VRS\cv1\mic_reading\Core\Src\i2s.c_save
2024-01-04 15:21:25,734 [INFO] CodeEngine:279 - Generated code: C:\Users\Matus\Desktop\FEI\semester_7\VRS\cv1\mic_reading\Core\Src\i2s.c
2024-01-04 15:21:25,739 [INFO] CodeEngine:255 - oldGeneratedFile, C:\Users\Matus\Desktop\FEI\semester_7\VRS\cv1\mic_reading\Core\Inc\i2s.h_save
2024-01-04 15:21:25,782 [INFO] CodeEngine:279 - Generated code: C:\Users\Matus\Desktop\FEI\semester_7\VRS\cv1\mic_reading\Core\Inc\i2s.h
2024-01-04 15:21:25,794 [INFO] CodeEngine:255 - oldGeneratedFile, C:\Users\Matus\Desktop\FEI\semester_7\VRS\cv1\mic_reading\Core\Src\stm32f3xx_it.c_save
2024-01-04 15:21:25,850 [INFO] CodeEngine:279 - Generated code: C:\Users\Matus\Desktop\FEI\semester_7\VRS\cv1\mic_reading\Core\Src\stm32f3xx_it.c
2024-01-04 15:21:25,856 [INFO] CodeEngine:255 - oldGeneratedFile, C:\Users\Matus\Desktop\FEI\semester_7\VRS\cv1\mic_reading\Core\Inc\stm32f3xx_it.h_save
2024-01-04 15:21:25,906 [INFO] CodeEngine:279 - Generated code: C:\Users\Matus\Desktop\FEI\semester_7\VRS\cv1\mic_reading\Core\Inc\stm32f3xx_it.h
2024-01-04 15:21:25,921 [INFO] CodeEngine:255 - oldGeneratedFile, C:\Users\Matus\Desktop\FEI\semester_7\VRS\cv1\mic_reading\Core\Src\stm32f3xx_hal_msp.c_save
2024-01-04 15:21:25,976 [INFO] CodeEngine:279 - Generated code: C:\Users\Matus\Desktop\FEI\semester_7\VRS\cv1\mic_reading\Core\Src\stm32f3xx_hal_msp.c
2024-01-04 15:21:25,979 [INFO] CodeEngine:255 - oldGeneratedFile, C:\Users\Matus\Desktop\FEI\semester_7\VRS\cv1\mic_reading\MXTmpFiles\system.tmp_save
2024-01-04 15:21:26,020 [INFO] CodeEngine:279 - Generated code: C:\Users\Matus\Desktop\FEI\semester_7\VRS\cv1\mic_reading\MXTmpFiles\system.tmp
2024-01-04 15:21:26,033 [INFO] CodeEngine:311 - oldGeneratedFile, C:\Users\Matus\Desktop\FEI\semester_7\VRS\cv1\mic_reading\Core\Inc\stm32f3xx_hal_conf.h_save
2024-01-04 15:21:26,104 [INFO] CodeEngine:335 - Generated code: C:\Users\Matus\Desktop\FEI\semester_7\VRS\cv1\mic_reading\Core\Inc\stm32f3xx_hal_conf.h
2024-01-04 15:21:26,132 [INFO] CodeEngine:255 - oldGeneratedFile, C:\Users\Matus\Desktop\FEI\semester_7\VRS\cv1\mic_reading\Core\Inc\main.h_save
2024-01-04 15:21:26,192 [INFO] CodeEngine:279 - Generated code: C:\Users\Matus\Desktop\FEI\semester_7\VRS\cv1\mic_reading\Core\Inc\main.h
2024-01-04 15:21:26,202 [INFO] CodeEngine:255 - oldGeneratedFile, C:\Users\Matus\Desktop\FEI\semester_7\VRS\cv1\mic_reading\Core\Src\main.c_save
2024-01-04 15:21:26,263 [INFO] CodeEngine:279 - Generated code: C:\Users\Matus\Desktop\FEI\semester_7\VRS\cv1\mic_reading\Core\Src\main.c
2024-01-04 15:21:26,630 [INFO] ProjectBuilder:3064 - Time for Copy HAL[1] : 110mS.
2024-01-04 15:21:26,632 [INFO] ProjectBuilder:4404 - Project Generator version: 4.1.0
2024-01-04 15:21:26,788 [INFO] ConfigFileManager:1457 - The Die is : DIE439
2024-01-04 15:21:27,613 [INFO] ProjectBuilder:4626 - Time for Generating toolchain IDE Files: 981mS.
2024-01-04 15:21:27,614 [INFO] ProjectBuilder:2935 - Time for Copy CMSIS : 1mS.
2024-01-04 15:21:27,617 [INFO] ProjectBuilder:2935 - Time for Copy CMSIS : 1mS.
2024-01-04 15:59:14,396 [INFO] I2sManager:658 - 8000000.0
2024-01-04 15:59:14,396 [INFO] I2sManager:195 - I2S Clock Value : 8000000.0
2024-01-04 15:59:14,396 [INFO] I2sManager:553 - AudioClock : 8064Divider : 15Odd : 1
2024-01-04 15:59:19,251 [INFO] I2sManager:658 - 8000000.0
2024-01-04 15:59:19,251 [INFO] I2sManager:195 - I2S Clock Value : 8000000.0
2024-01-04 15:59:19,252 [INFO] I2sManager:553 - AudioClock : 8064Divider : 15Odd : 1
2024-01-04 15:59:19,313 [INFO] I2sManager:658 - 8000000.0
2024-01-04 15:59:19,313 [INFO] I2sManager:195 - I2S Clock Value : 8000000.0
2024-01-04 15:59:19,313 [INFO] I2sManager:553 - AudioClock : 8064Divider : 15Odd : 1
2024-01-04 15:59:19,552 [INFO] I2sManager:658 - 8000000.0
2024-01-04 15:59:19,554 [INFO] I2sManager:195 - I2S Clock Value : 8000000.0
2024-01-04 15:59:19,556 [INFO] I2sManager:553 - AudioClock : 8064Divider : 15Odd : 1
2024-01-04 15:59:19,597 [INFO] I2sManager:658 - 8000000.0
2024-01-04 15:59:19,598 [INFO] I2sManager:195 - I2S Clock Value : 8000000.0
2024-01-04 15:59:19,598 [INFO] I2sManager:553 - AudioClock : 8064Divider : 15Odd : 1
2024-01-04 15:59:32,372 [INFO] I2sManager:658 - 8000000.0
2024-01-04 15:59:32,372 [INFO] I2sManager:195 - I2S Clock Value : 8000000.0
2024-01-04 15:59:32,372 [INFO] I2sManager:553 - AudioClock : 8064Divider : 15Odd : 1
2024-01-04 16:00:45,761 [INFO] NvicIntPanel:101 - NVIC parent = com.st.microxplorer.plugins.ip.nvic.MultiNvicIntPanel[,0,0,0x0,invalid,layout=javax.swing.BoxLayout,alignmentX=0.0,alignmentY=0.0,border=,flags=9,maximumSize=,minimumSize=,preferredSize=]
2024-01-04 16:00:45,783 [INFO] I2sManager:553 - AudioClock : 7812Divider : 8Odd : 0
2024-01-04 16:00:45,813 [INFO] NvicIntPanel:101 - NVIC parent = com.st.microxplorer.plugins.ip.nvic.MultiNvicIntPanel[,0,0,0x0,invalid,layout=javax.swing.BoxLayout,alignmentX=0.0,alignmentY=0.0,border=,flags=9,maximumSize=,minimumSize=,preferredSize=]
2024-01-04 16:02:07,767 [INFO] NvicIntPanel:101 - NVIC parent = com.st.microxplorer.plugins.ip.nvic.MultiNvicIntPanel[,0,0,0x0,invalid,layout=javax.swing.BoxLayout,alignmentX=0.0,alignmentY=0.0,border=,flags=9,maximumSize=,minimumSize=,preferredSize=]
2024-01-04 16:02:07,792 [INFO] I2sManager:658 - 8000000.0
2024-01-04 16:02:07,792 [INFO] I2sManager:195 - I2S Clock Value : 8000000.0
2024-01-04 16:02:07,792 [INFO] I2sManager:553 - AudioClock : 31250Divider : 2Odd : 0
2024-01-04 16:02:07,818 [INFO] NvicIntPanel:101 - NVIC parent = com.st.microxplorer.plugins.ip.nvic.MultiNvicIntPanel[,0,0,0x0,invalid,layout=javax.swing.BoxLayout,alignmentX=0.0,alignmentY=0.0,border=,flags=9,maximumSize=,minimumSize=,preferredSize=]
2024-01-04 16:02:19,954 [INFO] NvicIntPanel:101 - NVIC parent = com.st.microxplorer.plugins.ip.nvic.MultiNvicIntPanel[,0,0,0x0,invalid,layout=javax.swing.BoxLayout,alignmentX=0.0,alignmentY=0.0,border=,flags=9,maximumSize=,minimumSize=,preferredSize=]
2024-01-04 16:02:29,901 [INFO] NvicIntPanel:101 - NVIC parent = com.st.microxplorer.plugins.ip.nvic.MultiNvicIntPanel[,0,0,0x0,invalid,layout=javax.swing.BoxLayout,alignmentX=0.0,alignmentY=0.0,border=,flags=9,maximumSize=,minimumSize=,preferredSize=]
2024-01-04 16:02:40,638 [INFO] NvicIntPanel:101 - NVIC parent = com.st.microxplorer.plugins.ip.nvic.MultiNvicIntPanel[,0,0,0x0,invalid,layout=javax.swing.BoxLayout,alignmentX=0.0,alignmentY=0.0,border=,flags=9,maximumSize=,minimumSize=,preferredSize=]
2024-01-04 16:02:41,818 [INFO] NvicIntPanel:101 - NVIC parent = com.st.microxplorer.plugins.ip.nvic.MultiNvicIntPanel[,0,0,0x0,invalid,layout=javax.swing.BoxLayout,alignmentX=0.0,alignmentY=0.0,border=,flags=9,maximumSize=,minimumSize=,preferredSize=]
2024-01-04 16:03:02,650 [INFO] UtilMem:75 - End SaveConfig() Used Memory: 793951632 Bytes (1073741824)
2024-01-04 16:03:02,701 [INFO] UtilMem:75 - End SaveConfig() Used Memory: 812246096 Bytes (1073741824)
2024-01-04 16:03:02,848 [INFO] UtilMem:75 - End SaveConfig() Used Memory: 873589840 Bytes (1073741824)
2024-01-04 16:03:02,983 [INFO] BlockDiagram:2759 - set Specific Code input for plugin: NVIC
2024-01-04 16:03:02,983 [INFO] BlockDiagram:2759 - set Specific Code input for plugin: DMA
2024-01-04 16:03:02,983 [INFO] BlockDiagram:2759 - set Specific Code input for plugin: I2S
2024-01-04 16:03:02,983 [INFO] BlockDiagram:2759 - set Specific Code input for plugin: SYS
2024-01-04 16:03:02,983 [INFO] BlockDiagram:2759 - set Specific Code input for plugin: GPIO
2024-01-04 16:03:02,983 [INFO] BlockDiagram:2759 - set Specific Code input for plugin: RCC
2024-01-04 16:03:02,983 [INFO] CodeGenerator:799 - code generatio: config db path: C:\ST\STM32CubeIDE_1.13.2\STM32CubeIDE\plugins\com.st.stm32cube.common.mx_6.9.2.202309101412\\db\
2024-01-04 16:03:02,985 [INFO] Argument:319 - Argument : hdmavalue: null
2024-01-04 16:03:02,985 [INFO] Argument:321 - 	 sub Args: 
2024-01-04 16:03:02,985 [INFO] Argument:319 - Argument : Instancevalue: DMA1_Channel4
2024-01-04 16:03:02,985 [INFO] Argument:329 - Argument : Instancevalue: DMA1_Channel4
2024-01-04 16:03:02,985 [INFO] Argument:319 - Argument : Initvalue: null
2024-01-04 16:03:02,985 [INFO] Argument:321 - 	 sub Args: 
2024-01-04 16:03:02,985 [INFO] Argument:319 - Argument : Directionvalue: DMA_PERIPH_TO_MEMORY
2024-01-04 16:03:02,985 [INFO] Argument:329 - Argument : Directionvalue: DMA_PERIPH_TO_MEMORY
2024-01-04 16:03:02,985 [INFO] Argument:319 - Argument : PeriphIncvalue: DMA_PINC_DISABLE
2024-01-04 16:03:02,985 [INFO] Argument:329 - Argument : PeriphIncvalue: DMA_PINC_DISABLE
2024-01-04 16:03:02,985 [INFO] Argument:319 - Argument : MemIncvalue: DMA_MINC_ENABLE
2024-01-04 16:03:02,985 [INFO] Argument:329 - Argument : MemIncvalue: DMA_MINC_ENABLE
2024-01-04 16:03:02,985 [INFO] Argument:319 - Argument : PeriphDataAlignmentvalue: DMA_PDATAALIGN_WORD
2024-01-04 16:03:02,985 [INFO] Argument:329 - Argument : PeriphDataAlignmentvalue: DMA_PDATAALIGN_WORD
2024-01-04 16:03:02,985 [INFO] Argument:319 - Argument : MemDataAlignmentvalue: DMA_MDATAALIGN_WORD
2024-01-04 16:03:02,985 [INFO] Argument:329 - Argument : MemDataAlignmentvalue: DMA_MDATAALIGN_WORD
2024-01-04 16:03:02,985 [INFO] Argument:319 - Argument : Modevalue: DMA_CIRCULAR
2024-01-04 16:03:02,985 [INFO] Argument:329 - Argument : Modevalue: DMA_CIRCULAR
2024-01-04 16:03:02,985 [INFO] Argument:319 - Argument : Priorityvalue: DMA_PRIORITY_LOW
2024-01-04 16:03:02,985 [INFO] Argument:329 - Argument : Priorityvalue: DMA_PRIORITY_LOW
2024-01-04 16:03:02,985 [INFO] Argument:319 - Argument : Lockvalue: null
2024-01-04 16:03:02,985 [INFO] Argument:329 - Argument : Lockvalue: null
2024-01-04 16:03:02,985 [INFO] Argument:319 - Argument : Statevalue: null
2024-01-04 16:03:02,985 [INFO] Argument:329 - Argument : Statevalue: null
2024-01-04 16:03:02,985 [INFO] Argument:319 - Argument : Parentvalue: null
2024-01-04 16:03:02,985 [INFO] Argument:329 - Argument : Parentvalue: null
2024-01-04 16:03:02,985 [INFO] Argument:319 - Argument : XferCpltCallbackvalue: null
2024-01-04 16:03:02,985 [INFO] Argument:329 - Argument : XferCpltCallbackvalue: null
2024-01-04 16:03:02,985 [INFO] Argument:319 - Argument : XferHalfCpltCallbackvalue: null
2024-01-04 16:03:02,985 [INFO] Argument:329 - Argument : XferHalfCpltCallbackvalue: null
2024-01-04 16:03:02,985 [INFO] Argument:319 - Argument : XferErrorCallbackvalue: null
2024-01-04 16:03:02,985 [INFO] Argument:329 - Argument : XferErrorCallbackvalue: null
2024-01-04 16:03:02,985 [INFO] Argument:319 - Argument : ErrorCodevalue: null
2024-01-04 16:03:02,986 [INFO] Argument:329 - Argument : ErrorCodevalue: null
2024-01-04 16:03:02,986 [INFO] Argument:319 - Argument : DMA_Remapvalue: null
2024-01-04 16:03:02,986 [INFO] Argument:329 - Argument : DMA_Remapvalue: null
2024-01-04 16:03:03,109 [INFO] CodeEngine:255 - oldGeneratedFile, C:\Users\Matus\Desktop\FEI\semester_7\VRS\cv1\mic_reading\MXTmpFiles\license.tmp_save
2024-01-04 16:03:03,181 [INFO] CodeEngine:279 - Generated code: C:\Users\Matus\Desktop\FEI\semester_7\VRS\cv1\mic_reading\MXTmpFiles\license.tmp
2024-01-04 16:03:03,213 [INFO] CodeEngine:255 - oldGeneratedFile, C:\Users\Matus\Desktop\FEI\semester_7\VRS\cv1\mic_reading\Core\Src\gpio.c_save
2024-01-04 16:03:03,299 [INFO] CodeEngine:279 - Generated code: C:\Users\Matus\Desktop\FEI\semester_7\VRS\cv1\mic_reading\Core\Src\gpio.c
2024-01-04 16:03:03,303 [INFO] CodeEngine:255 - oldGeneratedFile, C:\Users\Matus\Desktop\FEI\semester_7\VRS\cv1\mic_reading\Core\Inc\gpio.h_save
2024-01-04 16:03:03,376 [INFO] CodeEngine:279 - Generated code: C:\Users\Matus\Desktop\FEI\semester_7\VRS\cv1\mic_reading\Core\Inc\gpio.h
2024-01-04 16:03:03,437 [INFO] CodeEngine:255 - oldGeneratedFile, C:\Users\Matus\Desktop\FEI\semester_7\VRS\cv1\mic_reading\Core\Src\dma.c_save
2024-01-04 16:03:03,496 [INFO] CodeEngine:279 - Generated code: C:\Users\Matus\Desktop\FEI\semester_7\VRS\cv1\mic_reading\Core\Src\dma.c
2024-01-04 16:03:03,500 [INFO] CodeEngine:255 - oldGeneratedFile, C:\Users\Matus\Desktop\FEI\semester_7\VRS\cv1\mic_reading\Core\Inc\dma.h_save
2024-01-04 16:03:03,548 [INFO] CodeEngine:279 - Generated code: C:\Users\Matus\Desktop\FEI\semester_7\VRS\cv1\mic_reading\Core\Inc\dma.h
2024-01-04 16:03:03,561 [INFO] CodeEngine:255 - oldGeneratedFile, C:\Users\Matus\Desktop\FEI\semester_7\VRS\cv1\mic_reading\Core\Src\i2s.c_save
2024-01-04 16:03:03,647 [INFO] CodeEngine:279 - Generated code: C:\Users\Matus\Desktop\FEI\semester_7\VRS\cv1\mic_reading\Core\Src\i2s.c
2024-01-04 16:03:03,658 [INFO] CodeEngine:255 - oldGeneratedFile, C:\Users\Matus\Desktop\FEI\semester_7\VRS\cv1\mic_reading\Core\Inc\i2s.h_save
2024-01-04 16:03:03,705 [INFO] CodeEngine:279 - Generated code: C:\Users\Matus\Desktop\FEI\semester_7\VRS\cv1\mic_reading\Core\Inc\i2s.h
2024-01-04 16:03:03,717 [INFO] CodeEngine:255 - oldGeneratedFile, C:\Users\Matus\Desktop\FEI\semester_7\VRS\cv1\mic_reading\Core\Src\stm32f3xx_it.c_save
2024-01-04 16:03:03,845 [INFO] CodeEngine:279 - Generated code: C:\Users\Matus\Desktop\FEI\semester_7\VRS\cv1\mic_reading\Core\Src\stm32f3xx_it.c
2024-01-04 16:03:03,849 [INFO] CodeEngine:255 - oldGeneratedFile, C:\Users\Matus\Desktop\FEI\semester_7\VRS\cv1\mic_reading\Core\Inc\stm32f3xx_it.h_save
2024-01-04 16:03:03,898 [INFO] CodeEngine:279 - Generated code: C:\Users\Matus\Desktop\FEI\semester_7\VRS\cv1\mic_reading\Core\Inc\stm32f3xx_it.h
2024-01-04 16:03:03,910 [INFO] CodeEngine:255 - oldGeneratedFile, C:\Users\Matus\Desktop\FEI\semester_7\VRS\cv1\mic_reading\Core\Src\stm32f3xx_hal_msp.c_save
2024-01-04 16:03:03,969 [INFO] CodeEngine:279 - Generated code: C:\Users\Matus\Desktop\FEI\semester_7\VRS\cv1\mic_reading\Core\Src\stm32f3xx_hal_msp.c
2024-01-04 16:03:03,972 [INFO] CodeEngine:255 - oldGeneratedFile, C:\Users\Matus\Desktop\FEI\semester_7\VRS\cv1\mic_reading\MXTmpFiles\system.tmp_save
2024-01-04 16:03:04,022 [INFO] CodeEngine:279 - Generated code: C:\Users\Matus\Desktop\FEI\semester_7\VRS\cv1\mic_reading\MXTmpFiles\system.tmp
2024-01-04 16:03:04,035 [INFO] CodeEngine:311 - oldGeneratedFile, C:\Users\Matus\Desktop\FEI\semester_7\VRS\cv1\mic_reading\Core\Inc\stm32f3xx_hal_conf.h_save
2024-01-04 16:03:04,113 [INFO] CodeEngine:335 - Generated code: C:\Users\Matus\Desktop\FEI\semester_7\VRS\cv1\mic_reading\Core\Inc\stm32f3xx_hal_conf.h
2024-01-04 16:03:04,140 [INFO] CodeEngine:255 - oldGeneratedFile, C:\Users\Matus\Desktop\FEI\semester_7\VRS\cv1\mic_reading\Core\Inc\main.h_save
2024-01-04 16:03:04,204 [INFO] CodeEngine:279 - Generated code: C:\Users\Matus\Desktop\FEI\semester_7\VRS\cv1\mic_reading\Core\Inc\main.h
2024-01-04 16:03:04,213 [INFO] CodeEngine:255 - oldGeneratedFile, C:\Users\Matus\Desktop\FEI\semester_7\VRS\cv1\mic_reading\Core\Src\main.c_save
2024-01-04 16:03:04,286 [INFO] CodeEngine:279 - Generated code: C:\Users\Matus\Desktop\FEI\semester_7\VRS\cv1\mic_reading\Core\Src\main.c
2024-01-04 16:03:04,650 [INFO] ProjectBuilder:3064 - Time for Copy HAL[1] : 122mS.
2024-01-04 16:03:04,652 [INFO] ProjectBuilder:4404 - Project Generator version: 4.1.0
2024-01-04 16:03:04,822 [INFO] ConfigFileManager:1457 - The Die is : DIE439
2024-01-04 16:03:05,685 [INFO] ProjectBuilder:4626 - Time for Generating toolchain IDE Files: 1033mS.
2024-01-04 16:03:05,686 [INFO] ProjectBuilder:2935 - Time for Copy CMSIS : 1mS.
2024-01-04 16:03:05,688 [INFO] ProjectBuilder:2935 - Time for Copy CMSIS : 0mS.
2024-01-04 16:03:14,637 [INFO] Gpio:273 - dependency for GPIO [I2S2, RCC]
2024-01-04 16:04:05,530 [INFO] Gpio:273 - dependency for GPIO [I2S2, RCC]
2024-01-04 16:04:05,599 [INFO] Gpio:273 - dependency for GPIO [I2S2, RCC]
2024-01-04 16:04:15,150 [INFO] UtilMem:75 - End SaveConfig() Used Memory: 825702408 Bytes (1073741824)
2024-01-04 16:04:15,204 [INFO] UtilMem:75 - End SaveConfig() Used Memory: 843428904 Bytes (1073741824)
2024-01-04 16:04:15,360 [INFO] UtilMem:75 - End SaveConfig() Used Memory: 868248072 Bytes (1073741824)
2024-01-04 16:04:15,509 [INFO] BlockDiagram:2759 - set Specific Code input for plugin: NVIC
2024-01-04 16:04:15,509 [INFO] BlockDiagram:2759 - set Specific Code input for plugin: DMA
2024-01-04 16:04:15,509 [INFO] BlockDiagram:2759 - set Specific Code input for plugin: I2S
2024-01-04 16:04:15,509 [INFO] BlockDiagram:2759 - set Specific Code input for plugin: SYS
2024-01-04 16:04:15,509 [INFO] BlockDiagram:2759 - set Specific Code input for plugin: GPIO
2024-01-04 16:04:15,509 [INFO] BlockDiagram:2759 - set Specific Code input for plugin: RCC
2024-01-04 16:04:15,511 [INFO] CodeGenerator:799 - code generatio: config db path: C:\ST\STM32CubeIDE_1.13.2\STM32CubeIDE\plugins\com.st.stm32cube.common.mx_6.9.2.202309101412\\db\
2024-01-04 16:04:15,513 [INFO] Argument:319 - Argument : hdmavalue: null
2024-01-04 16:04:15,513 [INFO] Argument:321 - 	 sub Args: 
2024-01-04 16:04:15,513 [INFO] Argument:319 - Argument : Instancevalue: DMA1_Channel4
2024-01-04 16:04:15,513 [INFO] Argument:329 - Argument : Instancevalue: DMA1_Channel4
2024-01-04 16:04:15,513 [INFO] Argument:319 - Argument : Initvalue: null
2024-01-04 16:04:15,513 [INFO] Argument:321 - 	 sub Args: 
2024-01-04 16:04:15,513 [INFO] Argument:319 - Argument : Directionvalue: DMA_PERIPH_TO_MEMORY
2024-01-04 16:04:15,513 [INFO] Argument:329 - Argument : Directionvalue: DMA_PERIPH_TO_MEMORY
2024-01-04 16:04:15,513 [INFO] Argument:319 - Argument : PeriphIncvalue: DMA_PINC_DISABLE
2024-01-04 16:04:15,513 [INFO] Argument:329 - Argument : PeriphIncvalue: DMA_PINC_DISABLE
2024-01-04 16:04:15,513 [INFO] Argument:319 - Argument : MemIncvalue: DMA_MINC_ENABLE
2024-01-04 16:04:15,513 [INFO] Argument:329 - Argument : MemIncvalue: DMA_MINC_ENABLE
2024-01-04 16:04:15,513 [INFO] Argument:319 - Argument : PeriphDataAlignmentvalue: DMA_PDATAALIGN_HALFWORD
2024-01-04 16:04:15,513 [INFO] Argument:329 - Argument : PeriphDataAlignmentvalue: DMA_PDATAALIGN_HALFWORD
2024-01-04 16:04:15,513 [INFO] Argument:319 - Argument : MemDataAlignmentvalue: DMA_MDATAALIGN_HALFWORD
2024-01-04 16:04:15,513 [INFO] Argument:329 - Argument : MemDataAlignmentvalue: DMA_MDATAALIGN_HALFWORD
2024-01-04 16:04:15,513 [INFO] Argument:319 - Argument : Modevalue: DMA_CIRCULAR
2024-01-04 16:04:15,513 [INFO] Argument:329 - Argument : Modevalue: DMA_CIRCULAR
2024-01-04 16:04:15,513 [INFO] Argument:319 - Argument : Priorityvalue: DMA_PRIORITY_LOW
2024-01-04 16:04:15,513 [INFO] Argument:329 - Argument : Priorityvalue: DMA_PRIORITY_LOW
2024-01-04 16:04:15,514 [INFO] Argument:319 - Argument : Lockvalue: null
2024-01-04 16:04:15,514 [INFO] Argument:329 - Argument : Lockvalue: null
2024-01-04 16:04:15,514 [INFO] Argument:319 - Argument : Statevalue: null
2024-01-04 16:04:15,514 [INFO] Argument:329 - Argument : Statevalue: null
2024-01-04 16:04:15,514 [INFO] Argument:319 - Argument : Parentvalue: null
2024-01-04 16:04:15,514 [INFO] Argument:329 - Argument : Parentvalue: null
2024-01-04 16:04:15,514 [INFO] Argument:319 - Argument : XferCpltCallbackvalue: null
2024-01-04 16:04:15,514 [INFO] Argument:329 - Argument : XferCpltCallbackvalue: null
2024-01-04 16:04:15,514 [INFO] Argument:319 - Argument : XferHalfCpltCallbackvalue: null
2024-01-04 16:04:15,514 [INFO] Argument:329 - Argument : XferHalfCpltCallbackvalue: null
2024-01-04 16:04:15,514 [INFO] Argument:319 - Argument : XferErrorCallbackvalue: null
2024-01-04 16:04:15,514 [INFO] Argument:329 - Argument : XferErrorCallbackvalue: null
2024-01-04 16:04:15,514 [INFO] Argument:319 - Argument : ErrorCodevalue: null
2024-01-04 16:04:15,514 [INFO] Argument:329 - Argument : ErrorCodevalue: null
2024-01-04 16:04:15,514 [INFO] Argument:319 - Argument : DMA_Remapvalue: null
2024-01-04 16:04:15,514 [INFO] Argument:329 - Argument : DMA_Remapvalue: null
2024-01-04 16:04:15,614 [INFO] CodeEngine:255 - oldGeneratedFile, C:\Users\Matus\Desktop\FEI\semester_7\VRS\cv1\mic_reading\MXTmpFiles\license.tmp_save
2024-01-04 16:04:15,674 [INFO] CodeEngine:279 - Generated code: C:\Users\Matus\Desktop\FEI\semester_7\VRS\cv1\mic_reading\MXTmpFiles\license.tmp
2024-01-04 16:04:15,713 [INFO] CodeEngine:255 - oldGeneratedFile, C:\Users\Matus\Desktop\FEI\semester_7\VRS\cv1\mic_reading\Core\Src\gpio.c_save
2024-01-04 16:04:15,787 [INFO] CodeEngine:279 - Generated code: C:\Users\Matus\Desktop\FEI\semester_7\VRS\cv1\mic_reading\Core\Src\gpio.c
2024-01-04 16:04:15,793 [INFO] CodeEngine:255 - oldGeneratedFile, C:\Users\Matus\Desktop\FEI\semester_7\VRS\cv1\mic_reading\Core\Inc\gpio.h_save
2024-01-04 16:04:15,837 [INFO] CodeEngine:279 - Generated code: C:\Users\Matus\Desktop\FEI\semester_7\VRS\cv1\mic_reading\Core\Inc\gpio.h
2024-01-04 16:04:15,881 [INFO] CodeEngine:255 - oldGeneratedFile, C:\Users\Matus\Desktop\FEI\semester_7\VRS\cv1\mic_reading\Core\Src\dma.c_save
2024-01-04 16:04:15,935 [INFO] CodeEngine:279 - Generated code: C:\Users\Matus\Desktop\FEI\semester_7\VRS\cv1\mic_reading\Core\Src\dma.c
2024-01-04 16:04:15,938 [INFO] CodeEngine:255 - oldGeneratedFile, C:\Users\Matus\Desktop\FEI\semester_7\VRS\cv1\mic_reading\Core\Inc\dma.h_save
2024-01-04 16:04:15,981 [INFO] CodeEngine:279 - Generated code: C:\Users\Matus\Desktop\FEI\semester_7\VRS\cv1\mic_reading\Core\Inc\dma.h
2024-01-04 16:04:15,993 [INFO] CodeEngine:255 - oldGeneratedFile, C:\Users\Matus\Desktop\FEI\semester_7\VRS\cv1\mic_reading\Core\Src\i2s.c_save
2024-01-04 16:04:16,069 [INFO] CodeEngine:279 - Generated code: C:\Users\Matus\Desktop\FEI\semester_7\VRS\cv1\mic_reading\Core\Src\i2s.c
2024-01-04 16:04:16,074 [INFO] CodeEngine:255 - oldGeneratedFile, C:\Users\Matus\Desktop\FEI\semester_7\VRS\cv1\mic_reading\Core\Inc\i2s.h_save
2024-01-04 16:04:16,117 [INFO] CodeEngine:279 - Generated code: C:\Users\Matus\Desktop\FEI\semester_7\VRS\cv1\mic_reading\Core\Inc\i2s.h
2024-01-04 16:04:16,129 [INFO] CodeEngine:255 - oldGeneratedFile, C:\Users\Matus\Desktop\FEI\semester_7\VRS\cv1\mic_reading\Core\Src\stm32f3xx_it.c_save
2024-01-04 16:04:16,185 [INFO] CodeEngine:279 - Generated code: C:\Users\Matus\Desktop\FEI\semester_7\VRS\cv1\mic_reading\Core\Src\stm32f3xx_it.c
2024-01-04 16:04:16,189 [INFO] CodeEngine:255 - oldGeneratedFile, C:\Users\Matus\Desktop\FEI\semester_7\VRS\cv1\mic_reading\Core\Inc\stm32f3xx_it.h_save
2024-01-04 16:04:16,234 [INFO] CodeEngine:279 - Generated code: C:\Users\Matus\Desktop\FEI\semester_7\VRS\cv1\mic_reading\Core\Inc\stm32f3xx_it.h
2024-01-04 16:04:16,247 [INFO] CodeEngine:255 - oldGeneratedFile, C:\Users\Matus\Desktop\FEI\semester_7\VRS\cv1\mic_reading\Core\Src\stm32f3xx_hal_msp.c_save
2024-01-04 16:04:16,306 [INFO] CodeEngine:279 - Generated code: C:\Users\Matus\Desktop\FEI\semester_7\VRS\cv1\mic_reading\Core\Src\stm32f3xx_hal_msp.c
2024-01-04 16:04:16,309 [INFO] CodeEngine:255 - oldGeneratedFile, C:\Users\Matus\Desktop\FEI\semester_7\VRS\cv1\mic_reading\MXTmpFiles\system.tmp_save
2024-01-04 16:04:16,348 [INFO] CodeEngine:279 - Generated code: C:\Users\Matus\Desktop\FEI\semester_7\VRS\cv1\mic_reading\MXTmpFiles\system.tmp
2024-01-04 16:04:16,360 [INFO] CodeEngine:311 - oldGeneratedFile, C:\Users\Matus\Desktop\FEI\semester_7\VRS\cv1\mic_reading\Core\Inc\stm32f3xx_hal_conf.h_save
2024-01-04 16:04:16,427 [INFO] CodeEngine:335 - Generated code: C:\Users\Matus\Desktop\FEI\semester_7\VRS\cv1\mic_reading\Core\Inc\stm32f3xx_hal_conf.h
2024-01-04 16:04:16,456 [INFO] CodeEngine:255 - oldGeneratedFile, C:\Users\Matus\Desktop\FEI\semester_7\VRS\cv1\mic_reading\Core\Inc\main.h_save
2024-01-04 16:04:16,510 [INFO] CodeEngine:279 - Generated code: C:\Users\Matus\Desktop\FEI\semester_7\VRS\cv1\mic_reading\Core\Inc\main.h
2024-01-04 16:04:16,521 [INFO] CodeEngine:255 - oldGeneratedFile, C:\Users\Matus\Desktop\FEI\semester_7\VRS\cv1\mic_reading\Core\Src\main.c_save
2024-01-04 16:04:16,582 [INFO] CodeEngine:279 - Generated code: C:\Users\Matus\Desktop\FEI\semester_7\VRS\cv1\mic_reading\Core\Src\main.c
2024-01-04 16:04:16,970 [INFO] ProjectBuilder:3064 - Time for Copy HAL[1] : 112mS.
2024-01-04 16:04:16,972 [INFO] ProjectBuilder:4404 - Project Generator version: 4.1.0
2024-01-04 16:04:17,152 [INFO] ConfigFileManager:1457 - The Die is : DIE439
2024-01-04 16:04:18,039 [INFO] ProjectBuilder:4626 - Time for Generating toolchain IDE Files: 1067mS.
2024-01-04 16:04:18,040 [INFO] ProjectBuilder:2935 - Time for Copy CMSIS : 0mS.
2024-01-04 16:04:18,043 [INFO] ProjectBuilder:2935 - Time for Copy CMSIS : 0mS.
2024-01-04 16:10:14,888 [INFO] MainUpdater:2868 - connection check result : 10
2024-01-04 16:10:14,888 [INFO] MainUpdater:2868 - connection check result : 10
2024-01-04 16:10:14,915 [INFO] I2sManager:658 - 8000000.0
2024-01-04 16:10:14,915 [INFO] I2sManager:195 - I2S Clock Value : 8000000.0
2024-01-04 16:10:14,915 [INFO] I2sManager:553 - AudioClock : 31250Divider : 2Odd : 0
2024-01-04 16:10:14,921 [INFO] MicroXplorer:468 - Change Database Path : 
2024-01-04 16:10:14,921 [INFO] MicroXplorer:498 - Change Database Version : DB.6.0.92
2024-01-04 16:10:14,935 [WARN] ThirdParty:871 - waiting for thirdparty lock release [close project]
2024-01-04 16:10:14,936 [INFO] ThirdParty:873 - entering critical section [close project]
2024-01-04 16:10:14,936 [INFO] ThirdParty:883 - exiting critical section [close project]
2024-01-04 16:10:14,936 [INFO] PinOutPanel:1499 - setPackage(No Configuration,No Configuration)
2024-01-04 16:10:14,940 [INFO] UtilMem:75 - Begin LoadConfig() Used Memory: 783587072 Bytes (1073741824)
2024-01-04 16:10:14,941 [INFO] MicroXplorer:468 - Change Database Path : 
2024-01-04 16:10:14,941 [INFO] MicroXplorer:498 - Change Database Version : DB.6.0.92
2024-01-04 16:10:14,941 [INFO] OpenFileManager:308 - Change cursor
2024-01-04 16:10:14,959 [INFO] RulesReader:64 - Compatibility file has been processed (293 Rules)
2024-01-04 16:10:14,967 [INFO] Mcu:1946 - Initializing MCU STM32F302R(6-8)Tx STM32F302R8Tx STM32F302R8T6
2024-01-04 16:10:15,770 [INFO] Context:659 - Trying to add GPIOservice into a context  which must be forbidden
2024-01-04 16:10:16,052 [INFO] RtosManager:555 - Registered RTOS mode: class=CMSIS, group=RTOS, mode=CMSIS_V1, owner=FREERTOS
2024-01-04 16:10:16,052 [INFO] RtosManager:555 - Registered RTOS mode: class=CMSIS, group=RTOS2, mode=CMSIS_V2, owner=FREERTOS
2024-01-04 16:10:16,052 [INFO] RtosManager:555 - Registered RTOS mode: class=RTOS, group=Core, mode=CMSIS_V1, owner=FREERTOS
2024-01-04 16:10:16,052 [INFO] RtosManager:555 - Registered RTOS mode: class=RTOS, group=Core, mode=CMSIS_V2, owner=FREERTOS
2024-01-04 16:10:16,052 [WARN] ModelIntegratedComponent:184 - Missing modes for component STMicroelectronics:FreeRTOS:0.0.1:STMicroelectronics:RTOS:FreeRTOS:Core:::10.2.0:
2024-01-04 16:10:16,058 [WARN] ModelIntegratedComponent:63 - No mode defined for component null
2024-01-04 16:10:16,059 [WARN] ModelIntegratedComponent:63 - No mode defined for component null
2024-01-04 16:10:16,059 [WARN] ModelIntegratedComponent:63 - No mode defined for component null
2024-01-04 16:10:16,059 [WARN] ModelIntegratedComponent:63 - No mode defined for component null
2024-01-04 16:10:16,059 [WARN] ModelIntegratedComponent:63 - No mode defined for component null
2024-01-04 16:10:16,059 [WARN] ModelIntegratedComponent:63 - No mode defined for component null
2024-01-04 16:10:16,059 [WARN] ModelIntegratedComponent:63 - No mode defined for component null
2024-01-04 16:10:16,059 [WARN] ModelIntegratedComponent:63 - No mode defined for component null
2024-01-04 16:10:16,059 [WARN] ModelIntegratedComponent:63 - No mode defined for component null
2024-01-04 16:10:16,059 [WARN] ModelIntegratedComponent:63 - No mode defined for component null
2024-01-04 16:10:16,059 [WARN] ModelIntegratedComponent:63 - No mode defined for component null
2024-01-04 16:10:16,059 [WARN] ModelIntegratedComponent:63 - No mode defined for component null
2024-01-04 16:10:16,059 [WARN] ModelIntegratedComponent:63 - No mode defined for component null
2024-01-04 16:10:16,059 [WARN] ModelIntegratedComponent:63 - No mode defined for component null
2024-01-04 16:10:16,059 [WARN] ModelIntegratedComponent:63 - No mode defined for component null
2024-01-04 16:10:16,059 [WARN] ModelIntegratedComponent:63 - No mode defined for component null
2024-01-04 16:10:16,059 [WARN] ModelIntegratedComponent:63 - No mode defined for component null
2024-01-04 16:10:16,059 [WARN] ModelIntegratedComponent:63 - No mode defined for component null
2024-01-04 16:10:16,059 [WARN] ModelIntegratedComponent:63 - No mode defined for component null
2024-01-04 16:10:16,059 [WARN] ModelIntegratedComponent:63 - No mode defined for component null
2024-01-04 16:10:16,059 [WARN] ModelIntegratedComponent:63 - No mode defined for component null
2024-01-04 16:10:16,059 [WARN] ModelIntegratedComponent:63 - No mode defined for component null
2024-01-04 16:10:16,059 [WARN] ModelIntegratedComponent:63 - No mode defined for component null
2024-01-04 16:10:16,059 [WARN] ModelIntegratedComponent:63 - No mode defined for component null
2024-01-04 16:10:16,059 [WARN] ModelIntegratedComponent:63 - No mode defined for component null
2024-01-04 16:10:16,059 [WARN] ModelIntegratedComponent:63 - No mode defined for component null
2024-01-04 16:10:16,059 [WARN] ModelIntegratedComponent:63 - No mode defined for component null
2024-01-04 16:10:16,059 [WARN] ModelIntegratedComponent:63 - No mode defined for component null
2024-01-04 16:10:16,059 [WARN] ModelIntegratedComponent:63 - No mode defined for component null
2024-01-04 16:10:16,059 [WARN] ModelIntegratedComponent:63 - No mode defined for component null
2024-01-04 16:10:16,059 [WARN] ModelIntegratedComponent:63 - No mode defined for component null
2024-01-04 16:10:16,059 [WARN] ModelIntegratedComponent:63 - No mode defined for component null
2024-01-04 16:10:16,059 [WARN] ModelIntegratedComponent:63 - No mode defined for component null
2024-01-04 16:10:16,118 [INFO] ThirdPartyModel:298 - Start build external matchings
2024-01-04 16:10:16,762 [INFO] ThirdPartyModel:316 - End build external matchings
2024-01-04 16:10:16,779 [INFO] ImportTextPane:194 - (OptionalMessage_ERROR) IP (DMA) : Parameter (Instance) has Id (SPI2_RX) currently not set
2024-01-04 16:10:16,779 [INFO] ImportTextPane:194 - (OptionalMessage_ERROR) IP (DMA) : Parameter (Direction) has Id (SPI2_RX) currently not set
2024-01-04 16:10:16,779 [INFO] ImportTextPane:194 - (OptionalMessage_ERROR) IP (DMA) : Parameter (PeriphInc) has Id (SPI2_RX) currently not set
2024-01-04 16:10:16,779 [INFO] ImportTextPane:194 - (OptionalMessage_ERROR) IP (DMA) : Parameter (MemInc) has Id (SPI2_RX) currently not set
2024-01-04 16:10:16,779 [INFO] ImportTextPane:194 - (OptionalMessage_ERROR) IP (DMA) : Parameter (PeriphDataAlignment) has Id (SPI2_RX) currently not set
2024-01-04 16:10:16,779 [INFO] ImportTextPane:194 - (OptionalMessage_ERROR) IP (DMA) : Parameter (MemDataAlignment) has Id (SPI2_RX) currently not set
2024-01-04 16:10:16,779 [INFO] ImportTextPane:194 - (OptionalMessage_ERROR) IP (DMA) : Parameter (Mode) has Id (SPI2_RX) currently not set
2024-01-04 16:10:16,779 [INFO] ImportTextPane:194 - (OptionalMessage_ERROR) IP (DMA) : Parameter (Priority) has Id (SPI2_RX) currently not set
2024-01-04 16:10:16,779 [INFO] ImportTextPane:194 - (OptionalMessage_ERROR) IP (RCC) : Invalid parameter (FamilyName)
2024-01-04 16:10:16,780 [INFO] ImportTextPane:194 - (OptionalMessage_ERROR) IP (RCC) : Invalid parameter (TIM2Freq_Value)
2024-01-04 16:10:16,937 [INFO] UtilMem:75 - End LoadConfig() Used Memory: 859218120 Bytes (1073741824)
2024-01-04 16:10:16,982 [WARN] ThirdParty:833 - waiting for thirdparty lock release [change project]
2024-01-04 16:10:16,982 [INFO] ThirdParty:835 - entering critical section [change project]
2024-01-04 16:10:16,982 [INFO] ThirdParty:1030 - CMSIS Pack Vendor :STMicroelectronics X-CUBE-ISPU 1.1.0
2024-01-04 16:10:16,982 [INFO] ThirdParty:1030 - CMSIS Pack Vendor :STMicroelectronics USBPD 4.1
2024-01-04 16:10:16,982 [INFO] ThirdParty:1030 - CMSIS Pack Vendor :STMicroelectronics X-CUBE-GNSS1 6.0.0
2024-01-04 16:10:16,982 [INFO] ThirdParty:1030 - CMSIS Pack Vendor :STMicroelectronics USB_HOST 2.0.0
2024-01-04 16:10:16,982 [INFO] ThirdParty:1030 - CMSIS Pack Vendor :STMicroelectronics X-CUBE-AZRTOS-F4 1.1.0
2024-01-04 16:10:16,982 [INFO] ThirdParty:1030 - CMSIS Pack Vendor :STMicroelectronics LIBJPEG 8.0.0
2024-01-04 16:10:16,982 [INFO] ThirdParty:1030 - CMSIS Pack Vendor :wolfSSL I-CUBE-wolfSSL 5.6.3
2024-01-04 16:10:16,982 [INFO] ThirdParty:1030 - CMSIS Pack Vendor :STMicroelectronics X-CUBE-SMBUS 2.1.0
2024-01-04 16:10:16,982 [INFO] ThirdParty:1030 - CMSIS Pack Vendor :STMicroelectronics USB_DEVICE 3.0.0
2024-01-04 16:10:16,982 [INFO] ThirdParty:1030 - CMSIS Pack Vendor :STMicroelectronics X-CUBE-AZRTOS-WB 2.0.0
2024-01-04 16:10:16,982 [INFO] ThirdParty:1030 - CMSIS Pack Vendor :STMicroelectronics X-CUBE-TOUCHGFX 4.23.0
2024-01-04 16:10:16,982 [INFO] ThirdParty:1030 - CMSIS Pack Vendor :STMicroelectronics X-CUBE-AZRTOS-F7 1.1.0
2024-01-04 16:10:16,983 [INFO] ThirdParty:1030 - CMSIS Pack Vendor :STMicroelectronics X-CUBE-AZRTOS-L5 2.0.0
2024-01-04 16:10:16,983 [INFO] ThirdParty:1030 - CMSIS Pack Vendor :STMicroelectronics USB_DEVICE 2.0.0
2024-01-04 16:10:16,983 [INFO] ThirdParty:1030 - CMSIS Pack Vendor :STMicroelectronics X-CUBE-MEMS1 9.6.0
2024-01-04 16:10:16,983 [INFO] ThirdParty:1030 - CMSIS Pack Vendor :STMicroelectronics X-CUBE-EEPRMA1 4.2.0
2024-01-04 16:10:16,983 [INFO] ThirdParty:1030 - CMSIS Pack Vendor :ITTIA_DB I-CUBE-ITTIADB 8.8.0
2024-01-04 16:10:16,983 [INFO] ThirdParty:1030 - CMSIS Pack Vendor :STMicroelectronics FP-SNS-MOTENV1 4.3.2
2024-01-04 16:10:16,983 [INFO] ThirdParty:1030 - CMSIS Pack Vendor :STMicroelectronics X-CUBE-ALGOBUILD 1.3.0
2024-01-04 16:10:16,983 [INFO] ThirdParty:1030 - CMSIS Pack Vendor :STMicroelectronics FreeRTOS 0.0.1
2024-01-04 16:10:16,983 [INFO] ThirdParty:1030 - CMSIS Pack Vendor :STMicroelectronics X-CUBE-AZRTOS-G0 1.1.0
2024-01-04 16:10:16,983 [INFO] ThirdParty:1030 - CMSIS Pack Vendor :STMicroelectronics X-CUBE-BLEMGR 2.0.0
2024-01-04 16:10:16,983 [INFO] ThirdParty:1030 - CMSIS Pack Vendor :STMicroelectronics X-CUBE-NFC4 3.0.0
2024-01-04 16:10:16,983 [INFO] ThirdParty:1030 - CMSIS Pack Vendor :STMicroelectronics X-CUBE-SUBG2 5.0.0
2024-01-04 16:10:16,983 [INFO] ThirdParty:1030 - CMSIS Pack Vendor :STMicroelectronics STM32_WPAN 1.0.0
2024-01-04 16:10:16,983 [INFO] ThirdParty:1030 - CMSIS Pack Vendor :STMicroelectronics lwIP 2.0.3
2024-01-04 16:10:16,983 [INFO] ThirdParty:1030 - CMSIS Pack Vendor :STMicroelectronics FP-SNS-FLIGHT1 5.0.2
2024-01-04 16:10:16,983 [INFO] ThirdParty:1030 - CMSIS Pack Vendor :STMicroelectronics USB_HOST 1.0.0
2024-01-04 16:10:16,983 [INFO] ThirdParty:1030 - CMSIS Pack Vendor :STMicroelectronics X-CUBE-TOF1 3.3.1
2024-01-04 16:10:16,983 [INFO] ThirdParty:1030 - CMSIS Pack Vendor :STMicroelectronics X-CUBE-AZRTOS-G4 2.0.0
2024-01-04 16:10:16,983 [INFO] ThirdParty:1030 - CMSIS Pack Vendor :STMicroelectronics PDM2PCM 3.1.0
2024-01-04 16:10:16,983 [INFO] ThirdParty:1030 - CMSIS Pack Vendor :STMicroelectronics X-CUBE-AZRTOS-H7 3.1.0
2024-01-04 16:10:16,983 [INFO] ThirdParty:1030 - CMSIS Pack Vendor :Infineon AIROC-Wi-Fi-Bluetooth-STM32 1.5.1
2024-01-04 16:10:16,983 [INFO] ThirdParty:1030 - CMSIS Pack Vendor :STMicroelectronics X-CUBE-BLEMGR 3.0.0
2024-01-04 16:10:16,983 [INFO] ThirdParty:1030 - CMSIS Pack Vendor :STMicroelectronics PDM2PCM 3.3.0
2024-01-04 16:10:16,983 [INFO] ThirdParty:1030 - CMSIS Pack Vendor :STMicroelectronics X-CUBE-DISPLAY 3.0.0
2024-01-04 16:10:16,983 [INFO] ThirdParty:1030 - CMSIS Pack Vendor :STMicroelectronics FP-SNS-MOTENVWB1 1.3.1
2024-01-04 16:10:16,983 [INFO] ThirdParty:1030 - CMSIS Pack Vendor :STMicroelectronics X-CUBE-BLE1 7.0.0
2024-01-04 16:10:16,983 [INFO] ThirdParty:1030 - CMSIS Pack Vendor :STMicroelectronics FP-ATR-SIGFOX1 3.2.0
2024-01-04 16:10:16,983 [INFO] ThirdParty:1030 - CMSIS Pack Vendor :STMicroelectronics X-CUBE-ISPU 2.0.0
2024-01-04 16:10:16,983 [INFO] ThirdParty:1030 - CMSIS Pack Vendor :STMicroelectronics HAL Drivers 0.0.0
2024-01-04 16:10:16,983 [INFO] ThirdParty:1030 - CMSIS Pack Vendor :STMicroelectronics MBEDTLS 2.16.2
2024-01-04 16:10:16,983 [INFO] ThirdParty:1030 - CMSIS Pack Vendor :emotas I-CUBE-CANOPEN 1.3.0
2024-01-04 16:10:16,983 [INFO] ThirdParty:1030 - CMSIS Pack Vendor :STMicroelectronics X-CUBE-MEMS1 10.0.0
2024-01-04 16:10:16,983 [INFO] ThirdParty:1030 - CMSIS Pack Vendor :STMicroelectronics X-CUBE-FREERTOS 1.1.0
2024-01-04 16:10:16,983 [INFO] ThirdParty:1030 - CMSIS Pack Vendor :STMicroelectronics X-CUBE-TOUCHGFX 4.22.0
2024-01-04 16:10:16,983 [INFO] ThirdParty:1030 - CMSIS Pack Vendor :STMicroelectronics X-CUBE-NFC7 1.0.1
2024-01-04 16:10:16,983 [INFO] ThirdParty:1030 - CMSIS Pack Vendor :STMicroelectronics MBEDTLS 2.14.1
2024-01-04 16:10:16,983 [INFO] ThirdParty:1030 - CMSIS Pack Vendor :STMicroelectronics X-CUBE-TOUCHGFX 4.22.1
2024-01-04 16:10:16,983 [INFO] ThirdParty:1030 - CMSIS Pack Vendor :STMicroelectronics X-CUBE-NFC6 3.0.0
2024-01-04 16:10:16,983 [INFO] ThirdParty:1030 - CMSIS Pack Vendor :STMicroelectronics X-CUBE-EEPRMA1 4.1.0
2024-01-04 16:10:16,983 [INFO] ThirdParty:1030 - CMSIS Pack Vendor :portGmbH I-Cube-SoM-uGOAL 1.1.0
2024-01-04 16:10:16,983 [INFO] ThirdParty:1030 - CMSIS Pack Vendor :STMicroelectronics X-CUBE-ALS 1.0.1
2024-01-04 16:10:16,983 [INFO] ThirdParty:1030 - CMSIS Pack Vendor :STMicroelectronics ThreadX 1.0.0
2024-01-04 16:10:16,983 [INFO] ThirdParty:1030 - CMSIS Pack Vendor :STMicroelectronics FP-SNS-SMARTAG2 1.2.0
2024-01-04 16:10:16,983 [INFO] ThirdParty:1030 - CMSIS Pack Vendor :STMicroelectronics X-CUBE-AZRTOS-WL 2.0.0
2024-01-04 16:10:16,983 [INFO] ThirdParty:1030 - CMSIS Pack Vendor :SEGGER I-CUBE-embOS 1.3.1
2024-01-04 16:10:16,983 [INFO] ThirdParty:1030 - CMSIS Pack Vendor :STMicroelectronics USB_DEVICE 1.0.0
2024-01-04 16:10:16,983 [INFO] ThirdParty:1030 - CMSIS Pack Vendor :STMicroelectronics X-CUBE-AI 8.1.0
2024-01-04 16:10:16,983 [INFO] ThirdParty:1030 - CMSIS Pack Vendor :STMicroelectronics X-CUBE-AZRTOS-L4 2.0.0
2024-01-04 16:10:16,983 [INFO] ThirdParty:1030 - CMSIS Pack Vendor :STMicroelectronics ThreadX 0.0.2
2024-01-04 16:10:16,983 [INFO] ThirdParty:1030 - CMSIS Pack Vendor :WES I-CUBE-Cesium 1.3.0
2024-01-04 16:10:16,984 [INFO] ThirdParty:1030 - CMSIS Pack Vendor :STMicroelectronics FP-ATR-ASTRA1 2.0.0
2024-01-04 16:10:16,984 [INFO] ThirdParty:1030 - CMSIS Pack Vendor :STMicroelectronics lwIP 2.1.2
2024-01-04 16:10:16,984 [INFO] ThirdParty:1030 - CMSIS Pack Vendor :STMicroelectronics X-CUBE-SFXS2LP1 4.0.0
2024-01-04 16:10:16,984 [INFO] ThirdParty:1030 - CMSIS Pack Vendor :STMicroelectronics X-CUBE-BLE2 3.3.0
2024-01-04 16:10:16,984 [INFO] ThirdParty:1030 - CMSIS Pack Vendor :STMicroelectronics X-CUBE-TOF1 3.4.0
2024-01-04 16:10:16,984 [INFO] ThirdParty:1030 - CMSIS Pack Vendor :STMicroelectronics X-CUBE-AZRTOS-H7 3.2.0
2024-01-04 16:10:16,984 [INFO] ThirdParty:1030 - CMSIS Pack Vendor :STMicroelectronics PDM2PCM 3.2.0
2024-01-04 16:10:16,984 [INFO] ThirdParty:841 - exiting critical section [change project]
2024-01-04 16:10:17,089 [INFO] PinOutPanel:1499 - setPackage(No Configuration,No Configuration)
2024-01-04 16:10:17,090 [INFO] PinOutPanel:1499 - setPackage(STM32F302R8Tx,LQFP64)
2024-01-04 16:10:17,378 [INFO] UtilMem:75 - Before build in PCC Used Memory: 660662728 Bytes (1073741824)
2024-01-04 16:10:17,550 [INFO] UtilMem:75 - After build in PCC Used Memory: 704180680 Bytes (1073741824)
2024-01-04 16:10:17,562 [INFO] IPUIPlugin:80 - create IPUIPlugin
2024-01-04 16:10:17,562 [INFO] IPUIPlugin:80 - create IPUIPlugin
2024-01-04 16:10:17,562 [INFO] IPUIPlugin:80 - create IPUIPlugin
2024-01-04 16:10:17,562 [INFO] IPUIPlugin:80 - create IPUIPlugin
2024-01-04 16:10:17,562 [INFO] IPUIPlugin:80 - create IPUIPlugin
2024-01-04 16:10:17,562 [INFO] IPUIPlugin:80 - create IPUIPlugin
2024-01-04 16:10:17,562 [INFO] IPUIPlugin:80 - create IPUIPlugin
2024-01-04 16:10:17,562 [INFO] IPUIPlugin:80 - create IPUIPlugin
2024-01-04 16:10:17,562 [INFO] IPUIPlugin:80 - create IPUIPlugin
2024-01-04 16:10:17,562 [INFO] IPUIPlugin:80 - create IPUIPlugin
2024-01-04 16:10:17,562 [INFO] IPUIPlugin:80 - create IPUIPlugin
2024-01-04 16:10:17,563 [INFO] IPUIPlugin:80 - create IPUIPlugin
2024-01-04 16:10:17,563 [INFO] IPUIPlugin:80 - create IPUIPlugin
2024-01-04 16:10:17,563 [INFO] IPUIPlugin:80 - create IPUIPlugin
2024-01-04 16:10:17,563 [INFO] IPUIPlugin:80 - create IPUIPlugin
2024-01-04 16:10:17,563 [INFO] IPUIPlugin:80 - create IPUIPlugin
2024-01-04 16:10:17,563 [INFO] IPUIPlugin:80 - create IPUIPlugin
2024-01-04 16:10:17,563 [INFO] IPUIPlugin:80 - create IPUIPlugin
2024-01-04 16:10:17,563 [INFO] IPUIPlugin:80 - create IPUIPlugin
2024-01-04 16:10:17,563 [INFO] IPUIPlugin:80 - create IPUIPlugin
2024-01-04 16:10:17,563 [INFO] IPUIPlugin:80 - create IPUIPlugin
2024-01-04 16:10:17,563 [INFO] IPUIPlugin:80 - create IPUIPlugin
2024-01-04 16:10:17,563 [INFO] IPUIPlugin:80 - create IPUIPlugin
2024-01-04 16:10:17,564 [INFO] IPUIPlugin:80 - create IPUIPlugin
2024-01-04 16:10:17,564 [INFO] IPUIPlugin:80 - create IPUIPlugin
2024-01-04 16:10:17,564 [INFO] IPUIPlugin:80 - create IPUIPlugin
2024-01-04 16:10:17,564 [INFO] IPUIPlugin:80 - create IPUIPlugin
2024-01-04 16:10:17,564 [INFO] IPUIPlugin:80 - create IPUIPlugin
2024-01-04 16:10:17,564 [INFO] IPUIPlugin:80 - create IPUIPlugin
2024-01-04 16:10:17,564 [INFO] IPUIPlugin:80 - create IPUIPlugin
2024-01-04 16:10:17,564 [INFO] IPUIPlugin:80 - create IPUIPlugin
2024-01-04 16:10:17,564 [INFO] IPUIPlugin:80 - create IPUIPlugin
2024-01-04 16:10:17,564 [INFO] IPUIPlugin:80 - create IPUIPlugin
2024-01-04 16:10:17,564 [INFO] IPUIPlugin:80 - create IPUIPlugin
2024-01-04 16:10:17,564 [INFO] IPUIPlugin:80 - create IPUIPlugin
2024-01-04 16:10:17,565 [INFO] IPUIPlugin:80 - create IPUIPlugin
2024-01-04 16:10:17,565 [INFO] IPUIPlugin:80 - create IPUIPlugin
2024-01-04 16:10:17,565 [INFO] IPUIPlugin:80 - create IPUIPlugin
2024-01-04 16:10:17,565 [INFO] IPUIPlugin:80 - create IPUIPlugin
2024-01-04 16:10:17,566 [INFO] I2sManager:658 - 8000000.0
2024-01-04 16:10:17,566 [INFO] I2sManager:195 - I2S Clock Value : 8000000.0
2024-01-04 16:10:17,566 [INFO] I2sManager:553 - AudioClock : 31250Divider : 2Odd : 0
2024-01-04 16:10:17,592 [INFO] CADModel:165 - CPN selected for project levelSTM32F302R8T6
2024-01-04 16:10:17,592 [INFO] CADModel:114 - Register for checkConnection events
2024-01-04 16:10:17,650 [INFO] OpenFileManager:328 - Restore cursor
2024-01-04 16:10:17,652 [INFO] ApiDb:581 - Connected to CubeFinder SQLite database (C:\Users\Matus\.stmcufinder\plugins\mcufinder\mcu\cube-finder-db.db)
