2023-10-29 15:58:29,493 [INFO] Activator:176 - 


2023-10-29 15:58:29,498 [INFO] Activator:177 - !SESSION log4j initialized
2023-10-29 15:58:34,653 [INFO] LogOutputStream:77 - [STDOUT_REDIRECT] 
2023-10-29 15:58:36,102 [INFO] ApplicationProperties:184 - Using Application install path: C:\ST\STM32CubeIDE_1.13.2\STM32CubeIDE\plugins\com.st.stm32cube.common.mx_6.9.2.202309101412
2023-10-29 15:58:36,117 [INFO] DbMcusXml:78 - Set database path to: C:\ST\STM32CubeIDE_1.13.2\STM32CubeIDE\plugins\com.st.stm32cube.common.mx_6.9.2.202309101412\\db\/mcu/
2023-10-29 15:58:36,117 [INFO] ApiDb:274 - Set plugin database path to: C:\ST\STM32CubeIDE_1.13.2\STM32CubeIDE\plugins\com.st.stm32cube.common.mx_6.9.2.202309101412\\db\/plugins/boardmanager/
2023-10-29 15:58:36,117 [WARN] ApiDb:259 - Overriding images path with different value:  => C:\ST\STM32CubeIDE_1.13.2\STM32CubeIDE\plugins\com.st.stm32cube.common.mx_6.9.2.202309101412\\db\/plugins/mcufinder/images/
2023-10-29 15:58:36,125 [INFO] ApiDb:250 - Set database path to: C:\Users\Matus\.stmcufinder\plugins\mcufinder//mcu/
2023-10-29 15:58:36,126 [INFO] DbMcusAds:125 - Set database path to: C:\Users\Matus\.stmcufinder\plugins\mcufinder//mcu/
2023-10-29 15:58:36,128 [INFO] CrossReferenceDbSqlite:203 - Set database path to: C:\Users\Matus\.stmcufinder\plugins\mcufinder//mcu/cs/
2023-10-29 15:58:36,212 [INFO] RulesReader:64 - Compatibility file has been processed (293 Rules)
2023-10-29 15:58:36,298 [INFO] DbMcusXml:78 - Set database path to: C:\ST\STM32CubeIDE_1.13.2\STM32CubeIDE\plugins\com.st.stm32cube.common.mx_6.9.2.202309101412\\db\/mcu/
2023-10-29 15:58:36,298 [INFO] ApiDb:274 - Set plugin database path to: C:\ST\STM32CubeIDE_1.13.2\STM32CubeIDE\plugins\com.st.stm32cube.common.mx_6.9.2.202309101412\\db\/plugins/boardmanager/
2023-10-29 15:58:36,298 [INFO] ApiDb:261 - Set plugin images path to: C:\ST\STM32CubeIDE_1.13.2\STM32CubeIDE\plugins\com.st.stm32cube.common.mx_6.9.2.202309101412\\db\/plugins/mcufinder/images/
2023-10-29 15:58:36,298 [WARN] DbFile:41 - Overriding database path with different value: C:\Users\Matus\.stmcufinder\plugins\mcufinder/ => C:\Users\Matus\.stmcufinder\plugins\mcufinder
2023-10-29 15:58:36,298 [INFO] ApiDb:250 - Set database path to: C:\Users\Matus\.stmcufinder\plugins\mcufinder//mcu/
2023-10-29 15:58:36,299 [WARN] DbFile:41 - Overriding database path with different value: C:\Users\Matus\.stmcufinder\plugins\mcufinder/ => C:\Users\Matus\.stmcufinder\plugins\mcufinder
2023-10-29 15:58:36,299 [INFO] DbMcusAds:125 - Set database path to: C:\Users\Matus\.stmcufinder\plugins\mcufinder//mcu/
2023-10-29 15:58:36,299 [WARN] DbFile:41 - Overriding database path with different value: C:\Users\Matus\.stmcufinder\plugins\mcufinder/ => C:\Users\Matus\.stmcufinder\plugins\mcufinder
2023-10-29 15:58:36,299 [WARN] DbFile:41 - Overriding database path with different value: C:\Users\Matus\.stmcufinder\plugins\mcufinder/ => C:\Users\Matus\.stmcufinder\plugins\mcufinder
2023-10-29 15:58:36,299 [INFO] CrossReferenceDbSqlite:203 - Set database path to: C:\Users\Matus\.stmcufinder\plugins\mcufinder//mcu/cs/
2023-10-29 15:58:36,361 [INFO] MainPanel:262 - HeapMemory: 268435456
2023-10-29 15:58:36,439 [INFO] DbMcusXml:78 - Set database path to: C:\ST\STM32CubeIDE_1.13.2\STM32CubeIDE\plugins\com.st.stm32cube.common.mx_6.9.2.202309101412\\db\/mcu/
2023-10-29 15:58:36,440 [INFO] ApiDb:274 - Set plugin database path to: C:\ST\STM32CubeIDE_1.13.2\STM32CubeIDE\plugins\com.st.stm32cube.common.mx_6.9.2.202309101412\\db\/plugins/boardmanager/
2023-10-29 15:58:36,440 [INFO] ApiDb:261 - Set plugin images path to: C:\ST\STM32CubeIDE_1.13.2\STM32CubeIDE\plugins\com.st.stm32cube.common.mx_6.9.2.202309101412\\db\/plugins/mcufinder/images/
2023-10-29 15:58:36,440 [WARN] DbFile:41 - Overriding database path with different value: C:\Users\Matus\.stmcufinder\plugins\mcufinder/ => C:\Users\Matus\.stmcufinder\plugins\mcufinder
2023-10-29 15:58:36,440 [INFO] ApiDb:250 - Set database path to: C:\Users\Matus\.stmcufinder\plugins\mcufinder//mcu/
2023-10-29 15:58:36,440 [WARN] DbFile:41 - Overriding database path with different value: C:\Users\Matus\.stmcufinder\plugins\mcufinder/ => C:\Users\Matus\.stmcufinder\plugins\mcufinder
2023-10-29 15:58:36,440 [INFO] DbMcusAds:125 - Set database path to: C:\Users\Matus\.stmcufinder\plugins\mcufinder//mcu/
2023-10-29 15:58:36,440 [WARN] DbFile:41 - Overriding database path with different value: C:\Users\Matus\.stmcufinder\plugins\mcufinder/ => C:\Users\Matus\.stmcufinder\plugins\mcufinder
2023-10-29 15:58:36,440 [WARN] DbFile:41 - Overriding database path with different value: C:\Users\Matus\.stmcufinder\plugins\mcufinder/ => C:\Users\Matus\.stmcufinder\plugins\mcufinder
2023-10-29 15:58:36,441 [INFO] CrossReferenceDbSqlite:203 - Set database path to: C:\Users\Matus\.stmcufinder\plugins\mcufinder//mcu/cs/
2023-10-29 15:58:36,456 [INFO] ApplicationProperties:184 - Using Application install path: C:\ST\STM32CubeIDE_1.13.2\STM32CubeIDE\plugins\com.st.stm32cube.common.mx_6.9.2.202309101412
2023-10-29 15:58:36,458 [INFO] PluginManage:196 - Search for loadable plugins [exclusion list=, ]
2023-10-29 15:58:36,459 [INFO] PluginManage:310 - Check plugin analytics
2023-10-29 15:58:36,596 [INFO] AnalyticsPlugin:253 - Accepted Software Licenses: 
2023-10-29 15:58:36,596 [INFO] AnalyticsPlugin:255 - Accepted CMSIS Pack Licenses: 
2023-10-29 15:58:36,596 [INFO] AnalyticsPlugin:257 - Accepted Firmware Licenses: 
2023-10-29 15:58:36,599 [INFO] PluginManage:359 - Loaded plugin analytics (category:tool,tabindex:-1)
2023-10-29 15:58:36,600 [INFO] PluginManage:310 - Check plugin cadmodel
2023-10-29 15:58:36,611 [INFO] CADModel:105 - Init CAD model plugin
2023-10-29 15:58:36,611 [INFO] PluginManage:359 - Loaded plugin cadmodel (category:power,tabindex:5)
2023-10-29 15:58:36,611 [INFO] PluginManage:310 - Check plugin clock
2023-10-29 15:58:36,626 [INFO] PluginManage:359 - Loaded plugin clock (category:base,tabindex:2)
2023-10-29 15:58:36,627 [INFO] PluginManage:310 - Check plugin ddr
2023-10-29 15:58:36,629 [INFO] PluginManage:359 - Loaded plugin ddr (category:tool,tabindex:6)
2023-10-29 15:58:36,629 [INFO] PluginManage:310 - Check plugin filemanager
2023-10-29 15:58:36,740 [INFO] PluginManage:359 - Loaded plugin filemanager (category:base,tabindex:10)
2023-10-29 15:58:36,740 [INFO] PluginManage:310 - Check plugin ipmanager
2023-10-29 15:58:36,746 [INFO] PluginManage:359 - Loaded plugin ipmanager (category:base,tabindex:5)
2023-10-29 15:58:36,746 [INFO] PluginManage:310 - Check plugin lpbam
2023-10-29 15:58:36,759 [INFO] PluginManage:359 - Loaded plugin lpbam (category:base,tabindex:0)
2023-10-29 15:58:36,759 [INFO] PluginManage:310 - Check plugin memorymap
2023-10-29 15:58:36,777 [INFO] PluginManage:359 - Loaded plugin memorymap (category:base,tabindex:4)
2023-10-29 15:58:36,777 [INFO] PluginManage:310 - Check plugin pinoutandconfiguration
2023-10-29 15:58:36,791 [INFO] PluginManage:359 - Loaded plugin pinoutandconfiguration (category:base,tabindex:1)
2023-10-29 15:58:36,791 [INFO] PluginManage:310 - Check plugin pinoutconfig
2023-10-29 15:58:36,870 [WARN] SupportedApi:132 - Cannot load RTOS API schema: s4s-elt-must-match.1: The content of 'definitions' must match (annotation?, (simpleType | complexType)?, (unique | key | keyref)*)). A problem was found starting at: attribute.
2023-10-29 15:58:36,977 [INFO] PluginManage:359 - Loaded plugin pinoutconfig (category:base,tabindex:0)
2023-10-29 15:58:36,977 [INFO] PluginManage:310 - Check plugin power
2023-10-29 15:58:36,991 [INFO] PluginManage:359 - Loaded plugin power (category:power,tabindex:4)
2023-10-29 15:58:36,991 [INFO] PluginManage:310 - Check plugin projectmanager
2023-10-29 15:58:37,004 [INFO] PluginManage:359 - Loaded plugin projectmanager (category:projectmanager,tabindex:3)
2023-10-29 15:58:37,004 [INFO] PluginManage:310 - Check plugin thirdparty
2023-10-29 15:58:37,268 [INFO] PluginManage:359 - Loaded plugin thirdparty (category:base,tabindex:-1)
2023-10-29 15:58:37,268 [WARN] IntegrityCheckThread:84 - waiting for thirdparty lock release [integrity check]
2023-10-29 15:58:37,268 [INFO] PluginManage:310 - Check plugin tools
2023-10-29 15:58:37,268 [INFO] IntegrityCheckThread:86 - entering critical section [integrity check]
2023-10-29 15:58:37,268 [INFO] ThirdPartyUpdaterWithRetryManager:70 - Updater plugin not ready yet. [1/15]
2023-10-29 15:58:37,290 [INFO] PluginManage:359 - Loaded plugin tools (category:base,tabindex:7)
2023-10-29 15:58:37,290 [INFO] PluginManage:310 - Check plugin tutovideos
2023-10-29 15:58:37,470 [INFO] PluginManage:359 - Loaded plugin tutovideos (category:base,tabindex:-1)
2023-10-29 15:58:37,471 [INFO] PluginManage:310 - Check plugin updater
2023-10-29 15:58:37,487 [INFO] PluginManage:359 - Loaded plugin updater (category:base,tabindex:12)
2023-10-29 15:58:37,487 [INFO] PluginManage:310 - Check plugin userauth
2023-10-29 15:58:37,500 [INFO] UserAuth:113 - Init User Auth plugin
2023-10-29 15:58:37,500 [INFO] PluginManage:359 - Loaded plugin userauth (category:base,tabindex:14)
2023-10-29 15:58:37,501 [INFO] PluginManage:283 - PluginManage : Loaded plugins [17]
2023-10-29 15:58:37,679 [INFO] PinOutPanel:1499 - setPackage(No Configuration,No Configuration)
2023-10-29 15:58:37,754 [INFO] CADModel:165 - CPN selected for project level
2023-10-29 15:58:37,754 [INFO] CADModel:114 - Register for checkConnection events
2023-10-29 15:58:37,772 [INFO] IPUIPlugin:80 - create IPUIPlugin
2023-10-29 15:58:37,772 [INFO] PluginManager:220 - loadIPPluginJar : add adc
2023-10-29 15:58:37,796 [INFO] IPUIPlugin:80 - create IPUIPlugin
2023-10-29 15:58:37,796 [INFO] PluginManager:220 - loadIPPluginJar : add aes
2023-10-29 15:58:37,822 [INFO] IPUIPlugin:80 - create IPUIPlugin
2023-10-29 15:58:37,823 [INFO] PluginManager:220 - loadIPPluginJar : add can
2023-10-29 15:58:37,837 [INFO] IPUIPlugin:80 - create IPUIPlugin
2023-10-29 15:58:37,837 [INFO] PluginManager:220 - loadIPPluginJar : add comp
2023-10-29 15:58:37,859 [INFO] IPUIPlugin:80 - create IPUIPlugin
2023-10-29 15:58:37,859 [INFO] PluginManager:220 - loadIPPluginJar : add cryp
2023-10-29 15:58:37,879 [INFO] IPUIPlugin:80 - create IPUIPlugin
2023-10-29 15:58:37,879 [INFO] PluginManager:220 - loadIPPluginJar : add dfsdm
2023-10-29 15:58:37,888 [INFO] IPUIPlugin:80 - create IPUIPlugin
2023-10-29 15:58:37,888 [INFO] PluginManager:220 - loadIPPluginJar : add dma
2023-10-29 15:58:37,916 [INFO] IPUIPlugin:80 - create IPUIPlugin
2023-10-29 15:58:37,916 [INFO] PluginManager:220 - loadIPPluginJar : add dma3
2023-10-29 15:58:37,929 [INFO] IPUIPlugin:80 - create IPUIPlugin
2023-10-29 15:58:37,929 [INFO] PluginManager:220 - loadIPPluginJar : add fatfs
2023-10-29 15:58:37,961 [INFO] IPUIPlugin:80 - create IPUIPlugin
2023-10-29 15:58:37,961 [INFO] PluginManager:220 - loadIPPluginJar : add fmc
2023-10-29 15:58:37,971 [INFO] IPUIPlugin:80 - create IPUIPlugin
2023-10-29 15:58:37,971 [INFO] PluginManager:220 - loadIPPluginJar : add freertos
2023-10-29 15:58:37,984 [INFO] IPUIPlugin:80 - create IPUIPlugin
2023-10-29 15:58:37,984 [INFO] PluginManager:220 - loadIPPluginJar : add genericplugin
2023-10-29 15:58:38,043 [INFO] IPUIPlugin:80 - create IPUIPlugin
2023-10-29 15:58:38,043 [INFO] PluginManager:220 - loadIPPluginJar : add gfxmmu
2023-10-29 15:58:38,129 [INFO] IPUIPlugin:80 - create IPUIPlugin
2023-10-29 15:58:38,129 [INFO] PluginManager:220 - loadIPPluginJar : add gic
2023-10-29 15:58:38,138 [INFO] IPUIPlugin:80 - create IPUIPlugin
2023-10-29 15:58:38,138 [INFO] PluginManager:220 - loadIPPluginJar : add gpio
2023-10-29 15:58:38,199 [INFO] IPUIPlugin:80 - create IPUIPlugin
2023-10-29 15:58:38,199 [INFO] PluginManager:220 - loadIPPluginJar : add gtzc
2023-10-29 15:58:38,220 [INFO] IPUIPlugin:80 - create IPUIPlugin
2023-10-29 15:58:38,220 [INFO] PluginManager:220 - loadIPPluginJar : add hash
2023-10-29 15:58:38,256 [INFO] IPUIPlugin:80 - create IPUIPlugin
2023-10-29 15:58:38,256 [INFO] PluginManager:220 - loadIPPluginJar : add i2c
2023-10-29 15:58:38,282 [INFO] IPUIPlugin:80 - create IPUIPlugin
2023-10-29 15:58:38,282 [INFO] PluginManager:220 - loadIPPluginJar : add i2s
2023-10-29 15:58:38,310 [INFO] IPUIPlugin:80 - create IPUIPlugin
2023-10-29 15:58:38,310 [INFO] PluginManager:220 - loadIPPluginJar : add i3c
2023-10-29 15:58:38,381 [INFO] IPUIPlugin:80 - create IPUIPlugin
2023-10-29 15:58:38,381 [INFO] PluginManager:220 - loadIPPluginJar : add ipddr
2023-10-29 15:58:38,443 [INFO] IPUIPlugin:80 - create IPUIPlugin
2023-10-29 15:58:38,443 [INFO] PluginManager:220 - loadIPPluginJar : add linkedlist
2023-10-29 15:58:38,467 [INFO] IPUIPlugin:80 - create IPUIPlugin
2023-10-29 15:58:38,467 [INFO] PluginManager:220 - loadIPPluginJar : add lorawan
2023-10-29 15:58:38,491 [INFO] IPUIPlugin:80 - create IPUIPlugin
2023-10-29 15:58:38,491 [INFO] PluginManager:220 - loadIPPluginJar : add ltdc
2023-10-29 15:58:38,501 [INFO] IPUIPlugin:80 - create IPUIPlugin
2023-10-29 15:58:38,501 [INFO] PluginManager:220 - loadIPPluginJar : add mdma
2023-10-29 15:58:38,510 [INFO] IPUIPlugin:80 - create IPUIPlugin
2023-10-29 15:58:38,511 [INFO] PluginManager:220 - loadIPPluginJar : add nvic
2023-10-29 15:58:38,535 [INFO] IPUIPlugin:80 - create IPUIPlugin
2023-10-29 15:58:38,535 [INFO] PluginManager:220 - loadIPPluginJar : add opamp
2023-10-29 15:58:38,578 [INFO] IPUIPlugin:80 - create IPUIPlugin
2023-10-29 15:58:38,578 [INFO] PluginManager:220 - loadIPPluginJar : add openamp
2023-10-29 15:58:38,607 [INFO] IPUIPlugin:80 - create IPUIPlugin
2023-10-29 15:58:38,608 [INFO] PluginManager:220 - loadIPPluginJar : add pdm2pcm
2023-10-29 15:58:38,619 [INFO] IPUIPlugin:80 - create IPUIPlugin
2023-10-29 15:58:38,620 [INFO] PluginManager:220 - loadIPPluginJar : add plateformsettings
2023-10-29 15:58:38,635 [INFO] IPUIPlugin:80 - create IPUIPlugin
2023-10-29 15:58:38,635 [INFO] PluginManager:220 - loadIPPluginJar : add quadspi
2023-10-29 15:58:38,644 [INFO] IPUIPlugin:80 - create IPUIPlugin
2023-10-29 15:58:38,644 [INFO] PluginManager:220 - loadIPPluginJar : add resmgrutility
2023-10-29 15:58:38,677 [INFO] IPUIPlugin:80 - create IPUIPlugin
2023-10-29 15:58:38,677 [INFO] PluginManager:220 - loadIPPluginJar : add sai
2023-10-29 15:58:38,704 [INFO] IPUIPlugin:80 - create IPUIPlugin
2023-10-29 15:58:38,704 [INFO] PluginManager:220 - loadIPPluginJar : add spi
2023-10-29 15:58:38,744 [INFO] IPUIPlugin:80 - create IPUIPlugin
2023-10-29 15:58:38,744 [INFO] PluginManager:220 - loadIPPluginJar : add stm32_wpan
2023-10-29 15:58:38,760 [INFO] IPUIPlugin:80 - create IPUIPlugin
2023-10-29 15:58:38,760 [INFO] PluginManager:220 - loadIPPluginJar : add tim
2023-10-29 15:58:38,798 [INFO] IPUIPlugin:80 - create IPUIPlugin
2023-10-29 15:58:38,798 [INFO] PluginManager:220 - loadIPPluginJar : add touchsensing
2023-10-29 15:58:38,813 [INFO] IPUIPlugin:80 - create IPUIPlugin
2023-10-29 15:58:38,814 [INFO] PluginManager:220 - loadIPPluginJar : add tracer_emb
2023-10-29 15:58:38,830 [INFO] IPUIPlugin:80 - create IPUIPlugin
2023-10-29 15:58:38,830 [INFO] PluginManager:220 - loadIPPluginJar : add ts
2023-10-29 15:58:38,844 [INFO] IPUIPlugin:80 - create IPUIPlugin
2023-10-29 15:58:38,845 [INFO] PluginManager:220 - loadIPPluginJar : add tsc
2023-10-29 15:58:38,859 [INFO] IPUIPlugin:80 - create IPUIPlugin
2023-10-29 15:58:38,860 [INFO] PluginManager:220 - loadIPPluginJar : add ucpd
2023-10-29 15:58:38,889 [INFO] IPUIPlugin:80 - create IPUIPlugin
2023-10-29 15:58:38,889 [INFO] PluginManager:220 - loadIPPluginJar : add usart
2023-10-29 15:58:38,919 [INFO] IPUIPlugin:80 - create IPUIPlugin
2023-10-29 15:58:38,920 [INFO] PluginManager:220 - loadIPPluginJar : add usbx
2023-10-29 15:58:39,029 [INFO] CADModel:165 - CPN selected for project level
2023-10-29 15:58:39,029 [INFO] CADModel:114 - Register for checkConnection events
2023-10-29 15:58:39,030 [FATAL] Updater:308 - Updater called before beeing initialized
2023-10-29 15:58:39,030 [ERROR] CADModel:125 - Updater not yet initialized, retry later 
2023-10-29 15:58:39,135 [INFO] CADModel:165 - CPN selected for project level
2023-10-29 15:58:39,135 [INFO] CADModel:114 - Register for checkConnection events
2023-10-29 15:58:39,135 [FATAL] Updater:308 - Updater called before beeing initialized
2023-10-29 15:58:39,135 [ERROR] CADModel:125 - Updater not yet initialized, retry later 
2023-10-29 15:58:39,138 [FATAL] Updater:308 - Updater called before beeing initialized
2023-10-29 15:58:39,219 [FATAL] Updater:308 - Updater called before beeing initialized
2023-10-29 15:58:39,228 [INFO] DbMcusAds:53 - JSON generation date=Tue Mar 07 09:50:55 CET 2023 (1678179055335)
2023-10-29 15:58:39,228 [FATAL] Updater:308 - Updater called before beeing initialized
2023-10-29 15:58:39,283 [WARN] DetailPanel:346 - Failed to get advertising image, set to default
2023-10-29 15:58:39,356 [FATAL] Updater:308 - Updater called before beeing initialized
2023-10-29 15:58:39,357 [FATAL] Updater:308 - Updater called before beeing initialized
2023-10-29 15:58:39,357 [FATAL] Updater:308 - Updater called before beeing initialized
2023-10-29 15:58:39,358 [WARN] DetailPanel:346 - Failed to get advertising image, set to default
2023-10-29 15:58:39,358 [FATAL] Updater:308 - Updater called before beeing initialized
2023-10-29 15:58:39,403 [ERROR] Updater:1120 - MainUpdater not yet initialized. External WinMGr cannot be set.
2023-10-29 15:58:39,411 [INFO] Updater:1056 - Updater Version found : 6.9.2
2023-10-29 15:58:39,429 [INFO] ApplicationProperties:184 - Using Application install path: C:\ST\STM32CubeIDE_1.13.2\STM32CubeIDE\plugins\com.st.stm32cube.common.mx_6.9.2.202309101412
2023-10-29 15:58:39,603 [INFO] MainUpdater:2868 - connection check result : 10
2023-10-29 15:58:39,604 [INFO] MainUpdater:3562 - Updater definition file requires update
2023-10-29 15:58:39,604 [INFO] MainUpdater:285 - Updater Check For Update Now.
2023-10-29 15:58:39,604 [INFO] MicroXplorer:498 - Change Database Version : DB.6.0.92
2023-10-29 15:58:39,616 [INFO] McuFinderGlobals:63 - Set McuFinder mode to 2 (CubeIDE integrated)
2023-10-29 15:58:39,696 [INFO] ServerAccessManage:473 - Download File updaters.zip
2023-10-29 15:58:39,789 [INFO] FileExtend:240 - Unzip File : updaters.zip
2023-10-29 15:58:39,789 [INFO] FileExtend:255 - Standard Zip Deflate
2023-10-29 15:58:40,133 [INFO] ServerAccessManage:473 - Download File PacksControlFlags.xml
2023-10-29 15:58:40,244 [INFO] ServerAccessManage:473 - Download File cubemx.pidx
2023-10-29 15:58:40,269 [WARN] MainUpdater:1189 - Updater busy. Cannot search thirdparties
2023-10-29 15:58:40,269 [INFO] ThirdPartyUpdaterWithRetryManager:96 - Updater plugin is busy. [1/15]
2023-10-29 15:58:40,638 [INFO] ServerAccessManage:473 - Download File STMicroelectronics.X-CUBE-EEPRMA1.pdsc
2023-10-29 15:58:41,054 [ERROR] ServerAccessManage:1089 - Problem, file not found on Server
2023-10-29 15:58:42,433 [ERROR] ServerAccessManage:1096 - Problem, Http access forbiden
2023-10-29 15:58:42,434 [ERROR] ServerAccessManage:651 - Problem, Http access forbiden : RoweBots.I-CUBE-UNISONRTOS.pdsc.
2023-10-29 15:58:42,606 [WARN] PackLoader:240 - Cannot read IP mode file for STMicroelectronics.X-CUBE-EEPRMA1.4.2.0
2023-10-29 15:58:42,609 [INFO] PopulateThirdPartyThread:66 - Ending populate Thread
2023-10-29 15:58:42,611 [INFO] ThirdParty:1030 - CMSIS Pack Vendor :STMicroelectronics X-CUBE-EEPRMA1 4.2.0
2023-10-29 15:58:42,611 [INFO] LoadServerUpdatesThread:373 - End of LoadServerUpdate Thread
2023-10-29 15:58:42,721 [INFO] CheckServerUpdateThread:120 - End of CheckServer Thread
2023-10-29 15:58:43,373 [WARN] PackLoader:240 - Cannot read IP mode file for STMicroelectronics.X-CUBE-SMBUS.2.1.0
2023-10-29 15:58:43,403 [WARN] PackLoader:240 - Cannot read IP mode file for STMicroelectronics.X-CUBE-AZRTOS-F7.1.1.0
2023-10-29 15:58:43,418 [WARN] PackLoader:240 - Cannot read IP mode file for STMicroelectronics.FP-SNS-MOTENV1.4.3.2
2023-10-29 15:58:43,424 [WARN] PackLoader:240 - Cannot read IP mode file for STMicroelectronics.FP-SNS-FLIGHT1.5.0.2
2023-10-29 15:58:43,436 [WARN] PackLoader:240 - Cannot read IP mode file for STMicroelectronics.X-CUBE-DISPLAY.3.0.0
2023-10-29 15:58:43,450 [WARN] PackLoader:240 - Cannot read IP mode file for STMicroelectronics.X-CUBE-BLE1.7.0.0
2023-10-29 15:58:43,459 [WARN] PackLoader:240 - Cannot read IP mode file for emotas.I-CUBE-CANOPEN.1.3.0
2023-10-29 15:58:43,467 [WARN] PackLoader:240 - Cannot read IP mode file for STMicroelectronics.X-CUBE-TOUCHGFX.4.22.0
2023-10-29 15:58:43,474 [WARN] PackLoader:240 - Cannot read IP mode file for STMicroelectronics.X-CUBE-TOUCHGFX.4.22.1
2023-10-29 15:58:43,483 [WARN] PackLoader:240 - Cannot read IP mode file for STMicroelectronics.FP-SNS-SMARTAG2.1.2.0
2023-10-29 15:58:43,498 [INFO] LogOutputStream:77 - [STDOUT_REDIRECT] 1 : Invalid condition id : UX_CORESTACK_Condition cause : null
2023-10-29 15:58:43,498 [INFO] LogOutputStream:77 - [STDOUT_REDIRECT] 1 : Invalid condition id : UX_CORESTACK_Condition cause : null
2023-10-29 15:58:43,499 [INFO] LogOutputStream:77 - [STDOUT_REDIRECT] 1 : Invalid condition id : UX_CORESTACK_Condition cause : null
2023-10-29 15:58:43,500 [INFO] LogOutputStream:77 - [STDOUT_REDIRECT] 1 : Invalid condition id : UX_CORESTACK_Condition cause : null
2023-10-29 15:58:43,501 [INFO] LogOutputStream:77 - [STDOUT_REDIRECT] 1 : Invalid condition id : UX_CORESTACK_Condition cause : null
2023-10-29 15:58:43,503 [WARN] PackLoader:240 - Cannot read IP mode file for STMicroelectronics.X-CUBE-AZRTOS-WL.2.0.0
2023-10-29 15:58:43,515 [WARN] PackLoader:240 - Cannot read IP mode file for WES.I-CUBE-Cesium.1.3.0
2023-10-29 15:58:43,523 [WARN] PackLoader:240 - Cannot read IP mode file for STMicroelectronics.X-CUBE-BLE2.3.3.0
2023-10-29 15:58:43,534 [WARN] PackLoader:240 - Cannot read IP mode file for STMicroelectronics.X-CUBE-ALGOBUILD.1.3.0
2023-10-29 15:58:43,558 [WARN] PackLoader:240 - Cannot read IP mode file for STMicroelectronics.X-CUBE-AZRTOS-G0.1.1.0
2023-10-29 15:58:43,570 [WARN] PackLoader:240 - Cannot read IP mode file for STMicroelectronics.X-CUBE-NFC4.3.0.0
2023-10-29 15:58:43,575 [WARN] PackLoader:240 - Cannot read IP mode file for STMicroelectronics.FP-ATR-SIGFOX1.3.2.0
2023-10-29 15:58:43,607 [WARN] PackLoader:240 - Cannot read IP mode file for SEGGER.I-CUBE-embOS.1.3.1
2023-10-29 15:58:43,647 [WARN] PackLoader:240 - Cannot read IP mode file for STMicroelectronics.X-CUBE-GNSS1.6.0.0
2023-10-29 15:58:43,672 [WARN] PackLoader:240 - Cannot read IP mode file for STMicroelectronics.X-CUBE-AZRTOS-F4.1.1.0
2023-10-29 15:58:43,684 [WARN] PackLoader:240 - Cannot read IP mode file for wolfSSL.I-CUBE-wolfSSL.5.6.3
2023-10-29 15:58:43,718 [WARN] PackLoader:240 - Cannot read IP mode file for STMicroelectronics.X-CUBE-AZRTOS-L5.2.0.0
2023-10-29 15:58:43,776 [WARN] PackLoader:240 - Cannot read IP mode file for STMicroelectronics.X-CUBE-MEMS1.9.6.0
2023-10-29 15:58:43,903 [WARN] PackLoader:240 - Cannot read IP mode file for STMicroelectronics.X-CUBE-EEPRMA1.4.2.0
2023-10-29 15:58:43,916 [WARN] PackLoader:240 - Cannot read IP mode file for ITTIA_DB.I-CUBE-ITTIADB.8.8.0
2023-10-29 15:58:43,932 [WARN] PackLoader:240 - Cannot read IP mode file for STMicroelectronics.X-CUBE-BLEMGR.2.0.0
2023-10-29 15:58:43,965 [WARN] ConditionMgr:438 - getConditionDescription Invalid condition id : UX DEVICE CLASS RTOS Condition cause : null
2023-10-29 15:58:43,965 [WARN] ConditionMgr:438 - getConditionDescription Invalid condition id : UX DEVICE CLASS RTOS Condition cause : null
2023-10-29 15:58:43,968 [WARN] PackLoader:240 - Cannot read IP mode file for STMicroelectronics.X-CUBE-AZRTOS-H7.3.1.0
2023-10-29 15:58:43,970 [WARN] ConditionMgr:1039 - genDependencies : Invalid condition id : UX DEVICE CLASS RTOS Condition cause : null
2023-10-29 15:58:43,970 [WARN] ConditionMgr:1039 - genDependencies : Invalid condition id : UX DEVICE CLASS RTOS Condition cause : null
2023-10-29 15:58:43,970 [WARN] ConditionMgr:1039 - genDependencies : Invalid condition id : UX DEVICE CLASS RTOS Condition cause : null
2023-10-29 15:58:43,971 [WARN] ConditionMgr:1039 - genDependencies : Invalid condition id : UX DEVICE CLASS RTOS Condition cause : null
2023-10-29 15:58:43,971 [WARN] ConditionMgr:1039 - genDependencies : Invalid condition id : UX DEVICE CLASS RTOS Condition cause : null
2023-10-29 15:58:43,984 [WARN] PackLoader:240 - Cannot read IP mode file for STMicroelectronics.X-CUBE-NFC7.1.0.1
2023-10-29 15:58:44,000 [WARN] PackLoader:240 - Cannot read IP mode file for STMicroelectronics.X-CUBE-NFC6.3.0.0
2023-10-29 15:58:44,014 [WARN] PackLoader:240 - Cannot read IP mode file for STMicroelectronics.X-CUBE-EEPRMA1.4.1.0
2023-10-29 15:58:44,028 [WARN] PackLoader:240 - Cannot read IP mode file for STMicroelectronics.X-CUBE-AI.8.1.0
2023-10-29 15:58:44,059 [WARN] ConditionMgr:438 - getConditionDescription Invalid condition id : LAN8742 Phy interface Condition cause : null
2023-10-29 15:58:44,060 [WARN] PackLoader:240 - Cannot read IP mode file for STMicroelectronics.X-CUBE-AZRTOS-L4.2.0.0
2023-10-29 15:58:44,062 [WARN] ConditionMgr:1039 - genDependencies : Invalid condition id : LAN8742 Phy interface Condition cause : null
2023-10-29 15:58:44,062 [WARN] ConditionMgr:1039 - genDependencies : Invalid condition id : LAN8742 Phy interface Condition cause : null
2023-10-29 15:58:44,062 [WARN] ConditionMgr:1039 - genDependencies : Invalid condition id : LAN8742 Phy interface Condition cause : null
2023-10-29 15:58:44,078 [WARN] PackLoader:240 - Cannot read IP mode file for STMicroelectronics.X-CUBE-SFXS2LP1.4.0.0
2023-10-29 15:58:44,091 [WARN] PackLoader:240 - Cannot read IP mode file for STMicroelectronics.X-CUBE-ISPU.1.1.0
2023-10-29 15:58:44,117 [WARN] ConditionMgr:438 - getConditionDescription Invalid condition id : UX DEVICE CLASS RTOS Condition cause : null
2023-10-29 15:58:44,117 [WARN] ConditionMgr:438 - getConditionDescription Invalid condition id : UX DEVICE CLASS RTOS Condition cause : null
2023-10-29 15:58:44,119 [WARN] PackLoader:240 - Cannot read IP mode file for STMicroelectronics.X-CUBE-AZRTOS-WB.2.0.0
2023-10-29 15:58:44,120 [WARN] ConditionMgr:1039 - genDependencies : Invalid condition id : UX DEVICE CLASS RTOS Condition cause : null
2023-10-29 15:58:44,120 [WARN] ConditionMgr:1039 - genDependencies : Invalid condition id : UX DEVICE CLASS RTOS Condition cause : null
2023-10-29 15:58:44,120 [WARN] ConditionMgr:1039 - genDependencies : Invalid condition id : UX DEVICE CLASS RTOS Condition cause : null
2023-10-29 15:58:44,121 [WARN] ConditionMgr:1039 - genDependencies : Invalid condition id : UX DEVICE CLASS RTOS Condition cause : null
2023-10-29 15:58:44,121 [WARN] ConditionMgr:1039 - genDependencies : Invalid condition id : UX DEVICE CLASS RTOS Condition cause : null
2023-10-29 15:58:44,141 [WARN] PackLoader:240 - Cannot read IP mode file for STMicroelectronics.X-CUBE-SUBG2.5.0.0
2023-10-29 15:58:44,165 [WARN] PackLoader:240 - Cannot read IP mode file for STMicroelectronics.X-CUBE-TOF1.3.3.1
2023-10-29 15:58:44,195 [WARN] PackLoader:240 - Cannot read IP mode file for STMicroelectronics.X-CUBE-AZRTOS-G4.2.0.0
2023-10-29 15:58:44,215 [WARN] PackLoader:240 - Cannot read IP mode file for Infineon.AIROC-Wi-Fi-Bluetooth-STM32.1.5.1
2023-10-29 15:58:44,261 [WARN] PackLoader:240 - Cannot read IP mode file for STMicroelectronics.X-CUBE-MEMS1.10.0.0
2023-10-29 15:58:44,355 [WARN] PackLoader:240 - Cannot read IP mode file for STMicroelectronics.X-CUBE-FREERTOS.1.1.0
2023-10-29 15:58:44,369 [WARN] PackLoader:240 - Cannot read IP mode file for portGmbH.I-Cube-SoM-uGOAL.1.1.0
2023-10-29 15:58:44,383 [WARN] PackLoader:240 - Cannot read IP mode file for STMicroelectronics.X-CUBE-ALS.1.0.1
2023-10-29 15:58:44,388 [WARN] PackLoader:240 - Cannot read IP mode file for STMicroelectronics.FP-ATR-ASTRA1.2.0.0
2023-10-29 15:58:44,389 [INFO] ThirdParty:978 - Integrity check success = true
2023-10-29 15:58:44,389 [INFO] IntegrityCheckThread:100 - exiting critical section [integrity check]
2023-10-29 15:58:44,389 [INFO] IntegrityCheckThread:103 - End integrity checks thread
2023-10-29 15:59:00,756 [ERROR] LogOutputStream:75 - [STDERR_REDIRECT] SLF4J: Failed to load class "org.slf4j.impl.StaticLoggerBinder".
2023-10-29 15:59:00,757 [ERROR] LogOutputStream:75 - [STDERR_REDIRECT] SLF4J: Defaulting to no-operation (NOP) logger implementation
2023-10-29 15:59:00,759 [ERROR] LogOutputStream:75 - [STDERR_REDIRECT] SLF4J: See http://www.slf4j.org/codes.html#StaticLoggerBinder for further details.
